-------------------------------------------------------------------------
Thu Aug 01 2024 11:38:35 GMT-0300 (Horário Padrão de Brasília)
/
GET
-------------------------------------------------------------------------
Thu Aug 01 2024 11:38:41 GMT-0300 (Horário Padrão de Brasília)
POST
/valida/api
Usuário: 13326574860
-------------------------------------------------------------------------
Thu Aug 01 2024 11:38:41 GMT-0300 (Horário Padrão de Brasília)
Conectado ao Banco de Dados CEJUSC.
-------------------------------------------------------------------------
Thu Aug 01 2024 11:38:42 GMT-0300 (Horário Padrão de Brasília)
Renato Ferreira >>>LOGOU
Banco de Dados CEJUSC fechado.
-------------------------------------------------------------------------
Thu Aug 01 2024 11:38:42 GMT-0300 (Horário Padrão de Brasília)
-------------------------------------------------------------------------
Thu Aug 01 2024 11:38:42 GMT-0300 (Horário Padrão de Brasília)
/principal/13326574860.ctgvxzgqdlzdjrxb.presenca
GET
POST
-------------------------------------------------------------------------
Thu Aug 01 2024 11:38:50 GMT-0300 (Horário Padrão de Brasília)
/presenca/processo
-------------------------------------------------------------------------
Thu Aug 01 2024 11:38:50 GMT-0300 (Horário Padrão de Brasília)
Conectado ao Banco de Dados CEJUSC.
-------------------------------------------------------------------------
Thu Aug 01 2024 11:38:50 GMT-0300 (Horário Padrão de Brasília)
Uma linha FOI encontrada. Processo: 1002546-64.2024
-------------------------------------------------------------------------
Thu Aug 01 2024 11:38:50 GMT-0300 (Horário Padrão de Brasília)
Banco de Dados CEJUSC fechado.
-------------------------------------------------------------------------
Thu Aug 01 2024 11:49:02 GMT-0300 (Horário Padrão de Brasília)
GET
/logout/13326574860
Usuário 13326574860 DESLOGOU >>>
-------------------------------------------------------------------------
Thu Aug 01 2024 11:49:02 GMT-0300 (Horário Padrão de Brasília)
GET
/
-------------------------------------------------------------------------
Thu Aug 01 2024 11:49:08 GMT-0300 (Horário Padrão de Brasília)
POST
/valida/api
Usuário: 13326574860
-------------------------------------------------------------------------
Thu Aug 01 2024 11:49:08 GMT-0300 (Horário Padrão de Brasília)
Conectado ao Banco de Dados CEJUSC.
-------------------------------------------------------------------------
Thu Aug 01 2024 11:49:08 GMT-0300 (Horário Padrão de Brasília)
Renato Ferreira >>>LOGOU
-------------------------------------------------------------------------
Thu Aug 01 2024 11:49:08 GMT-0300 (Horário Padrão de Brasília)
Banco de Dados CEJUSC fechado.
-------------------------------------------------------------------------
Thu Aug 01 2024 11:49:08 GMT-0300 (Horário Padrão de Brasília)
GET
/principal/13326574860.tjxcogcsryhxtpsm.presenca
-------------------------------------------------------------------------
Thu Aug 01 2024 11:49:13 GMT-0300 (Horário Padrão de Brasília)
POST
/presenca/processo
-------------------------------------------------------------------------
Thu Aug 01 2024 11:49:13 GMT-0300 (Horário Padrão de Brasília)
Conectado ao Banco de Dados CEJUSC.
-------------------------------------------------------------------------
Thu Aug 01 2024 11:49:13 GMT-0300 (Horário Padrão de Brasília)
Uma linha FOI encontrada. Processo: 1002546-64.2024
-------------------------------------------------------------------------
Thu Aug 01 2024 11:49:14 GMT-0300 (Horário Padrão de Brasília)
Banco de Dados CEJUSC fechado.
POST
/presenca/processo
-------------------------------------------------------------------------
Thu Aug 01 2024 11:51:48 GMT-0300 (Horário Padrão de Brasília)
Conectado ao Banco de Dados CEJUSC.
-------------------------------------------------------------------------
Thu Aug 01 2024 11:51:48 GMT-0300 (Horário Padrão de Brasília)
-------------------------------------------------------------------------
Thu Aug 01 2024 11:51:48 GMT-0300 (Horário Padrão de Brasília)
Uma linha FOI encontrada. Processo: 1002546-64.2024
-------------------------------------------------------------------------
Thu Aug 01 2024 11:51:48 GMT-0300 (Horário Padrão de Brasília)
Banco de Dados CEJUSC fechado.
-------------------------------------------------------------------------
Thu Aug 01 2024 11:54:08 GMT-0300 (Horário Padrão de Brasília)
GET
/logout/13326574860
Usuário 13326574860 DESLOGOU >>>
-------------------------------------------------------------------------
Thu Aug 01 2024 11:54:09 GMT-0300 (Horário Padrão de Brasília)
GET
/
-------------------------------------------------------------------------
Thu Aug 01 2024 11:54:40 GMT-0300 (Horário Padrão de Brasília)
POST
Usuário: 13326574860
/valida/api
-------------------------------------------------------------------------
Thu Aug 01 2024 11:54:40 GMT-0300 (Horário Padrão de Brasília)
Conectado ao Banco de Dados CEJUSC.
Renato Ferreira >>>LOGOU
-------------------------------------------------------------------------
Thu Aug 01 2024 11:54:40 GMT-0300 (Horário Padrão de Brasília)
-------------------------------------------------------------------------
Thu Aug 01 2024 11:54:40 GMT-0300 (Horário Padrão de Brasília)
Banco de Dados CEJUSC fechado.
-------------------------------------------------------------------------
Thu Aug 01 2024 11:54:40 GMT-0300 (Horário Padrão de Brasília)
GET
/principal/13326574860.iwwrfpmnchvcpoov.presenca
-------------------------------------------------------------------------
Thu Aug 01 2024 11:54:51 GMT-0300 (Horário Padrão de Brasília)
/presenca/processo
POST
Conectado ao Banco de Dados CEJUSC.
-------------------------------------------------------------------------
Thu Aug 01 2024 11:54:51 GMT-0300 (Horário Padrão de Brasília)
-------------------------------------------------------------------------
Thu Aug 01 2024 11:54:51 GMT-0300 (Horário Padrão de Brasília)
Uma linha FOI encontrada. Processo: 1002546-64.2024
-------------------------------------------------------------------------
Thu Aug 01 2024 11:54:51 GMT-0300 (Horário Padrão de Brasília)
Banco de Dados CEJUSC fechado.
-------------------------------------------------------------------------
Thu Aug 01 2024 11:55:06 GMT-0300 (Horário Padrão de Brasília)
GET
/principal/13326574860.iwwrfpmnchvcpoov.conciliador
-------------------------------------------------------------------------
Thu Aug 01 2024 11:55:06 GMT-0300 (Horário Padrão de Brasília)
GET
/principal/13326574860.iwwrfpmnchvcpoov.presenca
-------------------------------------------------------------------------
Thu Aug 01 2024 11:55:17 GMT-0300 (Horário Padrão de Brasília)
GET
/principal/13326574860.iwwrfpmnchvcpoov.conciliador
GET
/principal/13326574860.iwwrfpmnchvcpoov.presenca
-------------------------------------------------------------------------
Thu Aug 01 2024 11:55:18 GMT-0300 (Horário Padrão de Brasília)
-------------------------------------------------------------------------
Thu Aug 01 2024 12:02:33 GMT-0300 (Horário Padrão de Brasília)
Usuário 13326574860 DESLOGOU >>>
GET
/logout/13326574860
-------------------------------------------------------------------------
Thu Aug 01 2024 12:02:33 GMT-0300 (Horário Padrão de Brasília)
GET
/
-------------------------------------------------------------------------
Thu Aug 01 2024 12:04:27 GMT-0300 (Horário Padrão de Brasília)
POST
/valida/api
Usuário: 13326574860
-------------------------------------------------------------------------
Thu Aug 01 2024 12:04:27 GMT-0300 (Horário Padrão de Brasília)
Conectado ao Banco de Dados CEJUSC.
-------------------------------------------------------------------------
Thu Aug 01 2024 12:04:27 GMT-0300 (Horário Padrão de Brasília)
Renato Ferreira >>>LOGOU
-------------------------------------------------------------------------
Thu Aug 01 2024 12:04:27 GMT-0300 (Horário Padrão de Brasília)
Banco de Dados CEJUSC fechado.
-------------------------------------------------------------------------
Thu Aug 01 2024 12:04:27 GMT-0300 (Horário Padrão de Brasília)
GET
/principal/13326574860.catkwltnfhjuxlny.presenca
-------------------------------------------------------------------------
Thu Aug 01 2024 12:04:32 GMT-0300 (Horário Padrão de Brasília)
POST
/presenca/processo
-------------------------------------------------------------------------
Thu Aug 01 2024 12:04:32 GMT-0300 (Horário Padrão de Brasília)
Conectado ao Banco de Dados CEJUSC.
-------------------------------------------------------------------------
Thu Aug 01 2024 12:04:32 GMT-0300 (Horário Padrão de Brasília)
Uma linha FOI encontrada. Processo: 1002546-64.2024
Banco de Dados CEJUSC fechado.
-------------------------------------------------------------------------
Thu Aug 01 2024 12:04:32 GMT-0300 (Horário Padrão de Brasília)
POST
-------------------------------------------------------------------------
Thu Aug 01 2024 12:04:37 GMT-0300 (Horário Padrão de Brasília)
/presenca/processo
-------------------------------------------------------------------------
Thu Aug 01 2024 12:04:37 GMT-0300 (Horário Padrão de Brasília)
Conectado ao Banco de Dados CEJUSC.
-------------------------------------------------------------------------
Thu Aug 01 2024 12:04:37 GMT-0300 (Horário Padrão de Brasília)
Uma linha FOI encontrada. Processo: 1002546-64.2024
-------------------------------------------------------------------------
Thu Aug 01 2024 12:04:37 GMT-0300 (Horário Padrão de Brasília)
Banco de Dados CEJUSC fechado.
-------------------------------------------------------------------------
Thu Aug 01 2024 12:07:11 GMT-0300 (Horário Padrão de Brasília)
POST
/presenca/nome
-------------------------------------------------------------------------
Thu Aug 01 2024 12:07:11 GMT-0300 (Horário Padrão de Brasília)
Conectado ao Banco de Dados CEJUSC.
-------------------------------------------------------------------------
Thu Aug 01 2024 12:07:11 GMT-0300 (Horário Padrão de Brasília)
Uma linha FOI encontrada. Nome: %marcos% Processo: 1003000-44.2024
-------------------------------------------------------------------------
Thu Aug 01 2024 12:07:11 GMT-0300 (Horário Padrão de Brasília)
Banco de Dados CEJUSC fechado.
POST
/presenca/processo
-------------------------------------------------------------------------
Thu Aug 01 2024 12:07:11 GMT-0300 (Horário Padrão de Brasília)
Conectado ao Banco de Dados CEJUSC.
-------------------------------------------------------------------------
Thu Aug 01 2024 12:07:11 GMT-0300 (Horário Padrão de Brasília)
-------------------------------------------------------------------------
Thu Aug 01 2024 12:07:11 GMT-0300 (Horário Padrão de Brasília)
Uma linha FOI encontrada. Processo: 1003000-44.2024
-------------------------------------------------------------------------
Thu Aug 01 2024 12:07:11 GMT-0300 (Horário Padrão de Brasília)
Banco de Dados CEJUSC fechado.
-------------------------------------------------------------------------
Thu Aug 01 2024 12:07:22 GMT-0300 (Horário Padrão de Brasília)
GET
/principal/13326574860.catkwltnfhjuxlny.conciliador
GET
-------------------------------------------------------------------------
Thu Aug 01 2024 12:07:23 GMT-0300 (Horário Padrão de Brasília)
/principal/13326574860.catkwltnfhjuxlny.presenca
-------------------------------------------------------------------------
Thu Aug 01 2024 12:08:56 GMT-0300 (Horário Padrão de Brasília)
GET
/principal/13326574860.catkwltnfhjuxlny.completas
GET
-------------------------------------------------------------------------
Thu Aug 01 2024 12:08:57 GMT-0300 (Horário Padrão de Brasília)
/principal/13326574860.catkwltnfhjuxlny.presenca
-------------------------------------------------------------------------
Thu Aug 01 2024 12:09:02 GMT-0300 (Horário Padrão de Brasília)
/presenca/processo
POST
Conectado ao Banco de Dados CEJUSC.
-------------------------------------------------------------------------
Thu Aug 01 2024 12:09:02 GMT-0300 (Horário Padrão de Brasília)
-------------------------------------------------------------------------
Thu Aug 01 2024 12:09:02 GMT-0300 (Horário Padrão de Brasília)
Uma linha FOI encontrada. Processo: 1002546-64.2024
-------------------------------------------------------------------------
Thu Aug 01 2024 12:09:02 GMT-0300 (Horário Padrão de Brasília)
Banco de Dados CEJUSC fechado.
GET
/principal/13326574860.catkwltnfhjuxlny.conciliador
-------------------------------------------------------------------------
Thu Aug 01 2024 12:09:33 GMT-0300 (Horário Padrão de Brasília)
-------------------------------------------------------------------------
Thu Aug 01 2024 12:09:34 GMT-0300 (Horário Padrão de Brasília)
GET
/principal/13326574860.catkwltnfhjuxlny.presenca
POST
/presenca/processo
-------------------------------------------------------------------------
Thu Aug 01 2024 12:09:39 GMT-0300 (Horário Padrão de Brasília)
-------------------------------------------------------------------------
Thu Aug 01 2024 12:09:39 GMT-0300 (Horário Padrão de Brasília)
Conectado ao Banco de Dados CEJUSC.
-------------------------------------------------------------------------
Thu Aug 01 2024 12:09:39 GMT-0300 (Horário Padrão de Brasília)
Uma linha NÃO foi encontrada. Processo: 0000000-00.0000
-------------------------------------------------------------------------
Thu Aug 01 2024 12:09:39 GMT-0300 (Horário Padrão de Brasília)
Banco de Dados CEJUSC fechado.
-------------------------------------------------------------------------
Thu Aug 01 2024 12:09:46 GMT-0300 (Horário Padrão de Brasília)
POST
/presenca/nome
-------------------------------------------------------------------------
Thu Aug 01 2024 12:09:46 GMT-0300 (Horário Padrão de Brasília)
Conectado ao Banco de Dados CEJUSC.
-------------------------------------------------------------------------
Thu Aug 01 2024 12:09:46 GMT-0300 (Horário Padrão de Brasília)
Uma linha FOI encontrada. Nome: %marcos% Processo: 1003000-44.2024
-------------------------------------------------------------------------
Thu Aug 01 2024 12:09:46 GMT-0300 (Horário Padrão de Brasília)
Banco de Dados CEJUSC fechado.
POST
-------------------------------------------------------------------------
Thu Aug 01 2024 12:09:46 GMT-0300 (Horário Padrão de Brasília)
/presenca/processo
Conectado ao Banco de Dados CEJUSC.
-------------------------------------------------------------------------
Thu Aug 01 2024 12:09:46 GMT-0300 (Horário Padrão de Brasília)
-------------------------------------------------------------------------
Thu Aug 01 2024 12:09:46 GMT-0300 (Horário Padrão de Brasília)
Uma linha FOI encontrada. Processo: 1003000-44.2024
-------------------------------------------------------------------------
Thu Aug 01 2024 12:09:46 GMT-0300 (Horário Padrão de Brasília)
Banco de Dados CEJUSC fechado.
-------------------------------------------------------------------------
Thu Aug 01 2024 12:18:45 GMT-0300 (Horário Padrão de Brasília)
GET
/principal/13326574860.catkwltnfhjuxlny.pauta
-------------------------------------------------------------------------
Thu Aug 01 2024 12:18:46 GMT-0300 (Horário Padrão de Brasília)
GET
/principal/13326574860.catkwltnfhjuxlny.presenca
/presenca/processo
-------------------------------------------------------------------------
Thu Aug 01 2024 12:18:52 GMT-0300 (Horário Padrão de Brasília)
POST
Conectado ao Banco de Dados CEJUSC.
-------------------------------------------------------------------------
Thu Aug 01 2024 12:18:52 GMT-0300 (Horário Padrão de Brasília)
-------------------------------------------------------------------------
Thu Aug 01 2024 12:18:52 GMT-0300 (Horário Padrão de Brasília)
Uma linha FOI encontrada. Processo: 1002546-64.2024
-------------------------------------------------------------------------
Thu Aug 01 2024 12:18:52 GMT-0300 (Horário Padrão de Brasília)
Banco de Dados CEJUSC fechado.
-------------------------------------------------------------------------
Thu Aug 01 2024 12:19:28 GMT-0300 (Horário Padrão de Brasília)
POST
/presenca/nome
-------------------------------------------------------------------------
Thu Aug 01 2024 12:19:28 GMT-0300 (Horário Padrão de Brasília)
Conectado ao Banco de Dados CEJUSC.
-------------------------------------------------------------------------
Thu Aug 01 2024 12:19:28 GMT-0300 (Horário Padrão de Brasília)
Uma linha FOI encontrada. Nome: %marcos% Processo: 1003000-44.2024
-------------------------------------------------------------------------
Thu Aug 01 2024 12:19:28 GMT-0300 (Horário Padrão de Brasília)
Banco de Dados CEJUSC fechado.
-------------------------------------------------------------------------
Thu Aug 01 2024 12:19:28 GMT-0300 (Horário Padrão de Brasília)
/presenca/processo
POST
-------------------------------------------------------------------------
Thu Aug 01 2024 12:19:28 GMT-0300 (Horário Padrão de Brasília)
Conectado ao Banco de Dados CEJUSC.
-------------------------------------------------------------------------
Thu Aug 01 2024 12:19:28 GMT-0300 (Horário Padrão de Brasília)
Uma linha FOI encontrada. Processo: 1003000-44.2024
-------------------------------------------------------------------------
Thu Aug 01 2024 12:19:28 GMT-0300 (Horário Padrão de Brasília)
Banco de Dados CEJUSC fechado.
-------------------------------------------------------------------------
Thu Aug 01 2024 12:26:36 GMT-0300 (Horário Padrão de Brasília)
GET
Usuário 13326574860 DESLOGOU >>>
/logout/13326574860
-------------------------------------------------------------------------
Thu Aug 01 2024 12:26:36 GMT-0300 (Horário Padrão de Brasília)
GET
/
-------------------------------------------------------------------------
Thu Aug 01 2024 12:26:56 GMT-0300 (Horário Padrão de Brasília)
POST
/valida/api
Usuário: 13326574860
-------------------------------------------------------------------------
Thu Aug 01 2024 12:26:56 GMT-0300 (Horário Padrão de Brasília)
Conectado ao Banco de Dados CEJUSC.
-------------------------------------------------------------------------
Thu Aug 01 2024 12:26:56 GMT-0300 (Horário Padrão de Brasília)
Renato Ferreira >>>LOGOU
-------------------------------------------------------------------------
Thu Aug 01 2024 12:26:56 GMT-0300 (Horário Padrão de Brasília)
Banco de Dados CEJUSC fechado.
-------------------------------------------------------------------------
Thu Aug 01 2024 12:26:56 GMT-0300 (Horário Padrão de Brasília)
GET
/principal/13326574860.ncmpwbzjkzogajgz.presenca
-------------------------------------------------------------------------
Thu Aug 01 2024 12:27:01 GMT-0300 (Horário Padrão de Brasília)
POST
/presenca/processo
-------------------------------------------------------------------------
Thu Aug 01 2024 12:27:01 GMT-0300 (Horário Padrão de Brasília)
Conectado ao Banco de Dados CEJUSC.
-------------------------------------------------------------------------
Thu Aug 01 2024 12:27:01 GMT-0300 (Horário Padrão de Brasília)
Uma linha FOI encontrada. Processo: 1002546-64.2024
-------------------------------------------------------------------------
Thu Aug 01 2024 12:27:01 GMT-0300 (Horário Padrão de Brasília)
Banco de Dados CEJUSC fechado.
-------------------------------------------------------------------------
Thu Aug 01 2024 12:27:53 GMT-0300 (Horário Padrão de Brasília)
POST
/presenca/processo
-------------------------------------------------------------------------
Thu Aug 01 2024 12:27:53 GMT-0300 (Horário Padrão de Brasília)
Conectado ao Banco de Dados CEJUSC.
-------------------------------------------------------------------------
Thu Aug 01 2024 12:27:53 GMT-0300 (Horário Padrão de Brasília)
Uma linha FOI encontrada. Processo: 1002546-64.2024
Banco de Dados CEJUSC fechado.
-------------------------------------------------------------------------
Thu Aug 01 2024 12:27:53 GMT-0300 (Horário Padrão de Brasília)
-------------------------------------------------------------------------
Thu Aug 01 2024 12:29:08 GMT-0300 (Horário Padrão de Brasília)
GET
/principal/13326574860.ncmpwbzjkzogajgz.completas
-------------------------------------------------------------------------
Thu Aug 01 2024 12:29:08 GMT-0300 (Horário Padrão de Brasília)
/principal/13326574860.ncmpwbzjkzogajgz.presenca
GET
-------------------------------------------------------------------------
Thu Aug 01 2024 12:29:19 GMT-0300 (Horário Padrão de Brasília)
GET
/logout/13326574860
Usuário 13326574860 DESLOGOU >>>
GET
-------------------------------------------------------------------------
Thu Aug 01 2024 12:29:19 GMT-0300 (Horário Padrão de Brasília)
/
-------------------------------------------------------------------------
Thu Aug 01 2024 12:29:24 GMT-0300 (Horário Padrão de Brasília)
POST
/valida/api
Usuário: 13326574860
-------------------------------------------------------------------------
Thu Aug 01 2024 12:29:24 GMT-0300 (Horário Padrão de Brasília)
Conectado ao Banco de Dados CEJUSC.
-------------------------------------------------------------------------
Thu Aug 01 2024 12:29:24 GMT-0300 (Horário Padrão de Brasília)
Renato Ferreira >>>LOGOU
-------------------------------------------------------------------------
Thu Aug 01 2024 12:29:24 GMT-0300 (Horário Padrão de Brasília)
Banco de Dados CEJUSC fechado.
-------------------------------------------------------------------------
Thu Aug 01 2024 12:29:24 GMT-0300 (Horário Padrão de Brasília)
GET
/principal/13326574860.njzzwzirbtrmpjvc.presenca
/presenca/processo
-------------------------------------------------------------------------
Thu Aug 01 2024 12:29:29 GMT-0300 (Horário Padrão de Brasília)
POST
-------------------------------------------------------------------------
Thu Aug 01 2024 12:29:29 GMT-0300 (Horário Padrão de Brasília)
Conectado ao Banco de Dados CEJUSC.
Uma linha FOI encontrada. Processo: 1002546-64.2024
-------------------------------------------------------------------------
Thu Aug 01 2024 12:29:29 GMT-0300 (Horário Padrão de Brasília)
Banco de Dados CEJUSC fechado.
-------------------------------------------------------------------------
Thu Aug 01 2024 12:29:29 GMT-0300 (Horário Padrão de Brasília)
GET
-------------------------------------------------------------------------
Thu Aug 01 2024 12:41:25 GMT-0300 (Horário Padrão de Brasília)
/logout/13326574860
Usuário 13326574860 DESLOGOU >>>
-------------------------------------------------------------------------
Thu Aug 01 2024 12:41:25 GMT-0300 (Horário Padrão de Brasília)
/
GET
-------------------------------------------------------------------------
Thu Aug 01 2024 12:42:02 GMT-0300 (Horário Padrão de Brasília)
Usuário: 13326574860
POST
/valida/api
-------------------------------------------------------------------------
Thu Aug 01 2024 12:42:02 GMT-0300 (Horário Padrão de Brasília)
Conectado ao Banco de Dados CEJUSC.
-------------------------------------------------------------------------
Thu Aug 01 2024 12:42:02 GMT-0300 (Horário Padrão de Brasília)
Renato Ferreira >>>LOGOU
-------------------------------------------------------------------------
Thu Aug 01 2024 12:42:02 GMT-0300 (Horário Padrão de Brasília)
Banco de Dados CEJUSC fechado.
-------------------------------------------------------------------------
Thu Aug 01 2024 12:42:02 GMT-0300 (Horário Padrão de Brasília)
/principal/13326574860.usnnbcyyjfibcmkv.presenca
GET
-------------------------------------------------------------------------
Thu Aug 01 2024 12:42:08 GMT-0300 (Horário Padrão de Brasília)
POST
/presenca/processo
-------------------------------------------------------------------------
Thu Aug 01 2024 12:42:08 GMT-0300 (Horário Padrão de Brasília)
Conectado ao Banco de Dados CEJUSC.
-------------------------------------------------------------------------
Thu Aug 01 2024 12:42:08 GMT-0300 (Horário Padrão de Brasília)
Uma linha FOI encontrada. Processo: 1002546-64.2024
Banco de Dados CEJUSC fechado.
-------------------------------------------------------------------------
Thu Aug 01 2024 12:42:08 GMT-0300 (Horário Padrão de Brasília)
-------------------------------------------------------------------------
Thu Aug 01 2024 12:46:39 GMT-0300 (Horário Padrão de Brasília)
GET
/logout/13326574860
Usuário 13326574860 DESLOGOU >>>
-------------------------------------------------------------------------
Thu Aug 01 2024 12:46:39 GMT-0300 (Horário Padrão de Brasília)
/
GET
-------------------------------------------------------------------------
Thu Aug 01 2024 12:47:17 GMT-0300 (Horário Padrão de Brasília)
POST
/valida/api
Usuário: 13326574860
-------------------------------------------------------------------------
Thu Aug 01 2024 12:47:17 GMT-0300 (Horário Padrão de Brasília)
Conectado ao Banco de Dados CEJUSC.
-------------------------------------------------------------------------
Thu Aug 01 2024 12:47:17 GMT-0300 (Horário Padrão de Brasília)
Renato Ferreira >>>LOGOU
-------------------------------------------------------------------------
Thu Aug 01 2024 12:47:17 GMT-0300 (Horário Padrão de Brasília)
Banco de Dados CEJUSC fechado.
-------------------------------------------------------------------------
Thu Aug 01 2024 12:47:17 GMT-0300 (Horário Padrão de Brasília)
/principal/13326574860.cnnhlenngfussffm.presenca
GET
-------------------------------------------------------------------------
Thu Aug 01 2024 12:47:23 GMT-0300 (Horário Padrão de Brasília)
POST
/presenca/processo
-------------------------------------------------------------------------
Thu Aug 01 2024 12:47:23 GMT-0300 (Horário Padrão de Brasília)
Conectado ao Banco de Dados CEJUSC.
-------------------------------------------------------------------------
Thu Aug 01 2024 12:47:23 GMT-0300 (Horário Padrão de Brasília)
Uma linha FOI encontrada. Processo: 1002546-64.2024
-------------------------------------------------------------------------
Thu Aug 01 2024 12:47:23 GMT-0300 (Horário Padrão de Brasília)
Banco de Dados CEJUSC fechado.
GET
/logout/13326574860
Usuário 13326574860 DESLOGOU >>>
-------------------------------------------------------------------------
Thu Aug 01 2024 12:53:50 GMT-0300 (Horário Padrão de Brasília)
-------------------------------------------------------------------------
Thu Aug 01 2024 12:53:50 GMT-0300 (Horário Padrão de Brasília)
GET
/
-------------------------------------------------------------------------
Thu Aug 01 2024 12:54:25 GMT-0300 (Horário Padrão de Brasília)
POST
/valida/api
Usuário: 13326574860
-------------------------------------------------------------------------
Thu Aug 01 2024 12:54:25 GMT-0300 (Horário Padrão de Brasília)
Conectado ao Banco de Dados CEJUSC.
-------------------------------------------------------------------------
Thu Aug 01 2024 12:54:25 GMT-0300 (Horário Padrão de Brasília)
Renato Ferreira >>>LOGOU
-------------------------------------------------------------------------
Thu Aug 01 2024 12:54:25 GMT-0300 (Horário Padrão de Brasília)
Banco de Dados CEJUSC fechado.
-------------------------------------------------------------------------
Thu Aug 01 2024 12:54:25 GMT-0300 (Horário Padrão de Brasília)
GET
/principal/13326574860.rqsopndlmhuinwiw.presenca
-------------------------------------------------------------------------
Thu Aug 01 2024 12:54:29 GMT-0300 (Horário Padrão de Brasília)
/presenca/processo
POST
-------------------------------------------------------------------------
Thu Aug 01 2024 12:54:29 GMT-0300 (Horário Padrão de Brasília)
Conectado ao Banco de Dados CEJUSC.
-------------------------------------------------------------------------
Thu Aug 01 2024 12:54:29 GMT-0300 (Horário Padrão de Brasília)
Uma linha FOI encontrada. Processo: 1002546-64.2024
-------------------------------------------------------------------------
Thu Aug 01 2024 12:54:29 GMT-0300 (Horário Padrão de Brasília)
Banco de Dados CEJUSC fechado.
GET
-------------------------------------------------------------------------
Thu Aug 01 2024 12:56:14 GMT-0300 (Horário Padrão de Brasília)
/logout/13326574860
Usuário 13326574860 DESLOGOU >>>
-------------------------------------------------------------------------
Thu Aug 01 2024 12:56:14 GMT-0300 (Horário Padrão de Brasília)
GET
/
-------------------------------------------------------------------------
Thu Aug 01 2024 12:56:32 GMT-0300 (Horário Padrão de Brasília)
POST
Usuário: 13326574860
/valida/api
-------------------------------------------------------------------------
Thu Aug 01 2024 12:56:32 GMT-0300 (Horário Padrão de Brasília)
Conectado ao Banco de Dados CEJUSC.
-------------------------------------------------------------------------
Thu Aug 01 2024 12:56:32 GMT-0300 (Horário Padrão de Brasília)
Renato Ferreira >>>LOGOU
-------------------------------------------------------------------------
Thu Aug 01 2024 12:56:32 GMT-0300 (Horário Padrão de Brasília)
Banco de Dados CEJUSC fechado.
-------------------------------------------------------------------------
Thu Aug 01 2024 12:56:32 GMT-0300 (Horário Padrão de Brasília)
GET
/principal/13326574860.gjiokdivzwqnhtcf.presenca
POST
-------------------------------------------------------------------------
Thu Aug 01 2024 12:56:37 GMT-0300 (Horário Padrão de Brasília)
/presenca/processo
-------------------------------------------------------------------------
Thu Aug 01 2024 12:56:37 GMT-0300 (Horário Padrão de Brasília)
Conectado ao Banco de Dados CEJUSC.
-------------------------------------------------------------------------
Thu Aug 01 2024 12:56:37 GMT-0300 (Horário Padrão de Brasília)
Uma linha FOI encontrada. Processo: 1002546-64.2024
-------------------------------------------------------------------------
Thu Aug 01 2024 12:56:37 GMT-0300 (Horário Padrão de Brasília)
Banco de Dados CEJUSC fechado.
-------------------------------------------------------------------------
Thu Aug 01 2024 12:58:15 GMT-0300 (Horário Padrão de Brasília)
GET
/logout/13326574860
Usuário 13326574860 DESLOGOU >>>
-------------------------------------------------------------------------
Thu Aug 01 2024 12:58:15 GMT-0300 (Horário Padrão de Brasília)
/
GET
POST
Usuário: 13326574860
/valida/api
-------------------------------------------------------------------------
Thu Aug 01 2024 12:58:21 GMT-0300 (Horário Padrão de Brasília)
-------------------------------------------------------------------------
Thu Aug 01 2024 12:58:21 GMT-0300 (Horário Padrão de Brasília)
Conectado ao Banco de Dados CEJUSC.
-------------------------------------------------------------------------
Thu Aug 01 2024 12:58:21 GMT-0300 (Horário Padrão de Brasília)
Renato Ferreira >>>LOGOU
-------------------------------------------------------------------------
Thu Aug 01 2024 12:58:21 GMT-0300 (Horário Padrão de Brasília)
Banco de Dados CEJUSC fechado.
-------------------------------------------------------------------------
Thu Aug 01 2024 12:58:21 GMT-0300 (Horário Padrão de Brasília)
/principal/13326574860.ddjvmcpkeunatcbc.presenca
GET
-------------------------------------------------------------------------
Thu Aug 01 2024 12:58:26 GMT-0300 (Horário Padrão de Brasília)
/presenca/processo
POST
-------------------------------------------------------------------------
Thu Aug 01 2024 12:58:26 GMT-0300 (Horário Padrão de Brasília)
Conectado ao Banco de Dados CEJUSC.
-------------------------------------------------------------------------
Thu Aug 01 2024 12:58:26 GMT-0300 (Horário Padrão de Brasília)
Uma linha FOI encontrada. Processo: 1002546-64.2024
-------------------------------------------------------------------------
Thu Aug 01 2024 12:58:26 GMT-0300 (Horário Padrão de Brasília)
Banco de Dados CEJUSC fechado.
-------------------------------------------------------------------------
Thu Aug 01 2024 13:00:01 GMT-0300 (Horário Padrão de Brasília)
/logout/13326574860
Usuário 13326574860 DESLOGOU >>>
GET
-------------------------------------------------------------------------
Thu Aug 01 2024 13:00:01 GMT-0300 (Horário Padrão de Brasília)
GET
/
-------------------------------------------------------------------------
Thu Aug 01 2024 13:00:07 GMT-0300 (Horário Padrão de Brasília)
POST
/valida/api
Usuário: 13326574860
-------------------------------------------------------------------------
Thu Aug 01 2024 13:00:07 GMT-0300 (Horário Padrão de Brasília)
Conectado ao Banco de Dados CEJUSC.
-------------------------------------------------------------------------
Thu Aug 01 2024 13:00:07 GMT-0300 (Horário Padrão de Brasília)
Renato Ferreira >>>LOGOU
-------------------------------------------------------------------------
Thu Aug 01 2024 13:00:07 GMT-0300 (Horário Padrão de Brasília)
Banco de Dados CEJUSC fechado.
GET
-------------------------------------------------------------------------
Thu Aug 01 2024 13:00:07 GMT-0300 (Horário Padrão de Brasília)
/principal/13326574860.ddgycrmgtghxmupr.presenca
-------------------------------------------------------------------------
Thu Aug 01 2024 13:00:11 GMT-0300 (Horário Padrão de Brasília)
/presenca/processo
POST
-------------------------------------------------------------------------
Thu Aug 01 2024 13:00:11 GMT-0300 (Horário Padrão de Brasília)
Conectado ao Banco de Dados CEJUSC.
-------------------------------------------------------------------------
Thu Aug 01 2024 13:00:11 GMT-0300 (Horário Padrão de Brasília)
Uma linha FOI encontrada. Processo: 1002546-64.2024
-------------------------------------------------------------------------
Thu Aug 01 2024 13:00:11 GMT-0300 (Horário Padrão de Brasília)
Banco de Dados CEJUSC fechado.
-------------------------------------------------------------------------
Thu Aug 01 2024 13:03:57 GMT-0300 (Horário Padrão de Brasília)
GET
/logout/13326574860
Usuário 13326574860 DESLOGOU >>>
-------------------------------------------------------------------------
Thu Aug 01 2024 13:03:57 GMT-0300 (Horário Padrão de Brasília)
GET
/
-------------------------------------------------------------------------
Thu Aug 01 2024 13:04:11 GMT-0300 (Horário Padrão de Brasília)
POST
/valida/api
Usuário: 13326574860
-------------------------------------------------------------------------
Thu Aug 01 2024 13:04:11 GMT-0300 (Horário Padrão de Brasília)
Conectado ao Banco de Dados CEJUSC.
-------------------------------------------------------------------------
Thu Aug 01 2024 13:04:11 GMT-0300 (Horário Padrão de Brasília)
Renato Ferreira >>>LOGOU
-------------------------------------------------------------------------
Thu Aug 01 2024 13:04:11 GMT-0300 (Horário Padrão de Brasília)
Banco de Dados CEJUSC fechado.
-------------------------------------------------------------------------
Thu Aug 01 2024 13:04:11 GMT-0300 (Horário Padrão de Brasília)
/principal/13326574860.fqvykdixokzgqmbj.presenca
GET
POST
-------------------------------------------------------------------------
Thu Aug 01 2024 13:04:16 GMT-0300 (Horário Padrão de Brasília)
/presenca/processo
-------------------------------------------------------------------------
Thu Aug 01 2024 13:04:16 GMT-0300 (Horário Padrão de Brasília)
Conectado ao Banco de Dados CEJUSC.
-------------------------------------------------------------------------
Thu Aug 01 2024 13:04:16 GMT-0300 (Horário Padrão de Brasília)
Uma linha FOI encontrada. Processo: 1002546-64.2024
Banco de Dados CEJUSC fechado.
-------------------------------------------------------------------------
Thu Aug 01 2024 13:04:16 GMT-0300 (Horário Padrão de Brasília)
-------------------------------------------------------------------------
Thu Aug 01 2024 13:04:32 GMT-0300 (Horário Padrão de Brasília)
/presenca/nome
POST
-------------------------------------------------------------------------
Thu Aug 01 2024 13:04:32 GMT-0300 (Horário Padrão de Brasília)
Conectado ao Banco de Dados CEJUSC.
-------------------------------------------------------------------------
Thu Aug 01 2024 13:04:32 GMT-0300 (Horário Padrão de Brasília)
Uma linha FOI encontrada. Nome: %marcos% Processo: 1003000-44.2024
-------------------------------------------------------------------------
Thu Aug 01 2024 13:04:32 GMT-0300 (Horário Padrão de Brasília)
Banco de Dados CEJUSC fechado.
-------------------------------------------------------------------------
Thu Aug 01 2024 13:04:32 GMT-0300 (Horário Padrão de Brasília)
/presenca/processo
POST
-------------------------------------------------------------------------
Thu Aug 01 2024 13:04:32 GMT-0300 (Horário Padrão de Brasília)
Conectado ao Banco de Dados CEJUSC.
-------------------------------------------------------------------------
Thu Aug 01 2024 13:04:32 GMT-0300 (Horário Padrão de Brasília)
Uma linha FOI encontrada. Processo: 1003000-44.2024
-------------------------------------------------------------------------
Thu Aug 01 2024 13:04:32 GMT-0300 (Horário Padrão de Brasília)
Banco de Dados CEJUSC fechado.
-------------------------------------------------------------------------
Thu Aug 01 2024 13:04:38 GMT-0300 (Horário Padrão de Brasília)
POST
/presenca/processo
-------------------------------------------------------------------------
Thu Aug 01 2024 13:04:38 GMT-0300 (Horário Padrão de Brasília)
Conectado ao Banco de Dados CEJUSC.
-------------------------------------------------------------------------
Thu Aug 01 2024 13:04:38 GMT-0300 (Horário Padrão de Brasília)
Uma linha FOI encontrada. Processo: 1002546-64.2024
-------------------------------------------------------------------------
Thu Aug 01 2024 13:04:38 GMT-0300 (Horário Padrão de Brasília)
Banco de Dados CEJUSC fechado.
-------------------------------------------------------------------------
Thu Aug 01 2024 13:05:38 GMT-0300 (Horário Padrão de Brasília)
GET
/principal/13326574860.fqvykdixokzgqmbj.pauta
GET
-------------------------------------------------------------------------
Thu Aug 01 2024 13:05:38 GMT-0300 (Horário Padrão de Brasília)
/principal/13326574860.fqvykdixokzgqmbj.presenca
/presenca/processo
-------------------------------------------------------------------------
Thu Aug 01 2024 13:05:43 GMT-0300 (Horário Padrão de Brasília)
POST
-------------------------------------------------------------------------
Thu Aug 01 2024 13:05:43 GMT-0300 (Horário Padrão de Brasília)
Conectado ao Banco de Dados CEJUSC.
-------------------------------------------------------------------------
Thu Aug 01 2024 13:05:43 GMT-0300 (Horário Padrão de Brasília)
Uma linha FOI encontrada. Processo: 1002546-64.2024
-------------------------------------------------------------------------
Thu Aug 01 2024 13:05:43 GMT-0300 (Horário Padrão de Brasília)
Banco de Dados CEJUSC fechado.
-------------------------------------------------------------------------
Thu Aug 01 2024 13:05:50 GMT-0300 (Horário Padrão de Brasília)
POST
/presenca/nome
-------------------------------------------------------------------------
Thu Aug 01 2024 13:05:50 GMT-0300 (Horário Padrão de Brasília)
Conectado ao Banco de Dados CEJUSC.
-------------------------------------------------------------------------
Thu Aug 01 2024 13:05:50 GMT-0300 (Horário Padrão de Brasília)
Uma linha FOI encontrada. Nome: %marcos% Processo: 1003000-44.2024
-------------------------------------------------------------------------
Thu Aug 01 2024 13:05:50 GMT-0300 (Horário Padrão de Brasília)
Banco de Dados CEJUSC fechado.
-------------------------------------------------------------------------
Thu Aug 01 2024 13:05:50 GMT-0300 (Horário Padrão de Brasília)
POST
/presenca/processo
-------------------------------------------------------------------------
Thu Aug 01 2024 13:05:50 GMT-0300 (Horário Padrão de Brasília)
Conectado ao Banco de Dados CEJUSC.
-------------------------------------------------------------------------
Thu Aug 01 2024 13:05:50 GMT-0300 (Horário Padrão de Brasília)
Uma linha FOI encontrada. Processo: 1003000-44.2024
-------------------------------------------------------------------------
Thu Aug 01 2024 13:05:50 GMT-0300 (Horário Padrão de Brasília)
Banco de Dados CEJUSC fechado.
/presenca/processo
-------------------------------------------------------------------------
Thu Aug 01 2024 13:06:07 GMT-0300 (Horário Padrão de Brasília)
POST
-------------------------------------------------------------------------
Thu Aug 01 2024 13:06:07 GMT-0300 (Horário Padrão de Brasília)
Conectado ao Banco de Dados CEJUSC.
-------------------------------------------------------------------------
Thu Aug 01 2024 13:06:07 GMT-0300 (Horário Padrão de Brasília)
Uma linha FOI encontrada. Processo: 1002546-64.2024
Banco de Dados CEJUSC fechado.
-------------------------------------------------------------------------
Thu Aug 01 2024 13:06:07 GMT-0300 (Horário Padrão de Brasília)
-------------------------------------------------------------------------
Thu Aug 01 2024 13:06:40 GMT-0300 (Horário Padrão de Brasília)
GET
/principal/13326574860.fqvykdixokzgqmbj.pauta
-------------------------------------------------------------------------
Thu Aug 01 2024 13:06:41 GMT-0300 (Horário Padrão de Brasília)
GET
/principal/13326574860.fqvykdixokzgqmbj.presenca
-------------------------------------------------------------------------
Thu Aug 01 2024 13:06:46 GMT-0300 (Horário Padrão de Brasília)
POST
/presenca/processo
Conectado ao Banco de Dados CEJUSC.
-------------------------------------------------------------------------
Thu Aug 01 2024 13:06:46 GMT-0300 (Horário Padrão de Brasília)
-------------------------------------------------------------------------
Thu Aug 01 2024 13:06:46 GMT-0300 (Horário Padrão de Brasília)
Uma linha FOI encontrada. Processo: 1002546-64.2024
-------------------------------------------------------------------------
Thu Aug 01 2024 13:06:46 GMT-0300 (Horário Padrão de Brasília)
Banco de Dados CEJUSC fechado.
-------------------------------------------------------------------------
Thu Aug 01 2024 13:09:38 GMT-0300 (Horário Padrão de Brasília)
POST
/presenca/processo
-------------------------------------------------------------------------
Thu Aug 01 2024 13:09:38 GMT-0300 (Horário Padrão de Brasília)
Conectado ao Banco de Dados CEJUSC.
-------------------------------------------------------------------------
Thu Aug 01 2024 13:09:38 GMT-0300 (Horário Padrão de Brasília)
Uma linha FOI encontrada. Processo: 1002546-64.2024
Banco de Dados CEJUSC fechado.
-------------------------------------------------------------------------
Thu Aug 01 2024 13:09:38 GMT-0300 (Horário Padrão de Brasília)
-------------------------------------------------------------------------
Thu Aug 01 2024 13:11:19 GMT-0300 (Horário Padrão de Brasília)
GET
/principal/13326574860.fqvykdixokzgqmbj.completas
GET
-------------------------------------------------------------------------
Thu Aug 01 2024 13:11:20 GMT-0300 (Horário Padrão de Brasília)
/principal/13326574860.fqvykdixokzgqmbj.presenca
-------------------------------------------------------------------------
Thu Aug 01 2024 14:20:12 GMT-0300 (Horário Padrão de Brasília)
GET
/logout/13326574860
Usuário 13326574860 DESLOGOU >>>
-------------------------------------------------------------------------
Thu Aug 01 2024 14:20:12 GMT-0300 (Horário Padrão de Brasília)
/
GET
-------------------------------------------------------------------------
Thu Aug 01 2024 14:20:18 GMT-0300 (Horário Padrão de Brasília)
/valida/api
Usuário: 13326574860
POST
Conectado ao Banco de Dados CEJUSC.
-------------------------------------------------------------------------
Thu Aug 01 2024 14:20:18 GMT-0300 (Horário Padrão de Brasília)
-------------------------------------------------------------------------
Thu Aug 01 2024 14:20:18 GMT-0300 (Horário Padrão de Brasília)
Renato Ferreira >>>LOGOU
-------------------------------------------------------------------------
Thu Aug 01 2024 14:20:18 GMT-0300 (Horário Padrão de Brasília)
Banco de Dados CEJUSC fechado.
-------------------------------------------------------------------------
Thu Aug 01 2024 14:20:18 GMT-0300 (Horário Padrão de Brasília)
GET
/principal/13326574860.esfghvwejlbrfjfz.presenca
-------------------------------------------------------------------------
Thu Aug 01 2024 14:20:24 GMT-0300 (Horário Padrão de Brasília)
POST
/presenca/processo
-------------------------------------------------------------------------
Thu Aug 01 2024 14:20:24 GMT-0300 (Horário Padrão de Brasília)
Conectado ao Banco de Dados CEJUSC.
-------------------------------------------------------------------------
Thu Aug 01 2024 14:20:24 GMT-0300 (Horário Padrão de Brasília)
Uma linha FOI encontrada. Processo: 1002546-64.2024
-------------------------------------------------------------------------
Thu Aug 01 2024 14:20:24 GMT-0300 (Horário Padrão de Brasília)
Banco de Dados CEJUSC fechado.
-------------------------------------------------------------------------
Thu Aug 01 2024 14:21:33 GMT-0300 (Horário Padrão de Brasília)
GET
/logout/13326574860
Usuário 13326574860 DESLOGOU >>>
-------------------------------------------------------------------------
Thu Aug 01 2024 14:21:33 GMT-0300 (Horário Padrão de Brasília)
GET
/
-------------------------------------------------------------------------
Thu Aug 01 2024 14:22:44 GMT-0300 (Horário Padrão de Brasília)
POST
/valida/api
Usuário: 13326574860
-------------------------------------------------------------------------
Thu Aug 01 2024 14:22:44 GMT-0300 (Horário Padrão de Brasília)
Conectado ao Banco de Dados CEJUSC.
-------------------------------------------------------------------------
Thu Aug 01 2024 14:22:44 GMT-0300 (Horário Padrão de Brasília)
Renato Ferreira >>>LOGOU
-------------------------------------------------------------------------
Thu Aug 01 2024 14:22:44 GMT-0300 (Horário Padrão de Brasília)
Banco de Dados CEJUSC fechado.
-------------------------------------------------------------------------
Thu Aug 01 2024 14:22:44 GMT-0300 (Horário Padrão de Brasília)
GET
/principal/13326574860.nlatcgcmdhtzjvfd.presenca
-------------------------------------------------------------------------
Thu Aug 01 2024 14:22:49 GMT-0300 (Horário Padrão de Brasília)
/presenca/processo
POST
-------------------------------------------------------------------------
Thu Aug 01 2024 14:22:49 GMT-0300 (Horário Padrão de Brasília)
Conectado ao Banco de Dados CEJUSC.
-------------------------------------------------------------------------
Thu Aug 01 2024 14:22:49 GMT-0300 (Horário Padrão de Brasília)
Uma linha FOI encontrada. Processo: 1002546-64.2024
-------------------------------------------------------------------------
Thu Aug 01 2024 14:22:49 GMT-0300 (Horário Padrão de Brasília)
Banco de Dados CEJUSC fechado.
-------------------------------------------------------------------------
Thu Aug 01 2024 14:23:14 GMT-0300 (Horário Padrão de Brasília)
GET
/logout/13326574860
Usuário 13326574860 DESLOGOU >>>
-------------------------------------------------------------------------
Thu Aug 01 2024 14:23:14 GMT-0300 (Horário Padrão de Brasília)
GET
/
-------------------------------------------------------------------------
Thu Aug 01 2024 14:23:19 GMT-0300 (Horário Padrão de Brasília)
POST
/valida/api
Usuário: 13326574860
-------------------------------------------------------------------------
Thu Aug 01 2024 14:23:19 GMT-0300 (Horário Padrão de Brasília)
Conectado ao Banco de Dados CEJUSC.
-------------------------------------------------------------------------
Thu Aug 01 2024 14:23:19 GMT-0300 (Horário Padrão de Brasília)
Renato Ferreira >>>LOGOU
-------------------------------------------------------------------------
Thu Aug 01 2024 14:23:19 GMT-0300 (Horário Padrão de Brasília)
Banco de Dados CEJUSC fechado.
-------------------------------------------------------------------------
Thu Aug 01 2024 14:23:19 GMT-0300 (Horário Padrão de Brasília)
GET
/principal/13326574860.zisbbxkuiofrieth.presenca
-------------------------------------------------------------------------
Thu Aug 01 2024 14:23:23 GMT-0300 (Horário Padrão de Brasília)
POST
/presenca/processo
-------------------------------------------------------------------------
Thu Aug 01 2024 14:23:23 GMT-0300 (Horário Padrão de Brasília)
Conectado ao Banco de Dados CEJUSC.
-------------------------------------------------------------------------
Thu Aug 01 2024 14:23:23 GMT-0300 (Horário Padrão de Brasília)
Uma linha FOI encontrada. Processo: 1002546-64.2024
Banco de Dados CEJUSC fechado.
-------------------------------------------------------------------------
Thu Aug 01 2024 14:23:23 GMT-0300 (Horário Padrão de Brasília)
GET
-------------------------------------------------------------------------
Thu Aug 01 2024 14:26:11 GMT-0300 (Horário Padrão de Brasília)
/logout/13326574860
Usuário 13326574860 DESLOGOU >>>
-------------------------------------------------------------------------
Thu Aug 01 2024 14:26:11 GMT-0300 (Horário Padrão de Brasília)
GET
/
-------------------------------------------------------------------------
Thu Aug 01 2024 14:26:16 GMT-0300 (Horário Padrão de Brasília)
POST
/valida/api
Usuário: 13326574860
-------------------------------------------------------------------------
Thu Aug 01 2024 14:26:16 GMT-0300 (Horário Padrão de Brasília)
Conectado ao Banco de Dados CEJUSC.
-------------------------------------------------------------------------
Thu Aug 01 2024 14:26:16 GMT-0300 (Horário Padrão de Brasília)
Banco de Dados CEJUSC fechado.
Renato Ferreira >>>LOGOU
-------------------------------------------------------------------------
Thu Aug 01 2024 14:26:16 GMT-0300 (Horário Padrão de Brasília)
-------------------------------------------------------------------------
Thu Aug 01 2024 14:26:16 GMT-0300 (Horário Padrão de Brasília)
GET
/principal/13326574860.cewsumcrttydhatd.presenca
/presenca/processo
-------------------------------------------------------------------------
Thu Aug 01 2024 14:26:21 GMT-0300 (Horário Padrão de Brasília)
POST
-------------------------------------------------------------------------
Thu Aug 01 2024 14:26:21 GMT-0300 (Horário Padrão de Brasília)
Conectado ao Banco de Dados CEJUSC.
Uma linha FOI encontrada. Processo: 1002546-64.2024
-------------------------------------------------------------------------
Thu Aug 01 2024 14:26:21 GMT-0300 (Horário Padrão de Brasília)
Banco de Dados CEJUSC fechado.
-------------------------------------------------------------------------
Thu Aug 01 2024 14:26:21 GMT-0300 (Horário Padrão de Brasília)
-------------------------------------------------------------------------
Thu Aug 01 2024 14:40:42 GMT-0300 (Horário Padrão de Brasília)
Usuário 13326574860 DESLOGOU >>>
GET
/logout/13326574860
-------------------------------------------------------------------------
Thu Aug 01 2024 14:40:42 GMT-0300 (Horário Padrão de Brasília)
GET
/
-------------------------------------------------------------------------
Thu Aug 01 2024 14:40:51 GMT-0300 (Horário Padrão de Brasília)
POST
/valida/api
Usuário: 13326574860
-------------------------------------------------------------------------
Thu Aug 01 2024 14:40:51 GMT-0300 (Horário Padrão de Brasília)
Conectado ao Banco de Dados CEJUSC.
-------------------------------------------------------------------------
Thu Aug 01 2024 14:40:51 GMT-0300 (Horário Padrão de Brasília)
Banco de Dados CEJUSC fechado.
Renato Ferreira >>>LOGOU
-------------------------------------------------------------------------
Thu Aug 01 2024 14:40:51 GMT-0300 (Horário Padrão de Brasília)
-------------------------------------------------------------------------
Thu Aug 01 2024 14:40:51 GMT-0300 (Horário Padrão de Brasília)
GET
/principal/13326574860.yjjhvdcganwswteh.presenca
-------------------------------------------------------------------------
Thu Aug 01 2024 14:40:56 GMT-0300 (Horário Padrão de Brasília)
POST
/presenca/nome
-------------------------------------------------------------------------
Thu Aug 01 2024 14:40:56 GMT-0300 (Horário Padrão de Brasília)
Conectado ao Banco de Dados CEJUSC.
-------------------------------------------------------------------------
Thu Aug 01 2024 14:40:56 GMT-0300 (Horário Padrão de Brasília)
Uma linha FOI encontrada. Nome: %marcos% Processo: 1003000-44.2024
-------------------------------------------------------------------------
Thu Aug 01 2024 14:40:56 GMT-0300 (Horário Padrão de Brasília)
Banco de Dados CEJUSC fechado.
-------------------------------------------------------------------------
Thu Aug 01 2024 14:40:56 GMT-0300 (Horário Padrão de Brasília)
POST
/presenca/processo
-------------------------------------------------------------------------
Thu Aug 01 2024 14:40:56 GMT-0300 (Horário Padrão de Brasília)
Conectado ao Banco de Dados CEJUSC.
-------------------------------------------------------------------------
Thu Aug 01 2024 14:40:56 GMT-0300 (Horário Padrão de Brasília)
Uma linha FOI encontrada. Processo: 1003000-44.2024
-------------------------------------------------------------------------
Thu Aug 01 2024 14:40:56 GMT-0300 (Horário Padrão de Brasília)
Banco de Dados CEJUSC fechado.
-------------------------------------------------------------------------
Thu Aug 01 2024 14:41:58 GMT-0300 (Horário Padrão de Brasília)
GET
/logout/13326574860
Usuário 13326574860 DESLOGOU >>>
-------------------------------------------------------------------------
Thu Aug 01 2024 14:41:58 GMT-0300 (Horário Padrão de Brasília)
GET
/
-------------------------------------------------------------------------
Thu Aug 01 2024 14:42:02 GMT-0300 (Horário Padrão de Brasília)
POST
/valida/api
Usuário: 13326574860
Conectado ao Banco de Dados CEJUSC.
Renato Ferreira >>>LOGOU
-------------------------------------------------------------------------
Thu Aug 01 2024 14:42:02 GMT-0300 (Horário Padrão de Brasília)
Banco de Dados CEJUSC fechado.
-------------------------------------------------------------------------
Thu Aug 01 2024 14:42:02 GMT-0300 (Horário Padrão de Brasília)
-------------------------------------------------------------------------
Thu Aug 01 2024 14:42:02 GMT-0300 (Horário Padrão de Brasília)
GET
/principal/13326574860.qbgaqzunyqkqgnrj.presenca
-------------------------------------------------------------------------
Thu Aug 01 2024 14:42:02 GMT-0300 (Horário Padrão de Brasília)
POST
-------------------------------------------------------------------------
Thu Aug 01 2024 14:42:08 GMT-0300 (Horário Padrão de Brasília)
/presenca/nome
-------------------------------------------------------------------------
Thu Aug 01 2024 14:42:08 GMT-0300 (Horário Padrão de Brasília)
Conectado ao Banco de Dados CEJUSC.
-------------------------------------------------------------------------
Thu Aug 01 2024 14:42:08 GMT-0300 (Horário Padrão de Brasília)
Uma linha FOI encontrada. Nome: %marcos% Processo: 1003000-44.2024
-------------------------------------------------------------------------
Thu Aug 01 2024 14:42:08 GMT-0300 (Horário Padrão de Brasília)
Banco de Dados CEJUSC fechado.
-------------------------------------------------------------------------
Thu Aug 01 2024 14:42:08 GMT-0300 (Horário Padrão de Brasília)
/presenca/processo
POST
Conectado ao Banco de Dados CEJUSC.
-------------------------------------------------------------------------
Thu Aug 01 2024 14:42:08 GMT-0300 (Horário Padrão de Brasília)
-------------------------------------------------------------------------
Thu Aug 01 2024 14:42:08 GMT-0300 (Horário Padrão de Brasília)
Uma linha FOI encontrada. Processo: 1003000-44.2024
Banco de Dados CEJUSC fechado.
-------------------------------------------------------------------------
Thu Aug 01 2024 14:42:08 GMT-0300 (Horário Padrão de Brasília)
-------------------------------------------------------------------------
Thu Aug 01 2024 14:42:47 GMT-0300 (Horário Padrão de Brasília)
POST
/presenca/processo
-------------------------------------------------------------------------
Thu Aug 01 2024 14:42:47 GMT-0300 (Horário Padrão de Brasília)
Conectado ao Banco de Dados CEJUSC.
-------------------------------------------------------------------------
Thu Aug 01 2024 14:42:47 GMT-0300 (Horário Padrão de Brasília)
Uma linha FOI encontrada. Processo: 1002546-64.2024
-------------------------------------------------------------------------
Thu Aug 01 2024 14:42:47 GMT-0300 (Horário Padrão de Brasília)
Banco de Dados CEJUSC fechado.
-------------------------------------------------------------------------
Thu Aug 01 2024 14:43:37 GMT-0300 (Horário Padrão de Brasília)
GET
/logout/13326574860
Usuário 13326574860 DESLOGOU >>>
-------------------------------------------------------------------------
Thu Aug 01 2024 14:43:37 GMT-0300 (Horário Padrão de Brasília)
GET
/
-------------------------------------------------------------------------
Thu Aug 01 2024 14:45:57 GMT-0300 (Horário Padrão de Brasília)
/valida/api
POST
Usuário: 13326574860
-------------------------------------------------------------------------
Thu Aug 01 2024 14:45:57 GMT-0300 (Horário Padrão de Brasília)
Conectado ao Banco de Dados CEJUSC.
Banco de Dados CEJUSC fechado.
-------------------------------------------------------------------------
Thu Aug 01 2024 14:45:57 GMT-0300 (Horário Padrão de Brasília)
Renato Ferreira >>>LOGOU
-------------------------------------------------------------------------
Thu Aug 01 2024 14:45:57 GMT-0300 (Horário Padrão de Brasília)
-------------------------------------------------------------------------
Thu Aug 01 2024 14:45:57 GMT-0300 (Horário Padrão de Brasília)
GET
/principal/13326574860.sjfpfumuxqegxggn.presenca
/presenca/nome
-------------------------------------------------------------------------
Thu Aug 01 2024 14:46:03 GMT-0300 (Horário Padrão de Brasília)
POST
-------------------------------------------------------------------------
Thu Aug 01 2024 14:46:03 GMT-0300 (Horário Padrão de Brasília)
Conectado ao Banco de Dados CEJUSC.
-------------------------------------------------------------------------
Thu Aug 01 2024 14:46:03 GMT-0300 (Horário Padrão de Brasília)
Uma linha FOI encontrada. Nome: %marcos% Processo: 1003000-44.2024
-------------------------------------------------------------------------
Thu Aug 01 2024 14:46:03 GMT-0300 (Horário Padrão de Brasília)
Banco de Dados CEJUSC fechado.
POST
/presenca/processo
-------------------------------------------------------------------------
Thu Aug 01 2024 14:46:03 GMT-0300 (Horário Padrão de Brasília)
Conectado ao Banco de Dados CEJUSC.
-------------------------------------------------------------------------
Thu Aug 01 2024 14:46:03 GMT-0300 (Horário Padrão de Brasília)
-------------------------------------------------------------------------
Thu Aug 01 2024 14:46:03 GMT-0300 (Horário Padrão de Brasília)
Uma linha FOI encontrada. Processo: 1003000-44.2024
Banco de Dados CEJUSC fechado.
-------------------------------------------------------------------------
Thu Aug 01 2024 14:46:03 GMT-0300 (Horário Padrão de Brasília)
-------------------------------------------------------------------------
Thu Aug 01 2024 14:46:30 GMT-0300 (Horário Padrão de Brasília)
GET
/principal/13326574860.sjfpfumuxqegxggn.pauta
/principal/13326574860.sjfpfumuxqegxggn.presenca
-------------------------------------------------------------------------
Thu Aug 01 2024 14:46:31 GMT-0300 (Horário Padrão de Brasília)
GET
-------------------------------------------------------------------------
Thu Aug 01 2024 14:46:36 GMT-0300 (Horário Padrão de Brasília)
POST
/presenca/processo
Conectado ao Banco de Dados CEJUSC.
-------------------------------------------------------------------------
Thu Aug 01 2024 14:46:36 GMT-0300 (Horário Padrão de Brasília)
-------------------------------------------------------------------------
Thu Aug 01 2024 14:46:36 GMT-0300 (Horário Padrão de Brasília)
Uma linha FOI encontrada. Processo: 1002546-64.2024
-------------------------------------------------------------------------
Thu Aug 01 2024 14:46:36 GMT-0300 (Horário Padrão de Brasília)
Banco de Dados CEJUSC fechado.
-------------------------------------------------------------------------
Thu Aug 01 2024 14:49:05 GMT-0300 (Horário Padrão de Brasília)
GET
/principal/13326574860.sjfpfumuxqegxggn.completas
-------------------------------------------------------------------------
Thu Aug 01 2024 14:49:06 GMT-0300 (Horário Padrão de Brasília)
GET
/principal/13326574860.sjfpfumuxqegxggn.presenca
/presenca/processo
-------------------------------------------------------------------------
Thu Aug 01 2024 14:49:12 GMT-0300 (Horário Padrão de Brasília)
POST
-------------------------------------------------------------------------
Thu Aug 01 2024 14:49:12 GMT-0300 (Horário Padrão de Brasília)
Conectado ao Banco de Dados CEJUSC.
-------------------------------------------------------------------------
Thu Aug 01 2024 14:49:12 GMT-0300 (Horário Padrão de Brasília)
Uma linha FOI encontrada. Processo: 1002546-64.2024
-------------------------------------------------------------------------
Thu Aug 01 2024 14:49:12 GMT-0300 (Horário Padrão de Brasília)
Banco de Dados CEJUSC fechado.
-------------------------------------------------------------------------
Thu Aug 01 2024 14:58:45 GMT-0300 (Horário Padrão de Brasília)
GET
/principal/13326574860.sjfpfumuxqegxggn.completas
-------------------------------------------------------------------------
Thu Aug 01 2024 14:58:46 GMT-0300 (Horário Padrão de Brasília)
/principal/13326574860.sjfpfumuxqegxggn.presenca
GET
-------------------------------------------------------------------------
Thu Aug 01 2024 14:58:50 GMT-0300 (Horário Padrão de Brasília)
POST
/presenca/processo
-------------------------------------------------------------------------
Thu Aug 01 2024 14:58:50 GMT-0300 (Horário Padrão de Brasília)
Conectado ao Banco de Dados CEJUSC.
-------------------------------------------------------------------------
Thu Aug 01 2024 14:58:50 GMT-0300 (Horário Padrão de Brasília)
Uma linha FOI encontrada. Processo: 1002546-64.2024
-------------------------------------------------------------------------
Thu Aug 01 2024 14:58:50 GMT-0300 (Horário Padrão de Brasília)
Banco de Dados CEJUSC fechado.
-------------------------------------------------------------------------
Thu Aug 01 2024 15:00:37 GMT-0300 (Horário Padrão de Brasília)
GET
/principal/13326574860.sjfpfumuxqegxggn.completas
-------------------------------------------------------------------------
Thu Aug 01 2024 15:00:38 GMT-0300 (Horário Padrão de Brasília)
GET
/principal/13326574860.sjfpfumuxqegxggn.presenca
/presenca/processo
POST
-------------------------------------------------------------------------
Thu Aug 01 2024 15:00:42 GMT-0300 (Horário Padrão de Brasília)
-------------------------------------------------------------------------
Thu Aug 01 2024 15:00:42 GMT-0300 (Horário Padrão de Brasília)
Conectado ao Banco de Dados CEJUSC.
Uma linha FOI encontrada. Processo: 1002546-64.2024
-------------------------------------------------------------------------
Thu Aug 01 2024 15:00:42 GMT-0300 (Horário Padrão de Brasília)
Banco de Dados CEJUSC fechado.
-------------------------------------------------------------------------
Thu Aug 01 2024 15:00:42 GMT-0300 (Horário Padrão de Brasília)
GET
-------------------------------------------------------------------------
Thu Aug 01 2024 15:38:10 GMT-0300 (Horário Padrão de Brasília)
Usuário 13326574860 DESLOGOU >>>
/logout/13326574860
-------------------------------------------------------------------------
Thu Aug 01 2024 15:38:11 GMT-0300 (Horário Padrão de Brasília)
GET
/
-------------------------------------------------------------------------
Thu Aug 01 2024 15:38:40 GMT-0300 (Horário Padrão de Brasília)
POST
/valida/api
Usuário: 13326574860
-------------------------------------------------------------------------
Thu Aug 01 2024 15:38:40 GMT-0300 (Horário Padrão de Brasília)
Conectado ao Banco de Dados CEJUSC.
-------------------------------------------------------------------------
Thu Aug 01 2024 15:38:40 GMT-0300 (Horário Padrão de Brasília)
Renato Ferreira >>>LOGOU
-------------------------------------------------------------------------
Thu Aug 01 2024 15:38:40 GMT-0300 (Horário Padrão de Brasília)
Banco de Dados CEJUSC fechado.
-------------------------------------------------------------------------
Thu Aug 01 2024 15:38:40 GMT-0300 (Horário Padrão de Brasília)
GET
/principal/13326574860.cbmocdksebisovnl.presenca
-------------------------------------------------------------------------
Thu Aug 01 2024 15:38:45 GMT-0300 (Horário Padrão de Brasília)
POST
/presenca/processo
-------------------------------------------------------------------------
Thu Aug 01 2024 15:38:45 GMT-0300 (Horário Padrão de Brasília)
Conectado ao Banco de Dados CEJUSC.
-------------------------------------------------------------------------
Thu Aug 01 2024 15:38:45 GMT-0300 (Horário Padrão de Brasília)
Uma linha FOI encontrada. Processo: 1002546-64.2024
-------------------------------------------------------------------------
Thu Aug 01 2024 15:38:45 GMT-0300 (Horário Padrão de Brasília)
Banco de Dados CEJUSC fechado.
-------------------------------------------------------------------------
Thu Aug 01 2024 15:42:28 GMT-0300 (Horário Padrão de Brasília)
GET
Usuário 13326574860 DESLOGOU >>>
/logout/13326574860
-------------------------------------------------------------------------
Thu Aug 01 2024 15:42:28 GMT-0300 (Horário Padrão de Brasília)
GET
/
-------------------------------------------------------------------------
Thu Aug 01 2024 15:42:51 GMT-0300 (Horário Padrão de Brasília)
POST
/valida/api
Usuário: 13326574860
-------------------------------------------------------------------------
Thu Aug 01 2024 15:42:51 GMT-0300 (Horário Padrão de Brasília)
Conectado ao Banco de Dados CEJUSC.
-------------------------------------------------------------------------
Thu Aug 01 2024 15:42:51 GMT-0300 (Horário Padrão de Brasília)
Renato Ferreira >>>LOGOU
-------------------------------------------------------------------------
Thu Aug 01 2024 15:42:51 GMT-0300 (Horário Padrão de Brasília)
Banco de Dados CEJUSC fechado.
-------------------------------------------------------------------------
Thu Aug 01 2024 15:42:51 GMT-0300 (Horário Padrão de Brasília)
GET
/principal/13326574860.xjpjrerpuiecjuih.presenca
-------------------------------------------------------------------------
Thu Aug 01 2024 15:42:56 GMT-0300 (Horário Padrão de Brasília)
POST
/presenca/processo
Conectado ao Banco de Dados CEJUSC.
-------------------------------------------------------------------------
Thu Aug 01 2024 15:42:56 GMT-0300 (Horário Padrão de Brasília)
-------------------------------------------------------------------------
Thu Aug 01 2024 15:42:56 GMT-0300 (Horário Padrão de Brasília)
Uma linha FOI encontrada. Processo: 1002546-64.2024
Banco de Dados CEJUSC fechado.
-------------------------------------------------------------------------
Thu Aug 01 2024 15:42:56 GMT-0300 (Horário Padrão de Brasília)
-------------------------------------------------------------------------
Thu Aug 01 2024 15:50:41 GMT-0300 (Horário Padrão de Brasília)
GET
/logout/13326574860
Usuário 13326574860 DESLOGOU >>>
GET
-------------------------------------------------------------------------
Thu Aug 01 2024 15:50:41 GMT-0300 (Horário Padrão de Brasília)
/
-------------------------------------------------------------------------
Thu Aug 01 2024 15:51:00 GMT-0300 (Horário Padrão de Brasília)
POST
/valida/api
Usuário: 13326574860
-------------------------------------------------------------------------
Thu Aug 01 2024 15:51:00 GMT-0300 (Horário Padrão de Brasília)
Conectado ao Banco de Dados CEJUSC.
-------------------------------------------------------------------------
Thu Aug 01 2024 15:51:00 GMT-0300 (Horário Padrão de Brasília)
Renato Ferreira >>>LOGOU
-------------------------------------------------------------------------
Thu Aug 01 2024 15:51:00 GMT-0300 (Horário Padrão de Brasília)
Banco de Dados CEJUSC fechado.
-------------------------------------------------------------------------
Thu Aug 01 2024 15:51:00 GMT-0300 (Horário Padrão de Brasília)
/principal/13326574860.jgqdvkhwtfybprdd.presenca
GET
-------------------------------------------------------------------------
Thu Aug 01 2024 15:51:05 GMT-0300 (Horário Padrão de Brasília)
POST
/presenca/processo
-------------------------------------------------------------------------
Thu Aug 01 2024 15:51:05 GMT-0300 (Horário Padrão de Brasília)
Conectado ao Banco de Dados CEJUSC.
-------------------------------------------------------------------------
Thu Aug 01 2024 15:51:05 GMT-0300 (Horário Padrão de Brasília)
Uma linha FOI encontrada. Processo: 1002546-64.2024
-------------------------------------------------------------------------
Thu Aug 01 2024 15:51:05 GMT-0300 (Horário Padrão de Brasília)
Banco de Dados CEJUSC fechado.
-------------------------------------------------------------------------
Thu Aug 01 2024 15:53:03 GMT-0300 (Horário Padrão de Brasília)
GET
/
-------------------------------------------------------------------------
Thu Aug 01 2024 15:53:09 GMT-0300 (Horário Padrão de Brasília)
POST
/valida/api
Usuário: 13326574860
-------------------------------------------------------------------------
Thu Aug 01 2024 15:53:09 GMT-0300 (Horário Padrão de Brasília)
Conectado ao Banco de Dados CEJUSC.
-------------------------------------------------------------------------
Thu Aug 01 2024 15:53:09 GMT-0300 (Horário Padrão de Brasília)
Renato Ferreira >>>LOGOU
-------------------------------------------------------------------------
Thu Aug 01 2024 15:53:09 GMT-0300 (Horário Padrão de Brasília)
Banco de Dados CEJUSC fechado.
-------------------------------------------------------------------------
Thu Aug 01 2024 15:53:09 GMT-0300 (Horário Padrão de Brasília)
GET
/principal/13326574860.mxszwcxxheyitmwo.presenca
-------------------------------------------------------------------------
Thu Aug 01 2024 15:53:14 GMT-0300 (Horário Padrão de Brasília)
POST
/presenca/processo
-------------------------------------------------------------------------
Thu Aug 01 2024 15:53:14 GMT-0300 (Horário Padrão de Brasília)
Conectado ao Banco de Dados CEJUSC.
-------------------------------------------------------------------------
Thu Aug 01 2024 15:53:14 GMT-0300 (Horário Padrão de Brasília)
Uma linha FOI encontrada. Processo: 1002546-64.2024
-------------------------------------------------------------------------
Thu Aug 01 2024 15:53:14 GMT-0300 (Horário Padrão de Brasília)
Banco de Dados CEJUSC fechado.
-------------------------------------------------------------------------
Thu Aug 01 2024 15:59:50 GMT-0300 (Horário Padrão de Brasília)
GET
/logout/13326574860
Usuário 13326574860 DESLOGOU >>>
-------------------------------------------------------------------------
Thu Aug 01 2024 15:59:50 GMT-0300 (Horário Padrão de Brasília)
GET
/
-------------------------------------------------------------------------
Thu Aug 01 2024 16:00:12 GMT-0300 (Horário Padrão de Brasília)
POST
Usuário: 13326574860
/valida/api
-------------------------------------------------------------------------
Thu Aug 01 2024 16:00:12 GMT-0300 (Horário Padrão de Brasília)
Conectado ao Banco de Dados CEJUSC.
-------------------------------------------------------------------------
Thu Aug 01 2024 16:00:12 GMT-0300 (Horário Padrão de Brasília)
Renato Ferreira >>>LOGOU
-------------------------------------------------------------------------
Thu Aug 01 2024 16:00:12 GMT-0300 (Horário Padrão de Brasília)
Banco de Dados CEJUSC fechado.
-------------------------------------------------------------------------
Thu Aug 01 2024 16:00:13 GMT-0300 (Horário Padrão de Brasília)
/principal/13326574860.fyfvydawxcwxuuha.presenca
GET
POST
-------------------------------------------------------------------------
Thu Aug 01 2024 16:00:17 GMT-0300 (Horário Padrão de Brasília)
/presenca/processo
-------------------------------------------------------------------------
Thu Aug 01 2024 16:00:17 GMT-0300 (Horário Padrão de Brasília)
Conectado ao Banco de Dados CEJUSC.
-------------------------------------------------------------------------
Thu Aug 01 2024 16:00:17 GMT-0300 (Horário Padrão de Brasília)
Uma linha FOI encontrada. Processo: 1002546-64.2024
Banco de Dados CEJUSC fechado.
-------------------------------------------------------------------------
Thu Aug 01 2024 16:00:17 GMT-0300 (Horário Padrão de Brasília)
POST
-------------------------------------------------------------------------
Thu Aug 01 2024 16:02:18 GMT-0300 (Horário Padrão de Brasília)
/presenca/processo
-------------------------------------------------------------------------
Thu Aug 01 2024 16:02:18 GMT-0300 (Horário Padrão de Brasília)
Conectado ao Banco de Dados CEJUSC.
-------------------------------------------------------------------------
Thu Aug 01 2024 16:02:18 GMT-0300 (Horário Padrão de Brasília)
Uma linha FOI encontrada. Processo: 1002546-64.2024
-------------------------------------------------------------------------
Thu Aug 01 2024 16:02:18 GMT-0300 (Horário Padrão de Brasília)
Banco de Dados CEJUSC fechado.
-------------------------------------------------------------------------
Thu Aug 01 2024 16:14:33 GMT-0300 (Horário Padrão de Brasília)
/logout/13326574860
GET
Usuário 13326574860 DESLOGOU >>>
-------------------------------------------------------------------------
Thu Aug 01 2024 16:14:33 GMT-0300 (Horário Padrão de Brasília)
/
GET
-------------------------------------------------------------------------
Thu Aug 01 2024 16:14:56 GMT-0300 (Horário Padrão de Brasília)
POST
Usuário: 13326574860
/valida/api
-------------------------------------------------------------------------
Thu Aug 01 2024 16:14:56 GMT-0300 (Horário Padrão de Brasília)
Conectado ao Banco de Dados CEJUSC.
-------------------------------------------------------------------------
Thu Aug 01 2024 16:14:56 GMT-0300 (Horário Padrão de Brasília)
Renato Ferreira >>>LOGOU
-------------------------------------------------------------------------
Thu Aug 01 2024 16:14:56 GMT-0300 (Horário Padrão de Brasília)
Banco de Dados CEJUSC fechado.
GET
-------------------------------------------------------------------------
Thu Aug 01 2024 16:14:56 GMT-0300 (Horário Padrão de Brasília)
/principal/13326574860.qmbkwignnvmkysak.presenca
-------------------------------------------------------------------------
Thu Aug 01 2024 16:15:02 GMT-0300 (Horário Padrão de Brasília)
POST
/presenca/processo
Conectado ao Banco de Dados CEJUSC.
-------------------------------------------------------------------------
Thu Aug 01 2024 16:15:02 GMT-0300 (Horário Padrão de Brasília)
-------------------------------------------------------------------------
Thu Aug 01 2024 16:15:02 GMT-0300 (Horário Padrão de Brasília)
Uma linha FOI encontrada. Processo: 1002546-64.2024
Banco de Dados CEJUSC fechado.
-------------------------------------------------------------------------
Thu Aug 01 2024 16:15:02 GMT-0300 (Horário Padrão de Brasília)
-------------------------------------------------------------------------
Thu Aug 01 2024 16:17:17 GMT-0300 (Horário Padrão de Brasília)
GET
/logout/13326574860
Usuário 13326574860 DESLOGOU >>>
-------------------------------------------------------------------------
Thu Aug 01 2024 16:17:17 GMT-0300 (Horário Padrão de Brasília)
/
GET
-------------------------------------------------------------------------
Thu Aug 01 2024 16:17:43 GMT-0300 (Horário Padrão de Brasília)
POST
/valida/api
Usuário: 13326574860
Conectado ao Banco de Dados CEJUSC.
-------------------------------------------------------------------------
Thu Aug 01 2024 16:17:43 GMT-0300 (Horário Padrão de Brasília)
-------------------------------------------------------------------------
Thu Aug 01 2024 16:17:43 GMT-0300 (Horário Padrão de Brasília)
Renato Ferreira >>>LOGOU
-------------------------------------------------------------------------
Thu Aug 01 2024 16:17:43 GMT-0300 (Horário Padrão de Brasília)
Banco de Dados CEJUSC fechado.
-------------------------------------------------------------------------
Thu Aug 01 2024 16:17:43 GMT-0300 (Horário Padrão de Brasília)
GET
/principal/13326574860.yxlmoeslhonsunsg.presenca
POST
-------------------------------------------------------------------------
Thu Aug 01 2024 16:17:47 GMT-0300 (Horário Padrão de Brasília)
/presenca/processo
-------------------------------------------------------------------------
Thu Aug 01 2024 16:17:47 GMT-0300 (Horário Padrão de Brasília)
Conectado ao Banco de Dados CEJUSC.
-------------------------------------------------------------------------
Thu Aug 01 2024 16:17:47 GMT-0300 (Horário Padrão de Brasília)
Uma linha FOI encontrada. Processo: 1002546-64.2024
Banco de Dados CEJUSC fechado.
-------------------------------------------------------------------------
Thu Aug 01 2024 16:17:47 GMT-0300 (Horário Padrão de Brasília)
-------------------------------------------------------------------------
Thu Aug 01 2024 16:23:45 GMT-0300 (Horário Padrão de Brasília)
/logout/13326574860
Usuário 13326574860 DESLOGOU >>>
GET
/
GET
-------------------------------------------------------------------------
Thu Aug 01 2024 16:23:45 GMT-0300 (Horário Padrão de Brasília)
-------------------------------------------------------------------------
Thu Aug 01 2024 16:24:12 GMT-0300 (Horário Padrão de Brasília)
POST
/valida/api
Usuário: 13326574860
-------------------------------------------------------------------------
Thu Aug 01 2024 16:24:12 GMT-0300 (Horário Padrão de Brasília)
Conectado ao Banco de Dados CEJUSC.
-------------------------------------------------------------------------
Thu Aug 01 2024 16:24:12 GMT-0300 (Horário Padrão de Brasília)
Renato Ferreira >>>LOGOU
-------------------------------------------------------------------------
Thu Aug 01 2024 16:24:12 GMT-0300 (Horário Padrão de Brasília)
Banco de Dados CEJUSC fechado.
-------------------------------------------------------------------------
Thu Aug 01 2024 16:24:12 GMT-0300 (Horário Padrão de Brasília)
/principal/13326574860.kqvqkgnnkgxruepp.presenca
GET
-------------------------------------------------------------------------
Thu Aug 01 2024 16:24:17 GMT-0300 (Horário Padrão de Brasília)
POST
/presenca/processo
-------------------------------------------------------------------------
Thu Aug 01 2024 16:24:17 GMT-0300 (Horário Padrão de Brasília)
Conectado ao Banco de Dados CEJUSC.
-------------------------------------------------------------------------
Thu Aug 01 2024 16:24:17 GMT-0300 (Horário Padrão de Brasília)
Uma linha FOI encontrada. Processo: 1002546-64.2024
-------------------------------------------------------------------------
Thu Aug 01 2024 16:24:17 GMT-0300 (Horário Padrão de Brasília)
Banco de Dados CEJUSC fechado.
POST
-------------------------------------------------------------------------
Thu Aug 01 2024 16:29:41 GMT-0300 (Horário Padrão de Brasília)
/presenca/nome
-------------------------------------------------------------------------
Thu Aug 01 2024 16:29:41 GMT-0300 (Horário Padrão de Brasília)
Conectado ao Banco de Dados CEJUSC.
Uma linha FOI encontrada. Nome: %marcos% Processo: 1003000-44.2024
-------------------------------------------------------------------------
Thu Aug 01 2024 16:29:41 GMT-0300 (Horário Padrão de Brasília)
-------------------------------------------------------------------------
Thu Aug 01 2024 16:29:41 GMT-0300 (Horário Padrão de Brasília)
Banco de Dados CEJUSC fechado.
POST
/presenca/processo
-------------------------------------------------------------------------
Thu Aug 01 2024 16:29:41 GMT-0300 (Horário Padrão de Brasília)
-------------------------------------------------------------------------
Thu Aug 01 2024 16:29:41 GMT-0300 (Horário Padrão de Brasília)
Conectado ao Banco de Dados CEJUSC.
-------------------------------------------------------------------------
Thu Aug 01 2024 16:29:41 GMT-0300 (Horário Padrão de Brasília)
Uma linha FOI encontrada. Processo: 1003000-44.2024
-------------------------------------------------------------------------
Thu Aug 01 2024 16:29:41 GMT-0300 (Horário Padrão de Brasília)
Banco de Dados CEJUSC fechado.
-------------------------------------------------------------------------
Thu Aug 01 2024 16:30:12 GMT-0300 (Horário Padrão de Brasília)
/logout/13326574860
Usuário 13326574860 DESLOGOU >>>
GET
-------------------------------------------------------------------------
Thu Aug 01 2024 16:30:13 GMT-0300 (Horário Padrão de Brasília)
GET
/
