-------------------------------------------------------------------------
Fri Feb 10 2023 16:12:31 GMT-0300 (Horário Padrão de Brasília)
GET
/
-------------------------------------------------------------------------
Fri Feb 10 2023 16:13:10 GMT-0300 (Horário Padrão de Brasília)
POST
/valida/api
Usuário: 13326574860
-------------------------------------------------------------------------
Fri Feb 10 2023 16:13:10 GMT-0300 (Horário Padrão de Brasília)
Conectado ao Banco de Dados CEJUSC.
-------------------------------------------------------------------------
Fri Feb 10 2023 16:13:10 GMT-0300 (Horário Padrão de Brasília)
Banco de Dados CEJUSC fechado.
-------------------------------------------------------------------------
Fri Feb 10 2023 16:13:10 GMT-0300 (Horário Padrão de Brasília)
/
GET
-------------------------------------------------------------------------
Fri Feb 10 2023 16:13:45 GMT-0300 (Horário Padrão de Brasília)
POST
/valida/api
Usuário: 13326574860
-------------------------------------------------------------------------
Fri Feb 10 2023 16:13:45 GMT-0300 (Horário Padrão de Brasília)
Conectado ao Banco de Dados CEJUSC.
-------------------------------------------------------------------------
Fri Feb 10 2023 16:13:45 GMT-0300 (Horário Padrão de Brasília)
Renato Ferreira >>>LOGOU
-------------------------------------------------------------------------
Fri Feb 10 2023 16:13:45 GMT-0300 (Horário Padrão de Brasília)
Banco de Dados CEJUSC fechado.
-------------------------------------------------------------------------
Fri Feb 10 2023 16:13:45 GMT-0300 (Horário Padrão de Brasília)
/principal/13326574860.cpjzractmceuoxxl.home
GET
-------------------------------------------------------------------------
Fri Feb 10 2023 16:14:08 GMT-0300 (Horário Padrão de Brasília)
/principal/13326574860.cpjzractmceuoxxl.reclamacao
GET
-------------------------------------------------------------------------
Fri Feb 10 2023 16:15:30 GMT-0300 (Horário Padrão de Brasília)
GET
/principal/13326574860.cpjzractmceuoxxl.andamento
/principal/13326574860.cpjzractmceuoxxl.pauta
GET
-------------------------------------------------------------------------
Fri Feb 10 2023 16:15:35 GMT-0300 (Horário Padrão de Brasília)
-------------------------------------------------------------------------
Fri Feb 10 2023 16:15:36 GMT-0300 (Horário Padrão de Brasília)
GET
/principal/13326574860.cpjzractmceuoxxl.andamento
-------------------------------------------------------------------------
Fri Feb 10 2023 16:15:38 GMT-0300 (Horário Padrão de Brasília)
GET
/principal/13326574860.cpjzractmceuoxxl.reclamacao
-------------------------------------------------------------------------
Fri Feb 10 2023 16:15:39 GMT-0300 (Horário Padrão de Brasília)
GET
/principal/13326574860.cpjzractmceuoxxl.home
GET
-------------------------------------------------------------------------
Fri Feb 10 2023 16:15:40 GMT-0300 (Horário Padrão de Brasília)
/principal/13326574860.cpjzractmceuoxxl.reclamacao
-------------------------------------------------------------------------
Fri Feb 10 2023 16:16:10 GMT-0300 (Horário Padrão de Brasília)
GET
/
-------------------------------------------------------------------------
Fri Feb 10 2023 16:16:23 GMT-0300 (Horário Padrão de Brasília)
POST
/valida/api
Usuário: 13326574860
Conectado ao Banco de Dados CEJUSC.
-------------------------------------------------------------------------
Fri Feb 10 2023 16:16:23 GMT-0300 (Horário Padrão de Brasília)
-------------------------------------------------------------------------
Fri Feb 10 2023 16:16:23 GMT-0300 (Horário Padrão de Brasília)
Renato Ferreira >>>LOGOU
Banco de Dados CEJUSC fechado.
-------------------------------------------------------------------------
Fri Feb 10 2023 16:16:23 GMT-0300 (Horário Padrão de Brasília)
-------------------------------------------------------------------------
Fri Feb 10 2023 16:16:24 GMT-0300 (Horário Padrão de Brasília)
/principal/13326574860.hgziehmoxmjkaytl.home
GET
GET
-------------------------------------------------------------------------
Fri Feb 10 2023 16:16:28 GMT-0300 (Horário Padrão de Brasília)
/principal/13326574860.hgziehmoxmjkaytl.reclamacao
GET
-------------------------------------------------------------------------
Fri Feb 10 2023 16:16:49 GMT-0300 (Horário Padrão de Brasília)
/principal/13326574860.hgziehmoxmjkaytl.pauta
-------------------------------------------------------------------------
Fri Feb 10 2023 16:16:53 GMT-0300 (Horário Padrão de Brasília)
GET
/principal/13326574860.hgziehmoxmjkaytl.andamento
-------------------------------------------------------------------------
Fri Feb 10 2023 16:16:55 GMT-0300 (Horário Padrão de Brasília)
/principal/13326574860.hgziehmoxmjkaytl.reclamacao
GET
-------------------------------------------------------------------------
Fri Feb 10 2023 16:17:00 GMT-0300 (Horário Padrão de Brasília)
/principal/13326574860.hgziehmoxmjkaytl.home
GET
GET
-------------------------------------------------------------------------
Fri Feb 10 2023 16:17:02 GMT-0300 (Horário Padrão de Brasília)
/principal/13326574860.hgziehmoxmjkaytl.reclamacao
