-------------------------------------------------------------------------
Mon Jun 10 2024 11:35:12 GMT-0300 (Horário Padrão de Brasília)
GET
/
POST
-------------------------------------------------------------------------
Mon Jun 10 2024 11:35:26 GMT-0300 (Horário Padrão de Brasília)
Usuário: 13326574860
/valida/api
-------------------------------------------------------------------------
Mon Jun 10 2024 11:35:26 GMT-0300 (Horário Padrão de Brasília)
Conectado ao Banco de Dados CEJUSC.
-------------------------------------------------------------------------
Mon Jun 10 2024 11:35:26 GMT-0300 (Horário Padrão de Brasília)
Renato Ferreira >>>LOGOU
-------------------------------------------------------------------------
Mon Jun 10 2024 11:35:26 GMT-0300 (Horário Padrão de Brasília)
Banco de Dados CEJUSC fechado.
-------------------------------------------------------------------------
Mon Jun 10 2024 11:35:26 GMT-0300 (Horário Padrão de Brasília)
/principal/13326574860.dkkrqtjjhjzpdvhu.presenca
GET
-------------------------------------------------------------------------
Mon Jun 10 2024 11:39:34 GMT-0300 (Horário Padrão de Brasília)
GET
/principal/13326574860.dkkrqtjjhjzpdvhu.pauta
-------------------------------------------------------------------------
Mon Jun 10 2024 11:39:38 GMT-0300 (Horário Padrão de Brasília)
-------------------------------------------------------------------------
Mon Jun 10 2024 11:39:37 GMT-0300 (Horário Padrão de Brasília)
GET
/principal/13326574860.dkkrqtjjhjzpdvhu.completas
/principal/13326574860.dkkrqtjjhjzpdvhu.conciliador
GET
-------------------------------------------------------------------------
Mon Jun 10 2024 11:39:39 GMT-0300 (Horário Padrão de Brasília)
/principal/13326574860.dkkrqtjjhjzpdvhu.presenca
GET
-------------------------------------------------------------------------
Mon Jun 10 2024 13:31:36 GMT-0300 (Horário Padrão de Brasília)
GET
/principal/13326574860.dkkrqtjjhjzpdvhu.conciliador
-------------------------------------------------------------------------
Mon Jun 10 2024 13:31:37 GMT-0300 (Horário Padrão de Brasília)
GET
/principal/13326574860.dkkrqtjjhjzpdvhu.presenca
-------------------------------------------------------------------------
Mon Jun 10 2024 15:37:29 GMT-0300 (Horário Padrão de Brasília)
/principal/13326574860.dkkrqtjjhjzpdvhu.conciliador
GET
-------------------------------------------------------------------------
Mon Jun 10 2024 15:37:30 GMT-0300 (Horário Padrão de Brasília)
GET
/principal/13326574860.dkkrqtjjhjzpdvhu.presenca
-------------------------------------------------------------------------
Mon Jun 10 2024 15:37:52 GMT-0300 (Horário Padrão de Brasília)
GET
/logout/undefined
Usuário undefined DESLOGOU >>>
-------------------------------------------------------------------------
Mon Jun 10 2024 15:37:52 GMT-0300 (Horário Padrão de Brasília)
/
GET
-------------------------------------------------------------------------
Mon Jun 10 2024 15:38:05 GMT-0300 (Horário Padrão de Brasília)
/valida/api
POST
Usuário: 13326574860
-------------------------------------------------------------------------
Mon Jun 10 2024 15:38:05 GMT-0300 (Horário Padrão de Brasília)
Conectado ao Banco de Dados CEJUSC.
-------------------------------------------------------------------------
Mon Jun 10 2024 15:38:05 GMT-0300 (Horário Padrão de Brasília)
Renato Ferreira >>>LOGOU
-------------------------------------------------------------------------
Mon Jun 10 2024 15:38:05 GMT-0300 (Horário Padrão de Brasília)
Banco de Dados CEJUSC fechado.
-------------------------------------------------------------------------
Mon Jun 10 2024 15:38:05 GMT-0300 (Horário Padrão de Brasília)
/principal/13326574860.edqehsgtydfvpjuq.presenca
GET
-------------------------------------------------------------------------
Mon Jun 10 2024 15:38:10 GMT-0300 (Horário Padrão de Brasília)
GET
/principal/13326574860.edqehsgtydfvpjuq.conciliador
-------------------------------------------------------------------------
Mon Jun 10 2024 15:38:13 GMT-0300 (Horário Padrão de Brasília)
GET
/principal/13326574860.edqehsgtydfvpjuq.presenca
-------------------------------------------------------------------------
Mon Jun 10 2024 15:42:35 GMT-0300 (Horário Padrão de Brasília)
/principal/13326574860.edqehsgtydfvpjuq.conciliador
GET
-------------------------------------------------------------------------
Mon Jun 10 2024 15:42:36 GMT-0300 (Horário Padrão de Brasília)
GET
/principal/13326574860.edqehsgtydfvpjuq.presenca
-------------------------------------------------------------------------
Mon Jun 10 2024 16:04:56 GMT-0300 (Horário Padrão de Brasília)
GET
/principal/13326574860.edqehsgtydfvpjuq.conciliador
-------------------------------------------------------------------------
Mon Jun 10 2024 16:04:57 GMT-0300 (Horário Padrão de Brasília)
/principal/13326574860.edqehsgtydfvpjuq.completas
GET
-------------------------------------------------------------------------
Mon Jun 10 2024 16:04:59 GMT-0300 (Horário Padrão de Brasília)
GET
/principal/13326574860.edqehsgtydfvpjuq.presenca
-------------------------------------------------------------------------
Mon Jun 10 2024 16:06:02 GMT-0300 (Horário Padrão de Brasília)
GET
/principal/13326574860.edqehsgtydfvpjuq.conciliador
-------------------------------------------------------------------------
Mon Jun 10 2024 16:06:03 GMT-0300 (Horário Padrão de Brasília)
GET
/principal/13326574860.edqehsgtydfvpjuq.presenca
