-------------------------------------------------------------------------
Wed Jul 10 2024 10:23:01 GMT-0300 (Horário Padrão de Brasília)
GET
/
-------------------------------------------------------------------------
Wed Jul 10 2024 10:23:15 GMT-0300 (Horário Padrão de Brasília)
POST
/valida/api
Usuário: 13326574860
-------------------------------------------------------------------------
Wed Jul 10 2024 10:23:15 GMT-0300 (Horário Padrão de Brasília)
Conectado ao Banco de Dados CEJUSC.
-------------------------------------------------------------------------
Wed Jul 10 2024 10:23:15 GMT-0300 (Horário Padrão de Brasília)
Renato Ferreira >>>LOGOU
-------------------------------------------------------------------------
Wed Jul 10 2024 10:23:15 GMT-0300 (Horário Padrão de Brasília)
Banco de Dados CEJUSC fechado.
-------------------------------------------------------------------------
Wed Jul 10 2024 10:23:15 GMT-0300 (Horário Padrão de Brasília)
/principal/13326574860.sdoeczaudlpqeybf.presenca
GET
-------------------------------------------------------------------------
Wed Jul 10 2024 10:23:56 GMT-0300 (Horário Padrão de Brasília)
POST
/presenca/processo
-------------------------------------------------------------------------
Wed Jul 10 2024 10:23:56 GMT-0300 (Horário Padrão de Brasília)
Conectado ao Banco de Dados CEJUSC.
-------------------------------------------------------------------------
Wed Jul 10 2024 10:23:56 GMT-0300 (Horário Padrão de Brasília)
A row has been inserted with rowid undefined
-------------------------------------------------------------------------
Wed Jul 10 2024 10:23:56 GMT-0300 (Horário Padrão de Brasília)
Banco de Dados CEJUSC fechado.
GET
-------------------------------------------------------------------------
Wed Jul 10 2024 10:26:53 GMT-0300 (Horário Padrão de Brasília)
/logout/10025782024
Usuário 10025782024 DESLOGOU >>>
GET
-------------------------------------------------------------------------
Wed Jul 10 2024 10:26:53 GMT-0300 (Horário Padrão de Brasília)
/
POST
-------------------------------------------------------------------------
Wed Jul 10 2024 10:27:10 GMT-0300 (Horário Padrão de Brasília)
Usuário: 13326574860
/valida/api
-------------------------------------------------------------------------
Wed Jul 10 2024 10:27:10 GMT-0300 (Horário Padrão de Brasília)
Conectado ao Banco de Dados CEJUSC.
Renato Ferreira >>>LOGOU
-------------------------------------------------------------------------
Wed Jul 10 2024 10:27:10 GMT-0300 (Horário Padrão de Brasília)
Banco de Dados CEJUSC fechado.
-------------------------------------------------------------------------
Wed Jul 10 2024 10:27:10 GMT-0300 (Horário Padrão de Brasília)
-------------------------------------------------------------------------
Wed Jul 10 2024 10:27:10 GMT-0300 (Horário Padrão de Brasília)
GET
/principal/13326574860.plhrigvctyjqxtlf.presenca
-------------------------------------------------------------------------
Wed Jul 10 2024 11:47:25 GMT-0300 (Horário Padrão de Brasília)
/
GET
-------------------------------------------------------------------------
Wed Jul 10 2024 12:12:53 GMT-0300 (Horário Padrão de Brasília)
POST
/valida/api
Usuário: 13326574860
-------------------------------------------------------------------------
Wed Jul 10 2024 12:12:53 GMT-0300 (Horário Padrão de Brasília)
Conectado ao Banco de Dados CEJUSC.
-------------------------------------------------------------------------
Wed Jul 10 2024 12:12:53 GMT-0300 (Horário Padrão de Brasília)
Renato Ferreira >>>LOGOU
Banco de Dados CEJUSC fechado.
-------------------------------------------------------------------------
Wed Jul 10 2024 12:12:53 GMT-0300 (Horário Padrão de Brasília)
-------------------------------------------------------------------------
Wed Jul 10 2024 12:12:54 GMT-0300 (Horário Padrão de Brasília)
GET
/principal/13326574860.xlxgfwalbzomquoq.presenca
-------------------------------------------------------------------------
Wed Jul 10 2024 12:14:48 GMT-0300 (Horário Padrão de Brasília)
POST
/presenca/processo
-------------------------------------------------------------------------
Wed Jul 10 2024 12:14:48 GMT-0300 (Horário Padrão de Brasília)
Conectado ao Banco de Dados CEJUSC.
-------------------------------------------------------------------------
Wed Jul 10 2024 12:14:48 GMT-0300 (Horário Padrão de Brasília)
Uma linha não foi encontrada.
-------------------------------------------------------------------------
Wed Jul 10 2024 12:14:48 GMT-0300 (Horário Padrão de Brasília)
Banco de Dados CEJUSC fechado.
-------------------------------------------------------------------------
Wed Jul 10 2024 12:22:08 GMT-0300 (Horário Padrão de Brasília)
/presenca/processo
POST
-------------------------------------------------------------------------
Wed Jul 10 2024 12:22:08 GMT-0300 (Horário Padrão de Brasília)
Conectado ao Banco de Dados CEJUSC.
Uma linha não foi encontrada.
-------------------------------------------------------------------------
Wed Jul 10 2024 12:22:08 GMT-0300 (Horário Padrão de Brasília)
-------------------------------------------------------------------------
Wed Jul 10 2024 12:22:08 GMT-0300 (Horário Padrão de Brasília)
Banco de Dados CEJUSC fechado.
-------------------------------------------------------------------------
Wed Jul 10 2024 12:22:35 GMT-0300 (Horário Padrão de Brasília)
POST
/presenca/processo
-------------------------------------------------------------------------
Wed Jul 10 2024 12:22:35 GMT-0300 (Horário Padrão de Brasília)
Conectado ao Banco de Dados CEJUSC.
-------------------------------------------------------------------------
Wed Jul 10 2024 12:22:35 GMT-0300 (Horário Padrão de Brasília)
Uma linha foi encontrada.
Banco de Dados CEJUSC fechado.
-------------------------------------------------------------------------
Wed Jul 10 2024 12:22:35 GMT-0300 (Horário Padrão de Brasília)
GET
/logout/13326574860
-------------------------------------------------------------------------
Wed Jul 10 2024 12:31:39 GMT-0300 (Horário Padrão de Brasília)
Usuário 13326574860 DESLOGOU >>>
-------------------------------------------------------------------------
Wed Jul 10 2024 12:31:40 GMT-0300 (Horário Padrão de Brasília)
GET
/
-------------------------------------------------------------------------
Wed Jul 10 2024 12:31:47 GMT-0300 (Horário Padrão de Brasília)
/valida/api
POST
Usuário: 13326574860
Conectado ao Banco de Dados CEJUSC.
-------------------------------------------------------------------------
Wed Jul 10 2024 12:31:47 GMT-0300 (Horário Padrão de Brasília)
-------------------------------------------------------------------------
Wed Jul 10 2024 12:31:47 GMT-0300 (Horário Padrão de Brasília)
Renato Ferreira >>>LOGOU
-------------------------------------------------------------------------
Wed Jul 10 2024 12:31:47 GMT-0300 (Horário Padrão de Brasília)
Banco de Dados CEJUSC fechado.
-------------------------------------------------------------------------
Wed Jul 10 2024 12:31:48 GMT-0300 (Horário Padrão de Brasília)
GET
/principal/13326574860.xicraqbuvwhamprf.presenca
-------------------------------------------------------------------------
Wed Jul 10 2024 12:32:03 GMT-0300 (Horário Padrão de Brasília)
/presenca/processo
POST
-------------------------------------------------------------------------
Wed Jul 10 2024 12:32:03 GMT-0300 (Horário Padrão de Brasília)
Conectado ao Banco de Dados CEJUSC.
-------------------------------------------------------------------------
Wed Jul 10 2024 12:32:03 GMT-0300 (Horário Padrão de Brasília)
Uma linha foi encontrada.
-------------------------------------------------------------------------
Wed Jul 10 2024 12:32:03 GMT-0300 (Horário Padrão de Brasília)
Banco de Dados CEJUSC fechado.
-------------------------------------------------------------------------
Wed Jul 10 2024 12:32:17 GMT-0300 (Horário Padrão de Brasília)
/presenca/processo
POST
-------------------------------------------------------------------------
Wed Jul 10 2024 12:32:17 GMT-0300 (Horário Padrão de Brasília)
Conectado ao Banco de Dados CEJUSC.
-------------------------------------------------------------------------
Wed Jul 10 2024 12:32:17 GMT-0300 (Horário Padrão de Brasília)
Uma linha não foi encontrada.
Banco de Dados CEJUSC fechado.
-------------------------------------------------------------------------
Wed Jul 10 2024 12:32:17 GMT-0300 (Horário Padrão de Brasília)
GET
-------------------------------------------------------------------------
Wed Jul 10 2024 12:32:31 GMT-0300 (Horário Padrão de Brasília)
/principal/13326574860.xicraqbuvwhamprf.conciliador
GET
-------------------------------------------------------------------------
Wed Jul 10 2024 12:32:32 GMT-0300 (Horário Padrão de Brasília)
/principal/13326574860.xicraqbuvwhamprf.presenca
-------------------------------------------------------------------------
Wed Jul 10 2024 12:33:25 GMT-0300 (Horário Padrão de Brasília)
GET
/logout/13326574860
Usuário 13326574860 DESLOGOU >>>
-------------------------------------------------------------------------
Wed Jul 10 2024 12:33:25 GMT-0300 (Horário Padrão de Brasília)
GET
/
-------------------------------------------------------------------------
Wed Jul 10 2024 12:33:35 GMT-0300 (Horário Padrão de Brasília)
POST
/valida/api
Usuário: 13326574860
Conectado ao Banco de Dados CEJUSC.
-------------------------------------------------------------------------
Wed Jul 10 2024 12:33:35 GMT-0300 (Horário Padrão de Brasília)
Renato Ferreira >>>LOGOU
-------------------------------------------------------------------------
Wed Jul 10 2024 12:33:35 GMT-0300 (Horário Padrão de Brasília)
-------------------------------------------------------------------------
Wed Jul 10 2024 12:33:35 GMT-0300 (Horário Padrão de Brasília)
Banco de Dados CEJUSC fechado.
GET
/principal/13326574860.eobuuypmczxaxcab.presenca
-------------------------------------------------------------------------
Wed Jul 10 2024 12:33:35 GMT-0300 (Horário Padrão de Brasília)
-------------------------------------------------------------------------
Wed Jul 10 2024 12:33:42 GMT-0300 (Horário Padrão de Brasília)
POST
/presenca/processo
Conectado ao Banco de Dados CEJUSC.
-------------------------------------------------------------------------
Wed Jul 10 2024 12:33:42 GMT-0300 (Horário Padrão de Brasília)
-------------------------------------------------------------------------
Wed Jul 10 2024 12:33:42 GMT-0300 (Horário Padrão de Brasília)
Uma linha não foi encontrada.
-------------------------------------------------------------------------
Wed Jul 10 2024 12:33:42 GMT-0300 (Horário Padrão de Brasília)
Banco de Dados CEJUSC fechado.
-------------------------------------------------------------------------
Wed Jul 10 2024 12:34:27 GMT-0300 (Horário Padrão de Brasília)
GET
/principal/13326574860.eobuuypmczxaxcab.conciliador
-------------------------------------------------------------------------
Wed Jul 10 2024 12:34:30 GMT-0300 (Horário Padrão de Brasília)
Usuário 13326574860 DESLOGOU >>>
GET
/logout/13326574860
GET
-------------------------------------------------------------------------
Wed Jul 10 2024 12:34:30 GMT-0300 (Horário Padrão de Brasília)
/
POST
/valida/api
-------------------------------------------------------------------------
Wed Jul 10 2024 12:34:35 GMT-0300 (Horário Padrão de Brasília)
Usuário: 13326574860
Conectado ao Banco de Dados CEJUSC.
-------------------------------------------------------------------------
Wed Jul 10 2024 12:34:35 GMT-0300 (Horário Padrão de Brasília)
-------------------------------------------------------------------------
Wed Jul 10 2024 12:34:35 GMT-0300 (Horário Padrão de Brasília)
-------------------------------------------------------------------------
Wed Jul 10 2024 12:34:35 GMT-0300 (Horário Padrão de Brasília)
Renato Ferreira >>>LOGOU
Banco de Dados CEJUSC fechado.
-------------------------------------------------------------------------
Wed Jul 10 2024 12:34:35 GMT-0300 (Horário Padrão de Brasília)
/principal/13326574860.bpkkxdivqxbaouur.presenca
GET
POST
/presenca/processo
-------------------------------------------------------------------------
Wed Jul 10 2024 12:34:45 GMT-0300 (Horário Padrão de Brasília)
-------------------------------------------------------------------------
Wed Jul 10 2024 12:34:45 GMT-0300 (Horário Padrão de Brasília)
Conectado ao Banco de Dados CEJUSC.
Uma linha foi encontrada.
-------------------------------------------------------------------------
Wed Jul 10 2024 12:34:45 GMT-0300 (Horário Padrão de Brasília)
-------------------------------------------------------------------------
Wed Jul 10 2024 12:34:45 GMT-0300 (Horário Padrão de Brasília)
Banco de Dados CEJUSC fechado.
-------------------------------------------------------------------------
Wed Jul 10 2024 12:43:50 GMT-0300 (Horário Padrão de Brasília)
GET
/logout/13326574860
Usuário 13326574860 DESLOGOU >>>
-------------------------------------------------------------------------
Wed Jul 10 2024 12:43:50 GMT-0300 (Horário Padrão de Brasília)
GET
/
/valida/api
Usuário: 13326574860
-------------------------------------------------------------------------
Wed Jul 10 2024 12:43:58 GMT-0300 (Horário Padrão de Brasília)
POST
-------------------------------------------------------------------------
Wed Jul 10 2024 12:43:58 GMT-0300 (Horário Padrão de Brasília)
Conectado ao Banco de Dados CEJUSC.
-------------------------------------------------------------------------
Wed Jul 10 2024 12:43:58 GMT-0300 (Horário Padrão de Brasília)
Renato Ferreira >>>LOGOU
-------------------------------------------------------------------------
Wed Jul 10 2024 12:43:58 GMT-0300 (Horário Padrão de Brasília)
Banco de Dados CEJUSC fechado.
-------------------------------------------------------------------------
Wed Jul 10 2024 12:43:58 GMT-0300 (Horário Padrão de Brasília)
/principal/13326574860.beimpawjclbtqfcm.presenca
GET
-------------------------------------------------------------------------
Wed Jul 10 2024 12:44:09 GMT-0300 (Horário Padrão de Brasília)
/presenca/processo
POST
Conectado ao Banco de Dados CEJUSC.
-------------------------------------------------------------------------
Wed Jul 10 2024 12:44:09 GMT-0300 (Horário Padrão de Brasília)
-------------------------------------------------------------------------
Wed Jul 10 2024 12:44:09 GMT-0300 (Horário Padrão de Brasília)
Uma linha não foi encontrada.
-------------------------------------------------------------------------
Wed Jul 10 2024 12:44:09 GMT-0300 (Horário Padrão de Brasília)
Banco de Dados CEJUSC fechado.
-------------------------------------------------------------------------
Wed Jul 10 2024 13:20:27 GMT-0300 (Horário Padrão de Brasília)
GET
/logout/13326574860
Usuário 13326574860 DESLOGOU >>>
-------------------------------------------------------------------------
Wed Jul 10 2024 13:20:27 GMT-0300 (Horário Padrão de Brasília)
/
GET
-------------------------------------------------------------------------
Wed Jul 10 2024 13:20:35 GMT-0300 (Horário Padrão de Brasília)
POST
/valida/api
Usuário: 13326574860
-------------------------------------------------------------------------
Wed Jul 10 2024 13:20:35 GMT-0300 (Horário Padrão de Brasília)
Renato Ferreira >>>LOGOU
-------------------------------------------------------------------------
Wed Jul 10 2024 13:20:35 GMT-0300 (Horário Padrão de Brasília)
-------------------------------------------------------------------------
Wed Jul 10 2024 13:20:35 GMT-0300 (Horário Padrão de Brasília)
Banco de Dados CEJUSC fechado.
Conectado ao Banco de Dados CEJUSC.
-------------------------------------------------------------------------
Wed Jul 10 2024 13:20:35 GMT-0300 (Horário Padrão de Brasília)
GET
/principal/13326574860.haqtjrisfozrxokd.presenca
-------------------------------------------------------------------------
Wed Jul 10 2024 13:20:46 GMT-0300 (Horário Padrão de Brasília)
/presenca/processo
POST
-------------------------------------------------------------------------
Wed Jul 10 2024 13:20:46 GMT-0300 (Horário Padrão de Brasília)
Conectado ao Banco de Dados CEJUSC.
-------------------------------------------------------------------------
Wed Jul 10 2024 13:20:46 GMT-0300 (Horário Padrão de Brasília)
Uma linha foi encontrada.
-------------------------------------------------------------------------
Wed Jul 10 2024 13:20:46 GMT-0300 (Horário Padrão de Brasília)
Banco de Dados CEJUSC fechado.
-------------------------------------------------------------------------
Wed Jul 10 2024 13:24:42 GMT-0300 (Horário Padrão de Brasília)
GET
/logout/13326574860
Usuário 13326574860 DESLOGOU >>>
-------------------------------------------------------------------------
Wed Jul 10 2024 13:24:42 GMT-0300 (Horário Padrão de Brasília)
/
GET
POST
Usuário: 13326574860
-------------------------------------------------------------------------
Wed Jul 10 2024 13:24:50 GMT-0300 (Horário Padrão de Brasília)
/valida/api
Conectado ao Banco de Dados CEJUSC.
-------------------------------------------------------------------------
Wed Jul 10 2024 13:24:50 GMT-0300 (Horário Padrão de Brasília)
-------------------------------------------------------------------------
Wed Jul 10 2024 13:24:50 GMT-0300 (Horário Padrão de Brasília)
Renato Ferreira >>>LOGOU
-------------------------------------------------------------------------
Wed Jul 10 2024 13:24:50 GMT-0300 (Horário Padrão de Brasília)
Banco de Dados CEJUSC fechado.
-------------------------------------------------------------------------
Wed Jul 10 2024 13:24:51 GMT-0300 (Horário Padrão de Brasília)
/principal/13326574860.etgkjqumujqphreu.presenca
GET
-------------------------------------------------------------------------
Wed Jul 10 2024 13:24:58 GMT-0300 (Horário Padrão de Brasília)
/presenca/processo
POST
-------------------------------------------------------------------------
Wed Jul 10 2024 13:24:58 GMT-0300 (Horário Padrão de Brasília)
Conectado ao Banco de Dados CEJUSC.
-------------------------------------------------------------------------
Wed Jul 10 2024 13:24:58 GMT-0300 (Horário Padrão de Brasília)
Uma linha foi encontrada.
-------------------------------------------------------------------------
Wed Jul 10 2024 13:24:58 GMT-0300 (Horário Padrão de Brasília)
Banco de Dados CEJUSC fechado.
-------------------------------------------------------------------------
Wed Jul 10 2024 13:26:21 GMT-0300 (Horário Padrão de Brasília)
GET
/principal/13326574860.etgkjqumujqphreu.completas
-------------------------------------------------------------------------
Wed Jul 10 2024 13:26:21 GMT-0300 (Horário Padrão de Brasília)
GET
/principal/13326574860.etgkjqumujqphreu.presenca
/presenca/processo
-------------------------------------------------------------------------
Wed Jul 10 2024 13:26:27 GMT-0300 (Horário Padrão de Brasília)
POST
Conectado ao Banco de Dados CEJUSC.
-------------------------------------------------------------------------
Wed Jul 10 2024 13:26:27 GMT-0300 (Horário Padrão de Brasília)
-------------------------------------------------------------------------
Wed Jul 10 2024 13:26:27 GMT-0300 (Horário Padrão de Brasília)
Uma linha foi encontrada.
-------------------------------------------------------------------------
Wed Jul 10 2024 13:26:27 GMT-0300 (Horário Padrão de Brasília)
Banco de Dados CEJUSC fechado.
GET
-------------------------------------------------------------------------
Wed Jul 10 2024 14:11:03 GMT-0300 (Horário Padrão de Brasília)
/logout/13326574860
Usuário 13326574860 DESLOGOU >>>
-------------------------------------------------------------------------
Wed Jul 10 2024 14:11:03 GMT-0300 (Horário Padrão de Brasília)
GET
/
/valida/api
POST
Usuário: 13326574860
-------------------------------------------------------------------------
Wed Jul 10 2024 14:11:11 GMT-0300 (Horário Padrão de Brasília)
-------------------------------------------------------------------------
Wed Jul 10 2024 14:11:11 GMT-0300 (Horário Padrão de Brasília)
Conectado ao Banco de Dados CEJUSC.
-------------------------------------------------------------------------
Wed Jul 10 2024 14:11:11 GMT-0300 (Horário Padrão de Brasília)
Renato Ferreira >>>LOGOU
-------------------------------------------------------------------------
Wed Jul 10 2024 14:11:11 GMT-0300 (Horário Padrão de Brasília)
Banco de Dados CEJUSC fechado.
-------------------------------------------------------------------------
Wed Jul 10 2024 14:11:11 GMT-0300 (Horário Padrão de Brasília)
/principal/13326574860.eowgvjuipyferzth.presenca
GET
-------------------------------------------------------------------------
Wed Jul 10 2024 14:11:16 GMT-0300 (Horário Padrão de Brasília)
POST
/presenca/processo
-------------------------------------------------------------------------
Wed Jul 10 2024 14:11:16 GMT-0300 (Horário Padrão de Brasília)
Conectado ao Banco de Dados CEJUSC.
-------------------------------------------------------------------------
Wed Jul 10 2024 14:11:16 GMT-0300 (Horário Padrão de Brasília)
Uma linha foi encontrada.
-------------------------------------------------------------------------
Wed Jul 10 2024 14:11:16 GMT-0300 (Horário Padrão de Brasília)
Banco de Dados CEJUSC fechado.
GET
-------------------------------------------------------------------------
Wed Jul 10 2024 14:11:26 GMT-0300 (Horário Padrão de Brasília)
/principal/13326574860.eowgvjuipyferzth.conciliador
-------------------------------------------------------------------------
Wed Jul 10 2024 14:11:26 GMT-0300 (Horário Padrão de Brasília)
/principal/13326574860.eowgvjuipyferzth.presenca
GET
-------------------------------------------------------------------------
Wed Jul 10 2024 14:11:33 GMT-0300 (Horário Padrão de Brasília)
/presenca/processo
POST
-------------------------------------------------------------------------
Wed Jul 10 2024 14:11:33 GMT-0300 (Horário Padrão de Brasília)
Conectado ao Banco de Dados CEJUSC.
-------------------------------------------------------------------------
Wed Jul 10 2024 14:11:33 GMT-0300 (Horário Padrão de Brasília)
Uma linha não foi encontrada.
-------------------------------------------------------------------------
Wed Jul 10 2024 14:11:33 GMT-0300 (Horário Padrão de Brasília)
Banco de Dados CEJUSC fechado.
-------------------------------------------------------------------------
Wed Jul 10 2024 14:11:41 GMT-0300 (Horário Padrão de Brasília)
GET
/principal/13326574860.eowgvjuipyferzth.conciliador
-------------------------------------------------------------------------
Wed Jul 10 2024 14:11:41 GMT-0300 (Horário Padrão de Brasília)
/principal/13326574860.eowgvjuipyferzth.presenca
GET
/presenca/processo
-------------------------------------------------------------------------
Wed Jul 10 2024 14:11:48 GMT-0300 (Horário Padrão de Brasília)
POST
-------------------------------------------------------------------------
Wed Jul 10 2024 14:11:48 GMT-0300 (Horário Padrão de Brasília)
-------------------------------------------------------------------------
Wed Jul 10 2024 14:11:48 GMT-0300 (Horário Padrão de Brasília)
Uma linha foi encontrada.
-------------------------------------------------------------------------
Wed Jul 10 2024 14:11:48 GMT-0300 (Horário Padrão de Brasília)
Banco de Dados CEJUSC fechado.
Conectado ao Banco de Dados CEJUSC.
-------------------------------------------------------------------------
Wed Jul 10 2024 14:13:35 GMT-0300 (Horário Padrão de Brasília)
GET
/logout/13326574860
Usuário 13326574860 DESLOGOU >>>
-------------------------------------------------------------------------
Wed Jul 10 2024 14:13:35 GMT-0300 (Horário Padrão de Brasília)
/
GET
POST
-------------------------------------------------------------------------
Wed Jul 10 2024 14:13:43 GMT-0300 (Horário Padrão de Brasília)
/valida/api
Usuário: 13326574860
Conectado ao Banco de Dados CEJUSC.
-------------------------------------------------------------------------
Wed Jul 10 2024 14:13:43 GMT-0300 (Horário Padrão de Brasília)
-------------------------------------------------------------------------
Wed Jul 10 2024 14:13:43 GMT-0300 (Horário Padrão de Brasília)
Renato Ferreira >>>LOGOU
-------------------------------------------------------------------------
Wed Jul 10 2024 14:13:43 GMT-0300 (Horário Padrão de Brasília)
Banco de Dados CEJUSC fechado.
GET
-------------------------------------------------------------------------
Wed Jul 10 2024 14:13:43 GMT-0300 (Horário Padrão de Brasília)
/principal/13326574860.rxyozvtbwinqylbq.presenca
-------------------------------------------------------------------------
Wed Jul 10 2024 14:13:56 GMT-0300 (Horário Padrão de Brasília)
POST
/presenca/processo
Conectado ao Banco de Dados CEJUSC.
-------------------------------------------------------------------------
Wed Jul 10 2024 14:13:56 GMT-0300 (Horário Padrão de Brasília)
-------------------------------------------------------------------------
Wed Jul 10 2024 14:13:56 GMT-0300 (Horário Padrão de Brasília)
Uma linha foi encontrada.
Banco de Dados CEJUSC fechado.
-------------------------------------------------------------------------
Wed Jul 10 2024 14:13:56 GMT-0300 (Horário Padrão de Brasília)
POST
/presenca/processo
-------------------------------------------------------------------------
Wed Jul 10 2024 14:14:18 GMT-0300 (Horário Padrão de Brasília)
Conectado ao Banco de Dados CEJUSC.
-------------------------------------------------------------------------
Wed Jul 10 2024 14:14:18 GMT-0300 (Horário Padrão de Brasília)
-------------------------------------------------------------------------
Wed Jul 10 2024 14:14:18 GMT-0300 (Horário Padrão de Brasília)
Uma linha não foi encontrada.
-------------------------------------------------------------------------
Wed Jul 10 2024 14:14:18 GMT-0300 (Horário Padrão de Brasília)
Banco de Dados CEJUSC fechado.
-------------------------------------------------------------------------
Wed Jul 10 2024 14:14:28 GMT-0300 (Horário Padrão de Brasília)
POST
/presenca/processo
Conectado ao Banco de Dados CEJUSC.
-------------------------------------------------------------------------
Wed Jul 10 2024 14:14:28 GMT-0300 (Horário Padrão de Brasília)
-------------------------------------------------------------------------
Wed Jul 10 2024 14:14:28 GMT-0300 (Horário Padrão de Brasília)
Uma linha foi encontrada.
Banco de Dados CEJUSC fechado.
-------------------------------------------------------------------------
Wed Jul 10 2024 14:14:28 GMT-0300 (Horário Padrão de Brasília)
-------------------------------------------------------------------------
Wed Jul 10 2024 14:16:11 GMT-0300 (Horário Padrão de Brasília)
GET
/logout/13326574860
Usuário 13326574860 DESLOGOU >>>
GET
-------------------------------------------------------------------------
Wed Jul 10 2024 14:16:11 GMT-0300 (Horário Padrão de Brasília)
/
-------------------------------------------------------------------------
Wed Jul 10 2024 14:16:15 GMT-0300 (Horário Padrão de Brasília)
POST
Usuário: 13326574860
-------------------------------------------------------------------------
Wed Jul 10 2024 14:16:15 GMT-0300 (Horário Padrão de Brasília)
Renato Ferreira >>>LOGOU
-------------------------------------------------------------------------
Wed Jul 10 2024 14:16:15 GMT-0300 (Horário Padrão de Brasília)
Banco de Dados CEJUSC fechado.
Conectado ao Banco de Dados CEJUSC.
/valida/api
-------------------------------------------------------------------------
Wed Jul 10 2024 14:16:15 GMT-0300 (Horário Padrão de Brasília)
-------------------------------------------------------------------------
Wed Jul 10 2024 14:16:15 GMT-0300 (Horário Padrão de Brasília)
/principal/13326574860.ukvjzlotsknmteee.presenca
GET
-------------------------------------------------------------------------
Wed Jul 10 2024 14:16:20 GMT-0300 (Horário Padrão de Brasília)
/presenca/processo
POST
Conectado ao Banco de Dados CEJUSC.
-------------------------------------------------------------------------
Wed Jul 10 2024 14:16:20 GMT-0300 (Horário Padrão de Brasília)
Uma linha foi encontrada.
-------------------------------------------------------------------------
Wed Jul 10 2024 14:16:20 GMT-0300 (Horário Padrão de Brasília)
-------------------------------------------------------------------------
Wed Jul 10 2024 14:16:20 GMT-0300 (Horário Padrão de Brasília)
Banco de Dados CEJUSC fechado.
-------------------------------------------------------------------------
Wed Jul 10 2024 14:20:27 GMT-0300 (Horário Padrão de Brasília)
GET
/principal/13326574860.ukvjzlotsknmteee.conciliador
-------------------------------------------------------------------------
Wed Jul 10 2024 14:20:28 GMT-0300 (Horário Padrão de Brasília)
GET
/principal/13326574860.ukvjzlotsknmteee.presenca
-------------------------------------------------------------------------
Wed Jul 10 2024 14:20:37 GMT-0300 (Horário Padrão de Brasília)
/logout/1002546642024
Usuário 1002546642024 DESLOGOU >>>
GET
-------------------------------------------------------------------------
Wed Jul 10 2024 14:20:38 GMT-0300 (Horário Padrão de Brasília)
GET
/
-------------------------------------------------------------------------
Wed Jul 10 2024 14:20:44 GMT-0300 (Horário Padrão de Brasília)
POST
Usuário: 13326574860
/valida/api
-------------------------------------------------------------------------
Wed Jul 10 2024 14:20:44 GMT-0300 (Horário Padrão de Brasília)
Conectado ao Banco de Dados CEJUSC.
-------------------------------------------------------------------------
Wed Jul 10 2024 14:20:44 GMT-0300 (Horário Padrão de Brasília)
Renato Ferreira >>>LOGOU
-------------------------------------------------------------------------
Wed Jul 10 2024 14:20:44 GMT-0300 (Horário Padrão de Brasília)
Banco de Dados CEJUSC fechado.
GET
/principal/13326574860.xuieebpouwsmbjbi.presenca
-------------------------------------------------------------------------
Wed Jul 10 2024 14:20:44 GMT-0300 (Horário Padrão de Brasília)
/presenca/processo
POST
-------------------------------------------------------------------------
Wed Jul 10 2024 14:20:51 GMT-0300 (Horário Padrão de Brasília)
-------------------------------------------------------------------------
Wed Jul 10 2024 14:20:51 GMT-0300 (Horário Padrão de Brasília)
Conectado ao Banco de Dados CEJUSC.
-------------------------------------------------------------------------
Wed Jul 10 2024 14:20:51 GMT-0300 (Horário Padrão de Brasília)
Uma linha foi encontrada.
Banco de Dados CEJUSC fechado.
-------------------------------------------------------------------------
Wed Jul 10 2024 14:20:51 GMT-0300 (Horário Padrão de Brasília)
-------------------------------------------------------------------------
Wed Jul 10 2024 14:42:47 GMT-0300 (Horário Padrão de Brasília)
GET
/logout/13326574860
Usuário 13326574860 DESLOGOU >>>
-------------------------------------------------------------------------
Wed Jul 10 2024 14:42:47 GMT-0300 (Horário Padrão de Brasília)
GET
/
POST
-------------------------------------------------------------------------
Wed Jul 10 2024 14:42:54 GMT-0300 (Horário Padrão de Brasília)
/valida/api
Usuário: 13326574860
Conectado ao Banco de Dados CEJUSC.
-------------------------------------------------------------------------
Wed Jul 10 2024 14:42:54 GMT-0300 (Horário Padrão de Brasília)
-------------------------------------------------------------------------
Wed Jul 10 2024 14:42:54 GMT-0300 (Horário Padrão de Brasília)
Renato Ferreira >>>LOGOU
-------------------------------------------------------------------------
Wed Jul 10 2024 14:42:54 GMT-0300 (Horário Padrão de Brasília)
Banco de Dados CEJUSC fechado.
-------------------------------------------------------------------------
Wed Jul 10 2024 14:42:54 GMT-0300 (Horário Padrão de Brasília)
/principal/13326574860.xthwvmsvbsktmhci.presenca
GET
/presenca/processo
-------------------------------------------------------------------------
Wed Jul 10 2024 14:43:03 GMT-0300 (Horário Padrão de Brasília)
POST
-------------------------------------------------------------------------
Wed Jul 10 2024 14:43:03 GMT-0300 (Horário Padrão de Brasília)
Conectado ao Banco de Dados CEJUSC.
-------------------------------------------------------------------------
Wed Jul 10 2024 14:43:03 GMT-0300 (Horário Padrão de Brasília)
Uma linha foi encontrada.
-------------------------------------------------------------------------
Wed Jul 10 2024 14:43:03 GMT-0300 (Horário Padrão de Brasília)
Banco de Dados CEJUSC fechado.
-------------------------------------------------------------------------
Wed Jul 10 2024 15:38:18 GMT-0300 (Horário Padrão de Brasília)
GET
/logout/13326574860
Usuário 13326574860 DESLOGOU >>>
-------------------------------------------------------------------------
Wed Jul 10 2024 15:38:18 GMT-0300 (Horário Padrão de Brasília)
GET
/
-------------------------------------------------------------------------
Wed Jul 10 2024 15:38:43 GMT-0300 (Horário Padrão de Brasília)
POST
Usuário: 13326574860
/valida/api
-------------------------------------------------------------------------
Wed Jul 10 2024 15:38:43 GMT-0300 (Horário Padrão de Brasília)
Conectado ao Banco de Dados CEJUSC.
-------------------------------------------------------------------------
Wed Jul 10 2024 15:38:43 GMT-0300 (Horário Padrão de Brasília)
Renato Ferreira >>>LOGOU
-------------------------------------------------------------------------
Wed Jul 10 2024 15:38:43 GMT-0300 (Horário Padrão de Brasília)
Banco de Dados CEJUSC fechado.
-------------------------------------------------------------------------
Wed Jul 10 2024 15:38:43 GMT-0300 (Horário Padrão de Brasília)
/principal/13326574860.igdxovkftuvdjlut.presenca
GET
POST
-------------------------------------------------------------------------
Wed Jul 10 2024 15:38:51 GMT-0300 (Horário Padrão de Brasília)
/presenca/processo
Conectado ao Banco de Dados CEJUSC.
-------------------------------------------------------------------------
Wed Jul 10 2024 15:38:51 GMT-0300 (Horário Padrão de Brasília)
Uma linha foi encontrada.
-------------------------------------------------------------------------
Wed Jul 10 2024 15:38:51 GMT-0300 (Horário Padrão de Brasília)
-------------------------------------------------------------------------
Wed Jul 10 2024 15:41:45 GMT-0300 (Horário Padrão de Brasília)
GET
/principal/13326574860.igdxovkftuvdjlut.conciliador
-------------------------------------------------------------------------
Wed Jul 10 2024 15:41:46 GMT-0300 (Horário Padrão de Brasília)
GET
/principal/13326574860.igdxovkftuvdjlut.presenca
-------------------------------------------------------------------------
Wed Jul 10 2024 15:42:00 GMT-0300 (Horário Padrão de Brasília)
/presenca/processo
POST
-------------------------------------------------------------------------
Wed Jul 10 2024 15:42:00 GMT-0300 (Horário Padrão de Brasília)
Conectado ao Banco de Dados CEJUSC.
-------------------------------------------------------------------------
Wed Jul 10 2024 15:42:01 GMT-0300 (Horário Padrão de Brasília)
Uma linha não foi encontrada.
-------------------------------------------------------------------------
Wed Jul 10 2024 15:44:14 GMT-0300 (Horário Padrão de Brasília)
GET
/logout/13326574860
Usuário 13326574860 DESLOGOU >>>
-------------------------------------------------------------------------
Wed Jul 10 2024 15:44:14 GMT-0300 (Horário Padrão de Brasília)
GET
/
-------------------------------------------------------------------------
Wed Jul 10 2024 15:44:20 GMT-0300 (Horário Padrão de Brasília)
POST
/valida/api
Usuário: 13326574860
Conectado ao Banco de Dados CEJUSC.
-------------------------------------------------------------------------
Wed Jul 10 2024 15:44:20 GMT-0300 (Horário Padrão de Brasília)
-------------------------------------------------------------------------
Wed Jul 10 2024 15:44:20 GMT-0300 (Horário Padrão de Brasília)
-------------------------------------------------------------------------
Wed Jul 10 2024 15:44:20 GMT-0300 (Horário Padrão de Brasília)
Banco de Dados CEJUSC fechado.
Renato Ferreira >>>LOGOU
-------------------------------------------------------------------------
Wed Jul 10 2024 15:44:20 GMT-0300 (Horário Padrão de Brasília)
GET
/principal/13326574860.fdlpxmkcgoaidrrj.presenca
-------------------------------------------------------------------------
Wed Jul 10 2024 15:44:27 GMT-0300 (Horário Padrão de Brasília)
POST
/presenca/processo
Conectado ao Banco de Dados CEJUSC.
-------------------------------------------------------------------------
Wed Jul 10 2024 15:44:27 GMT-0300 (Horário Padrão de Brasília)
Uma linha foi encontrada.
-------------------------------------------------------------------------
Wed Jul 10 2024 15:44:27 GMT-0300 (Horário Padrão de Brasília)
-------------------------------------------------------------------------
Wed Jul 10 2024 15:44:50 GMT-0300 (Horário Padrão de Brasília)
GET
/principal/13326574860.fdlpxmkcgoaidrrj.conciliador
GET
/principal/13326574860.fdlpxmkcgoaidrrj.presenca
-------------------------------------------------------------------------
Wed Jul 10 2024 15:44:51 GMT-0300 (Horário Padrão de Brasília)
POST
-------------------------------------------------------------------------
Wed Jul 10 2024 15:44:56 GMT-0300 (Horário Padrão de Brasília)
/presenca/processo
Conectado ao Banco de Dados CEJUSC.
-------------------------------------------------------------------------
Wed Jul 10 2024 15:44:56 GMT-0300 (Horário Padrão de Brasília)
-------------------------------------------------------------------------
Wed Jul 10 2024 15:44:56 GMT-0300 (Horário Padrão de Brasília)
Uma linha foi encontrada.
-------------------------------------------------------------------------
Wed Jul 10 2024 15:50:08 GMT-0300 (Horário Padrão de Brasília)
GET
Usuário 13326574860 DESLOGOU >>>
/logout/13326574860
GET
-------------------------------------------------------------------------
Wed Jul 10 2024 15:50:08 GMT-0300 (Horário Padrão de Brasília)
/
-------------------------------------------------------------------------
Wed Jul 10 2024 15:50:18 GMT-0300 (Horário Padrão de Brasília)
POST
/valida/api
Usuário: 13326574860
-------------------------------------------------------------------------
Wed Jul 10 2024 15:50:18 GMT-0300 (Horário Padrão de Brasília)
Conectado ao Banco de Dados CEJUSC.
-------------------------------------------------------------------------
Wed Jul 10 2024 15:50:18 GMT-0300 (Horário Padrão de Brasília)
Renato Ferreira >>>LOGOU
-------------------------------------------------------------------------
Wed Jul 10 2024 15:50:18 GMT-0300 (Horário Padrão de Brasília)
Banco de Dados CEJUSC fechado.
-------------------------------------------------------------------------
Wed Jul 10 2024 15:50:18 GMT-0300 (Horário Padrão de Brasília)
GET
/principal/13326574860.fhbmifakuynltymd.presenca
-------------------------------------------------------------------------
Wed Jul 10 2024 15:50:24 GMT-0300 (Horário Padrão de Brasília)
POST
/presenca/processo
-------------------------------------------------------------------------
Wed Jul 10 2024 15:50:24 GMT-0300 (Horário Padrão de Brasília)
Conectado ao Banco de Dados CEJUSC.
-------------------------------------------------------------------------
Wed Jul 10 2024 15:52:59 GMT-0300 (Horário Padrão de Brasília)
/logout/13326574860
Usuário 13326574860 DESLOGOU >>>
GET
-------------------------------------------------------------------------
Wed Jul 10 2024 15:52:59 GMT-0300 (Horário Padrão de Brasília)
GET
/
-------------------------------------------------------------------------
Wed Jul 10 2024 15:54:37 GMT-0300 (Horário Padrão de Brasília)
POST
Usuário: 13326574860
/valida/api
-------------------------------------------------------------------------
Wed Jul 10 2024 15:54:37 GMT-0300 (Horário Padrão de Brasília)
Conectado ao Banco de Dados CEJUSC.
-------------------------------------------------------------------------
Wed Jul 10 2024 15:54:37 GMT-0300 (Horário Padrão de Brasília)
Renato Ferreira >>>LOGOU
-------------------------------------------------------------------------
Wed Jul 10 2024 15:54:37 GMT-0300 (Horário Padrão de Brasília)
Banco de Dados CEJUSC fechado.
GET
-------------------------------------------------------------------------
Wed Jul 10 2024 15:54:37 GMT-0300 (Horário Padrão de Brasília)
/principal/13326574860.shtcfumbtmvlbcjy.presenca
-------------------------------------------------------------------------
Wed Jul 10 2024 15:58:46 GMT-0300 (Horário Padrão de Brasília)
GET
/logout/13326574860
Usuário 13326574860 DESLOGOU >>>
-------------------------------------------------------------------------
Wed Jul 10 2024 15:58:46 GMT-0300 (Horário Padrão de Brasília)
/
GET
POST
-------------------------------------------------------------------------
Wed Jul 10 2024 15:58:53 GMT-0300 (Horário Padrão de Brasília)
/valida/api
Usuário: 13326574860
-------------------------------------------------------------------------
Wed Jul 10 2024 15:58:53 GMT-0300 (Horário Padrão de Brasília)
Conectado ao Banco de Dados CEJUSC.
-------------------------------------------------------------------------
Wed Jul 10 2024 15:58:53 GMT-0300 (Horário Padrão de Brasília)
Renato Ferreira >>>LOGOU
-------------------------------------------------------------------------
Wed Jul 10 2024 15:58:53 GMT-0300 (Horário Padrão de Brasília)
Banco de Dados CEJUSC fechado.
-------------------------------------------------------------------------
Wed Jul 10 2024 15:58:53 GMT-0300 (Horário Padrão de Brasília)
GET
/principal/13326574860.ztemhqzqinxwwaze.presenca
-------------------------------------------------------------------------
Wed Jul 10 2024 15:58:58 GMT-0300 (Horário Padrão de Brasília)
POST
/presenca/processo
-------------------------------------------------------------------------
Wed Jul 10 2024 15:58:58 GMT-0300 (Horário Padrão de Brasília)
Conectado ao Banco de Dados CEJUSC.
-------------------------------------------------------------------------
Wed Jul 10 2024 15:58:58 GMT-0300 (Horário Padrão de Brasília)
Uma linha foi encontrada.
-------------------------------------------------------------------------
Wed Jul 10 2024 15:58:58 GMT-0300 (Horário Padrão de Brasília)
Banco de Dados CEJUSC fechado.
-------------------------------------------------------------------------
Wed Jul 10 2024 16:00:54 GMT-0300 (Horário Padrão de Brasília)
GET
/principal/13326574860.ztemhqzqinxwwaze.conciliador
GET
-------------------------------------------------------------------------
Wed Jul 10 2024 16:00:55 GMT-0300 (Horário Padrão de Brasília)
/principal/13326574860.ztemhqzqinxwwaze.presenca
-------------------------------------------------------------------------
Wed Jul 10 2024 16:01:01 GMT-0300 (Horário Padrão de Brasília)
POST
/presenca/processo
-------------------------------------------------------------------------
Wed Jul 10 2024 16:01:01 GMT-0300 (Horário Padrão de Brasília)
Conectado ao Banco de Dados CEJUSC.
Uma linha não foi encontrada.
-------------------------------------------------------------------------
Wed Jul 10 2024 16:01:01 GMT-0300 (Horário Padrão de Brasília)
-------------------------------------------------------------------------
Wed Jul 10 2024 16:01:01 GMT-0300 (Horário Padrão de Brasília)
Banco de Dados CEJUSC fechado.
GET
-------------------------------------------------------------------------
Wed Jul 10 2024 16:20:39 GMT-0300 (Horário Padrão de Brasília)
/logout/13326574860
Usuário 13326574860 DESLOGOU >>>
-------------------------------------------------------------------------
Wed Jul 10 2024 16:20:39 GMT-0300 (Horário Padrão de Brasília)
GET
/
POST
-------------------------------------------------------------------------
Wed Jul 10 2024 16:20:53 GMT-0300 (Horário Padrão de Brasília)
/valida/api
Usuário: 13326574860
-------------------------------------------------------------------------
Wed Jul 10 2024 16:20:53 GMT-0300 (Horário Padrão de Brasília)
Conectado ao Banco de Dados CEJUSC.
-------------------------------------------------------------------------
Wed Jul 10 2024 16:20:53 GMT-0300 (Horário Padrão de Brasília)
Renato Ferreira >>>LOGOU
Banco de Dados CEJUSC fechado.
-------------------------------------------------------------------------
Wed Jul 10 2024 16:20:53 GMT-0300 (Horário Padrão de Brasília)
-------------------------------------------------------------------------
Wed Jul 10 2024 16:20:53 GMT-0300 (Horário Padrão de Brasília)
/principal/13326574860.gwturhnybndcoqyo.presenca
GET
POST
-------------------------------------------------------------------------
Wed Jul 10 2024 16:20:58 GMT-0300 (Horário Padrão de Brasília)
/presenca/processo
-------------------------------------------------------------------------
Wed Jul 10 2024 16:20:58 GMT-0300 (Horário Padrão de Brasília)
Conectado ao Banco de Dados CEJUSC.
-------------------------------------------------------------------------
Wed Jul 10 2024 16:20:58 GMT-0300 (Horário Padrão de Brasília)
Uma linha foi encontrada.
-------------------------------------------------------------------------
Wed Jul 10 2024 16:20:58 GMT-0300 (Horário Padrão de Brasília)
Banco de Dados CEJUSC fechado.
/presenca/processo
POST
-------------------------------------------------------------------------
Wed Jul 10 2024 16:21:15 GMT-0300 (Horário Padrão de Brasília)
-------------------------------------------------------------------------
Wed Jul 10 2024 16:21:15 GMT-0300 (Horário Padrão de Brasília)
Conectado ao Banco de Dados CEJUSC.
Uma linha foi encontrada.
-------------------------------------------------------------------------
Wed Jul 10 2024 16:21:15 GMT-0300 (Horário Padrão de Brasília)
-------------------------------------------------------------------------
Wed Jul 10 2024 16:21:15 GMT-0300 (Horário Padrão de Brasília)
Banco de Dados CEJUSC fechado.
-------------------------------------------------------------------------
Wed Jul 10 2024 16:22:23 GMT-0300 (Horário Padrão de Brasília)
Usuário 13326574860 DESLOGOU >>>
GET
/logout/13326574860
-------------------------------------------------------------------------
Wed Jul 10 2024 16:22:23 GMT-0300 (Horário Padrão de Brasília)
GET
/
-------------------------------------------------------------------------
Wed Jul 10 2024 16:22:28 GMT-0300 (Horário Padrão de Brasília)
POST
/valida/api
Usuário: 13326574860
-------------------------------------------------------------------------
Wed Jul 10 2024 16:22:28 GMT-0300 (Horário Padrão de Brasília)
Conectado ao Banco de Dados CEJUSC.
-------------------------------------------------------------------------
Wed Jul 10 2024 16:22:28 GMT-0300 (Horário Padrão de Brasília)
Banco de Dados CEJUSC fechado.
-------------------------------------------------------------------------
Wed Jul 10 2024 16:22:28 GMT-0300 (Horário Padrão de Brasília)
Renato Ferreira >>>LOGOU
-------------------------------------------------------------------------
Wed Jul 10 2024 16:22:28 GMT-0300 (Horário Padrão de Brasília)
/principal/13326574860.bdvkeznybuclcrtr.presenca
GET
POST
-------------------------------------------------------------------------
Wed Jul 10 2024 16:22:32 GMT-0300 (Horário Padrão de Brasília)
/presenca/processo
-------------------------------------------------------------------------
Wed Jul 10 2024 16:22:32 GMT-0300 (Horário Padrão de Brasília)
Conectado ao Banco de Dados CEJUSC.
-------------------------------------------------------------------------
Wed Jul 10 2024 16:22:32 GMT-0300 (Horário Padrão de Brasília)
Uma linha foi encontrada.
-------------------------------------------------------------------------
Wed Jul 10 2024 16:22:32 GMT-0300 (Horário Padrão de Brasília)
Banco de Dados CEJUSC fechado.
-------------------------------------------------------------------------
Wed Jul 10 2024 16:23:31 GMT-0300 (Horário Padrão de Brasília)
/logout/13326574860
GET
Usuário 13326574860 DESLOGOU >>>
-------------------------------------------------------------------------
Wed Jul 10 2024 16:23:31 GMT-0300 (Horário Padrão de Brasília)
GET
/
POST
/valida/api
Usuário: 13326574860
-------------------------------------------------------------------------
Wed Jul 10 2024 16:23:36 GMT-0300 (Horário Padrão de Brasília)
-------------------------------------------------------------------------
Wed Jul 10 2024 16:23:36 GMT-0300 (Horário Padrão de Brasília)
Conectado ao Banco de Dados CEJUSC.
-------------------------------------------------------------------------
Wed Jul 10 2024 16:23:36 GMT-0300 (Horário Padrão de Brasília)
Renato Ferreira >>>LOGOU
-------------------------------------------------------------------------
Wed Jul 10 2024 16:23:36 GMT-0300 (Horário Padrão de Brasília)
Banco de Dados CEJUSC fechado.
-------------------------------------------------------------------------
Wed Jul 10 2024 16:23:36 GMT-0300 (Horário Padrão de Brasília)
GET
/principal/13326574860.hvixmrcgteozmuyg.presenca
/presenca/processo
-------------------------------------------------------------------------
Wed Jul 10 2024 16:23:40 GMT-0300 (Horário Padrão de Brasília)
POST
-------------------------------------------------------------------------
Wed Jul 10 2024 16:23:40 GMT-0300 (Horário Padrão de Brasília)
-------------------------------------------------------------------------
Wed Jul 10 2024 16:23:40 GMT-0300 (Horário Padrão de Brasília)
Conectado ao Banco de Dados CEJUSC.
Uma linha foi encontrada.
Banco de Dados CEJUSC fechado.
-------------------------------------------------------------------------
Wed Jul 10 2024 16:23:40 GMT-0300 (Horário Padrão de Brasília)
-------------------------------------------------------------------------
Wed Jul 10 2024 16:25:52 GMT-0300 (Horário Padrão de Brasília)
GET
/principal/13326574860.hvixmrcgteozmuyg.completas
GET
-------------------------------------------------------------------------
Wed Jul 10 2024 16:25:53 GMT-0300 (Horário Padrão de Brasília)
/principal/13326574860.hvixmrcgteozmuyg.presenca
-------------------------------------------------------------------------
Wed Jul 10 2024 16:26:02 GMT-0300 (Horário Padrão de Brasília)
POST
/presenca/processo
-------------------------------------------------------------------------
Wed Jul 10 2024 16:26:02 GMT-0300 (Horário Padrão de Brasília)
Conectado ao Banco de Dados CEJUSC.
-------------------------------------------------------------------------
Wed Jul 10 2024 16:26:02 GMT-0300 (Horário Padrão de Brasília)
Uma linha foi encontrada.
-------------------------------------------------------------------------
Wed Jul 10 2024 16:26:02 GMT-0300 (Horário Padrão de Brasília)
Banco de Dados CEJUSC fechado.
