-------------------------------------------------------------------------
Tue Jun 11 2024 11:35:46 GMT-0300 (Horário Padrão de Brasília)
/
GET
POST
-------------------------------------------------------------------------
Tue Jun 11 2024 11:35:55 GMT-0300 (Horário Padrão de Brasília)
/valida/api
Usuário: 13326574860
-------------------------------------------------------------------------
Tue Jun 11 2024 11:35:55 GMT-0300 (Horário Padrão de Brasília)
Conectado ao Banco de Dados CEJUSC.
-------------------------------------------------------------------------
Tue Jun 11 2024 11:35:55 GMT-0300 (Horário Padrão de Brasília)
Renato Ferreira >>>LOGOU
-------------------------------------------------------------------------
Tue Jun 11 2024 11:35:55 GMT-0300 (Horário Padrão de Brasília)
Banco de Dados CEJUSC fechado.
-------------------------------------------------------------------------
Tue Jun 11 2024 11:35:55 GMT-0300 (Horário Padrão de Brasília)
/principal/13326574860.ypfjjlddzjydmtaq.presenca
GET
-------------------------------------------------------------------------
Tue Jun 11 2024 11:36:09 GMT-0300 (Horário Padrão de Brasília)
/principal/13326574860.ypfjjlddzjydmtaq.completas
GET
GET
/principal/13326574860.ypfjjlddzjydmtaq.presenca
-------------------------------------------------------------------------
Tue Jun 11 2024 11:36:10 GMT-0300 (Horário Padrão de Brasília)
-------------------------------------------------------------------------
Tue Jun 11 2024 12:07:13 GMT-0300 (Horário Padrão de Brasília)
GET
/principal/13326574860.ypfjjlddzjydmtaq.conciliador
-------------------------------------------------------------------------
Tue Jun 11 2024 12:07:14 GMT-0300 (Horário Padrão de Brasília)
/principal/13326574860.ypfjjlddzjydmtaq.presenca
GET
-------------------------------------------------------------------------
Tue Jun 11 2024 14:21:57 GMT-0300 (Horário Padrão de Brasília)
GET
/principal/13326574860.ypfjjlddzjydmtaq.completas
GET
-------------------------------------------------------------------------
Tue Jun 11 2024 14:21:58 GMT-0300 (Horário Padrão de Brasília)
/principal/13326574860.ypfjjlddzjydmtaq.presenca
-------------------------------------------------------------------------
Tue Jun 11 2024 14:36:53 GMT-0300 (Horário Padrão de Brasília)
GET
/logout/13326574860
Usuário 13326574860 DESLOGOU >>>
-------------------------------------------------------------------------
Tue Jun 11 2024 14:36:53 GMT-0300 (Horário Padrão de Brasília)
/
GET
-------------------------------------------------------------------------
Tue Jun 11 2024 14:37:18 GMT-0300 (Horário Padrão de Brasília)
/
GET
-------------------------------------------------------------------------
Tue Jun 11 2024 14:37:25 GMT-0300 (Horário Padrão de Brasília)
POST
/valida/api
Usuário: 13326574860
-------------------------------------------------------------------------
Tue Jun 11 2024 14:37:25 GMT-0300 (Horário Padrão de Brasília)
Conectado ao Banco de Dados CEJUSC.
-------------------------------------------------------------------------
Tue Jun 11 2024 14:37:25 GMT-0300 (Horário Padrão de Brasília)
Renato Ferreira >>>LOGOU
-------------------------------------------------------------------------
Tue Jun 11 2024 14:37:25 GMT-0300 (Horário Padrão de Brasília)
Banco de Dados CEJUSC fechado.
GET
/principal/13326574860.yrfxtyeonfqcwkfk.presenca
-------------------------------------------------------------------------
Tue Jun 11 2024 14:37:25 GMT-0300 (Horário Padrão de Brasília)
-------------------------------------------------------------------------
Tue Jun 11 2024 14:37:31 GMT-0300 (Horário Padrão de Brasília)
GET
/principal/13326574860.yrfxtyeonfqcwkfk.conciliador
-------------------------------------------------------------------------
Tue Jun 11 2024 14:37:33 GMT-0300 (Horário Padrão de Brasília)
/principal/13326574860.yrfxtyeonfqcwkfk.completas
GET
-------------------------------------------------------------------------
Tue Jun 11 2024 14:37:34 GMT-0300 (Horário Padrão de Brasília)
GET
/principal/13326574860.yrfxtyeonfqcwkfk.pauta
-------------------------------------------------------------------------
Tue Jun 11 2024 14:37:35 GMT-0300 (Horário Padrão de Brasília)
GET
/principal/13326574860.yrfxtyeonfqcwkfk.conciliador
-------------------------------------------------------------------------
Tue Jun 11 2024 14:37:36 GMT-0300 (Horário Padrão de Brasília)
GET
/principal/13326574860.yrfxtyeonfqcwkfk.presenca
-------------------------------------------------------------------------
Tue Jun 11 2024 14:37:37 GMT-0300 (Horário Padrão de Brasília)
/principal/13326574860.yrfxtyeonfqcwkfk.conciliador
GET
-------------------------------------------------------------------------
Tue Jun 11 2024 14:37:40 GMT-0300 (Horário Padrão de Brasília)
/principal/13326574860.yrfxtyeonfqcwkfk.completas
GET
-------------------------------------------------------------------------
Tue Jun 11 2024 14:37:41 GMT-0300 (Horário Padrão de Brasília)
GET
/principal/13326574860.yrfxtyeonfqcwkfk.pauta
-------------------------------------------------------------------------
Tue Jun 11 2024 14:37:42 GMT-0300 (Horário Padrão de Brasília)
/principal/13326574860.yrfxtyeonfqcwkfk.presenca
GET
-------------------------------------------------------------------------
Tue Jun 11 2024 14:39:34 GMT-0300 (Horário Padrão de Brasília)
GET
/principal/13326574860.yrfxtyeonfqcwkfk.conciliador
-------------------------------------------------------------------------
Tue Jun 11 2024 14:39:36 GMT-0300 (Horário Padrão de Brasília)
GET
/principal/13326574860.yrfxtyeonfqcwkfk.completas
/principal/13326574860.yrfxtyeonfqcwkfk.pauta
-------------------------------------------------------------------------
Tue Jun 11 2024 14:39:37 GMT-0300 (Horário Padrão de Brasília)
GET
-------------------------------------------------------------------------
Tue Jun 11 2024 14:39:48 GMT-0300 (Horário Padrão de Brasília)
GET
/principal/13326574860.yrfxtyeonfqcwkfk.presenca
-------------------------------------------------------------------------
Tue Jun 11 2024 14:42:34 GMT-0300 (Horário Padrão de Brasília)
GET
/principal/13326574860.yrfxtyeonfqcwkfk.conciliador
-------------------------------------------------------------------------
Tue Jun 11 2024 14:42:35 GMT-0300 (Horário Padrão de Brasília)
GET
/principal/13326574860.yrfxtyeonfqcwkfk.completas
-------------------------------------------------------------------------
Tue Jun 11 2024 14:42:43 GMT-0300 (Horário Padrão de Brasília)
GET
/principal/13326574860.yrfxtyeonfqcwkfk.presenca
-------------------------------------------------------------------------
Tue Jun 11 2024 14:42:45 GMT-0300 (Horário Padrão de Brasília)
GET
/principal/13326574860.yrfxtyeonfqcwkfk.conciliador
-------------------------------------------------------------------------
Tue Jun 11 2024 14:42:46 GMT-0300 (Horário Padrão de Brasília)
GET
/principal/13326574860.yrfxtyeonfqcwkfk.presenca
-------------------------------------------------------------------------
Tue Jun 11 2024 14:42:49 GMT-0300 (Horário Padrão de Brasília)
GET
/principal/13326574860.yrfxtyeonfqcwkfk.conciliador
-------------------------------------------------------------------------
Tue Jun 11 2024 14:43:04 GMT-0300 (Horário Padrão de Brasília)
GET
/principal/13326574860.yrfxtyeonfqcwkfk.completas
-------------------------------------------------------------------------
Tue Jun 11 2024 14:43:08 GMT-0300 (Horário Padrão de Brasília)
GET
/principal/13326574860.yrfxtyeonfqcwkfk.presenca
-------------------------------------------------------------------------
Tue Jun 11 2024 14:43:13 GMT-0300 (Horário Padrão de Brasília)
GET
/principal/13326574860.yrfxtyeonfqcwkfk.conciliador
-------------------------------------------------------------------------
Tue Jun 11 2024 14:43:28 GMT-0300 (Horário Padrão de Brasília)
GET
/principal/13326574860.yrfxtyeonfqcwkfk.completas
-------------------------------------------------------------------------
Tue Jun 11 2024 14:43:30 GMT-0300 (Horário Padrão de Brasília)
/principal/13326574860.yrfxtyeonfqcwkfk.presenca
GET
-------------------------------------------------------------------------
Tue Jun 11 2024 15:09:15 GMT-0300 (Horário Padrão de Brasília)
GET
/principal/13326574860.yrfxtyeonfqcwkfk.conciliador
-------------------------------------------------------------------------
Tue Jun 11 2024 15:09:20 GMT-0300 (Horário Padrão de Brasília)
GET
/principal/13326574860.yrfxtyeonfqcwkfk.presenca
-------------------------------------------------------------------------
Tue Jun 11 2024 15:37:21 GMT-0300 (Horário Padrão de Brasília)
/principal/13326574860.yrfxtyeonfqcwkfk.conciliador
GET
/principal/13326574860.yrfxtyeonfqcwkfk.presenca
-------------------------------------------------------------------------
Tue Jun 11 2024 15:38:33 GMT-0300 (Horário Padrão de Brasília)
GET
GET
/principal/13326574860.yrfxtyeonfqcwkfk.conciliador
-------------------------------------------------------------------------
Tue Jun 11 2024 15:50:44 GMT-0300 (Horário Padrão de Brasília)
-------------------------------------------------------------------------
Tue Jun 11 2024 15:50:45 GMT-0300 (Horário Padrão de Brasília)
GET
/principal/13326574860.yrfxtyeonfqcwkfk.presenca
-------------------------------------------------------------------------
Tue Jun 11 2024 16:09:34 GMT-0300 (Horário Padrão de Brasília)
GET
/principal/13326574860.yrfxtyeonfqcwkfk.conciliador
GET
-------------------------------------------------------------------------
Tue Jun 11 2024 16:09:35 GMT-0300 (Horário Padrão de Brasília)
/principal/13326574860.yrfxtyeonfqcwkfk.presenca
-------------------------------------------------------------------------
Tue Jun 11 2024 16:22:36 GMT-0300 (Horário Padrão de Brasília)
GET
/principal/13326574860.yrfxtyeonfqcwkfk.conciliador
-------------------------------------------------------------------------
Tue Jun 11 2024 16:22:39 GMT-0300 (Horário Padrão de Brasília)
/principal/13326574860.yrfxtyeonfqcwkfk.presenca
GET
-------------------------------------------------------------------------
Tue Jun 11 2024 16:23:02 GMT-0300 (Horário Padrão de Brasília)
Usuário 13326574860 DESLOGOU >>>
/logout/13326574860
GET
-------------------------------------------------------------------------
Tue Jun 11 2024 16:23:02 GMT-0300 (Horário Padrão de Brasília)
GET
/
