-------------------------------------------------------------------------
Thu Jul 11 2024 10:56:03 GMT-0300 (Horário Padrão de Brasília)
GET
/
-------------------------------------------------------------------------
Thu Jul 11 2024 11:24:12 GMT-0300 (Horário Padrão de Brasília)
/valida/api
POST
Usuário: 13326574860
-------------------------------------------------------------------------
Thu Jul 11 2024 11:24:12 GMT-0300 (Horário Padrão de Brasília)
Conectado ao Banco de Dados CEJUSC.
-------------------------------------------------------------------------
Thu Jul 11 2024 11:24:12 GMT-0300 (Horário Padrão de Brasília)
Renato Ferreira >>>LOGOU
-------------------------------------------------------------------------
Thu Jul 11 2024 11:24:12 GMT-0300 (Horário Padrão de Brasília)
Banco de Dados CEJUSC fechado.
-------------------------------------------------------------------------
Thu Jul 11 2024 11:24:12 GMT-0300 (Horário Padrão de Brasília)
GET
/principal/13326574860.klgsvntjmmmvkwsm.presenca
POST
-------------------------------------------------------------------------
Thu Jul 11 2024 11:24:22 GMT-0300 (Horário Padrão de Brasília)
/presenca/processo
Conectado ao Banco de Dados CEJUSC.
-------------------------------------------------------------------------
Thu Jul 11 2024 11:24:22 GMT-0300 (Horário Padrão de Brasília)
-------------------------------------------------------------------------
Thu Jul 11 2024 11:24:22 GMT-0300 (Horário Padrão de Brasília)
Uma linha foi encontrada.
-------------------------------------------------------------------------
Thu Jul 11 2024 11:24:22 GMT-0300 (Horário Padrão de Brasília)
Banco de Dados CEJUSC fechado.
/presenca/processo
-------------------------------------------------------------------------
Thu Jul 11 2024 11:24:39 GMT-0300 (Horário Padrão de Brasília)
POST
Conectado ao Banco de Dados CEJUSC.
-------------------------------------------------------------------------
Thu Jul 11 2024 11:24:39 GMT-0300 (Horário Padrão de Brasília)
Uma linha não foi encontrada.
-------------------------------------------------------------------------
Thu Jul 11 2024 11:24:39 GMT-0300 (Horário Padrão de Brasília)
Banco de Dados CEJUSC fechado.
-------------------------------------------------------------------------
Thu Jul 11 2024 11:24:39 GMT-0300 (Horário Padrão de Brasília)
-------------------------------------------------------------------------
Thu Jul 11 2024 11:59:42 GMT-0300 (Horário Padrão de Brasília)
GET
/logout/13326574860
Usuário 13326574860 DESLOGOU >>>
-------------------------------------------------------------------------
Thu Jul 11 2024 11:59:42 GMT-0300 (Horário Padrão de Brasília)
GET
/
-------------------------------------------------------------------------
Thu Jul 11 2024 11:59:47 GMT-0300 (Horário Padrão de Brasília)
POST
Usuário: 13326574860
/valida/api
-------------------------------------------------------------------------
Thu Jul 11 2024 11:59:47 GMT-0300 (Horário Padrão de Brasília)
Conectado ao Banco de Dados CEJUSC.
-------------------------------------------------------------------------
Thu Jul 11 2024 11:59:47 GMT-0300 (Horário Padrão de Brasília)
Renato Ferreira >>>LOGOU
-------------------------------------------------------------------------
Thu Jul 11 2024 11:59:47 GMT-0300 (Horário Padrão de Brasília)
Banco de Dados CEJUSC fechado.
-------------------------------------------------------------------------
Thu Jul 11 2024 11:59:47 GMT-0300 (Horário Padrão de Brasília)
/principal/13326574860.mmdpfiepwjgyzjnu.presenca
GET
-------------------------------------------------------------------------
Thu Jul 11 2024 12:00:00 GMT-0300 (Horário Padrão de Brasília)
/presenca/processo
POST
-------------------------------------------------------------------------
Thu Jul 11 2024 12:00:00 GMT-0300 (Horário Padrão de Brasília)
Conectado ao Banco de Dados CEJUSC.
-------------------------------------------------------------------------
Thu Jul 11 2024 12:00:00 GMT-0300 (Horário Padrão de Brasília)
Uma linha foi encontrada.
-------------------------------------------------------------------------
Thu Jul 11 2024 12:00:00 GMT-0300 (Horário Padrão de Brasília)
Banco de Dados CEJUSC fechado.
-------------------------------------------------------------------------
Thu Jul 11 2024 14:09:00 GMT-0300 (Horário Padrão de Brasília)
GET
/logout/13326574860
Usuário 13326574860 DESLOGOU >>>
GET
-------------------------------------------------------------------------
Thu Jul 11 2024 14:09:00 GMT-0300 (Horário Padrão de Brasília)
/
/valida/api
Usuário: 13326574860
-------------------------------------------------------------------------
Thu Jul 11 2024 14:12:11 GMT-0300 (Horário Padrão de Brasília)
POST
-------------------------------------------------------------------------
Thu Jul 11 2024 14:12:11 GMT-0300 (Horário Padrão de Brasília)
Conectado ao Banco de Dados CEJUSC.
-------------------------------------------------------------------------
Thu Jul 11 2024 14:12:11 GMT-0300 (Horário Padrão de Brasília)
Renato Ferreira >>>LOGOU
-------------------------------------------------------------------------
Thu Jul 11 2024 14:12:11 GMT-0300 (Horário Padrão de Brasília)
Banco de Dados CEJUSC fechado.
-------------------------------------------------------------------------
Thu Jul 11 2024 14:12:11 GMT-0300 (Horário Padrão de Brasília)
/principal/13326574860.kntihsxpewqhaypp.presenca
GET
/presenca/processo
-------------------------------------------------------------------------
Thu Jul 11 2024 14:15:22 GMT-0300 (Horário Padrão de Brasília)
POST
-------------------------------------------------------------------------
Thu Jul 11 2024 14:15:22 GMT-0300 (Horário Padrão de Brasília)
Conectado ao Banco de Dados CEJUSC.
-------------------------------------------------------------------------
Thu Jul 11 2024 14:15:22 GMT-0300 (Horário Padrão de Brasília)
Uma linha foi encontrada.
Banco de Dados CEJUSC fechado.
-------------------------------------------------------------------------
Thu Jul 11 2024 14:15:22 GMT-0300 (Horário Padrão de Brasília)
GET
-------------------------------------------------------------------------
Thu Jul 11 2024 14:15:31 GMT-0300 (Horário Padrão de Brasília)
/principal/13326574860.kntihsxpewqhaypp.conciliador
GET
-------------------------------------------------------------------------
Thu Jul 11 2024 14:15:31 GMT-0300 (Horário Padrão de Brasília)
/principal/13326574860.kntihsxpewqhaypp.presenca
/presenca/processo
-------------------------------------------------------------------------
Thu Jul 11 2024 14:15:38 GMT-0300 (Horário Padrão de Brasília)
POST
-------------------------------------------------------------------------
Thu Jul 11 2024 14:15:38 GMT-0300 (Horário Padrão de Brasília)
Conectado ao Banco de Dados CEJUSC.
-------------------------------------------------------------------------
Thu Jul 11 2024 14:15:38 GMT-0300 (Horário Padrão de Brasília)
Uma linha não foi encontrada.
-------------------------------------------------------------------------
Thu Jul 11 2024 14:15:38 GMT-0300 (Horário Padrão de Brasília)
Banco de Dados CEJUSC fechado.
-------------------------------------------------------------------------
Thu Jul 11 2024 14:17:55 GMT-0300 (Horário Padrão de Brasília)
GET
/logout/13326574860
Usuário 13326574860 DESLOGOU >>>
/
-------------------------------------------------------------------------
Thu Jul 11 2024 14:17:55 GMT-0300 (Horário Padrão de Brasília)
GET
-------------------------------------------------------------------------
Thu Jul 11 2024 14:18:19 GMT-0300 (Horário Padrão de Brasília)
POST
/valida/api
Usuário: 13326574860
-------------------------------------------------------------------------
Thu Jul 11 2024 14:18:19 GMT-0300 (Horário Padrão de Brasília)
Conectado ao Banco de Dados CEJUSC.
-------------------------------------------------------------------------
Thu Jul 11 2024 14:18:19 GMT-0300 (Horário Padrão de Brasília)
Renato Ferreira >>>LOGOU
-------------------------------------------------------------------------
Thu Jul 11 2024 14:18:19 GMT-0300 (Horário Padrão de Brasília)
Banco de Dados CEJUSC fechado.
-------------------------------------------------------------------------
Thu Jul 11 2024 14:18:19 GMT-0300 (Horário Padrão de Brasília)
/principal/13326574860.nlcapriqvbxvecoy.presenca
GET
-------------------------------------------------------------------------
Thu Jul 11 2024 14:18:24 GMT-0300 (Horário Padrão de Brasília)
POST
/presenca/processo
-------------------------------------------------------------------------
Thu Jul 11 2024 14:18:24 GMT-0300 (Horário Padrão de Brasília)
Conectado ao Banco de Dados CEJUSC.
-------------------------------------------------------------------------
Thu Jul 11 2024 14:18:24 GMT-0300 (Horário Padrão de Brasília)
Uma linha não foi encontrada.
-------------------------------------------------------------------------
Thu Jul 11 2024 14:18:24 GMT-0300 (Horário Padrão de Brasília)
Banco de Dados CEJUSC55 fechado.
-------------------------------------------------------------------------
Thu Jul 11 2024 14:41:19 GMT-0300 (Horário Padrão de Brasília)
GET
Usuário 13326574860 DESLOGOU >>>
/logout/13326574860
-------------------------------------------------------------------------
Thu Jul 11 2024 14:41:19 GMT-0300 (Horário Padrão de Brasília)
GET
/
POST
/valida/api
-------------------------------------------------------------------------
Thu Jul 11 2024 14:41:28 GMT-0300 (Horário Padrão de Brasília)
Usuário: 13326574860
Conectado ao Banco de Dados CEJUSC.
-------------------------------------------------------------------------
Thu Jul 11 2024 14:41:28 GMT-0300 (Horário Padrão de Brasília)
-------------------------------------------------------------------------
Thu Jul 11 2024 14:41:28 GMT-0300 (Horário Padrão de Brasília)
Renato Ferreira >>>LOGOU
-------------------------------------------------------------------------
Thu Jul 11 2024 14:41:28 GMT-0300 (Horário Padrão de Brasília)
Banco de Dados CEJUSC fechado.
-------------------------------------------------------------------------
Thu Jul 11 2024 14:41:28 GMT-0300 (Horário Padrão de Brasília)
GET
/principal/13326574860.kovgalwfextacklc.presenca
-------------------------------------------------------------------------
Thu Jul 11 2024 14:41:33 GMT-0300 (Horário Padrão de Brasília)
POST
/presenca/processo
-------------------------------------------------------------------------
Thu Jul 11 2024 14:41:33 GMT-0300 (Horário Padrão de Brasília)
Conectado ao Banco de Dados CEJUSC.
-------------------------------------------------------------------------
Thu Jul 11 2024 14:41:33 GMT-0300 (Horário Padrão de Brasília)
Uma linha foi encontrada.
-------------------------------------------------------------------------
Thu Jul 11 2024 14:41:33 GMT-0300 (Horário Padrão de Brasília)
Banco de Dados CEJUSC fechado.
-------------------------------------------------------------------------
Thu Jul 11 2024 14:41:47 GMT-0300 (Horário Padrão de Brasília)
POST
/presenca/processo
-------------------------------------------------------------------------
Thu Jul 11 2024 14:41:47 GMT-0300 (Horário Padrão de Brasília)
Conectado ao Banco de Dados CEJUSC.
-------------------------------------------------------------------------
Thu Jul 11 2024 14:41:47 GMT-0300 (Horário Padrão de Brasília)
Uma linha não foi encontrada.
-------------------------------------------------------------------------
Thu Jul 11 2024 14:41:47 GMT-0300 (Horário Padrão de Brasília)
Banco de Dados CEJUSC fechado.
-------------------------------------------------------------------------
Thu Jul 11 2024 14:45:20 GMT-0300 (Horário Padrão de Brasília)
GET
/principal/13326574860.kovgalwfextacklc.conciliador
-------------------------------------------------------------------------
Thu Jul 11 2024 14:45:21 GMT-0300 (Horário Padrão de Brasília)
/principal/13326574860.kovgalwfextacklc.presenca
GET
POST
-------------------------------------------------------------------------
Thu Jul 11 2024 14:45:41 GMT-0300 (Horário Padrão de Brasília)
/presenca/processo
-------------------------------------------------------------------------
Thu Jul 11 2024 14:45:41 GMT-0300 (Horário Padrão de Brasília)
Conectado ao Banco de Dados CEJUSC.
-------------------------------------------------------------------------
Thu Jul 11 2024 14:45:41 GMT-0300 (Horário Padrão de Brasília)
Uma linha não foi encontrada.
Banco de Dados CEJUSC fechado.
-------------------------------------------------------------------------
Thu Jul 11 2024 14:45:41 GMT-0300 (Horário Padrão de Brasília)
-------------------------------------------------------------------------
Thu Jul 11 2024 14:51:27 GMT-0300 (Horário Padrão de Brasília)
GET
/logout/13326574860
Usuário 13326574860 DESLOGOU >>>
-------------------------------------------------------------------------
Thu Jul 11 2024 14:51:27 GMT-0300 (Horário Padrão de Brasília)
GET
/
-------------------------------------------------------------------------
Thu Jul 11 2024 14:51:35 GMT-0300 (Horário Padrão de Brasília)
POST
Usuário: 13326574860
/valida/api
-------------------------------------------------------------------------
Thu Jul 11 2024 14:51:35 GMT-0300 (Horário Padrão de Brasília)
Conectado ao Banco de Dados CEJUSC.
-------------------------------------------------------------------------
Thu Jul 11 2024 14:51:35 GMT-0300 (Horário Padrão de Brasília)
Renato Ferreira >>>LOGOU
-------------------------------------------------------------------------
Thu Jul 11 2024 14:51:35 GMT-0300 (Horário Padrão de Brasília)
Banco de Dados CEJUSC fechado.
-------------------------------------------------------------------------
Thu Jul 11 2024 14:51:35 GMT-0300 (Horário Padrão de Brasília)
GET
/principal/13326574860.knpumkxdlyermnxa.presenca
-------------------------------------------------------------------------
Thu Jul 11 2024 14:51:42 GMT-0300 (Horário Padrão de Brasília)
POST
/presenca/processo
-------------------------------------------------------------------------
Thu Jul 11 2024 14:51:42 GMT-0300 (Horário Padrão de Brasília)
Conectado ao Banco de Dados CEJUSC.
-------------------------------------------------------------------------
Thu Jul 11 2024 14:51:42 GMT-0300 (Horário Padrão de Brasília)
Uma linha NÃO foi encontrada. Processo: 0010025-78.2024
-------------------------------------------------------------------------
Thu Jul 11 2024 14:51:42 GMT-0300 (Horário Padrão de Brasília)
Banco de Dados CEJUSC fechado.
-------------------------------------------------------------------------
Thu Jul 11 2024 14:51:54 GMT-0300 (Horário Padrão de Brasília)
POST
/presenca/processo
-------------------------------------------------------------------------
Thu Jul 11 2024 14:51:54 GMT-0300 (Horário Padrão de Brasília)
Conectado ao Banco de Dados CEJUSC.
-------------------------------------------------------------------------
Thu Jul 11 2024 14:51:54 GMT-0300 (Horário Padrão de Brasília)
Uma linha foi encontrada. Processo: 1002546-64.2024
-------------------------------------------------------------------------
Thu Jul 11 2024 14:51:54 GMT-0300 (Horário Padrão de Brasília)
Banco de Dados CEJUSC fechado.
-------------------------------------------------------------------------
Thu Jul 11 2024 14:57:50 GMT-0300 (Horário Padrão de Brasília)
Usuário 13326574860 DESLOGOU >>>
GET
/logout/13326574860
-------------------------------------------------------------------------
Thu Jul 11 2024 14:57:50 GMT-0300 (Horário Padrão de Brasília)
GET
/
-------------------------------------------------------------------------
Thu Jul 11 2024 14:58:22 GMT-0300 (Horário Padrão de Brasília)
POST
Usuário: 13326574860
/valida/api
-------------------------------------------------------------------------
Thu Jul 11 2024 14:58:22 GMT-0300 (Horário Padrão de Brasília)
Conectado ao Banco de Dados CEJUSC.
-------------------------------------------------------------------------
Thu Jul 11 2024 14:58:22 GMT-0300 (Horário Padrão de Brasília)
Renato Ferreira >>>LOGOU
-------------------------------------------------------------------------
Thu Jul 11 2024 14:58:22 GMT-0300 (Horário Padrão de Brasília)
Banco de Dados CEJUSC fechado.
-------------------------------------------------------------------------
Thu Jul 11 2024 14:58:22 GMT-0300 (Horário Padrão de Brasília)
/principal/13326574860.tmeilibuzbqcvoqy.presenca
GET
-------------------------------------------------------------------------
Thu Jul 11 2024 14:58:28 GMT-0300 (Horário Padrão de Brasília)
POST
/presenca/processo
-------------------------------------------------------------------------
Thu Jul 11 2024 14:58:28 GMT-0300 (Horário Padrão de Brasília)
Conectado ao Banco de Dados CEJUSC.
-------------------------------------------------------------------------
Thu Jul 11 2024 14:58:28 GMT-0300 (Horário Padrão de Brasília)
Uma linha foi encontrada. Processo: 1002546-64.2024
-------------------------------------------------------------------------
Thu Jul 11 2024 14:58:28 GMT-0300 (Horário Padrão de Brasília)
Banco de Dados CEJUSC fechado.
-------------------------------------------------------------------------
Thu Jul 11 2024 14:59:56 GMT-0300 (Horário Padrão de Brasília)
POST
/presenca/processo
-------------------------------------------------------------------------
Thu Jul 11 2024 14:59:56 GMT-0300 (Horário Padrão de Brasília)
Conectado ao Banco de Dados CEJUSC.
-------------------------------------------------------------------------
Thu Jul 11 2024 14:59:56 GMT-0300 (Horário Padrão de Brasília)
Uma linha NÃO foi encontrada. Processo: 0010025-78.2024
Banco de Dados CEJUSC fechado.
-------------------------------------------------------------------------
Thu Jul 11 2024 14:59:56 GMT-0300 (Horário Padrão de Brasília)
-------------------------------------------------------------------------
Thu Jul 11 2024 15:09:48 GMT-0300 (Horário Padrão de Brasília)
/logout/13326574860
GET
Usuário 13326574860 DESLOGOU >>>
-------------------------------------------------------------------------
Thu Jul 11 2024 15:09:48 GMT-0300 (Horário Padrão de Brasília)
/
GET
