-------------------------------------------------------------------------
Mon Sep 11 2023 20:38:49 GMT-0300 (Horário Padrão de Brasília)
GET
/
-------------------------------------------------------------------------
Mon Sep 11 2023 20:38:57 GMT-0300 (Horário Padrão de Brasília)
POST
/valida/api
Usuário: 13326574860
-------------------------------------------------------------------------
Mon Sep 11 2023 20:38:57 GMT-0300 (Horário Padrão de Brasília)
Conectado ao Banco de Dados CEJUSC.
-------------------------------------------------------------------------
Mon Sep 11 2023 20:38:57 GMT-0300 (Horário Padrão de Brasília)
Renato Ferreira >>>LOGOU
-------------------------------------------------------------------------
Mon Sep 11 2023 20:38:57 GMT-0300 (Horário Padrão de Brasília)
Banco de Dados CEJUSC fechado.
GET
-------------------------------------------------------------------------
Mon Sep 11 2023 20:38:57 GMT-0300 (Horário Padrão de Brasília)
/principal/13326574860.oqrdfgciuvucxcmx.home
GET
-------------------------------------------------------------------------
Mon Sep 11 2023 20:42:08 GMT-0300 (Horário Padrão de Brasília)
/
-------------------------------------------------------------------------
Mon Sep 11 2023 20:42:34 GMT-0300 (Horário Padrão de Brasília)
POST
/valida/api
Usuário: 13326574860
-------------------------------------------------------------------------
Mon Sep 11 2023 20:42:34 GMT-0300 (Horário Padrão de Brasília)
Conectado ao Banco de Dados CEJUSC.
-------------------------------------------------------------------------
Mon Sep 11 2023 20:42:34 GMT-0300 (Horário Padrão de Brasília)
Renato Ferreira >>>LOGOU
Banco de Dados CEJUSC fechado.
-------------------------------------------------------------------------
Mon Sep 11 2023 20:42:34 GMT-0300 (Horário Padrão de Brasília)
GET
-------------------------------------------------------------------------
Mon Sep 11 2023 20:43:23 GMT-0300 (Horário Padrão de Brasília)
/logout/13326574860
Usuário 13326574860 DESLOGOU >>>
-------------------------------------------------------------------------
Mon Sep 11 2023 20:43:23 GMT-0300 (Horário Padrão de Brasília)
GET
/
POST
-------------------------------------------------------------------------
Mon Sep 11 2023 20:43:26 GMT-0300 (Horário Padrão de Brasília)
/valida/api
Usuário: 13326574860
-------------------------------------------------------------------------
Mon Sep 11 2023 20:43:26 GMT-0300 (Horário Padrão de Brasília)
Conectado ao Banco de Dados CEJUSC.
-------------------------------------------------------------------------
Mon Sep 11 2023 20:43:26 GMT-0300 (Horário Padrão de Brasília)
Renato Ferreira >>>LOGOU
-------------------------------------------------------------------------
Mon Sep 11 2023 20:43:26 GMT-0300 (Horário Padrão de Brasília)
Banco de Dados CEJUSC fechado.
-------------------------------------------------------------------------
Mon Sep 11 2023 20:44:19 GMT-0300 (Horário Padrão de Brasília)
POST
Usuário: 13326574860
/valida/api
Conectado ao Banco de Dados CEJUSC.
-------------------------------------------------------------------------
Mon Sep 11 2023 20:44:19 GMT-0300 (Horário Padrão de Brasília)
Renato Ferreira >>>LOGOU
-------------------------------------------------------------------------
Mon Sep 11 2023 20:44:19 GMT-0300 (Horário Padrão de Brasília)
Banco de Dados CEJUSC fechado.
-------------------------------------------------------------------------
Mon Sep 11 2023 20:44:19 GMT-0300 (Horário Padrão de Brasília)
-------------------------------------------------------------------------
Mon Sep 11 2023 20:45:55 GMT-0300 (Horário Padrão de Brasília)
Usuário: 13326574860
POST
/valida/api
-------------------------------------------------------------------------
Mon Sep 11 2023 20:45:55 GMT-0300 (Horário Padrão de Brasília)
Conectado ao Banco de Dados CEJUSC.
Renato Ferreira >>>LOGOU
-------------------------------------------------------------------------
Mon Sep 11 2023 20:45:55 GMT-0300 (Horário Padrão de Brasília)
-------------------------------------------------------------------------
Mon Sep 11 2023 20:45:55 GMT-0300 (Horário Padrão de Brasília)
Banco de Dados CEJUSC fechado.
-------------------------------------------------------------------------
Mon Sep 11 2023 20:48:38 GMT-0300 (Horário Padrão de Brasília)
GET
/
-------------------------------------------------------------------------
Mon Sep 11 2023 20:48:46 GMT-0300 (Horário Padrão de Brasília)
POST
/valida/api
Usuário: 13326574860
-------------------------------------------------------------------------
Mon Sep 11 2023 20:48:46 GMT-0300 (Horário Padrão de Brasília)
Conectado ao Banco de Dados CEJUSC.
-------------------------------------------------------------------------
Mon Sep 11 2023 20:48:46 GMT-0300 (Horário Padrão de Brasília)
Renato Ferreira >>>LOGOU
-------------------------------------------------------------------------
Mon Sep 11 2023 20:48:46 GMT-0300 (Horário Padrão de Brasília)
Banco de Dados CEJUSC fechado.
-------------------------------------------------------------------------
Mon Sep 11 2023 20:51:53 GMT-0300 (Horário Padrão de Brasília)
POST
/valida/api
Usuário: 13326574860
-------------------------------------------------------------------------
Mon Sep 11 2023 20:51:53 GMT-0300 (Horário Padrão de Brasília)
Conectado ao Banco de Dados CEJUSC.
-------------------------------------------------------------------------
Mon Sep 11 2023 20:51:53 GMT-0300 (Horário Padrão de Brasília)
Renato Ferreira >>>LOGOU
-------------------------------------------------------------------------
Mon Sep 11 2023 20:51:53 GMT-0300 (Horário Padrão de Brasília)
Banco de Dados CEJUSC fechado.
/valida/api
POST
-------------------------------------------------------------------------
Mon Sep 11 2023 21:00:13 GMT-0300 (Horário Padrão de Brasília)
Usuário: 13326574860
Conectado ao Banco de Dados CEJUSC.
-------------------------------------------------------------------------
Mon Sep 11 2023 21:00:13 GMT-0300 (Horário Padrão de Brasília)
-------------------------------------------------------------------------
Mon Sep 11 2023 21:00:13 GMT-0300 (Horário Padrão de Brasília)
Renato Ferreira >>>LOGOU
-------------------------------------------------------------------------
Mon Sep 11 2023 21:00:13 GMT-0300 (Horário Padrão de Brasília)
Banco de Dados CEJUSC fechado.
/principal/13326574860.gpfzacuogztzpfbf.home
-------------------------------------------------------------------------
Mon Sep 11 2023 21:01:34 GMT-0300 (Horário Padrão de Brasília)
GET
-------------------------------------------------------------------------
Mon Sep 11 2023 21:03:50 GMT-0300 (Horário Padrão de Brasília)
POST
/valida/api
Usuário: 13326574860
-------------------------------------------------------------------------
Mon Sep 11 2023 21:03:50 GMT-0300 (Horário Padrão de Brasília)
Conectado ao Banco de Dados CEJUSC.
-------------------------------------------------------------------------
Mon Sep 11 2023 21:03:50 GMT-0300 (Horário Padrão de Brasília)
Renato Ferreira >>>LOGOU
-------------------------------------------------------------------------
Mon Sep 11 2023 21:03:50 GMT-0300 (Horário Padrão de Brasília)
Banco de Dados CEJUSC fechado.
-------------------------------------------------------------------------
Mon Sep 11 2023 21:03:50 GMT-0300 (Horário Padrão de Brasília)
GET
/principal/13326574860.qmkfaovxyxrqbuoh.home
-------------------------------------------------------------------------
Mon Sep 11 2023 21:03:52 GMT-0300 (Horário Padrão de Brasília)
GET
/principal/13326574860.qmkfaovxyxrqbuoh.reclamacao
-------------------------------------------------------------------------
Mon Sep 11 2023 21:03:56 GMT-0300 (Horário Padrão de Brasília)
GET
/principal/13326574860.qmkfaovxyxrqbuoh.andamento
-------------------------------------------------------------------------
Mon Sep 11 2023 21:03:58 GMT-0300 (Horário Padrão de Brasília)
GET
/principal/13326574860.qmkfaovxyxrqbuoh.pauta
-------------------------------------------------------------------------
Mon Sep 11 2023 21:04:00 GMT-0300 (Horário Padrão de Brasília)
/principal/13326574860.qmkfaovxyxrqbuoh.home
GET
-------------------------------------------------------------------------
Mon Sep 11 2023 21:04:04 GMT-0300 (Horário Padrão de Brasília)
GET
/principal/13326574860.qmkfaovxyxrqbuoh.reclamacao
-------------------------------------------------------------------------
Mon Sep 11 2023 21:04:12 GMT-0300 (Horário Padrão de Brasília)
/logout/13326574860
GET
Usuário 13326574860 DESLOGOU >>>
-------------------------------------------------------------------------
Mon Sep 11 2023 21:04:12 GMT-0300 (Horário Padrão de Brasília)
GET
/
