-------------------------------------------------------------------------
Wed Jun 12 2024 10:34:54 GMT-0300 (Horário Padrão de Brasília)
GET
/
POST
-------------------------------------------------------------------------
Wed Jun 12 2024 10:35:03 GMT-0300 (Horário Padrão de Brasília)
/valida/api
Usuário: 13326574860
-------------------------------------------------------------------------
Wed Jun 12 2024 10:35:03 GMT-0300 (Horário Padrão de Brasília)
Conectado ao Banco de Dados CEJUSC.
-------------------------------------------------------------------------
Wed Jun 12 2024 10:35:03 GMT-0300 (Horário Padrão de Brasília)
Renato Ferreira >>>LOGOU
Banco de Dados CEJUSC fechado.
-------------------------------------------------------------------------
Wed Jun 12 2024 10:35:03 GMT-0300 (Horário Padrão de Brasília)
-------------------------------------------------------------------------
Wed Jun 12 2024 10:35:03 GMT-0300 (Horário Padrão de Brasília)
/principal/13326574860.ipzxvfcclwdodzbj.presenca
GET
-------------------------------------------------------------------------
Wed Jun 12 2024 10:36:40 GMT-0300 (Horário Padrão de Brasília)
GET
/principal/13326574860.ipzxvfcclwdodzbj.conciliador
-------------------------------------------------------------------------
Wed Jun 12 2024 10:36:41 GMT-0300 (Horário Padrão de Brasília)
/principal/13326574860.ipzxvfcclwdodzbj.completas
GET
-------------------------------------------------------------------------
Wed Jun 12 2024 10:36:42 GMT-0300 (Horário Padrão de Brasília)
GET
/principal/13326574860.ipzxvfcclwdodzbj.pauta
/principal/13326574860.ipzxvfcclwdodzbj.presenca
GET
-------------------------------------------------------------------------
Wed Jun 12 2024 10:36:44 GMT-0300 (Horário Padrão de Brasília)
-------------------------------------------------------------------------
Wed Jun 12 2024 11:43:37 GMT-0300 (Horário Padrão de Brasília)
/principal/13326574860.ipzxvfcclwdodzbj.conciliador
GET
-------------------------------------------------------------------------
Wed Jun 12 2024 11:43:38 GMT-0300 (Horário Padrão de Brasília)
GET
/principal/13326574860.ipzxvfcclwdodzbj.presenca
-------------------------------------------------------------------------
Wed Jun 12 2024 12:12:16 GMT-0300 (Horário Padrão de Brasília)
/logout/13326574860
GET
Usuário 13326574860 DESLOGOU >>>
-------------------------------------------------------------------------
Wed Jun 12 2024 12:12:16 GMT-0300 (Horário Padrão de Brasília)
GET
/
-------------------------------------------------------------------------
Wed Jun 12 2024 12:28:11 GMT-0300 (Horário Padrão de Brasília)
/valida/api
POST
Usuário: 13326574860
-------------------------------------------------------------------------
Wed Jun 12 2024 12:28:11 GMT-0300 (Horário Padrão de Brasília)
Conectado ao Banco de Dados CEJUSC.
-------------------------------------------------------------------------
Wed Jun 12 2024 12:28:11 GMT-0300 (Horário Padrão de Brasília)
Renato Ferreira >>>LOGOU
-------------------------------------------------------------------------
Wed Jun 12 2024 12:28:11 GMT-0300 (Horário Padrão de Brasília)
Banco de Dados CEJUSC fechado.
-------------------------------------------------------------------------
Wed Jun 12 2024 12:28:11 GMT-0300 (Horário Padrão de Brasília)
GET
/principal/13326574860.jjeayogsvfybvjau.presenca
-------------------------------------------------------------------------
Wed Jun 12 2024 12:46:44 GMT-0300 (Horário Padrão de Brasília)
GET
/principal/13326574860.jjeayogsvfybvjau.conciliador
-------------------------------------------------------------------------
Wed Jun 12 2024 12:46:45 GMT-0300 (Horário Padrão de Brasília)
/principal/13326574860.jjeayogsvfybvjau.presenca
GET
-------------------------------------------------------------------------
Wed Jun 12 2024 13:07:39 GMT-0300 (Horário Padrão de Brasília)
/
GET
-------------------------------------------------------------------------
Wed Jun 12 2024 13:07:47 GMT-0300 (Horário Padrão de Brasília)
POST
/valida/api
Usuário: 13326574860
-------------------------------------------------------------------------
Wed Jun 12 2024 13:07:47 GMT-0300 (Horário Padrão de Brasília)
Conectado ao Banco de Dados CEJUSC.
-------------------------------------------------------------------------
Wed Jun 12 2024 13:07:47 GMT-0300 (Horário Padrão de Brasília)
Renato Ferreira >>>LOGOU
Banco de Dados CEJUSC fechado.
-------------------------------------------------------------------------
Wed Jun 12 2024 13:07:47 GMT-0300 (Horário Padrão de Brasília)
-------------------------------------------------------------------------
Wed Jun 12 2024 13:07:47 GMT-0300 (Horário Padrão de Brasília)
GET
/principal/13326574860.uhbytsmofpztajdy.presenca
-------------------------------------------------------------------------
Wed Jun 12 2024 13:08:34 GMT-0300 (Horário Padrão de Brasília)
GET
/principal/undefined.undefined.conciliador
-------------------------------------------------------------------------
Wed Jun 12 2024 13:08:40 GMT-0300 (Horário Padrão de Brasília)
GET
/logout/undefined
Usuário undefined DESLOGOU >>>
-------------------------------------------------------------------------
Wed Jun 12 2024 13:08:40 GMT-0300 (Horário Padrão de Brasília)
GET
/
-------------------------------------------------------------------------
Wed Jun 12 2024 13:08:46 GMT-0300 (Horário Padrão de Brasília)
/valida/api
POST
Usuário: 13326574860
-------------------------------------------------------------------------
Wed Jun 12 2024 13:08:46 GMT-0300 (Horário Padrão de Brasília)
Conectado ao Banco de Dados CEJUSC.
-------------------------------------------------------------------------
Wed Jun 12 2024 13:08:46 GMT-0300 (Horário Padrão de Brasília)
Renato Ferreira >>>LOGOU
-------------------------------------------------------------------------
Wed Jun 12 2024 13:08:46 GMT-0300 (Horário Padrão de Brasília)
Banco de Dados CEJUSC fechado.
-------------------------------------------------------------------------
Wed Jun 12 2024 13:08:46 GMT-0300 (Horário Padrão de Brasília)
/principal/13326574860.hwwhnwnwoazyyejg.presenca
GET
-------------------------------------------------------------------------
Wed Jun 12 2024 13:36:47 GMT-0300 (Horário Padrão de Brasília)
GET
/principal/13326574860.hwwhnwnwoazyyejg.conciliador
-------------------------------------------------------------------------
Wed Jun 12 2024 13:36:48 GMT-0300 (Horário Padrão de Brasília)
GET
/principal/13326574860.hwwhnwnwoazyyejg.presenca
-------------------------------------------------------------------------
Wed Jun 12 2024 14:48:37 GMT-0300 (Horário Padrão de Brasília)
GET
/principal/13326574860.hwwhnwnwoazyyejg.conciliador
-------------------------------------------------------------------------
Wed Jun 12 2024 14:48:38 GMT-0300 (Horário Padrão de Brasília)
GET
/principal/13326574860.hwwhnwnwoazyyejg.presenca
-------------------------------------------------------------------------
Wed Jun 12 2024 15:01:02 GMT-0300 (Horário Padrão de Brasília)
GET
/principal/13326574860.hwwhnwnwoazyyejg.completas
/principal/13326574860.hwwhnwnwoazyyejg.presenca
GET
-------------------------------------------------------------------------
Wed Jun 12 2024 15:01:06 GMT-0300 (Horário Padrão de Brasília)
-------------------------------------------------------------------------
Wed Jun 12 2024 15:04:35 GMT-0300 (Horário Padrão de Brasília)
/principal/13326574860.hwwhnwnwoazyyejg.conciliador
GET
-------------------------------------------------------------------------
Wed Jun 12 2024 15:05:03 GMT-0300 (Horário Padrão de Brasília)
GET
/principal/13326574860.hwwhnwnwoazyyejg.presenca
-------------------------------------------------------------------------
Wed Jun 12 2024 15:05:21 GMT-0300 (Horário Padrão de Brasília)
GET
/
/
-------------------------------------------------------------------------
Wed Jun 12 2024 15:05:24 GMT-0300 (Horário Padrão de Brasília)
GET
-------------------------------------------------------------------------
Wed Jun 12 2024 15:05:28 GMT-0300 (Horário Padrão de Brasília)
GET
/
GET
-------------------------------------------------------------------------
Wed Jun 12 2024 15:05:29 GMT-0300 (Horário Padrão de Brasília)
/
-------------------------------------------------------------------------
Wed Jun 12 2024 15:05:31 GMT-0300 (Horário Padrão de Brasília)
GET
/
-------------------------------------------------------------------------
Wed Jun 12 2024 15:05:45 GMT-0300 (Horário Padrão de Brasília)
POST
Usuário: 13326574860
/valida/api
-------------------------------------------------------------------------
Wed Jun 12 2024 15:05:45 GMT-0300 (Horário Padrão de Brasília)
Conectado ao Banco de Dados CEJUSC.
-------------------------------------------------------------------------
Wed Jun 12 2024 15:05:45 GMT-0300 (Horário Padrão de Brasília)
Renato Ferreira >>>LOGOU
-------------------------------------------------------------------------
Wed Jun 12 2024 15:05:45 GMT-0300 (Horário Padrão de Brasília)
Banco de Dados CEJUSC fechado.
GET
-------------------------------------------------------------------------
Wed Jun 12 2024 15:05:45 GMT-0300 (Horário Padrão de Brasília)
/principal/13326574860.pmtlgkapiebvnraj.presenca
-------------------------------------------------------------------------
Wed Jun 12 2024 16:22:51 GMT-0300 (Horário Padrão de Brasília)
GET
/logout/13326574860
Usuário 13326574860 DESLOGOU >>>
-------------------------------------------------------------------------
Wed Jun 12 2024 16:22:51 GMT-0300 (Horário Padrão de Brasília)
GET
/
-------------------------------------------------------------------------
Wed Jun 12 2024 16:22:58 GMT-0300 (Horário Padrão de Brasília)
POST
/valida/api
Usuário: 13326574860
-------------------------------------------------------------------------
Wed Jun 12 2024 16:22:58 GMT-0300 (Horário Padrão de Brasília)
Conectado ao Banco de Dados CEJUSC.
-------------------------------------------------------------------------
Wed Jun 12 2024 16:22:58 GMT-0300 (Horário Padrão de Brasília)
Renato Ferreira >>>LOGOU
Banco de Dados CEJUSC fechado.
-------------------------------------------------------------------------
Wed Jun 12 2024 16:22:58 GMT-0300 (Horário Padrão de Brasília)
-------------------------------------------------------------------------
Wed Jun 12 2024 16:22:58 GMT-0300 (Horário Padrão de Brasília)
GET
/principal/13326574860.loqnfuejrrdifmfq.presenca
-------------------------------------------------------------------------
Wed Jun 12 2024 16:24:22 GMT-0300 (Horário Padrão de Brasília)
GET
/principal/13326574860.loqnfuejrrdifmfq.conciliador
GET
-------------------------------------------------------------------------
Wed Jun 12 2024 16:24:24 GMT-0300 (Horário Padrão de Brasília)
/principal/13326574860.loqnfuejrrdifmfq.presenca
