-------------------------------------------------------------------------
Thu Jun 13 2024 11:37:02 GMT-0300 (Horário Padrão de Brasília)
/
GET
-------------------------------------------------------------------------
Thu Jun 13 2024 11:37:09 GMT-0300 (Horário Padrão de Brasília)
POST
/valida/api
Usuário: 13326574860
-------------------------------------------------------------------------
Thu Jun 13 2024 11:37:09 GMT-0300 (Horário Padrão de Brasília)
Conectado ao Banco de Dados CEJUSC.
-------------------------------------------------------------------------
Thu Jun 13 2024 11:37:09 GMT-0300 (Horário Padrão de Brasília)
Renato Ferreira >>>LOGOU
-------------------------------------------------------------------------
Thu Jun 13 2024 11:37:09 GMT-0300 (Horário Padrão de Brasília)
Banco de Dados CEJUSC fechado.
-------------------------------------------------------------------------
Thu Jun 13 2024 11:37:09 GMT-0300 (Horário Padrão de Brasília)
GET
/principal/13326574860.qycigcddwlgkkyqt.presenca
-------------------------------------------------------------------------
Thu Jun 13 2024 12:17:31 GMT-0300 (Horário Padrão de Brasília)
GET
Usuário 13326574860 DESLOGOU >>>
/logout/13326574860
GET
-------------------------------------------------------------------------
Thu Jun 13 2024 12:17:31 GMT-0300 (Horário Padrão de Brasília)
/
POST
-------------------------------------------------------------------------
Thu Jun 13 2024 12:17:49 GMT-0300 (Horário Padrão de Brasília)
Usuário: 13326574860
/valida/api
-------------------------------------------------------------------------
Thu Jun 13 2024 12:17:49 GMT-0300 (Horário Padrão de Brasília)
Renato Ferreira >>>LOGOU
-------------------------------------------------------------------------
Thu Jun 13 2024 12:17:49 GMT-0300 (Horário Padrão de Brasília)
-------------------------------------------------------------------------
Thu Jun 13 2024 12:17:49 GMT-0300 (Horário Padrão de Brasília)
Banco de Dados CEJUSC fechado.
Conectado ao Banco de Dados CEJUSC.
-------------------------------------------------------------------------
Thu Jun 13 2024 12:17:49 GMT-0300 (Horário Padrão de Brasília)
/principal/13326574860.peuhhckukckdzubi.presenca
GET
-------------------------------------------------------------------------
Thu Jun 13 2024 12:26:42 GMT-0300 (Horário Padrão de Brasília)
GET
/logout/13326574860
Usuário 13326574860 DESLOGOU >>>
-------------------------------------------------------------------------
Thu Jun 13 2024 12:26:42 GMT-0300 (Horário Padrão de Brasília)
/
GET
POST
/valida/api
Usuário: 13326574860
-------------------------------------------------------------------------
Thu Jun 13 2024 12:26:52 GMT-0300 (Horário Padrão de Brasília)
Conectado ao Banco de Dados CEJUSC.
-------------------------------------------------------------------------
Thu Jun 13 2024 12:26:52 GMT-0300 (Horário Padrão de Brasília)
-------------------------------------------------------------------------
Thu Jun 13 2024 12:26:52 GMT-0300 (Horário Padrão de Brasília)
Renato Ferreira >>>LOGOU
-------------------------------------------------------------------------
Thu Jun 13 2024 12:26:52 GMT-0300 (Horário Padrão de Brasília)
Banco de Dados CEJUSC fechado.
-------------------------------------------------------------------------
Thu Jun 13 2024 12:26:52 GMT-0300 (Horário Padrão de Brasília)
GET
/principal/13326574860.awsgkisasmgkpyxh.presenca
-------------------------------------------------------------------------
Thu Jun 13 2024 12:53:50 GMT-0300 (Horário Padrão de Brasília)
GET
/logout/13326574860
Usuário 13326574860 DESLOGOU >>>
-------------------------------------------------------------------------
Thu Jun 13 2024 12:53:51 GMT-0300 (Horário Padrão de Brasília)
GET
/
-------------------------------------------------------------------------
Thu Jun 13 2024 12:53:58 GMT-0300 (Horário Padrão de Brasília)
POST
Usuário: 13326574860
/valida/api
Conectado ao Banco de Dados CEJUSC.
-------------------------------------------------------------------------
Thu Jun 13 2024 12:53:58 GMT-0300 (Horário Padrão de Brasília)
-------------------------------------------------------------------------
Thu Jun 13 2024 12:53:58 GMT-0300 (Horário Padrão de Brasília)
-------------------------------------------------------------------------
Thu Jun 13 2024 12:53:58 GMT-0300 (Horário Padrão de Brasília)
Renato Ferreira >>>LOGOU
Banco de Dados CEJUSC fechado.
-------------------------------------------------------------------------
Thu Jun 13 2024 12:53:58 GMT-0300 (Horário Padrão de Brasília)
/principal/13326574860.gatipeeeixqoflle.presenca
GET
-------------------------------------------------------------------------
Thu Jun 13 2024 12:56:56 GMT-0300 (Horário Padrão de Brasília)
GET
/logout/13326574860
Usuário 13326574860 DESLOGOU >>>
-------------------------------------------------------------------------
Thu Jun 13 2024 12:56:56 GMT-0300 (Horário Padrão de Brasília)
GET
/
-------------------------------------------------------------------------
Thu Jun 13 2024 12:57:06 GMT-0300 (Horário Padrão de Brasília)
POST
/valida/api
Usuário: 13326574860
-------------------------------------------------------------------------
Thu Jun 13 2024 12:57:06 GMT-0300 (Horário Padrão de Brasília)
Conectado ao Banco de Dados CEJUSC.
-------------------------------------------------------------------------
Thu Jun 13 2024 12:57:06 GMT-0300 (Horário Padrão de Brasília)
Renato Ferreira >>>LOGOU
-------------------------------------------------------------------------
Thu Jun 13 2024 12:57:06 GMT-0300 (Horário Padrão de Brasília)
Banco de Dados CEJUSC fechado.
-------------------------------------------------------------------------
Thu Jun 13 2024 12:57:06 GMT-0300 (Horário Padrão de Brasília)
GET
/principal/13326574860.iewurqxuueqvbyxs.presenca
-------------------------------------------------------------------------
Thu Jun 13 2024 12:59:47 GMT-0300 (Horário Padrão de Brasília)
/logout/13326574860
GET
Usuário 13326574860 DESLOGOU >>>
-------------------------------------------------------------------------
Thu Jun 13 2024 12:59:47 GMT-0300 (Horário Padrão de Brasília)
GET
/
-------------------------------------------------------------------------
Thu Jun 13 2024 12:59:54 GMT-0300 (Horário Padrão de Brasília)
POST
/valida/api
Usuário: 13326574860
Renato Ferreira >>>LOGOU
Conectado ao Banco de Dados CEJUSC.
-------------------------------------------------------------------------
Thu Jun 13 2024 12:59:54 GMT-0300 (Horário Padrão de Brasília)
-------------------------------------------------------------------------
Thu Jun 13 2024 12:59:54 GMT-0300 (Horário Padrão de Brasília)
-------------------------------------------------------------------------
Thu Jun 13 2024 12:59:54 GMT-0300 (Horário Padrão de Brasília)
Banco de Dados CEJUSC fechado.
-------------------------------------------------------------------------
Thu Jun 13 2024 12:59:55 GMT-0300 (Horário Padrão de Brasília)
/principal/13326574860.tddqftudzcfrjczg.presenca
GET
-------------------------------------------------------------------------
Thu Jun 13 2024 13:07:13 GMT-0300 (Horário Padrão de Brasília)
Usuário 13326574860 DESLOGOU >>>
/logout/13326574860
GET
-------------------------------------------------------------------------
Thu Jun 13 2024 13:07:13 GMT-0300 (Horário Padrão de Brasília)
GET
/
-------------------------------------------------------------------------
Thu Jun 13 2024 13:07:20 GMT-0300 (Horário Padrão de Brasília)
Usuário: 13326574860
POST
/valida/api
Conectado ao Banco de Dados CEJUSC.
-------------------------------------------------------------------------
Thu Jun 13 2024 13:07:20 GMT-0300 (Horário Padrão de Brasília)
-------------------------------------------------------------------------
Thu Jun 13 2024 13:07:20 GMT-0300 (Horário Padrão de Brasília)
Renato Ferreira >>>LOGOU
-------------------------------------------------------------------------
Thu Jun 13 2024 13:07:20 GMT-0300 (Horário Padrão de Brasília)
Banco de Dados CEJUSC fechado.
-------------------------------------------------------------------------
Thu Jun 13 2024 13:07:20 GMT-0300 (Horário Padrão de Brasília)
GET
/principal/13326574860.npjkikzncyminnap.presenca
