/
GET
-------------------------------------------------------------------------
Fri Sep 16 2022 13:53:33 GMT-0300 (Horário Padrão de Brasília)
-------------------------------------------------------------------------
Fri Sep 16 2022 13:53:41 GMT-0300 (Horário Padrão de Brasília)
POST
/valida/api
Usuário: 13326574860
-------------------------------------------------------------------------
Fri Sep 16 2022 13:53:41 GMT-0300 (Horário Padrão de Brasília)
Conectado ao Banco de Dados CEJUSC.
-------------------------------------------------------------------------
Fri Sep 16 2022 13:53:41 GMT-0300 (Horário Padrão de Brasília)
Renato Ferreira >>>LOGOU
-------------------------------------------------------------------------
Fri Sep 16 2022 13:53:41 GMT-0300 (Horário Padrão de Brasília)
Banco de Dados CEJUSC fechado.
-------------------------------------------------------------------------
Fri Sep 16 2022 13:53:41 GMT-0300 (Horário Padrão de Brasília)
GET
/principal/13326574860.afsqqbsdhybrxgoh.home
GET
-------------------------------------------------------------------------
Fri Sep 16 2022 13:53:45 GMT-0300 (Horário Padrão de Brasília)
/principal/13326574860.afsqqbsdhybrxgoh.reclamacao
GET
-------------------------------------------------------------------------
Fri Sep 16 2022 13:53:46 GMT-0300 (Horário Padrão de Brasília)
/principal/13326574860.afsqqbsdhybrxgoh.andamento
-------------------------------------------------------------------------
Fri Sep 16 2022 13:53:47 GMT-0300 (Horário Padrão de Brasília)
GET
/principal/13326574860.afsqqbsdhybrxgoh.pauta
-------------------------------------------------------------------------
Fri Sep 16 2022 13:53:48 GMT-0300 (Horário Padrão de Brasília)
GET
/principal/13326574860.afsqqbsdhybrxgoh.reclamacao
-------------------------------------------------------------------------
Fri Sep 16 2022 13:53:49 GMT-0300 (Horário Padrão de Brasília)
GET
/principal/13326574860.afsqqbsdhybrxgoh.home
GET
-------------------------------------------------------------------------
Fri Sep 16 2022 13:53:51 GMT-0300 (Horário Padrão de Brasília)
/principal/13326574860.afsqqbsdhybrxgoh.reclamacao
-------------------------------------------------------------------------
Fri Sep 16 2022 13:53:56 GMT-0300 (Horário Padrão de Brasília)
GET
/principal/13326574860.afsqqbsdhybrxgoh.home
GET
-------------------------------------------------------------------------
Fri Sep 16 2022 13:54:00 GMT-0300 (Horário Padrão de Brasília)
/principal/13326574860.afsqqbsdhybrxgoh.reclamacao
-------------------------------------------------------------------------
Fri Sep 16 2022 13:55:31 GMT-0300 (Horário Padrão de Brasília)
POST
/reclamacao/agendar
-------------------------------------------------------------------------
Fri Sep 16 2022 13:55:31 GMT-0300 (Horário Padrão de Brasília)
Conectado ao Banco de Dados CEJUSC.
-------------------------------------------------------------------------
Fri Sep 16 2022 13:55:31 GMT-0300 (Horário Padrão de Brasília)
Banco de Dados CEJUSC fechado.
-------------------------------------------------------------------------
Fri Sep 16 2022 13:55:42 GMT-0300 (Horário Padrão de Brasília)
GET
/principal/13326574860.afsqqbsdhybrxgoh.andamento
/principal/13326574860.afsqqbsdhybrxgoh.reclamacao
-------------------------------------------------------------------------
Fri Sep 16 2022 13:55:45 GMT-0300 (Horário Padrão de Brasília)
GET
-------------------------------------------------------------------------
Fri Sep 16 2022 13:56:34 GMT-0300 (Horário Padrão de Brasília)
GET
/
-------------------------------------------------------------------------
Fri Sep 16 2022 13:56:37 GMT-0300 (Horário Padrão de Brasília)
POST
/valida/api
Usuário: 13326574860
-------------------------------------------------------------------------
Fri Sep 16 2022 13:56:37 GMT-0300 (Horário Padrão de Brasília)
Conectado ao Banco de Dados CEJUSC.
-------------------------------------------------------------------------
Fri Sep 16 2022 13:56:37 GMT-0300 (Horário Padrão de Brasília)
Renato Ferreira >>>LOGOU
Banco de Dados CEJUSC fechado.
-------------------------------------------------------------------------
Fri Sep 16 2022 13:56:37 GMT-0300 (Horário Padrão de Brasília)
-------------------------------------------------------------------------
Fri Sep 16 2022 13:56:37 GMT-0300 (Horário Padrão de Brasília)
GET
/principal/13326574860.johlbpzoxiekuicw.home
GET
-------------------------------------------------------------------------
Fri Sep 16 2022 13:56:41 GMT-0300 (Horário Padrão de Brasília)
/logout/13326574860
Usuário 13326574860 DESLOGOU >>>
-------------------------------------------------------------------------
Fri Sep 16 2022 13:56:41 GMT-0300 (Horário Padrão de Brasília)
GET
/
