-------------------------------------------------------------------------
Fri May 17 2024 16:02:11 GMT-0300 (Horário Padrão de Brasília)
GET
/
-------------------------------------------------------------------------
Fri May 17 2024 16:02:33 GMT-0300 (Horário Padrão de Brasília)
POST
/valida/api
Usuário: 13326574860
-------------------------------------------------------------------------
Fri May 17 2024 16:02:33 GMT-0300 (Horário Padrão de Brasília)
Conectado ao Banco de Dados CEJUSC.
-------------------------------------------------------------------------
Fri May 17 2024 16:02:33 GMT-0300 (Horário Padrão de Brasília)
Renato Ferreira >>>LOGOU
-------------------------------------------------------------------------
Fri May 17 2024 16:02:33 GMT-0300 (Horário Padrão de Brasília)
Banco de Dados CEJUSC fechado.
-------------------------------------------------------------------------
Fri May 17 2024 16:02:33 GMT-0300 (Horário Padrão de Brasília)
GET
/principal/13326574860.jcdenuysloxgnjdl.presenca
-------------------------------------------------------------------------
Fri May 17 2024 16:02:35 GMT-0300 (Horário Padrão de Brasília)
GET
/principal/13326574860.jcdenuysloxgnjdl.conciliador
-------------------------------------------------------------------------
Fri May 17 2024 16:02:37 GMT-0300 (Horário Padrão de Brasília)
/principal/13326574860.jcdenuysloxgnjdl.completas
GET
-------------------------------------------------------------------------
Fri May 17 2024 16:02:38 GMT-0300 (Horário Padrão de Brasília)
GET
/principal/13326574860.jcdenuysloxgnjdl.pauta
GET
/principal/13326574860.jcdenuysloxgnjdl.presenca
-------------------------------------------------------------------------
Fri May 17 2024 16:02:43 GMT-0300 (Horário Padrão de Brasília)
-------------------------------------------------------------------------
Fri May 17 2024 16:02:46 GMT-0300 (Horário Padrão de Brasília)
/principal/13326574860.jcdenuysloxgnjdl.conciliador
GET
-------------------------------------------------------------------------
Fri May 17 2024 16:02:47 GMT-0300 (Horário Padrão de Brasília)
/principal/13326574860.jcdenuysloxgnjdl.completas
GET
/principal/13326574860.jcdenuysloxgnjdl.pauta
-------------------------------------------------------------------------
Fri May 17 2024 16:02:48 GMT-0300 (Horário Padrão de Brasília)
GET
-------------------------------------------------------------------------
Fri May 17 2024 16:02:50 GMT-0300 (Horário Padrão de Brasília)
GET
/principal/13326574860.jcdenuysloxgnjdl.presenca
-------------------------------------------------------------------------
Fri May 17 2024 16:03:34 GMT-0300 (Horário Padrão de Brasília)
GET
/logout/13326574860
Usuário 13326574860 DESLOGOU >>>
GET
-------------------------------------------------------------------------
Fri May 17 2024 16:03:34 GMT-0300 (Horário Padrão de Brasília)
/
-------------------------------------------------------------------------
Fri May 17 2024 16:16:04 GMT-0300 (Horário Padrão de Brasília)
GET
/
-------------------------------------------------------------------------
Fri May 17 2024 16:16:12 GMT-0300 (Horário Padrão de Brasília)
/valida/api
Usuário: 13326574860
POST
-------------------------------------------------------------------------
Fri May 17 2024 16:16:12 GMT-0300 (Horário Padrão de Brasília)
Conectado ao Banco de Dados CEJUSC.
-------------------------------------------------------------------------
Fri May 17 2024 16:16:12 GMT-0300 (Horário Padrão de Brasília)
Renato Ferreira >>>LOGOU
-------------------------------------------------------------------------
Fri May 17 2024 16:16:12 GMT-0300 (Horário Padrão de Brasília)
Banco de Dados CEJUSC fechado.
-------------------------------------------------------------------------
Fri May 17 2024 16:16:12 GMT-0300 (Horário Padrão de Brasília)
/principal/13326574860.yrjhlctnxoqsydkq.presenca
GET
GET
-------------------------------------------------------------------------
Fri May 17 2024 16:16:58 GMT-0300 (Horário Padrão de Brasília)
/logout/13326574860
Usuário 13326574860 DESLOGOU >>>
-------------------------------------------------------------------------
Fri May 17 2024 16:16:58 GMT-0300 (Horário Padrão de Brasília)
/
GET
