-------------------------------------------------------------------------
Mon Jun 17 2024 11:04:53 GMT-0300 (Horário Padrão de Brasília)
GET
/
-------------------------------------------------------------------------
Mon Jun 17 2024 11:05:01 GMT-0300 (Horário Padrão de Brasília)
POST
/valida/api
Usuário: 13326574860
-------------------------------------------------------------------------
Mon Jun 17 2024 11:05:01 GMT-0300 (Horário Padrão de Brasília)
Conectado ao Banco de Dados CEJUSC.
-------------------------------------------------------------------------
Mon Jun 17 2024 11:05:01 GMT-0300 (Horário Padrão de Brasília)
Renato Ferreira >>>LOGOU
-------------------------------------------------------------------------
Mon Jun 17 2024 11:05:01 GMT-0300 (Horário Padrão de Brasília)
Banco de Dados CEJUSC fechado.
-------------------------------------------------------------------------
Mon Jun 17 2024 11:05:01 GMT-0300 (Horário Padrão de Brasília)
GET
/principal/13326574860.majiyerrpteivjpc.presenca
-------------------------------------------------------------------------
Mon Jun 17 2024 11:14:19 GMT-0300 (Horário Padrão de Brasília)
/principal/13326574860.majiyerrpteivjpc.completas
GET
-------------------------------------------------------------------------
Mon Jun 17 2024 11:14:21 GMT-0300 (Horário Padrão de Brasília)
GET
/principal/13326574860.majiyerrpteivjpc.presenca
-------------------------------------------------------------------------
Mon Jun 17 2024 11:21:58 GMT-0300 (Horário Padrão de Brasília)
GET
/
-------------------------------------------------------------------------
Mon Jun 17 2024 11:22:09 GMT-0300 (Horário Padrão de Brasília)
POST
Usuário: 13326574860
/valida/api
-------------------------------------------------------------------------
Mon Jun 17 2024 11:22:09 GMT-0300 (Horário Padrão de Brasília)
Conectado ao Banco de Dados CEJUSC.
-------------------------------------------------------------------------
Mon Jun 17 2024 11:22:09 GMT-0300 (Horário Padrão de Brasília)
Renato Ferreira >>>LOGOU
-------------------------------------------------------------------------
Mon Jun 17 2024 11:22:09 GMT-0300 (Horário Padrão de Brasília)
Banco de Dados CEJUSC fechado.
-------------------------------------------------------------------------
Mon Jun 17 2024 11:22:09 GMT-0300 (Horário Padrão de Brasília)
/principal/13326574860.ajqpfuadkxtzdrup.presenca
GET
-------------------------------------------------------------------------
Mon Jun 17 2024 11:22:35 GMT-0300 (Horário Padrão de Brasília)
GET
/
-------------------------------------------------------------------------
Mon Jun 17 2024 11:26:35 GMT-0300 (Horário Padrão de Brasília)
POST
/valida/api
Conectado ao Banco de Dados CEJUSC.
-------------------------------------------------------------------------
Mon Jun 17 2024 11:26:35 GMT-0300 (Horário Padrão de Brasília)
Renato Ferreira >>>LOGOU
-------------------------------------------------------------------------
Mon Jun 17 2024 11:26:35 GMT-0300 (Horário Padrão de Brasília)
-------------------------------------------------------------------------
Mon Jun 17 2024 11:26:35 GMT-0300 (Horário Padrão de Brasília)
Banco de Dados CEJUSC fechado.
Usuário: 13326574860
-------------------------------------------------------------------------
Mon Jun 17 2024 11:26:35 GMT-0300 (Horário Padrão de Brasília)
GET
/principal/13326574860.tiofvsbecsscefwz.presenca
-------------------------------------------------------------------------
Mon Jun 17 2024 11:28:20 GMT-0300 (Horário Padrão de Brasília)
GET
/principal/13326574860.tiofvsbecsscefwz.completas
-------------------------------------------------------------------------
Mon Jun 17 2024 11:28:21 GMT-0300 (Horário Padrão de Brasília)
GET
/principal/13326574860.tiofvsbecsscefwz.presenca
GET
-------------------------------------------------------------------------
Mon Jun 17 2024 11:29:04 GMT-0300 (Horário Padrão de Brasília)
/principal/13326574860.tiofvsbecsscefwz.conciliador
-------------------------------------------------------------------------
Mon Jun 17 2024 11:29:05 GMT-0300 (Horário Padrão de Brasília)
/principal/13326574860.tiofvsbecsscefwz.presenca
GET
-------------------------------------------------------------------------
Mon Jun 17 2024 11:40:21 GMT-0300 (Horário Padrão de Brasília)
GET
/
-------------------------------------------------------------------------
Mon Jun 17 2024 11:40:27 GMT-0300 (Horário Padrão de Brasília)
/valida/api
Usuário: 13326574860
POST
-------------------------------------------------------------------------
Mon Jun 17 2024 11:40:27 GMT-0300 (Horário Padrão de Brasília)
Conectado ao Banco de Dados CEJUSC.
Renato Ferreira >>>LOGOU
-------------------------------------------------------------------------
Mon Jun 17 2024 11:40:27 GMT-0300 (Horário Padrão de Brasília)
Banco de Dados CEJUSC fechado.
-------------------------------------------------------------------------
Mon Jun 17 2024 11:40:27 GMT-0300 (Horário Padrão de Brasília)
/principal/13326574860.wppmoryqypsbwxgd.presenca
-------------------------------------------------------------------------
Mon Jun 17 2024 11:40:28 GMT-0300 (Horário Padrão de Brasília)
GET
-------------------------------------------------------------------------
Mon Jun 17 2024 11:40:31 GMT-0300 (Horário Padrão de Brasília)
/principal/13326574860.wppmoryqypsbwxgd.conciliador
GET
GET
-------------------------------------------------------------------------
Mon Jun 17 2024 11:40:32 GMT-0300 (Horário Padrão de Brasília)
/principal/13326574860.wppmoryqypsbwxgd.presenca
-------------------------------------------------------------------------
Mon Jun 17 2024 11:40:44 GMT-0300 (Horário Padrão de Brasília)
GET
/principal/13326574860.wppmoryqypsbwxgd.conciliador
-------------------------------------------------------------------------
Mon Jun 17 2024 11:40:45 GMT-0300 (Horário Padrão de Brasília)
GET
/principal/13326574860.wppmoryqypsbwxgd.presenca
-------------------------------------------------------------------------
Mon Jun 17 2024 11:41:06 GMT-0300 (Horário Padrão de Brasília)
GET
/
-------------------------------------------------------------------------
Mon Jun 17 2024 11:57:48 GMT-0300 (Horário Padrão de Brasília)
POST
/valida/api
Usuário: 13326574860
-------------------------------------------------------------------------
Mon Jun 17 2024 11:57:48 GMT-0300 (Horário Padrão de Brasília)
Conectado ao Banco de Dados CEJUSC.
Renato Ferreira >>>LOGOU
-------------------------------------------------------------------------
Mon Jun 17 2024 11:57:48 GMT-0300 (Horário Padrão de Brasília)
-------------------------------------------------------------------------
Mon Jun 17 2024 11:57:48 GMT-0300 (Horário Padrão de Brasília)
Banco de Dados CEJUSC fechado.
-------------------------------------------------------------------------
Mon Jun 17 2024 11:57:48 GMT-0300 (Horário Padrão de Brasília)
GET
/principal/13326574860.mtrjusawjusuoscq.presenca
-------------------------------------------------------------------------
Mon Jun 17 2024 11:58:39 GMT-0300 (Horário Padrão de Brasília)
GET
/principal/13326574860.mtrjusawjusuoscq.conciliador
GET
-------------------------------------------------------------------------
Mon Jun 17 2024 11:58:39 GMT-0300 (Horário Padrão de Brasília)
/principal/13326574860.mtrjusawjusuoscq.presenca
-------------------------------------------------------------------------
Mon Jun 17 2024 12:19:30 GMT-0300 (Horário Padrão de Brasília)
GET
/principal/13326574860.mtrjusawjusuoscq.completas
-------------------------------------------------------------------------
Mon Jun 17 2024 12:19:31 GMT-0300 (Horário Padrão de Brasília)
GET
/principal/13326574860.mtrjusawjusuoscq.presenca
-------------------------------------------------------------------------
Mon Jun 17 2024 12:19:50 GMT-0300 (Horário Padrão de Brasília)
GET
/
POST
-------------------------------------------------------------------------
Mon Jun 17 2024 12:19:56 GMT-0300 (Horário Padrão de Brasília)
/valida/api
Usuário: 13326574860
-------------------------------------------------------------------------
Mon Jun 17 2024 12:19:56 GMT-0300 (Horário Padrão de Brasília)
Conectado ao Banco de Dados CEJUSC.
-------------------------------------------------------------------------
Mon Jun 17 2024 12:19:56 GMT-0300 (Horário Padrão de Brasília)
Renato Ferreira >>>LOGOU
-------------------------------------------------------------------------
Mon Jun 17 2024 12:19:56 GMT-0300 (Horário Padrão de Brasília)
Banco de Dados CEJUSC fechado.
GET
-------------------------------------------------------------------------
Mon Jun 17 2024 12:19:56 GMT-0300 (Horário Padrão de Brasília)
/principal/13326574860.gtydeiemvrvlnbvy.presenca
-------------------------------------------------------------------------
Mon Jun 17 2024 12:19:57 GMT-0300 (Horário Padrão de Brasília)
/principal/13326574860.gtydeiemvrvlnbvy.presenca
GET
-------------------------------------------------------------------------
Mon Jun 17 2024 12:23:04 GMT-0300 (Horário Padrão de Brasília)
/
GET
-------------------------------------------------------------------------
Mon Jun 17 2024 12:23:09 GMT-0300 (Horário Padrão de Brasília)
POST
/valida/api
Usuário: 13326574860
Conectado ao Banco de Dados CEJUSC.
-------------------------------------------------------------------------
Mon Jun 17 2024 12:23:09 GMT-0300 (Horário Padrão de Brasília)
-------------------------------------------------------------------------
Mon Jun 17 2024 12:23:09 GMT-0300 (Horário Padrão de Brasília)
Renato Ferreira >>>LOGOU
-------------------------------------------------------------------------
Mon Jun 17 2024 12:23:09 GMT-0300 (Horário Padrão de Brasília)
Banco de Dados CEJUSC fechado.
-------------------------------------------------------------------------
Mon Jun 17 2024 12:23:09 GMT-0300 (Horário Padrão de Brasília)
GET
/principal/13326574860.mwzauxhwdsdvopwn.presenca
-------------------------------------------------------------------------
Mon Jun 17 2024 12:24:03 GMT-0300 (Horário Padrão de Brasília)
GET
/
-------------------------------------------------------------------------
Mon Jun 17 2024 12:34:58 GMT-0300 (Horário Padrão de Brasília)
Usuário: 13326574860
/valida/api
POST
-------------------------------------------------------------------------
Mon Jun 17 2024 12:34:58 GMT-0300 (Horário Padrão de Brasília)
Conectado ao Banco de Dados CEJUSC.
-------------------------------------------------------------------------
Mon Jun 17 2024 12:34:58 GMT-0300 (Horário Padrão de Brasília)
Renato Ferreira >>>LOGOU
-------------------------------------------------------------------------
Mon Jun 17 2024 12:34:58 GMT-0300 (Horário Padrão de Brasília)
Banco de Dados CEJUSC fechado.
-------------------------------------------------------------------------
Mon Jun 17 2024 12:34:58 GMT-0300 (Horário Padrão de Brasília)
/principal/13326574860.zgfawpwnxrngfvzi.presenca
GET
-------------------------------------------------------------------------
Mon Jun 17 2024 12:36:14 GMT-0300 (Horário Padrão de Brasília)
/
GET
-------------------------------------------------------------------------
Mon Jun 17 2024 12:36:19 GMT-0300 (Horário Padrão de Brasília)
/valida/api
POST
Usuário: 13326574860
Conectado ao Banco de Dados CEJUSC.
-------------------------------------------------------------------------
Mon Jun 17 2024 12:36:19 GMT-0300 (Horário Padrão de Brasília)
-------------------------------------------------------------------------
Mon Jun 17 2024 12:36:19 GMT-0300 (Horário Padrão de Brasília)
Renato Ferreira >>>LOGOU
-------------------------------------------------------------------------
Mon Jun 17 2024 12:36:19 GMT-0300 (Horário Padrão de Brasília)
Banco de Dados CEJUSC fechado.
-------------------------------------------------------------------------
Mon Jun 17 2024 12:36:19 GMT-0300 (Horário Padrão de Brasília)
GET
/principal/13326574860.wzxnduvdhttzzffh.presenca
-------------------------------------------------------------------------
Mon Jun 17 2024 12:37:18 GMT-0300 (Horário Padrão de Brasília)
GET
/
-------------------------------------------------------------------------
Mon Jun 17 2024 12:37:24 GMT-0300 (Horário Padrão de Brasília)
/valida/api
POST
Usuário: 13326574860
-------------------------------------------------------------------------
Mon Jun 17 2024 12:37:24 GMT-0300 (Horário Padrão de Brasília)
Conectado ao Banco de Dados CEJUSC.
-------------------------------------------------------------------------
Mon Jun 17 2024 12:37:24 GMT-0300 (Horário Padrão de Brasília)
Renato Ferreira >>>LOGOU
Banco de Dados CEJUSC fechado.
-------------------------------------------------------------------------
Mon Jun 17 2024 12:37:24 GMT-0300 (Horário Padrão de Brasília)
/principal/13326574860.anxpghvvjapcuqpj.presenca
-------------------------------------------------------------------------
Mon Jun 17 2024 12:37:25 GMT-0300 (Horário Padrão de Brasília)
GET
-------------------------------------------------------------------------
Mon Jun 17 2024 12:37:30 GMT-0300 (Horário Padrão de Brasília)
GET
/principal/13326574860.anxpghvvjapcuqpj.conciliador
GET
-------------------------------------------------------------------------
Mon Jun 17 2024 12:37:31 GMT-0300 (Horário Padrão de Brasília)
/principal/13326574860.anxpghvvjapcuqpj.presenca
-------------------------------------------------------------------------
Mon Jun 17 2024 12:37:35 GMT-0300 (Horário Padrão de Brasília)
/principal/13326574860.anxpghvvjapcuqpj.conciliador
GET
-------------------------------------------------------------------------
Mon Jun 17 2024 12:37:36 GMT-0300 (Horário Padrão de Brasília)
GET
/principal/13326574860.anxpghvvjapcuqpj.presenca
-------------------------------------------------------------------------
Mon Jun 17 2024 12:49:18 GMT-0300 (Horário Padrão de Brasília)
GET
/principal/13326574860.anxpghvvjapcuqpj.conciliador
-------------------------------------------------------------------------
Mon Jun 17 2024 12:49:19 GMT-0300 (Horário Padrão de Brasília)
GET
/principal/13326574860.anxpghvvjapcuqpj.presenca
GET
-------------------------------------------------------------------------
Mon Jun 17 2024 12:50:05 GMT-0300 (Horário Padrão de Brasília)
/
-------------------------------------------------------------------------
Mon Jun 17 2024 13:05:25 GMT-0300 (Horário Padrão de Brasília)
/valida/api
POST
Usuário: 13326574860
-------------------------------------------------------------------------
Mon Jun 17 2024 13:05:25 GMT-0300 (Horário Padrão de Brasília)
Conectado ao Banco de Dados CEJUSC.
-------------------------------------------------------------------------
Mon Jun 17 2024 13:05:25 GMT-0300 (Horário Padrão de Brasília)
Renato Ferreira >>>LOGOU
-------------------------------------------------------------------------
Mon Jun 17 2024 13:05:25 GMT-0300 (Horário Padrão de Brasília)
Banco de Dados CEJUSC fechado.
-------------------------------------------------------------------------
Mon Jun 17 2024 13:05:25 GMT-0300 (Horário Padrão de Brasília)
GET
/principal/13326574860.lpalwrasoxjjroab.presenca
-------------------------------------------------------------------------
Mon Jun 17 2024 13:38:39 GMT-0300 (Horário Padrão de Brasília)
GET
/
-------------------------------------------------------------------------
Mon Jun 17 2024 13:38:45 GMT-0300 (Horário Padrão de Brasília)
POST
Usuário: 13326574860
/valida/api
Conectado ao Banco de Dados CEJUSC.
-------------------------------------------------------------------------
Mon Jun 17 2024 13:38:45 GMT-0300 (Horário Padrão de Brasília)
-------------------------------------------------------------------------
Mon Jun 17 2024 13:38:45 GMT-0300 (Horário Padrão de Brasília)
Renato Ferreira >>>LOGOU
-------------------------------------------------------------------------
Mon Jun 17 2024 13:38:45 GMT-0300 (Horário Padrão de Brasília)
Banco de Dados CEJUSC fechado.
-------------------------------------------------------------------------
Mon Jun 17 2024 13:38:45 GMT-0300 (Horário Padrão de Brasília)
GET
/principal/13326574860.grgkgokbkmbzjasj.presenca
-------------------------------------------------------------------------
Mon Jun 17 2024 13:46:32 GMT-0300 (Horário Padrão de Brasília)
GET
/
Usuário: 13326574860
POST
/valida/api
-------------------------------------------------------------------------
Mon Jun 17 2024 13:46:37 GMT-0300 (Horário Padrão de Brasília)
-------------------------------------------------------------------------
Mon Jun 17 2024 13:46:37 GMT-0300 (Horário Padrão de Brasília)
Conectado ao Banco de Dados CEJUSC.
-------------------------------------------------------------------------
Mon Jun 17 2024 13:46:37 GMT-0300 (Horário Padrão de Brasília)
Renato Ferreira >>>LOGOU
-------------------------------------------------------------------------
Mon Jun 17 2024 13:46:37 GMT-0300 (Horário Padrão de Brasília)
Banco de Dados CEJUSC fechado.
GET
-------------------------------------------------------------------------
Mon Jun 17 2024 13:46:38 GMT-0300 (Horário Padrão de Brasília)
/principal/13326574860.zowowruvzmfouvvc.presenca
-------------------------------------------------------------------------
Mon Jun 17 2024 13:47:02 GMT-0300 (Horário Padrão de Brasília)
GET
/
-------------------------------------------------------------------------
Mon Jun 17 2024 14:06:37 GMT-0300 (Horário Padrão de Brasília)
POST
/valida/api
Usuário: 13326574860
-------------------------------------------------------------------------
Mon Jun 17 2024 14:06:37 GMT-0300 (Horário Padrão de Brasília)
Conectado ao Banco de Dados CEJUSC.
-------------------------------------------------------------------------
Mon Jun 17 2024 14:06:37 GMT-0300 (Horário Padrão de Brasília)
Renato Ferreira >>>LOGOU
-------------------------------------------------------------------------
Mon Jun 17 2024 14:06:37 GMT-0300 (Horário Padrão de Brasília)
Banco de Dados CEJUSC fechado.
-------------------------------------------------------------------------
Mon Jun 17 2024 14:06:37 GMT-0300 (Horário Padrão de Brasília)
/principal/13326574860.uwezwcmmmzeuxtcs.presenca
GET
-------------------------------------------------------------------------
Mon Jun 17 2024 14:11:29 GMT-0300 (Horário Padrão de Brasília)
GET
/
-------------------------------------------------------------------------
Mon Jun 17 2024 14:11:35 GMT-0300 (Horário Padrão de Brasília)
POST
/valida/api
Usuário: 13326574860
-------------------------------------------------------------------------
Mon Jun 17 2024 14:11:35 GMT-0300 (Horário Padrão de Brasília)
Conectado ao Banco de Dados CEJUSC.
-------------------------------------------------------------------------
Mon Jun 17 2024 14:11:35 GMT-0300 (Horário Padrão de Brasília)
Renato Ferreira >>>LOGOU
-------------------------------------------------------------------------
Mon Jun 17 2024 14:11:35 GMT-0300 (Horário Padrão de Brasília)
Banco de Dados CEJUSC fechado.
-------------------------------------------------------------------------
Mon Jun 17 2024 14:11:35 GMT-0300 (Horário Padrão de Brasília)
/principal/13326574860.pezcxhjkrelambyy.presenca
GET
-------------------------------------------------------------------------
Mon Jun 17 2024 14:15:25 GMT-0300 (Horário Padrão de Brasília)
/
GET
-------------------------------------------------------------------------
Mon Jun 17 2024 14:15:31 GMT-0300 (Horário Padrão de Brasília)
POST
Usuário: 13326574860
/valida/api
-------------------------------------------------------------------------
Mon Jun 17 2024 14:15:31 GMT-0300 (Horário Padrão de Brasília)
Conectado ao Banco de Dados CEJUSC.
-------------------------------------------------------------------------
Mon Jun 17 2024 14:15:31 GMT-0300 (Horário Padrão de Brasília)
Renato Ferreira >>>LOGOU
-------------------------------------------------------------------------
Mon Jun 17 2024 14:15:31 GMT-0300 (Horário Padrão de Brasília)
Banco de Dados CEJUSC fechado.
-------------------------------------------------------------------------
Mon Jun 17 2024 14:15:31 GMT-0300 (Horário Padrão de Brasília)
/principal/13326574860.efawgmmdovcljxme.presenca
GET
-------------------------------------------------------------------------
Mon Jun 17 2024 14:16:15 GMT-0300 (Horário Padrão de Brasília)
GET
/
-------------------------------------------------------------------------
Mon Jun 17 2024 14:16:20 GMT-0300 (Horário Padrão de Brasília)
POST
/valida/api
Usuário: 13326574860
-------------------------------------------------------------------------
Mon Jun 17 2024 14:16:20 GMT-0300 (Horário Padrão de Brasília)
Conectado ao Banco de Dados CEJUSC.
-------------------------------------------------------------------------
Mon Jun 17 2024 14:16:20 GMT-0300 (Horário Padrão de Brasília)
Renato Ferreira >>>LOGOU
-------------------------------------------------------------------------
Mon Jun 17 2024 14:16:20 GMT-0300 (Horário Padrão de Brasília)
Banco de Dados CEJUSC fechado.
-------------------------------------------------------------------------
Mon Jun 17 2024 14:16:20 GMT-0300 (Horário Padrão de Brasília)
GET
/principal/13326574860.tfoaqdhthsiuvgmw.presenca
-------------------------------------------------------------------------
Mon Jun 17 2024 14:16:26 GMT-0300 (Horário Padrão de Brasília)
GET
/principal/13326574860.tfoaqdhthsiuvgmw.conciliador
-------------------------------------------------------------------------
Mon Jun 17 2024 14:16:27 GMT-0300 (Horário Padrão de Brasília)
GET
/principal/13326574860.tfoaqdhthsiuvgmw.presenca
-------------------------------------------------------------------------
Mon Jun 17 2024 14:16:30 GMT-0300 (Horário Padrão de Brasília)
GET
/principal/13326574860.tfoaqdhthsiuvgmw.conciliador
-------------------------------------------------------------------------
Mon Jun 17 2024 14:16:31 GMT-0300 (Horário Padrão de Brasília)
GET
/principal/13326574860.tfoaqdhthsiuvgmw.presenca
-------------------------------------------------------------------------
Mon Jun 17 2024 14:16:56 GMT-0300 (Horário Padrão de Brasília)
GET
/principal/13326574860.tfoaqdhthsiuvgmw.conciliador
-------------------------------------------------------------------------
Mon Jun 17 2024 14:16:57 GMT-0300 (Horário Padrão de Brasília)
GET
/principal/13326574860.tfoaqdhthsiuvgmw.presenca
-------------------------------------------------------------------------
Mon Jun 17 2024 14:19:58 GMT-0300 (Horário Padrão de Brasília)
GET
/
-------------------------------------------------------------------------
Mon Jun 17 2024 14:20:03 GMT-0300 (Horário Padrão de Brasília)
/valida/api
POST
Usuário: 13326574860
-------------------------------------------------------------------------
Mon Jun 17 2024 14:20:03 GMT-0300 (Horário Padrão de Brasília)
Conectado ao Banco de Dados CEJUSC.
-------------------------------------------------------------------------
Mon Jun 17 2024 14:20:03 GMT-0300 (Horário Padrão de Brasília)
Renato Ferreira >>>LOGOU
-------------------------------------------------------------------------
Mon Jun 17 2024 14:20:03 GMT-0300 (Horário Padrão de Brasília)
Banco de Dados CEJUSC fechado.
GET
-------------------------------------------------------------------------
Mon Jun 17 2024 14:20:03 GMT-0300 (Horário Padrão de Brasília)
/principal/13326574860.semsgwamkfnavvyd.presenca
-------------------------------------------------------------------------
Mon Jun 17 2024 14:20:59 GMT-0300 (Horário Padrão de Brasília)
GET
/
-------------------------------------------------------------------------
Mon Jun 17 2024 14:21:04 GMT-0300 (Horário Padrão de Brasília)
Usuário: 13326574860
POST
/valida/api
-------------------------------------------------------------------------
Mon Jun 17 2024 14:21:04 GMT-0300 (Horário Padrão de Brasília)
Conectado ao Banco de Dados CEJUSC.
-------------------------------------------------------------------------
Mon Jun 17 2024 14:21:04 GMT-0300 (Horário Padrão de Brasília)
Banco de Dados CEJUSC fechado.
Renato Ferreira >>>LOGOU
-------------------------------------------------------------------------
Mon Jun 17 2024 14:21:04 GMT-0300 (Horário Padrão de Brasília)
-------------------------------------------------------------------------
Mon Jun 17 2024 14:21:04 GMT-0300 (Horário Padrão de Brasília)
GET
/principal/13326574860.kcneljfdkmhactlh.presenca
-------------------------------------------------------------------------
Mon Jun 17 2024 14:21:11 GMT-0300 (Horário Padrão de Brasília)
/principal/13326574860.kcneljfdkmhactlh.conciliador
GET
GET
-------------------------------------------------------------------------
Mon Jun 17 2024 14:21:13 GMT-0300 (Horário Padrão de Brasília)
/principal/13326574860.kcneljfdkmhactlh.presenca
-------------------------------------------------------------------------
Mon Jun 17 2024 14:21:51 GMT-0300 (Horário Padrão de Brasília)
GET
/principal/13326574860.kcneljfdkmhactlh.conciliador
-------------------------------------------------------------------------
Mon Jun 17 2024 14:21:52 GMT-0300 (Horário Padrão de Brasília)
/principal/13326574860.kcneljfdkmhactlh.presenca
GET
-------------------------------------------------------------------------
Mon Jun 17 2024 14:25:59 GMT-0300 (Horário Padrão de Brasília)
GET
/principal/13326574860.kcneljfdkmhactlh.conciliador
GET
/principal/13326574860.kcneljfdkmhactlh.presenca
-------------------------------------------------------------------------
Mon Jun 17 2024 14:26:01 GMT-0300 (Horário Padrão de Brasília)
GET
-------------------------------------------------------------------------
Mon Jun 17 2024 14:50:54 GMT-0300 (Horário Padrão de Brasília)
/
-------------------------------------------------------------------------
Mon Jun 17 2024 14:51:00 GMT-0300 (Horário Padrão de Brasília)
/valida/api
POST
Usuário: 13326574860
-------------------------------------------------------------------------
Mon Jun 17 2024 14:51:00 GMT-0300 (Horário Padrão de Brasília)
Conectado ao Banco de Dados CEJUSC.
-------------------------------------------------------------------------
Mon Jun 17 2024 14:51:00 GMT-0300 (Horário Padrão de Brasília)
Banco de Dados CEJUSC fechado.
Renato Ferreira >>>LOGOU
-------------------------------------------------------------------------
Mon Jun 17 2024 14:51:00 GMT-0300 (Horário Padrão de Brasília)
-------------------------------------------------------------------------
Mon Jun 17 2024 14:51:00 GMT-0300 (Horário Padrão de Brasília)
GET
/principal/13326574860.odydgcrpxssjcbnh.presenca
-------------------------------------------------------------------------
Mon Jun 17 2024 15:02:09 GMT-0300 (Horário Padrão de Brasília)
GET
/
POST
-------------------------------------------------------------------------
Mon Jun 17 2024 15:02:15 GMT-0300 (Horário Padrão de Brasília)
/valida/api
Usuário: 13326574860
-------------------------------------------------------------------------
Mon Jun 17 2024 15:02:15 GMT-0300 (Horário Padrão de Brasília)
Conectado ao Banco de Dados CEJUSC.
-------------------------------------------------------------------------
Mon Jun 17 2024 15:02:15 GMT-0300 (Horário Padrão de Brasília)
Renato Ferreira >>>LOGOU
-------------------------------------------------------------------------
Mon Jun 17 2024 15:02:15 GMT-0300 (Horário Padrão de Brasília)
Banco de Dados CEJUSC fechado.
-------------------------------------------------------------------------
Mon Jun 17 2024 15:02:15 GMT-0300 (Horário Padrão de Brasília)
/principal/13326574860.hrxekfnpcybukopt.presenca
GET
-------------------------------------------------------------------------
Mon Jun 17 2024 15:05:15 GMT-0300 (Horário Padrão de Brasília)
GET
/principal/13326574860.hrxekfnpcybukopt.conciliador
GET
/principal/13326574860.hrxekfnpcybukopt.presenca
-------------------------------------------------------------------------
Mon Jun 17 2024 15:05:16 GMT-0300 (Horário Padrão de Brasília)
-------------------------------------------------------------------------
Mon Jun 17 2024 15:09:23 GMT-0300 (Horário Padrão de Brasília)
GET
/principal/13326574860.hrxekfnpcybukopt.conciliador
-------------------------------------------------------------------------
Mon Jun 17 2024 15:09:24 GMT-0300 (Horário Padrão de Brasília)
GET
/principal/13326574860.hrxekfnpcybukopt.presenca
-------------------------------------------------------------------------
Mon Jun 17 2024 15:10:33 GMT-0300 (Horário Padrão de Brasília)
/principal/13326574860.hrxekfnpcybukopt.pauta
GET
-------------------------------------------------------------------------
Mon Jun 17 2024 15:10:34 GMT-0300 (Horário Padrão de Brasília)
GET
/principal/13326574860.hrxekfnpcybukopt.presenca
-------------------------------------------------------------------------
Mon Jun 17 2024 15:10:37 GMT-0300 (Horário Padrão de Brasília)
GET
/principal/13326574860.hrxekfnpcybukopt.conciliador
/principal/13326574860.hrxekfnpcybukopt.presenca
-------------------------------------------------------------------------
Mon Jun 17 2024 15:10:39 GMT-0300 (Horário Padrão de Brasília)
GET
-------------------------------------------------------------------------
Mon Jun 17 2024 15:10:49 GMT-0300 (Horário Padrão de Brasília)
/principal/13326574860.hrxekfnpcybukopt.conciliador
GET
-------------------------------------------------------------------------
Mon Jun 17 2024 15:10:50 GMT-0300 (Horário Padrão de Brasília)
GET
/principal/13326574860.hrxekfnpcybukopt.presenca
-------------------------------------------------------------------------
Mon Jun 17 2024 15:15:04 GMT-0300 (Horário Padrão de Brasília)
/principal/13326574860.hrxekfnpcybukopt.conciliador
GET
-------------------------------------------------------------------------
Mon Jun 17 2024 15:15:05 GMT-0300 (Horário Padrão de Brasília)
GET
/principal/13326574860.hrxekfnpcybukopt.presenca
/principal/13326574860.hrxekfnpcybukopt.conciliador
-------------------------------------------------------------------------
Mon Jun 17 2024 15:15:10 GMT-0300 (Horário Padrão de Brasília)
GET
-------------------------------------------------------------------------
Mon Jun 17 2024 15:15:11 GMT-0300 (Horário Padrão de Brasília)
GET
/principal/13326574860.hrxekfnpcybukopt.presenca
-------------------------------------------------------------------------
Mon Jun 17 2024 15:20:27 GMT-0300 (Horário Padrão de Brasília)
GET
/principal/13326574860.hrxekfnpcybukopt.completas
-------------------------------------------------------------------------
Mon Jun 17 2024 15:20:27 GMT-0300 (Horário Padrão de Brasília)
GET
/principal/13326574860.hrxekfnpcybukopt.presenca
-------------------------------------------------------------------------
Mon Jun 17 2024 15:20:39 GMT-0300 (Horário Padrão de Brasília)
GET
/principal/13326574860.hrxekfnpcybukopt.conciliador
-------------------------------------------------------------------------
Mon Jun 17 2024 15:20:40 GMT-0300 (Horário Padrão de Brasília)
GET
/principal/13326574860.hrxekfnpcybukopt.presenca
-------------------------------------------------------------------------
Mon Jun 17 2024 15:32:03 GMT-0300 (Horário Padrão de Brasília)
GET
/principal/13326574860.hrxekfnpcybukopt.conciliador
-------------------------------------------------------------------------
Mon Jun 17 2024 15:32:04 GMT-0300 (Horário Padrão de Brasília)
GET
/principal/13326574860.hrxekfnpcybukopt.presenca
-------------------------------------------------------------------------
Mon Jun 17 2024 15:35:25 GMT-0300 (Horário Padrão de Brasília)
GET
/principal/13326574860.hrxekfnpcybukopt.completas
-------------------------------------------------------------------------
Mon Jun 17 2024 15:35:26 GMT-0300 (Horário Padrão de Brasília)
/principal/13326574860.hrxekfnpcybukopt.presenca
GET
-------------------------------------------------------------------------
Mon Jun 17 2024 15:36:05 GMT-0300 (Horário Padrão de Brasília)
GET
/principal/13326574860.hrxekfnpcybukopt.completas
-------------------------------------------------------------------------
Mon Jun 17 2024 15:36:06 GMT-0300 (Horário Padrão de Brasília)
GET
/principal/13326574860.hrxekfnpcybukopt.presenca
-------------------------------------------------------------------------
Mon Jun 17 2024 15:36:11 GMT-0300 (Horário Padrão de Brasília)
GET
/principal/13326574860.hrxekfnpcybukopt.conciliador
-------------------------------------------------------------------------
Mon Jun 17 2024 15:36:12 GMT-0300 (Horário Padrão de Brasília)
GET
/principal/13326574860.hrxekfnpcybukopt.presenca
-------------------------------------------------------------------------
Mon Jun 17 2024 15:36:53 GMT-0300 (Horário Padrão de Brasília)
GET
/principal/13326574860.hrxekfnpcybukopt.completas
-------------------------------------------------------------------------
Mon Jun 17 2024 15:36:54 GMT-0300 (Horário Padrão de Brasília)
GET
/principal/13326574860.hrxekfnpcybukopt.presenca
-------------------------------------------------------------------------
Mon Jun 17 2024 15:40:05 GMT-0300 (Horário Padrão de Brasília)
/principal/13326574860.hrxekfnpcybukopt.pauta
GET
/principal/13326574860.hrxekfnpcybukopt.presenca
GET
-------------------------------------------------------------------------
Mon Jun 17 2024 15:40:06 GMT-0300 (Horário Padrão de Brasília)
GET
-------------------------------------------------------------------------
Mon Jun 17 2024 15:55:11 GMT-0300 (Horário Padrão de Brasília)
/principal/13326574860.hrxekfnpcybukopt.completas
-------------------------------------------------------------------------
Mon Jun 17 2024 15:55:12 GMT-0300 (Horário Padrão de Brasília)
GET
/principal/13326574860.hrxekfnpcybukopt.presenca
-------------------------------------------------------------------------
Mon Jun 17 2024 15:55:45 GMT-0300 (Horário Padrão de Brasília)
GET
/principal/13326574860.hrxekfnpcybukopt.conciliador
GET
-------------------------------------------------------------------------
Mon Jun 17 2024 15:55:45 GMT-0300 (Horário Padrão de Brasília)
/principal/13326574860.hrxekfnpcybukopt.presenca
-------------------------------------------------------------------------
Mon Jun 17 2024 15:59:32 GMT-0300 (Horário Padrão de Brasília)
GET
/principal/13326574860.hrxekfnpcybukopt.conciliador
-------------------------------------------------------------------------
Mon Jun 17 2024 15:59:32 GMT-0300 (Horário Padrão de Brasília)
/principal/13326574860.hrxekfnpcybukopt.presenca
GET
-------------------------------------------------------------------------
Mon Jun 17 2024 16:00:28 GMT-0300 (Horário Padrão de Brasília)
GET
/principal/13326574860.hrxekfnpcybukopt.conciliador
/principal/13326574860.hrxekfnpcybukopt.presenca
GET
-------------------------------------------------------------------------
Mon Jun 17 2024 16:00:28 GMT-0300 (Horário Padrão de Brasília)
-------------------------------------------------------------------------
Mon Jun 17 2024 16:04:21 GMT-0300 (Horário Padrão de Brasília)
GET
/principal/13326574860.hrxekfnpcybukopt.completas
-------------------------------------------------------------------------
Mon Jun 17 2024 16:04:22 GMT-0300 (Horário Padrão de Brasília)
GET
/principal/13326574860.hrxekfnpcybukopt.presenca
-------------------------------------------------------------------------
Mon Jun 17 2024 16:07:05 GMT-0300 (Horário Padrão de Brasília)
/principal/13326574860.hrxekfnpcybukopt.completas
GET
-------------------------------------------------------------------------
Mon Jun 17 2024 16:07:06 GMT-0300 (Horário Padrão de Brasília)
GET
/principal/13326574860.hrxekfnpcybukopt.presenca
-------------------------------------------------------------------------
Mon Jun 17 2024 16:10:26 GMT-0300 (Horário Padrão de Brasília)
GET
/principal/13326574860.hrxekfnpcybukopt.completas
-------------------------------------------------------------------------
Mon Jun 17 2024 16:10:27 GMT-0300 (Horário Padrão de Brasília)
GET
/principal/13326574860.hrxekfnpcybukopt.presenca
-------------------------------------------------------------------------
Mon Jun 17 2024 16:11:21 GMT-0300 (Horário Padrão de Brasília)
GET
/principal/13326574860.hrxekfnpcybukopt.conciliador
GET
-------------------------------------------------------------------------
Mon Jun 17 2024 16:11:23 GMT-0300 (Horário Padrão de Brasília)
/principal/13326574860.hrxekfnpcybukopt.presenca
-------------------------------------------------------------------------
Mon Jun 17 2024 16:13:49 GMT-0300 (Horário Padrão de Brasília)
/principal/13326574860.hrxekfnpcybukopt.pauta
GET
-------------------------------------------------------------------------
Mon Jun 17 2024 16:13:50 GMT-0300 (Horário Padrão de Brasília)
GET
/principal/13326574860.hrxekfnpcybukopt.presenca
GET
-------------------------------------------------------------------------
Mon Jun 17 2024 16:14:11 GMT-0300 (Horário Padrão de Brasília)
/principal/13326574860.hrxekfnpcybukopt.conciliador
-------------------------------------------------------------------------
Mon Jun 17 2024 16:14:12 GMT-0300 (Horário Padrão de Brasília)
/principal/13326574860.hrxekfnpcybukopt.presenca
GET
GET
-------------------------------------------------------------------------
Mon Jun 17 2024 16:33:07 GMT-0300 (Horário Padrão de Brasília)
/logout/13326574860
Usuário 13326574860 DESLOGOU >>>
-------------------------------------------------------------------------
Mon Jun 17 2024 16:33:07 GMT-0300 (Horário Padrão de Brasília)
/
GET
-------------------------------------------------------------------------
Mon Jun 17 2024 16:33:12 GMT-0300 (Horário Padrão de Brasília)
POST
/valida/api
Usuário: 13326574860
-------------------------------------------------------------------------
Mon Jun 17 2024 16:33:12 GMT-0300 (Horário Padrão de Brasília)
Conectado ao Banco de Dados CEJUSC.
Renato Ferreira >>>LOGOU
-------------------------------------------------------------------------
Mon Jun 17 2024 16:33:12 GMT-0300 (Horário Padrão de Brasília)
-------------------------------------------------------------------------
Mon Jun 17 2024 16:33:12 GMT-0300 (Horário Padrão de Brasília)
Banco de Dados CEJUSC fechado.
-------------------------------------------------------------------------
Mon Jun 17 2024 16:33:12 GMT-0300 (Horário Padrão de Brasília)
/principal/13326574860.yghbhrwfcxtbsgil.presenca
GET
-------------------------------------------------------------------------
Mon Jun 17 2024 16:38:37 GMT-0300 (Horário Padrão de Brasília)
/logout/13326574860
Usuário 13326574860 DESLOGOU >>>
GET
-------------------------------------------------------------------------
Mon Jun 17 2024 16:38:37 GMT-0300 (Horário Padrão de Brasília)
GET
/
