-------------------------------------------------------------------------
Tue Jun 18 2024 15:11:08 GMT-0300 (Horário Padrão de Brasília)
/
GET
POST
-------------------------------------------------------------------------
Tue Jun 18 2024 15:11:24 GMT-0300 (Horário Padrão de Brasília)
/valida/api
Usuário: 13326574860
-------------------------------------------------------------------------
Tue Jun 18 2024 15:11:24 GMT-0300 (Horário Padrão de Brasília)
Conectado ao Banco de Dados CEJUSC.
-------------------------------------------------------------------------
Tue Jun 18 2024 15:11:24 GMT-0300 (Horário Padrão de Brasília)
Renato Ferreira >>>LOGOU
-------------------------------------------------------------------------
Tue Jun 18 2024 15:11:24 GMT-0300 (Horário Padrão de Brasília)
Banco de Dados CEJUSC fechado.
GET
/principal/13326574860.vtamakjmmluohuft.presenca
-------------------------------------------------------------------------
Tue Jun 18 2024 15:11:24 GMT-0300 (Horário Padrão de Brasília)
-------------------------------------------------------------------------
Tue Jun 18 2024 15:47:16 GMT-0300 (Horário Padrão de Brasília)
/logout/13326574860
GET
Usuário 13326574860 DESLOGOU >>>
-------------------------------------------------------------------------
Tue Jun 18 2024 15:47:16 GMT-0300 (Horário Padrão de Brasília)
/
GET
POST
-------------------------------------------------------------------------
Tue Jun 18 2024 15:47:24 GMT-0300 (Horário Padrão de Brasília)
/valida/api
Usuário: 13326574860
-------------------------------------------------------------------------
Tue Jun 18 2024 15:47:24 GMT-0300 (Horário Padrão de Brasília)
Conectado ao Banco de Dados CEJUSC.
-------------------------------------------------------------------------
Tue Jun 18 2024 15:47:24 GMT-0300 (Horário Padrão de Brasília)
Renato Ferreira >>>LOGOU
-------------------------------------------------------------------------
Tue Jun 18 2024 15:47:24 GMT-0300 (Horário Padrão de Brasília)
Banco de Dados CEJUSC fechado.
-------------------------------------------------------------------------
Tue Jun 18 2024 15:47:24 GMT-0300 (Horário Padrão de Brasília)
GET
/principal/13326574860.yondltqtzchlnter.presenca
-------------------------------------------------------------------------
Tue Jun 18 2024 15:50:58 GMT-0300 (Horário Padrão de Brasília)
GET
/principal/13326574860.yondltqtzchlnter.completas
-------------------------------------------------------------------------
Tue Jun 18 2024 15:50:59 GMT-0300 (Horário Padrão de Brasília)
GET
/principal/13326574860.yondltqtzchlnter.presenca
-------------------------------------------------------------------------
Tue Jun 18 2024 15:54:19 GMT-0300 (Horário Padrão de Brasília)
GET
/principal/13326574860.yondltqtzchlnter.conciliador
-------------------------------------------------------------------------
Tue Jun 18 2024 15:54:20 GMT-0300 (Horário Padrão de Brasília)
/principal/13326574860.yondltqtzchlnter.presenca
GET
-------------------------------------------------------------------------
Tue Jun 18 2024 15:55:05 GMT-0300 (Horário Padrão de Brasília)
GET
/logout/13326574860
Usuário 13326574860 DESLOGOU >>>
-------------------------------------------------------------------------
Tue Jun 18 2024 15:55:05 GMT-0300 (Horário Padrão de Brasília)
GET
/
-------------------------------------------------------------------------
Tue Jun 18 2024 15:55:30 GMT-0300 (Horário Padrão de Brasília)
POST
/valida/api
Usuário: 13326574860
Conectado ao Banco de Dados CEJUSC.
-------------------------------------------------------------------------
Tue Jun 18 2024 15:55:30 GMT-0300 (Horário Padrão de Brasília)
Renato Ferreira >>>LOGOU
-------------------------------------------------------------------------
Tue Jun 18 2024 15:55:30 GMT-0300 (Horário Padrão de Brasília)
Banco de Dados CEJUSC fechado.
-------------------------------------------------------------------------
Tue Jun 18 2024 15:55:30 GMT-0300 (Horário Padrão de Brasília)
-------------------------------------------------------------------------
Tue Jun 18 2024 15:55:30 GMT-0300 (Horário Padrão de Brasília)
GET
/principal/13326574860.quhpjvcvapfrxfcp.presenca
-------------------------------------------------------------------------
Tue Jun 18 2024 15:56:01 GMT-0300 (Horário Padrão de Brasília)
GET
/principal/13326574860.quhpjvcvapfrxfcp.conciliador
GET
-------------------------------------------------------------------------
Tue Jun 18 2024 15:56:01 GMT-0300 (Horário Padrão de Brasília)
/principal/13326574860.quhpjvcvapfrxfcp.presenca
-------------------------------------------------------------------------
Tue Jun 18 2024 15:57:39 GMT-0300 (Horário Padrão de Brasília)
GET
/logout/13326574860
Usuário 13326574860 DESLOGOU >>>
-------------------------------------------------------------------------
Tue Jun 18 2024 15:57:39 GMT-0300 (Horário Padrão de Brasília)
/
GET
POST
-------------------------------------------------------------------------
Tue Jun 18 2024 15:57:44 GMT-0300 (Horário Padrão de Brasília)
/valida/api
Usuário: 13326574860
-------------------------------------------------------------------------
Tue Jun 18 2024 15:57:44 GMT-0300 (Horário Padrão de Brasília)
Conectado ao Banco de Dados CEJUSC.
Renato Ferreira >>>LOGOU
-------------------------------------------------------------------------
Tue Jun 18 2024 15:57:44 GMT-0300 (Horário Padrão de Brasília)
-------------------------------------------------------------------------
Tue Jun 18 2024 15:57:44 GMT-0300 (Horário Padrão de Brasília)
Banco de Dados CEJUSC fechado.
GET
-------------------------------------------------------------------------
Tue Jun 18 2024 15:57:44 GMT-0300 (Horário Padrão de Brasília)
/principal/13326574860.stvhnfbhfnlimxhw.presenca
-------------------------------------------------------------------------
Tue Jun 18 2024 15:59:20 GMT-0300 (Horário Padrão de Brasília)
GET
/logout/13326574860
Usuário 13326574860 DESLOGOU >>>
-------------------------------------------------------------------------
Tue Jun 18 2024 15:59:20 GMT-0300 (Horário Padrão de Brasília)
GET
/
-------------------------------------------------------------------------
Tue Jun 18 2024 15:59:28 GMT-0300 (Horário Padrão de Brasília)
POST
/valida/api
Usuário: 13326574860
-------------------------------------------------------------------------
Tue Jun 18 2024 15:59:28 GMT-0300 (Horário Padrão de Brasília)
Conectado ao Banco de Dados CEJUSC.
-------------------------------------------------------------------------
Tue Jun 18 2024 15:59:28 GMT-0300 (Horário Padrão de Brasília)
Renato Ferreira >>>LOGOU
Banco de Dados CEJUSC fechado.
-------------------------------------------------------------------------
Tue Jun 18 2024 15:59:28 GMT-0300 (Horário Padrão de Brasília)
-------------------------------------------------------------------------
Tue Jun 18 2024 15:59:28 GMT-0300 (Horário Padrão de Brasília)
/principal/13326574860.pclpvfiqssahcjip.presenca
GET
-------------------------------------------------------------------------
Tue Jun 18 2024 16:14:26 GMT-0300 (Horário Padrão de Brasília)
GET
/principal/13326574860.pclpvfiqssahcjip.conciliador
-------------------------------------------------------------------------
Tue Jun 18 2024 16:14:27 GMT-0300 (Horário Padrão de Brasília)
GET
/principal/13326574860.pclpvfiqssahcjip.presenca
GET
/principal/13326574860.pclpvfiqssahcjip.completas
-------------------------------------------------------------------------
Tue Jun 18 2024 16:14:54 GMT-0300 (Horário Padrão de Brasília)
-------------------------------------------------------------------------
Tue Jun 18 2024 16:14:55 GMT-0300 (Horário Padrão de Brasília)
GET
/principal/13326574860.pclpvfiqssahcjip.conciliador
-------------------------------------------------------------------------
Tue Jun 18 2024 16:14:58 GMT-0300 (Horário Padrão de Brasília)
GET
/principal/13326574860.pclpvfiqssahcjip.pauta
-------------------------------------------------------------------------
Tue Jun 18 2024 16:14:59 GMT-0300 (Horário Padrão de Brasília)
GET
/principal/13326574860.pclpvfiqssahcjip.presenca
