-------------------------------------------------------------------------
Wed Jun 19 2024 15:40:30 GMT-0300 (Horário Padrão de Brasília)
/
GET
-------------------------------------------------------------------------
Wed Jun 19 2024 15:40:52 GMT-0300 (Horário Padrão de Brasília)
POST
/valida/api
Usuário: 13326574860
-------------------------------------------------------------------------
Wed Jun 19 2024 15:40:52 GMT-0300 (Horário Padrão de Brasília)
Conectado ao Banco de Dados CEJUSC.
-------------------------------------------------------------------------
Wed Jun 19 2024 15:40:52 GMT-0300 (Horário Padrão de Brasília)
Renato Ferreira >>>LOGOU
Banco de Dados CEJUSC fechado.
-------------------------------------------------------------------------
Wed Jun 19 2024 15:40:52 GMT-0300 (Horário Padrão de Brasília)
GET
-------------------------------------------------------------------------
Wed Jun 19 2024 15:40:52 GMT-0300 (Horário Padrão de Brasília)
/principal/13326574860.yjrmmadfxnttkqan.presenca
-------------------------------------------------------------------------
Wed Jun 19 2024 16:35:16 GMT-0300 (Horário Padrão de Brasília)
GET
/logout/13326574860
Usuário 13326574860 DESLOGOU >>>
-------------------------------------------------------------------------
Wed Jun 19 2024 16:35:16 GMT-0300 (Horário Padrão de Brasília)
GET
/
