-------------------------------------------------------------------------
Thu May 02 2024 13:14:17 GMT-0300 (Horário Padrão de Brasília)
GET
/
-------------------------------------------------------------------------
Thu May 02 2024 13:14:30 GMT-0300 (Horário Padrão de Brasília)
POST
/valida/api
Usuário: 13326574860
-------------------------------------------------------------------------
Thu May 02 2024 13:14:30 GMT-0300 (Horário Padrão de Brasília)
Conectado ao Banco de Dados CEJUSC.
-------------------------------------------------------------------------
Thu May 02 2024 13:14:30 GMT-0300 (Horário Padrão de Brasília)
Renato Ferreira >>>LOGOU
Banco de Dados CEJUSC fechado.
-------------------------------------------------------------------------
Thu May 02 2024 13:14:30 GMT-0300 (Horário Padrão de Brasília)
-------------------------------------------------------------------------
Thu May 02 2024 13:14:30 GMT-0300 (Horário Padrão de Brasília)
GET
/principal/13326574860.esunpvwowtqozlhm.home
-------------------------------------------------------------------------
Thu May 02 2024 13:14:35 GMT-0300 (Horário Padrão de Brasília)
GET
/principal/13326574860.esunpvwowtqozlhm.pauta
-------------------------------------------------------------------------
Thu May 02 2024 13:20:39 GMT-0300 (Horário Padrão de Brasília)
GET
/
-------------------------------------------------------------------------
Thu May 02 2024 13:20:43 GMT-0300 (Horário Padrão de Brasília)
POST
/valida/api
Usuário: 13326574860
-------------------------------------------------------------------------
Thu May 02 2024 13:20:43 GMT-0300 (Horário Padrão de Brasília)
Conectado ao Banco de Dados CEJUSC.
-------------------------------------------------------------------------
Thu May 02 2024 13:20:43 GMT-0300 (Horário Padrão de Brasília)
Renato Ferreira >>>LOGOU
-------------------------------------------------------------------------
Thu May 02 2024 13:20:43 GMT-0300 (Horário Padrão de Brasília)
Banco de Dados CEJUSC fechado.
-------------------------------------------------------------------------
Thu May 02 2024 13:20:43 GMT-0300 (Horário Padrão de Brasília)
GET
/principal/13326574860.inpqsrqelvtvrwpn.home
GET
-------------------------------------------------------------------------
Thu May 02 2024 13:20:45 GMT-0300 (Horário Padrão de Brasília)
/principal/13326574860.inpqsrqelvtvrwpn.pauta
-------------------------------------------------------------------------
Thu May 02 2024 13:21:06 GMT-0300 (Horário Padrão de Brasília)
GET
/principal/13326574860.inpqsrqelvtvrwpn.reclamacao
-------------------------------------------------------------------------
Thu May 02 2024 13:21:09 GMT-0300 (Horário Padrão de Brasília)
GET
/principal/13326574860.inpqsrqelvtvrwpn.andamento
-------------------------------------------------------------------------
Thu May 02 2024 13:21:10 GMT-0300 (Horário Padrão de Brasília)
GET
/principal/13326574860.inpqsrqelvtvrwpn.pauta
-------------------------------------------------------------------------
Thu May 02 2024 13:34:22 GMT-0300 (Horário Padrão de Brasília)
GET
/
-------------------------------------------------------------------------
Thu May 02 2024 13:34:26 GMT-0300 (Horário Padrão de Brasília)
POST
Usuário: 13326574860
/valida/api
-------------------------------------------------------------------------
Thu May 02 2024 13:34:26 GMT-0300 (Horário Padrão de Brasília)
Conectado ao Banco de Dados CEJUSC.
-------------------------------------------------------------------------
Thu May 02 2024 13:34:26 GMT-0300 (Horário Padrão de Brasília)
Renato Ferreira >>>LOGOU
-------------------------------------------------------------------------
Thu May 02 2024 13:34:26 GMT-0300 (Horário Padrão de Brasília)
Banco de Dados CEJUSC fechado.
-------------------------------------------------------------------------
Thu May 02 2024 13:34:26 GMT-0300 (Horário Padrão de Brasília)
/principal/13326574860.gsqhnzsrlkexnybd.home
GET
-------------------------------------------------------------------------
Thu May 02 2024 13:34:27 GMT-0300 (Horário Padrão de Brasília)
GET
/principal/13326574860.gsqhnzsrlkexnybd.pauta
-------------------------------------------------------------------------
Thu May 02 2024 13:36:18 GMT-0300 (Horário Padrão de Brasília)
GET
/
-------------------------------------------------------------------------
Thu May 02 2024 13:36:21 GMT-0300 (Horário Padrão de Brasília)
POST
/valida/api
Usuário: 13326574860
Conectado ao Banco de Dados CEJUSC.
-------------------------------------------------------------------------
Thu May 02 2024 13:36:21 GMT-0300 (Horário Padrão de Brasília)
-------------------------------------------------------------------------
Thu May 02 2024 13:36:21 GMT-0300 (Horário Padrão de Brasília)
Renato Ferreira >>>LOGOU
-------------------------------------------------------------------------
Thu May 02 2024 13:36:21 GMT-0300 (Horário Padrão de Brasília)
Banco de Dados CEJUSC fechado.
-------------------------------------------------------------------------
Thu May 02 2024 13:36:21 GMT-0300 (Horário Padrão de Brasília)
GET
/principal/13326574860.ajdhmgjizscvifmc.home
GET
-------------------------------------------------------------------------
Thu May 02 2024 13:36:22 GMT-0300 (Horário Padrão de Brasília)
/principal/13326574860.ajdhmgjizscvifmc.reclamacao
-------------------------------------------------------------------------
Thu May 02 2024 13:36:24 GMT-0300 (Horário Padrão de Brasília)
GET
/principal/13326574860.ajdhmgjizscvifmc.andamento
GET
-------------------------------------------------------------------------
Thu May 02 2024 13:36:25 GMT-0300 (Horário Padrão de Brasília)
/principal/13326574860.ajdhmgjizscvifmc.pauta
-------------------------------------------------------------------------
Thu May 02 2024 13:37:13 GMT-0300 (Horário Padrão de Brasília)
GET
/principal/13326574860.ajdhmgjizscvifmc.reclamacao
-------------------------------------------------------------------------
Thu May 02 2024 13:37:14 GMT-0300 (Horário Padrão de Brasília)
GET
/principal/13326574860.ajdhmgjizscvifmc.andamento
-------------------------------------------------------------------------
Thu May 02 2024 13:37:15 GMT-0300 (Horário Padrão de Brasília)
/principal/13326574860.ajdhmgjizscvifmc.pauta
GET
-------------------------------------------------------------------------
Thu May 02 2024 13:44:27 GMT-0300 (Horário Padrão de Brasília)
GET
/
-------------------------------------------------------------------------
Thu May 02 2024 13:44:30 GMT-0300 (Horário Padrão de Brasília)
POST
Usuário: 13326574860
/valida/api
Conectado ao Banco de Dados CEJUSC.
-------------------------------------------------------------------------
Thu May 02 2024 13:44:30 GMT-0300 (Horário Padrão de Brasília)
-------------------------------------------------------------------------
Thu May 02 2024 13:44:30 GMT-0300 (Horário Padrão de Brasília)
Renato Ferreira >>>LOGOU
-------------------------------------------------------------------------
Thu May 02 2024 13:44:30 GMT-0300 (Horário Padrão de Brasília)
Banco de Dados CEJUSC fechado.
-------------------------------------------------------------------------
Thu May 02 2024 13:44:30 GMT-0300 (Horário Padrão de Brasília)
GET
/principal/13326574860.kbeumxixwgmijlkj.home
-------------------------------------------------------------------------
Thu May 02 2024 13:44:32 GMT-0300 (Horário Padrão de Brasília)
GET
/principal/13326574860.kbeumxixwgmijlkj.pauta
-------------------------------------------------------------------------
Thu May 02 2024 13:46:51 GMT-0300 (Horário Padrão de Brasília)
GET
/
-------------------------------------------------------------------------
Thu May 02 2024 13:46:54 GMT-0300 (Horário Padrão de Brasília)
POST
/valida/api
Usuário: 13326574860
Conectado ao Banco de Dados CEJUSC.
-------------------------------------------------------------------------
Thu May 02 2024 13:46:54 GMT-0300 (Horário Padrão de Brasília)
-------------------------------------------------------------------------
Thu May 02 2024 13:46:54 GMT-0300 (Horário Padrão de Brasília)
Renato Ferreira >>>LOGOU
-------------------------------------------------------------------------
Thu May 02 2024 13:46:54 GMT-0300 (Horário Padrão de Brasília)
Banco de Dados CEJUSC fechado.
-------------------------------------------------------------------------
Thu May 02 2024 13:46:55 GMT-0300 (Horário Padrão de Brasília)
GET
/principal/13326574860.nhegpdjtqzuszxem.home
GET
-------------------------------------------------------------------------
Thu May 02 2024 13:46:56 GMT-0300 (Horário Padrão de Brasília)
/principal/13326574860.nhegpdjtqzuszxem.pauta
-------------------------------------------------------------------------
Thu May 02 2024 13:58:53 GMT-0300 (Horário Padrão de Brasília)
GET
/
-------------------------------------------------------------------------
Thu May 02 2024 13:58:56 GMT-0300 (Horário Padrão de Brasília)
POST
/valida/api
Usuário: 13326574860
-------------------------------------------------------------------------
Thu May 02 2024 13:58:56 GMT-0300 (Horário Padrão de Brasília)
Conectado ao Banco de Dados CEJUSC.
-------------------------------------------------------------------------
Thu May 02 2024 13:58:56 GMT-0300 (Horário Padrão de Brasília)
Renato Ferreira >>>LOGOU
-------------------------------------------------------------------------
Thu May 02 2024 13:58:56 GMT-0300 (Horário Padrão de Brasília)
Banco de Dados CEJUSC fechado.
-------------------------------------------------------------------------
Thu May 02 2024 13:58:56 GMT-0300 (Horário Padrão de Brasília)
/principal/13326574860.rdjvrztycaomqcba.home
GET
GET
/principal/13326574860.rdjvrztycaomqcba.pauta
-------------------------------------------------------------------------
Thu May 02 2024 13:58:58 GMT-0300 (Horário Padrão de Brasília)
-------------------------------------------------------------------------
Thu May 02 2024 14:04:15 GMT-0300 (Horário Padrão de Brasília)
GET
/
Usuário: 13326574860
-------------------------------------------------------------------------
Thu May 02 2024 14:04:18 GMT-0300 (Horário Padrão de Brasília)
-------------------------------------------------------------------------
Thu May 02 2024 14:04:18 GMT-0300 (Horário Padrão de Brasília)
Conectado ao Banco de Dados CEJUSC.
POST
/valida/api
-------------------------------------------------------------------------
Thu May 02 2024 14:04:18 GMT-0300 (Horário Padrão de Brasília)
Renato Ferreira >>>LOGOU
-------------------------------------------------------------------------
Thu May 02 2024 14:04:18 GMT-0300 (Horário Padrão de Brasília)
Banco de Dados CEJUSC fechado.
-------------------------------------------------------------------------
Thu May 02 2024 14:04:19 GMT-0300 (Horário Padrão de Brasília)
GET
/principal/13326574860.nrvexuncxreqxqbo.home
-------------------------------------------------------------------------
Thu May 02 2024 14:04:20 GMT-0300 (Horário Padrão de Brasília)
GET
/principal/13326574860.nrvexuncxreqxqbo.andamento
-------------------------------------------------------------------------
Thu May 02 2024 14:04:21 GMT-0300 (Horário Padrão de Brasília)
GET
/principal/13326574860.nrvexuncxreqxqbo.pauta
-------------------------------------------------------------------------
Thu May 02 2024 14:06:47 GMT-0300 (Horário Padrão de Brasília)
GET
/
POST
Usuário: 13326574860
/valida/api
-------------------------------------------------------------------------
Thu May 02 2024 14:06:50 GMT-0300 (Horário Padrão de Brasília)
-------------------------------------------------------------------------
Thu May 02 2024 14:06:50 GMT-0300 (Horário Padrão de Brasília)
Conectado ao Banco de Dados CEJUSC.
-------------------------------------------------------------------------
Thu May 02 2024 14:06:50 GMT-0300 (Horário Padrão de Brasília)
Renato Ferreira >>>LOGOU
-------------------------------------------------------------------------
Thu May 02 2024 14:06:50 GMT-0300 (Horário Padrão de Brasília)
Banco de Dados CEJUSC fechado.
-------------------------------------------------------------------------
Thu May 02 2024 14:06:50 GMT-0300 (Horário Padrão de Brasília)
GET
/principal/13326574860.zgrgvqmhjjancjbg.home
-------------------------------------------------------------------------
Thu May 02 2024 14:06:51 GMT-0300 (Horário Padrão de Brasília)
GET
/principal/13326574860.zgrgvqmhjjancjbg.pauta
-------------------------------------------------------------------------
Thu May 02 2024 14:07:44 GMT-0300 (Horário Padrão de Brasília)
GET
/principal/13326574860.zgrgvqmhjjancjbg.pauta
-------------------------------------------------------------------------
Thu May 02 2024 14:14:39 GMT-0300 (Horário Padrão de Brasília)
GET
/principal/13326574860.zgrgvqmhjjancjbg.home
-------------------------------------------------------------------------
Thu May 02 2024 14:14:40 GMT-0300 (Horário Padrão de Brasília)
GET
/principal/13326574860.zgrgvqmhjjancjbg.reclamacao
-------------------------------------------------------------------------
Thu May 02 2024 14:14:41 GMT-0300 (Horário Padrão de Brasília)
GET
/principal/13326574860.zgrgvqmhjjancjbg.andamento
-------------------------------------------------------------------------
Thu May 02 2024 14:14:42 GMT-0300 (Horário Padrão de Brasília)
GET
/principal/13326574860.zgrgvqmhjjancjbg.pauta
GET
-------------------------------------------------------------------------
Thu May 02 2024 14:18:56 GMT-0300 (Horário Padrão de Brasília)
/principal/13326574860.zgrgvqmhjjancjbg.pauta
-------------------------------------------------------------------------
Thu May 02 2024 14:19:06 GMT-0300 (Horário Padrão de Brasília)
GET
/principal/13326574860.zgrgvqmhjjancjbg.pauta
-------------------------------------------------------------------------
Thu May 02 2024 14:19:52 GMT-0300 (Horário Padrão de Brasília)
GET
/principal/13326574860.zgrgvqmhjjancjbg.pauta
-------------------------------------------------------------------------
Thu May 02 2024 14:21:34 GMT-0300 (Horário Padrão de Brasília)
GET
/principal/13326574860.zgrgvqmhjjancjbg.pauta
-------------------------------------------------------------------------
Thu May 02 2024 14:22:48 GMT-0300 (Horário Padrão de Brasília)
GET
/principal/13326574860.zgrgvqmhjjancjbg.pauta
/principal/13326574860.zgrgvqmhjjancjbg.pauta
GET
-------------------------------------------------------------------------
Thu May 02 2024 14:24:11 GMT-0300 (Horário Padrão de Brasília)
-------------------------------------------------------------------------
Thu May 02 2024 14:27:33 GMT-0300 (Horário Padrão de Brasília)
GET
/principal/13326574860.zgrgvqmhjjancjbg.reclamacao
-------------------------------------------------------------------------
Thu May 02 2024 14:27:34 GMT-0300 (Horário Padrão de Brasília)
GET
/principal/13326574860.zgrgvqmhjjancjbg.andamento
GET
-------------------------------------------------------------------------
Thu May 02 2024 14:27:35 GMT-0300 (Horário Padrão de Brasília)
/principal/13326574860.zgrgvqmhjjancjbg.pauta
-------------------------------------------------------------------------
Thu May 02 2024 14:28:05 GMT-0300 (Horário Padrão de Brasília)
GET
/principal/13326574860.zgrgvqmhjjancjbg.pauta
-------------------------------------------------------------------------
Thu May 02 2024 14:30:07 GMT-0300 (Horário Padrão de Brasília)
GET
/principal/13326574860.zgrgvqmhjjancjbg.pauta
-------------------------------------------------------------------------
Thu May 02 2024 14:36:52 GMT-0300 (Horário Padrão de Brasília)
GET
/principal/13326574860.zgrgvqmhjjancjbg.pauta
GET
-------------------------------------------------------------------------
Thu May 02 2024 14:36:58 GMT-0300 (Horário Padrão de Brasília)
/principal/13326574860.zgrgvqmhjjancjbg.pauta
-------------------------------------------------------------------------
Thu May 02 2024 14:37:08 GMT-0300 (Horário Padrão de Brasília)
GET
/principal/13326574860.zgrgvqmhjjancjbg.pauta
-------------------------------------------------------------------------
Thu May 02 2024 14:41:25 GMT-0300 (Horário Padrão de Brasília)
GET
/principal/13326574860.zgrgvqmhjjancjbg.pauta
GET
-------------------------------------------------------------------------
Thu May 02 2024 14:43:02 GMT-0300 (Horário Padrão de Brasília)
/principal/13326574860.zgrgvqmhjjancjbg.pauta
GET
/principal/13326574860.zgrgvqmhjjancjbg.pauta
-------------------------------------------------------------------------
Thu May 02 2024 14:46:38 GMT-0300 (Horário Padrão de Brasília)
-------------------------------------------------------------------------
Thu May 02 2024 14:47:08 GMT-0300 (Horário Padrão de Brasília)
GET
/principal/13326574860.zgrgvqmhjjancjbg.pauta
GET
-------------------------------------------------------------------------
Thu May 02 2024 14:53:32 GMT-0300 (Horário Padrão de Brasília)
/principal/13326574860.zgrgvqmhjjancjbg.andamento
-------------------------------------------------------------------------
Thu May 02 2024 14:53:34 GMT-0300 (Horário Padrão de Brasília)
GET
/principal/13326574860.zgrgvqmhjjancjbg.reclamacao
-------------------------------------------------------------------------
Thu May 02 2024 14:53:36 GMT-0300 (Horário Padrão de Brasília)
GET
/principal/13326574860.zgrgvqmhjjancjbg.pauta
-------------------------------------------------------------------------
Thu May 02 2024 15:00:07 GMT-0300 (Horário Padrão de Brasília)
GET
/principal/13326574860.zgrgvqmhjjancjbg.andamento
-------------------------------------------------------------------------
Thu May 02 2024 15:00:08 GMT-0300 (Horário Padrão de Brasília)
GET
/principal/13326574860.zgrgvqmhjjancjbg.pauta
-------------------------------------------------------------------------
Thu May 02 2024 15:02:26 GMT-0300 (Horário Padrão de Brasília)
/principal/13326574860.zgrgvqmhjjancjbg.home
GET
GET
-------------------------------------------------------------------------
Thu May 02 2024 15:02:27 GMT-0300 (Horário Padrão de Brasília)
/principal/13326574860.zgrgvqmhjjancjbg.pauta
-------------------------------------------------------------------------
Thu May 02 2024 15:05:05 GMT-0300 (Horário Padrão de Brasília)
GET
/principal/13326574860.zgrgvqmhjjancjbg.home
-------------------------------------------------------------------------
Thu May 02 2024 15:05:07 GMT-0300 (Horário Padrão de Brasília)
/principal/13326574860.zgrgvqmhjjancjbg.reclamacao
GET
-------------------------------------------------------------------------
Thu May 02 2024 15:05:08 GMT-0300 (Horário Padrão de Brasília)
GET
/principal/13326574860.zgrgvqmhjjancjbg.andamento
-------------------------------------------------------------------------
Thu May 02 2024 15:05:10 GMT-0300 (Horário Padrão de Brasília)
GET
/principal/13326574860.zgrgvqmhjjancjbg.pauta
-------------------------------------------------------------------------
Thu May 02 2024 15:06:10 GMT-0300 (Horário Padrão de Brasília)
GET
/principal/13326574860.zgrgvqmhjjancjbg.home
-------------------------------------------------------------------------
Thu May 02 2024 15:06:11 GMT-0300 (Horário Padrão de Brasília)
GET
/principal/13326574860.zgrgvqmhjjancjbg.reclamacao
-------------------------------------------------------------------------
Thu May 02 2024 15:06:15 GMT-0300 (Horário Padrão de Brasília)
GET
/principal/13326574860.zgrgvqmhjjancjbg.pauta
-------------------------------------------------------------------------
Thu May 02 2024 15:08:04 GMT-0300 (Horário Padrão de Brasília)
GET
/principal/13326574860.zgrgvqmhjjancjbg.pauta
-------------------------------------------------------------------------
Thu May 02 2024 15:08:16 GMT-0300 (Horário Padrão de Brasília)
GET
/principal/13326574860.zgrgvqmhjjancjbg.home
GET
/
-------------------------------------------------------------------------
Thu May 02 2024 15:08:33 GMT-0300 (Horário Padrão de Brasília)
-------------------------------------------------------------------------
Thu May 02 2024 15:14:30 GMT-0300 (Horário Padrão de Brasília)
Usuário: 13326574860
/valida/api
POST
Conectado ao Banco de Dados CEJUSC.
-------------------------------------------------------------------------
Thu May 02 2024 15:14:30 GMT-0300 (Horário Padrão de Brasília)
-------------------------------------------------------------------------
Thu May 02 2024 15:14:30 GMT-0300 (Horário Padrão de Brasília)
Renato Ferreira >>>LOGOU
-------------------------------------------------------------------------
Thu May 02 2024 15:14:30 GMT-0300 (Horário Padrão de Brasília)
Banco de Dados CEJUSC fechado.
GET
-------------------------------------------------------------------------
Thu May 02 2024 15:14:30 GMT-0300 (Horário Padrão de Brasília)
/principal/13326574860.irulrpokkkgmfnlt.home
GET
-------------------------------------------------------------------------
Thu May 02 2024 15:14:32 GMT-0300 (Horário Padrão de Brasília)
/principal/13326574860.irulrpokkkgmfnlt.pauta
-------------------------------------------------------------------------
Thu May 02 2024 15:20:05 GMT-0300 (Horário Padrão de Brasília)
GET
/principal/13326574860.irulrpokkkgmfnlt.home
-------------------------------------------------------------------------
Thu May 02 2024 15:20:11 GMT-0300 (Horário Padrão de Brasília)
GET
/
-------------------------------------------------------------------------
Thu May 02 2024 15:20:14 GMT-0300 (Horário Padrão de Brasília)
POST
Usuário: 13326574860
/valida/api
-------------------------------------------------------------------------
Thu May 02 2024 15:20:14 GMT-0300 (Horário Padrão de Brasília)
Conectado ao Banco de Dados CEJUSC.
-------------------------------------------------------------------------
Thu May 02 2024 15:20:14 GMT-0300 (Horário Padrão de Brasília)
-------------------------------------------------------------------------
Thu May 02 2024 15:20:14 GMT-0300 (Horário Padrão de Brasília)
Renato Ferreira >>>LOGOU
Banco de Dados CEJUSC fechado.
-------------------------------------------------------------------------
Thu May 02 2024 15:20:14 GMT-0300 (Horário Padrão de Brasília)
GET
/principal/13326574860.phgpixbjcfnbxsol.home
-------------------------------------------------------------------------
Thu May 02 2024 15:22:54 GMT-0300 (Horário Padrão de Brasília)
GET
/principal/13326574860.phgpixbjcfnbxsol.pauta
-------------------------------------------------------------------------
Thu May 02 2024 15:23:52 GMT-0300 (Horário Padrão de Brasília)
/principal/13326574860.phgpixbjcfnbxsol.pauta
GET
-------------------------------------------------------------------------
Thu May 02 2024 15:28:04 GMT-0300 (Horário Padrão de Brasília)
GET
/
-------------------------------------------------------------------------
Thu May 02 2024 15:28:10 GMT-0300 (Horário Padrão de Brasília)
POST
Usuário: 13326574860
/valida/api
Conectado ao Banco de Dados CEJUSC.
-------------------------------------------------------------------------
Thu May 02 2024 15:28:10 GMT-0300 (Horário Padrão de Brasília)
-------------------------------------------------------------------------
Thu May 02 2024 15:28:10 GMT-0300 (Horário Padrão de Brasília)
Renato Ferreira >>>LOGOU
Banco de Dados CEJUSC fechado.
-------------------------------------------------------------------------
Thu May 02 2024 15:28:10 GMT-0300 (Horário Padrão de Brasília)
-------------------------------------------------------------------------
Thu May 02 2024 15:28:10 GMT-0300 (Horário Padrão de Brasília)
/principal/13326574860.eqlwhhqlammhqqmd.home
GET
-------------------------------------------------------------------------
Thu May 02 2024 15:28:13 GMT-0300 (Horário Padrão de Brasília)
GET
/principal/13326574860.eqlwhhqlammhqqmd.pauta
-------------------------------------------------------------------------
Thu May 02 2024 15:28:23 GMT-0300 (Horário Padrão de Brasília)
GET
/principal/13326574860.eqlwhhqlammhqqmd.pauta
GET
-------------------------------------------------------------------------
Thu May 02 2024 15:34:02 GMT-0300 (Horário Padrão de Brasília)
/principal/13326574860.eqlwhhqlammhqqmd.pauta
-------------------------------------------------------------------------
Thu May 02 2024 16:25:14 GMT-0300 (Horário Padrão de Brasília)
GET
/principal/13326574860.eqlwhhqlammhqqmd.reclamacao
-------------------------------------------------------------------------
Thu May 02 2024 16:25:15 GMT-0300 (Horário Padrão de Brasília)
GET
/principal/13326574860.eqlwhhqlammhqqmd.andamento
-------------------------------------------------------------------------
Thu May 02 2024 16:25:17 GMT-0300 (Horário Padrão de Brasília)
GET
/principal/13326574860.eqlwhhqlammhqqmd.pauta
-------------------------------------------------------------------------
Thu May 02 2024 16:32:27 GMT-0300 (Horário Padrão de Brasília)
GET
/
