-------------------------------------------------------------------------
Fri Aug 02 2024 10:19:11 GMT-0300 (Horário Padrão de Brasília)
/
GET
-------------------------------------------------------------------------
Fri Aug 02 2024 10:19:17 GMT-0300 (Horário Padrão de Brasília)
POST
/valida/api
Usuário: 13326574860
-------------------------------------------------------------------------
Fri Aug 02 2024 10:19:17 GMT-0300 (Horário Padrão de Brasília)
Conectado ao Banco de Dados CEJUSC.
-------------------------------------------------------------------------
Fri Aug 02 2024 10:19:17 GMT-0300 (Horário Padrão de Brasília)
Renato Ferreira >>>LOGOU
Banco de Dados CEJUSC fechado.
-------------------------------------------------------------------------
Fri Aug 02 2024 10:19:17 GMT-0300 (Horário Padrão de Brasília)
-------------------------------------------------------------------------
Fri Aug 02 2024 10:19:17 GMT-0300 (Horário Padrão de Brasília)
/principal/13326574860.ssidfeymrfsomzqi.presenca
GET
-------------------------------------------------------------------------
Fri Aug 02 2024 10:19:22 GMT-0300 (Horário Padrão de Brasília)
/presenca/processo
POST
-------------------------------------------------------------------------
Fri Aug 02 2024 10:19:22 GMT-0300 (Horário Padrão de Brasília)
Conectado ao Banco de Dados CEJUSC.
-------------------------------------------------------------------------
Fri Aug 02 2024 10:19:22 GMT-0300 (Horário Padrão de Brasília)
Uma linha FOI encontrada. Processo: 1002546-64.2024
Banco de Dados CEJUSC fechado.
-------------------------------------------------------------------------
Fri Aug 02 2024 10:19:22 GMT-0300 (Horário Padrão de Brasília)
-------------------------------------------------------------------------
Fri Aug 02 2024 10:34:01 GMT-0300 (Horário Padrão de Brasília)
GET
/principal/13326574860.ssidfeymrfsomzqi.conciliador
GET
-------------------------------------------------------------------------
Fri Aug 02 2024 10:34:02 GMT-0300 (Horário Padrão de Brasília)
/principal/13326574860.ssidfeymrfsomzqi.presenca
-------------------------------------------------------------------------
Fri Aug 02 2024 11:24:06 GMT-0300 (Horário Padrão de Brasília)
Usuário 13326574860 DESLOGOU >>>
/logout/13326574860
GET
GET
-------------------------------------------------------------------------
Fri Aug 02 2024 11:24:06 GMT-0300 (Horário Padrão de Brasília)
/
-------------------------------------------------------------------------
Fri Aug 02 2024 11:54:35 GMT-0300 (Horário Padrão de Brasília)
POST
/valida/api
Usuário: 13326574860
-------------------------------------------------------------------------
Fri Aug 02 2024 11:54:35 GMT-0300 (Horário Padrão de Brasília)
Conectado ao Banco de Dados CEJUSC.
-------------------------------------------------------------------------
Fri Aug 02 2024 11:54:35 GMT-0300 (Horário Padrão de Brasília)
Renato Ferreira >>>LOGOU
-------------------------------------------------------------------------
Fri Aug 02 2024 11:54:35 GMT-0300 (Horário Padrão de Brasília)
Banco de Dados CEJUSC fechado.
-------------------------------------------------------------------------
Fri Aug 02 2024 11:54:35 GMT-0300 (Horário Padrão de Brasília)
/principal/13326574860.xcpupzxfniqbmixp.presenca
GET
POST
-------------------------------------------------------------------------
Fri Aug 02 2024 11:54:44 GMT-0300 (Horário Padrão de Brasília)
/presenca/processo
-------------------------------------------------------------------------
Fri Aug 02 2024 11:54:44 GMT-0300 (Horário Padrão de Brasília)
Conectado ao Banco de Dados CEJUSC.
-------------------------------------------------------------------------
Fri Aug 02 2024 11:54:44 GMT-0300 (Horário Padrão de Brasília)
Uma linha FOI encontrada. Processo: 1002546-64.2024
-------------------------------------------------------------------------
Fri Aug 02 2024 11:54:44 GMT-0300 (Horário Padrão de Brasília)
Banco de Dados CEJUSC fechado.
-------------------------------------------------------------------------
Fri Aug 02 2024 12:13:42 GMT-0300 (Horário Padrão de Brasília)
/logout/13326574860
Usuário 13326574860 DESLOGOU >>>
GET
-------------------------------------------------------------------------
Fri Aug 02 2024 12:13:42 GMT-0300 (Horário Padrão de Brasília)
GET
/
-------------------------------------------------------------------------
Fri Aug 02 2024 12:29:39 GMT-0300 (Horário Padrão de Brasília)
POST
Usuário: 13326574860
/valida/api
-------------------------------------------------------------------------
Fri Aug 02 2024 12:29:39 GMT-0300 (Horário Padrão de Brasília)
Conectado ao Banco de Dados CEJUSC.
-------------------------------------------------------------------------
Fri Aug 02 2024 12:29:39 GMT-0300 (Horário Padrão de Brasília)
Renato Ferreira >>>LOGOU
-------------------------------------------------------------------------
Fri Aug 02 2024 12:29:39 GMT-0300 (Horário Padrão de Brasília)
Banco de Dados CEJUSC fechado.
-------------------------------------------------------------------------
Fri Aug 02 2024 12:29:39 GMT-0300 (Horário Padrão de Brasília)
GET
/principal/13326574860.srqugqjekkswxezz.presenca
-------------------------------------------------------------------------
Fri Aug 02 2024 12:29:44 GMT-0300 (Horário Padrão de Brasília)
POST
/presenca/processo
-------------------------------------------------------------------------
Fri Aug 02 2024 12:29:44 GMT-0300 (Horário Padrão de Brasília)
Conectado ao Banco de Dados CEJUSC.
-------------------------------------------------------------------------
Fri Aug 02 2024 12:29:44 GMT-0300 (Horário Padrão de Brasília)
Uma linha FOI encontrada. Processo: 1002546-64.2024
-------------------------------------------------------------------------
Fri Aug 02 2024 12:29:44 GMT-0300 (Horário Padrão de Brasília)
Banco de Dados CEJUSC fechado.
GET
-------------------------------------------------------------------------
Fri Aug 02 2024 13:02:44 GMT-0300 (Horário Padrão de Brasília)
/logout/13326574860
Usuário 13326574860 DESLOGOU >>>
GET
-------------------------------------------------------------------------
Fri Aug 02 2024 13:02:44 GMT-0300 (Horário Padrão de Brasília)
/
-------------------------------------------------------------------------
Fri Aug 02 2024 13:36:50 GMT-0300 (Horário Padrão de Brasília)
POST
/valida/api
Usuário: 13326574860
-------------------------------------------------------------------------
Fri Aug 02 2024 13:36:50 GMT-0300 (Horário Padrão de Brasília)
Conectado ao Banco de Dados CEJUSC.
-------------------------------------------------------------------------
Fri Aug 02 2024 13:36:50 GMT-0300 (Horário Padrão de Brasília)
Renato Ferreira >>>LOGOU
-------------------------------------------------------------------------
Fri Aug 02 2024 13:36:50 GMT-0300 (Horário Padrão de Brasília)
Banco de Dados CEJUSC fechado.
-------------------------------------------------------------------------
Fri Aug 02 2024 13:36:50 GMT-0300 (Horário Padrão de Brasília)
/principal/13326574860.zwhkjlhdzbugylow.presenca
GET
-------------------------------------------------------------------------
Fri Aug 02 2024 13:36:55 GMT-0300 (Horário Padrão de Brasília)
POST
/presenca/processo
-------------------------------------------------------------------------
Fri Aug 02 2024 13:36:55 GMT-0300 (Horário Padrão de Brasília)
Conectado ao Banco de Dados CEJUSC.
-------------------------------------------------------------------------
Fri Aug 02 2024 13:36:55 GMT-0300 (Horário Padrão de Brasília)
Uma linha FOI encontrada. Processo: 1002546-64.2024
Banco de Dados CEJUSC fechado.
-------------------------------------------------------------------------
Fri Aug 02 2024 13:36:55 GMT-0300 (Horário Padrão de Brasília)
-------------------------------------------------------------------------
Fri Aug 02 2024 13:37:33 GMT-0300 (Horário Padrão de Brasília)
GET
/principal/13326574860.zwhkjlhdzbugylow.pauta
-------------------------------------------------------------------------
Fri Aug 02 2024 13:37:34 GMT-0300 (Horário Padrão de Brasília)
GET
/principal/13326574860.zwhkjlhdzbugylow.presenca
POST
-------------------------------------------------------------------------
Fri Aug 02 2024 13:37:40 GMT-0300 (Horário Padrão de Brasília)
/presenca/processo
-------------------------------------------------------------------------
Fri Aug 02 2024 13:37:40 GMT-0300 (Horário Padrão de Brasília)
Conectado ao Banco de Dados CEJUSC.
-------------------------------------------------------------------------
Fri Aug 02 2024 13:37:40 GMT-0300 (Horário Padrão de Brasília)
Uma linha NÃO foi encontrada. Processo: 0000000-00.0000
Banco de Dados CEJUSC fechado.
-------------------------------------------------------------------------
Fri Aug 02 2024 13:37:40 GMT-0300 (Horário Padrão de Brasília)
-------------------------------------------------------------------------
Fri Aug 02 2024 13:37:45 GMT-0300 (Horário Padrão de Brasília)
/presenca/nome
POST
-------------------------------------------------------------------------
Fri Aug 02 2024 13:37:45 GMT-0300 (Horário Padrão de Brasília)
Conectado ao Banco de Dados CEJUSC.
-------------------------------------------------------------------------
Fri Aug 02 2024 13:37:45 GMT-0300 (Horário Padrão de Brasília)
Uma linha FOI encontrada. Nome: %marcos% Processo: 1003000-44.2024
Banco de Dados CEJUSC fechado.
-------------------------------------------------------------------------
Fri Aug 02 2024 13:37:45 GMT-0300 (Horário Padrão de Brasília)
-------------------------------------------------------------------------
Fri Aug 02 2024 13:37:45 GMT-0300 (Horário Padrão de Brasília)
POST
/presenca/processo
-------------------------------------------------------------------------
Fri Aug 02 2024 13:37:45 GMT-0300 (Horário Padrão de Brasília)
Conectado ao Banco de Dados CEJUSC.
-------------------------------------------------------------------------
Fri Aug 02 2024 13:37:45 GMT-0300 (Horário Padrão de Brasília)
Uma linha FOI encontrada. Processo: 1003000-44.2024
-------------------------------------------------------------------------
Fri Aug 02 2024 13:37:45 GMT-0300 (Horário Padrão de Brasília)
Banco de Dados CEJUSC fechado.
-------------------------------------------------------------------------
Fri Aug 02 2024 13:39:33 GMT-0300 (Horário Padrão de Brasília)
POST
/presenca/processo
-------------------------------------------------------------------------
Fri Aug 02 2024 13:39:33 GMT-0300 (Horário Padrão de Brasília)
Conectado ao Banco de Dados CEJUSC.
-------------------------------------------------------------------------
Fri Aug 02 2024 13:39:33 GMT-0300 (Horário Padrão de Brasília)
Uma linha FOI encontrada. Processo: 1002546-64.2024
Banco de Dados CEJUSC fechado.
-------------------------------------------------------------------------
Fri Aug 02 2024 13:39:33 GMT-0300 (Horário Padrão de Brasília)
-------------------------------------------------------------------------
Fri Aug 02 2024 13:47:35 GMT-0300 (Horário Padrão de Brasília)
GET
/principal/13326574860.zwhkjlhdzbugylow.completas
/principal/13326574860.zwhkjlhdzbugylow.presenca
GET
-------------------------------------------------------------------------
Fri Aug 02 2024 13:47:36 GMT-0300 (Horário Padrão de Brasília)
POST
-------------------------------------------------------------------------
Fri Aug 02 2024 13:47:40 GMT-0300 (Horário Padrão de Brasília)
/presenca/processo
Conectado ao Banco de Dados CEJUSC.
-------------------------------------------------------------------------
Fri Aug 02 2024 13:47:40 GMT-0300 (Horário Padrão de Brasília)
Uma linha FOI encontrada. Processo: 1002546-64.2024
-------------------------------------------------------------------------
Fri Aug 02 2024 13:47:40 GMT-0300 (Horário Padrão de Brasília)
Banco de Dados CEJUSC fechado.
-------------------------------------------------------------------------
Fri Aug 02 2024 13:47:40 GMT-0300 (Horário Padrão de Brasília)
-------------------------------------------------------------------------
Fri Aug 02 2024 13:49:52 GMT-0300 (Horário Padrão de Brasília)
GET
/principal/13326574860.zwhkjlhdzbugylow.completas
-------------------------------------------------------------------------
Fri Aug 02 2024 13:49:53 GMT-0300 (Horário Padrão de Brasília)
GET
/principal/13326574860.zwhkjlhdzbugylow.presenca
/presenca/processo
-------------------------------------------------------------------------
Fri Aug 02 2024 13:49:58 GMT-0300 (Horário Padrão de Brasília)
POST
-------------------------------------------------------------------------
Fri Aug 02 2024 13:49:58 GMT-0300 (Horário Padrão de Brasília)
Conectado ao Banco de Dados CEJUSC.
-------------------------------------------------------------------------
Fri Aug 02 2024 13:49:58 GMT-0300 (Horário Padrão de Brasília)
Uma linha FOI encontrada. Processo: 1002546-64.2024
-------------------------------------------------------------------------
Fri Aug 02 2024 13:49:58 GMT-0300 (Horário Padrão de Brasília)
Banco de Dados CEJUSC fechado.
GET
/principal/13326574860.zwhkjlhdzbugylow.completas
-------------------------------------------------------------------------
Fri Aug 02 2024 13:57:02 GMT-0300 (Horário Padrão de Brasília)
-------------------------------------------------------------------------
Fri Aug 02 2024 13:57:03 GMT-0300 (Horário Padrão de Brasília)
/principal/13326574860.zwhkjlhdzbugylow.presenca
GET
/presenca/nome
POST
-------------------------------------------------------------------------
Fri Aug 02 2024 13:57:08 GMT-0300 (Horário Padrão de Brasília)
-------------------------------------------------------------------------
Fri Aug 02 2024 13:57:08 GMT-0300 (Horário Padrão de Brasília)
Conectado ao Banco de Dados CEJUSC.
Uma linha FOI encontrada. Nome: %marcos% Processo: 1003000-44.2024
-------------------------------------------------------------------------
Fri Aug 02 2024 13:57:08 GMT-0300 (Horário Padrão de Brasília)
-------------------------------------------------------------------------
Fri Aug 02 2024 13:57:08 GMT-0300 (Horário Padrão de Brasília)
Banco de Dados CEJUSC fechado.
-------------------------------------------------------------------------
Fri Aug 02 2024 13:57:08 GMT-0300 (Horário Padrão de Brasília)
/presenca/processo
POST
-------------------------------------------------------------------------
Fri Aug 02 2024 13:57:08 GMT-0300 (Horário Padrão de Brasília)
Conectado ao Banco de Dados CEJUSC.
-------------------------------------------------------------------------
Fri Aug 02 2024 13:57:08 GMT-0300 (Horário Padrão de Brasília)
Uma linha FOI encontrada. Processo: 1003000-44.2024
-------------------------------------------------------------------------
Fri Aug 02 2024 13:57:08 GMT-0300 (Horário Padrão de Brasília)
Banco de Dados CEJUSC fechado.
-------------------------------------------------------------------------
Fri Aug 02 2024 14:01:39 GMT-0300 (Horário Padrão de Brasília)
GET
/principal/13326574860.zwhkjlhdzbugylow.conciliador
-------------------------------------------------------------------------
Fri Aug 02 2024 14:01:41 GMT-0300 (Horário Padrão de Brasília)
/logout/13326574860
Usuário 13326574860 DESLOGOU >>>
GET
-------------------------------------------------------------------------
Fri Aug 02 2024 14:01:41 GMT-0300 (Horário Padrão de Brasília)
/
GET
-------------------------------------------------------------------------
Fri Aug 02 2024 14:01:49 GMT-0300 (Horário Padrão de Brasília)
POST
/valida/api
Usuário: 13326574860
-------------------------------------------------------------------------
Fri Aug 02 2024 14:01:49 GMT-0300 (Horário Padrão de Brasília)
Conectado ao Banco de Dados CEJUSC.
-------------------------------------------------------------------------
Fri Aug 02 2024 14:01:49 GMT-0300 (Horário Padrão de Brasília)
Renato Ferreira >>>LOGOU
-------------------------------------------------------------------------
Fri Aug 02 2024 14:01:49 GMT-0300 (Horário Padrão de Brasília)
Banco de Dados CEJUSC fechado.
-------------------------------------------------------------------------
Fri Aug 02 2024 14:01:49 GMT-0300 (Horário Padrão de Brasília)
GET
/principal/13326574860.lqlwacolkvrmlljw.presenca
-------------------------------------------------------------------------
Fri Aug 02 2024 14:01:54 GMT-0300 (Horário Padrão de Brasília)
/presenca/processo
POST
-------------------------------------------------------------------------
Fri Aug 02 2024 14:01:54 GMT-0300 (Horário Padrão de Brasília)
Conectado ao Banco de Dados CEJUSC.
-------------------------------------------------------------------------
Fri Aug 02 2024 14:01:54 GMT-0300 (Horário Padrão de Brasília)
Uma linha FOI encontrada. Processo: 1002546-64.2024
-------------------------------------------------------------------------
Fri Aug 02 2024 14:01:54 GMT-0300 (Horário Padrão de Brasília)
Banco de Dados CEJUSC fechado.
-------------------------------------------------------------------------
Fri Aug 02 2024 14:03:52 GMT-0300 (Horário Padrão de Brasília)
GET
/principal/13326574860.lqlwacolkvrmlljw.conciliador
-------------------------------------------------------------------------
Fri Aug 02 2024 14:03:54 GMT-0300 (Horário Padrão de Brasília)
GET
/principal/13326574860.lqlwacolkvrmlljw.presenca
/presenca/processo
-------------------------------------------------------------------------
Fri Aug 02 2024 14:03:58 GMT-0300 (Horário Padrão de Brasília)
POST
-------------------------------------------------------------------------
Fri Aug 02 2024 14:03:58 GMT-0300 (Horário Padrão de Brasília)
Conectado ao Banco de Dados CEJUSC.
-------------------------------------------------------------------------
Fri Aug 02 2024 14:03:58 GMT-0300 (Horário Padrão de Brasília)
Uma linha FOI encontrada. Processo: 1002546-64.2024
-------------------------------------------------------------------------
Fri Aug 02 2024 14:03:58 GMT-0300 (Horário Padrão de Brasília)
Banco de Dados CEJUSC fechado.
-------------------------------------------------------------------------
Fri Aug 02 2024 14:09:54 GMT-0300 (Horário Padrão de Brasília)
GET
/principal/13326574860.lqlwacolkvrmlljw.conciliador
-------------------------------------------------------------------------
Fri Aug 02 2024 14:10:02 GMT-0300 (Horário Padrão de Brasília)
/logout/13326574860
GET
Usuário 13326574860 DESLOGOU >>>
-------------------------------------------------------------------------
Fri Aug 02 2024 14:10:02 GMT-0300 (Horário Padrão de Brasília)
GET
/
-------------------------------------------------------------------------
Fri Aug 02 2024 14:10:08 GMT-0300 (Horário Padrão de Brasília)
POST
/valida/api
Usuário: 13326574860
-------------------------------------------------------------------------
Fri Aug 02 2024 14:10:08 GMT-0300 (Horário Padrão de Brasília)
Conectado ao Banco de Dados CEJUSC.
Renato Ferreira >>>LOGOU
-------------------------------------------------------------------------
Fri Aug 02 2024 14:10:08 GMT-0300 (Horário Padrão de Brasília)
-------------------------------------------------------------------------
Fri Aug 02 2024 14:10:08 GMT-0300 (Horário Padrão de Brasília)
Banco de Dados CEJUSC fechado.
-------------------------------------------------------------------------
Fri Aug 02 2024 14:10:08 GMT-0300 (Horário Padrão de Brasília)
GET
/principal/13326574860.mavoaputjrrtawsu.presenca
-------------------------------------------------------------------------
Fri Aug 02 2024 14:10:13 GMT-0300 (Horário Padrão de Brasília)
POST
/presenca/processo
-------------------------------------------------------------------------
Fri Aug 02 2024 14:10:13 GMT-0300 (Horário Padrão de Brasília)
Conectado ao Banco de Dados CEJUSC.
-------------------------------------------------------------------------
Fri Aug 02 2024 14:10:13 GMT-0300 (Horário Padrão de Brasília)
Uma linha FOI encontrada. Processo: 1002546-64.2024
-------------------------------------------------------------------------
Fri Aug 02 2024 14:10:13 GMT-0300 (Horário Padrão de Brasília)
Banco de Dados CEJUSC fechado.
-------------------------------------------------------------------------
Fri Aug 02 2024 14:11:48 GMT-0300 (Horário Padrão de Brasília)
GET
/principal/13326574860.mavoaputjrrtawsu.completas
-------------------------------------------------------------------------
Fri Aug 02 2024 14:11:49 GMT-0300 (Horário Padrão de Brasília)
GET
/principal/13326574860.mavoaputjrrtawsu.presenca
-------------------------------------------------------------------------
Fri Aug 02 2024 14:11:54 GMT-0300 (Horário Padrão de Brasília)
POST
/presenca/nome
-------------------------------------------------------------------------
Fri Aug 02 2024 14:11:54 GMT-0300 (Horário Padrão de Brasília)
Conectado ao Banco de Dados CEJUSC.
-------------------------------------------------------------------------
Fri Aug 02 2024 14:11:54 GMT-0300 (Horário Padrão de Brasília)
Uma linha FOI encontrada. Nome: %marcos% Processo: 1003000-44.2024
-------------------------------------------------------------------------
Fri Aug 02 2024 14:11:54 GMT-0300 (Horário Padrão de Brasília)
Banco de Dados CEJUSC fechado.
-------------------------------------------------------------------------
Fri Aug 02 2024 14:11:54 GMT-0300 (Horário Padrão de Brasília)
POST
/presenca/processo
-------------------------------------------------------------------------
Fri Aug 02 2024 14:11:54 GMT-0300 (Horário Padrão de Brasília)
Conectado ao Banco de Dados CEJUSC.
-------------------------------------------------------------------------
Fri Aug 02 2024 14:11:54 GMT-0300 (Horário Padrão de Brasília)
Uma linha FOI encontrada. Processo: 1003000-44.2024
-------------------------------------------------------------------------
Fri Aug 02 2024 14:11:54 GMT-0300 (Horário Padrão de Brasília)
Banco de Dados CEJUSC fechado.
POST
-------------------------------------------------------------------------
Fri Aug 02 2024 14:13:02 GMT-0300 (Horário Padrão de Brasília)
/presenca/nome
-------------------------------------------------------------------------
Fri Aug 02 2024 14:13:02 GMT-0300 (Horário Padrão de Brasília)
Conectado ao Banco de Dados CEJUSC.
-------------------------------------------------------------------------
Fri Aug 02 2024 14:13:02 GMT-0300 (Horário Padrão de Brasília)
Uma linha FOI encontrada. Nome: %marcos% Processo: 1003000-44.2024
Banco de Dados CEJUSC fechado.
-------------------------------------------------------------------------
Fri Aug 02 2024 14:13:02 GMT-0300 (Horário Padrão de Brasília)
-------------------------------------------------------------------------
Fri Aug 02 2024 14:13:02 GMT-0300 (Horário Padrão de Brasília)
/presenca/processo
POST
Conectado ao Banco de Dados CEJUSC.
-------------------------------------------------------------------------
Fri Aug 02 2024 14:13:02 GMT-0300 (Horário Padrão de Brasília)
-------------------------------------------------------------------------
Fri Aug 02 2024 14:13:02 GMT-0300 (Horário Padrão de Brasília)
Uma linha FOI encontrada. Processo: 1003000-44.2024
-------------------------------------------------------------------------
Fri Aug 02 2024 14:13:02 GMT-0300 (Horário Padrão de Brasília)
Banco de Dados CEJUSC fechado.
-------------------------------------------------------------------------
Fri Aug 02 2024 14:13:04 GMT-0300 (Horário Padrão de Brasília)
/principal/13326574860.mavoaputjrrtawsu.conciliador
GET
-------------------------------------------------------------------------
Fri Aug 02 2024 14:13:05 GMT-0300 (Horário Padrão de Brasília)
GET
/principal/13326574860.mavoaputjrrtawsu.presenca
/presenca/nome
-------------------------------------------------------------------------
Fri Aug 02 2024 14:13:10 GMT-0300 (Horário Padrão de Brasília)
POST
Conectado ao Banco de Dados CEJUSC.
-------------------------------------------------------------------------
Fri Aug 02 2024 14:13:10 GMT-0300 (Horário Padrão de Brasília)
-------------------------------------------------------------------------
Fri Aug 02 2024 14:13:10 GMT-0300 (Horário Padrão de Brasília)
Uma linha FOI encontrada. Nome: %marcos% Processo: 1003000-44.2024
-------------------------------------------------------------------------
Fri Aug 02 2024 14:13:10 GMT-0300 (Horário Padrão de Brasília)
Banco de Dados CEJUSC fechado.
-------------------------------------------------------------------------
Fri Aug 02 2024 14:13:10 GMT-0300 (Horário Padrão de Brasília)
POST
/presenca/processo
-------------------------------------------------------------------------
Fri Aug 02 2024 14:13:10 GMT-0300 (Horário Padrão de Brasília)
Conectado ao Banco de Dados CEJUSC.
-------------------------------------------------------------------------
Fri Aug 02 2024 14:13:10 GMT-0300 (Horário Padrão de Brasília)
Uma linha FOI encontrada. Processo: 1003000-44.2024
-------------------------------------------------------------------------
Fri Aug 02 2024 14:13:10 GMT-0300 (Horário Padrão de Brasília)
Banco de Dados CEJUSC fechado.
-------------------------------------------------------------------------
Fri Aug 02 2024 15:00:12 GMT-0300 (Horário Padrão de Brasília)
GET
/logout/13326574860
Usuário 13326574860 DESLOGOU >>>
-------------------------------------------------------------------------
Fri Aug 02 2024 15:00:12 GMT-0300 (Horário Padrão de Brasília)
GET
/
-------------------------------------------------------------------------
Fri Aug 02 2024 15:00:17 GMT-0300 (Horário Padrão de Brasília)
POST
/valida/api
Usuário: 13326574860
Conectado ao Banco de Dados CEJUSC.
-------------------------------------------------------------------------
Fri Aug 02 2024 15:00:17 GMT-0300 (Horário Padrão de Brasília)
-------------------------------------------------------------------------
Fri Aug 02 2024 15:00:17 GMT-0300 (Horário Padrão de Brasília)
Renato Ferreira >>>LOGOU
-------------------------------------------------------------------------
Fri Aug 02 2024 15:00:17 GMT-0300 (Horário Padrão de Brasília)
Banco de Dados CEJUSC fechado.
GET
-------------------------------------------------------------------------
Fri Aug 02 2024 15:00:17 GMT-0300 (Horário Padrão de Brasília)
/principal/13326574860.yrblvevpeuzfqlny.presenca
-------------------------------------------------------------------------
Fri Aug 02 2024 15:00:23 GMT-0300 (Horário Padrão de Brasília)
POST
/presenca/processo
-------------------------------------------------------------------------
Fri Aug 02 2024 15:00:23 GMT-0300 (Horário Padrão de Brasília)
Conectado ao Banco de Dados CEJUSC.
-------------------------------------------------------------------------
Fri Aug 02 2024 15:00:23 GMT-0300 (Horário Padrão de Brasília)
-------------------------------------------------------------------------
Fri Aug 02 2024 15:00:23 GMT-0300 (Horário Padrão de Brasília)
Banco de Dados CEJUSC fechado.
Uma linha FOI encontrada. Processo: 1002546-64.2024
GET
-------------------------------------------------------------------------
Fri Aug 02 2024 15:38:52 GMT-0300 (Horário Padrão de Brasília)
/logout/13326574860
Usuário 13326574860 DESLOGOU >>>
-------------------------------------------------------------------------
Fri Aug 02 2024 15:38:52 GMT-0300 (Horário Padrão de Brasília)
GET
/
-------------------------------------------------------------------------
Fri Aug 02 2024 15:39:51 GMT-0300 (Horário Padrão de Brasília)
Usuário: 13326574860
POST
/valida/api
-------------------------------------------------------------------------
Fri Aug 02 2024 15:39:51 GMT-0300 (Horário Padrão de Brasília)
Conectado ao Banco de Dados CEJUSC.
-------------------------------------------------------------------------
Fri Aug 02 2024 15:39:51 GMT-0300 (Horário Padrão de Brasília)
Renato Ferreira >>>LOGOU
-------------------------------------------------------------------------
Fri Aug 02 2024 15:39:51 GMT-0300 (Horário Padrão de Brasília)
Banco de Dados CEJUSC fechado.
-------------------------------------------------------------------------
Fri Aug 02 2024 15:39:51 GMT-0300 (Horário Padrão de Brasília)
/principal/13326574860.zpknoqvjmheptixt.presenca
GET
-------------------------------------------------------------------------
Fri Aug 02 2024 15:39:55 GMT-0300 (Horário Padrão de Brasília)
POST
/presenca/processo
-------------------------------------------------------------------------
Fri Aug 02 2024 15:39:55 GMT-0300 (Horário Padrão de Brasília)
Conectado ao Banco de Dados CEJUSC.
-------------------------------------------------------------------------
Fri Aug 02 2024 15:39:55 GMT-0300 (Horário Padrão de Brasília)
Uma linha FOI encontrada. Processo: 1002546-64.2024
-------------------------------------------------------------------------
Fri Aug 02 2024 15:39:55 GMT-0300 (Horário Padrão de Brasília)
Banco de Dados CEJUSC fechado.
-------------------------------------------------------------------------
Fri Aug 02 2024 15:41:18 GMT-0300 (Horário Padrão de Brasília)
GET
/logout/13326574860
Usuário 13326574860 DESLOGOU >>>
-------------------------------------------------------------------------
Fri Aug 02 2024 15:41:18 GMT-0300 (Horário Padrão de Brasília)
GET
/
-------------------------------------------------------------------------
Fri Aug 02 2024 15:41:23 GMT-0300 (Horário Padrão de Brasília)
POST
Usuário: 13326574860
/valida/api
-------------------------------------------------------------------------
Fri Aug 02 2024 15:41:23 GMT-0300 (Horário Padrão de Brasília)
Conectado ao Banco de Dados CEJUSC.
-------------------------------------------------------------------------
Fri Aug 02 2024 15:41:23 GMT-0300 (Horário Padrão de Brasília)
Renato Ferreira >>>LOGOU
-------------------------------------------------------------------------
Fri Aug 02 2024 15:41:23 GMT-0300 (Horário Padrão de Brasília)
Banco de Dados CEJUSC fechado.
-------------------------------------------------------------------------
Fri Aug 02 2024 15:41:23 GMT-0300 (Horário Padrão de Brasília)
GET
/principal/13326574860.ummuzosjsqndgsld.presenca
-------------------------------------------------------------------------
Fri Aug 02 2024 15:41:28 GMT-0300 (Horário Padrão de Brasília)
POST
/presenca/processo
-------------------------------------------------------------------------
Fri Aug 02 2024 15:41:28 GMT-0300 (Horário Padrão de Brasília)
Conectado ao Banco de Dados CEJUSC.
-------------------------------------------------------------------------
Fri Aug 02 2024 15:41:28 GMT-0300 (Horário Padrão de Brasília)
Uma linha FOI encontrada. Processo: 1002546-64.2024
-------------------------------------------------------------------------
Fri Aug 02 2024 15:41:28 GMT-0300 (Horário Padrão de Brasília)
Banco de Dados CEJUSC fechado.
-------------------------------------------------------------------------
Fri Aug 02 2024 15:44:07 GMT-0300 (Horário Padrão de Brasília)
GET
/principal/13326574860.ummuzosjsqndgsld.pauta
GET
/principal/13326574860.ummuzosjsqndgsld.presenca
-------------------------------------------------------------------------
Fri Aug 02 2024 15:44:07 GMT-0300 (Horário Padrão de Brasília)
-------------------------------------------------------------------------
Fri Aug 02 2024 15:44:12 GMT-0300 (Horário Padrão de Brasília)
/presenca/processo
POST
-------------------------------------------------------------------------
Fri Aug 02 2024 15:44:12 GMT-0300 (Horário Padrão de Brasília)
Conectado ao Banco de Dados CEJUSC.
-------------------------------------------------------------------------
Fri Aug 02 2024 15:44:12 GMT-0300 (Horário Padrão de Brasília)
Uma linha FOI encontrada. Processo: 1002546-64.2024
Banco de Dados CEJUSC fechado.
-------------------------------------------------------------------------
Fri Aug 02 2024 15:44:12 GMT-0300 (Horário Padrão de Brasília)
-------------------------------------------------------------------------
Fri Aug 02 2024 15:50:47 GMT-0300 (Horário Padrão de Brasília)
GET
/logout/13326574860
Usuário 13326574860 DESLOGOU >>>
-------------------------------------------------------------------------
Fri Aug 02 2024 15:50:47 GMT-0300 (Horário Padrão de Brasília)
GET
/
-------------------------------------------------------------------------
Fri Aug 02 2024 15:51:09 GMT-0300 (Horário Padrão de Brasília)
POST
/valida/api
Usuário: 13326574860
-------------------------------------------------------------------------
Fri Aug 02 2024 15:51:09 GMT-0300 (Horário Padrão de Brasília)
Conectado ao Banco de Dados CEJUSC.
-------------------------------------------------------------------------
Fri Aug 02 2024 15:51:09 GMT-0300 (Horário Padrão de Brasília)
Renato Ferreira >>>LOGOU
-------------------------------------------------------------------------
Fri Aug 02 2024 15:51:09 GMT-0300 (Horário Padrão de Brasília)
Banco de Dados CEJUSC fechado.
-------------------------------------------------------------------------
Fri Aug 02 2024 15:51:09 GMT-0300 (Horário Padrão de Brasília)
/principal/13326574860.rfizsqzvkovkuysm.presenca
GET
-------------------------------------------------------------------------
Fri Aug 02 2024 15:51:14 GMT-0300 (Horário Padrão de Brasília)
POST
/presenca/processo
-------------------------------------------------------------------------
Fri Aug 02 2024 15:51:14 GMT-0300 (Horário Padrão de Brasília)
Conectado ao Banco de Dados CEJUSC.
-------------------------------------------------------------------------
Fri Aug 02 2024 15:51:14 GMT-0300 (Horário Padrão de Brasília)
Uma linha FOI encontrada. Processo: 1002546-64.2024
Banco de Dados CEJUSC fechado.
-------------------------------------------------------------------------
Fri Aug 02 2024 15:51:14 GMT-0300 (Horário Padrão de Brasília)
-------------------------------------------------------------------------
Fri Aug 02 2024 15:53:30 GMT-0300 (Horário Padrão de Brasília)
GET
/principal/13326574860.rfizsqzvkovkuysm.completas
-------------------------------------------------------------------------
Fri Aug 02 2024 15:53:31 GMT-0300 (Horário Padrão de Brasília)
/principal/13326574860.rfizsqzvkovkuysm.presenca
GET
-------------------------------------------------------------------------
Fri Aug 02 2024 15:53:35 GMT-0300 (Horário Padrão de Brasília)
POST
/presenca/processo
-------------------------------------------------------------------------
Fri Aug 02 2024 15:53:35 GMT-0300 (Horário Padrão de Brasília)
Conectado ao Banco de Dados CEJUSC.
-------------------------------------------------------------------------
Fri Aug 02 2024 15:53:35 GMT-0300 (Horário Padrão de Brasília)
Uma linha FOI encontrada. Processo: 1002546-64.2024
-------------------------------------------------------------------------
Fri Aug 02 2024 15:53:35 GMT-0300 (Horário Padrão de Brasília)
Banco de Dados CEJUSC fechado.
-------------------------------------------------------------------------
Fri Aug 02 2024 15:55:28 GMT-0300 (Horário Padrão de Brasília)
GET
/principal/13326574860.rfizsqzvkovkuysm.completas
-------------------------------------------------------------------------
Fri Aug 02 2024 15:55:29 GMT-0300 (Horário Padrão de Brasília)
GET
/principal/13326574860.rfizsqzvkovkuysm.presenca
-------------------------------------------------------------------------
Fri Aug 02 2024 15:55:39 GMT-0300 (Horário Padrão de Brasília)
/presenca/processo
POST
Conectado ao Banco de Dados CEJUSC.
-------------------------------------------------------------------------
Fri Aug 02 2024 15:55:39 GMT-0300 (Horário Padrão de Brasília)
-------------------------------------------------------------------------
Fri Aug 02 2024 15:55:39 GMT-0300 (Horário Padrão de Brasília)
Uma linha FOI encontrada. Processo: 1002546-64.2024
-------------------------------------------------------------------------
Fri Aug 02 2024 15:55:39 GMT-0300 (Horário Padrão de Brasília)
Banco de Dados CEJUSC fechado.
-------------------------------------------------------------------------
Fri Aug 02 2024 16:04:49 GMT-0300 (Horário Padrão de Brasília)
Usuário 13326574860 DESLOGOU >>>
/logout/13326574860
GET
-------------------------------------------------------------------------
Fri Aug 02 2024 16:04:49 GMT-0300 (Horário Padrão de Brasília)
/
GET
-------------------------------------------------------------------------
Fri Aug 02 2024 16:04:53 GMT-0300 (Horário Padrão de Brasília)
/valida/api
Usuário: 13326574860
POST
Conectado ao Banco de Dados CEJUSC.
-------------------------------------------------------------------------
Fri Aug 02 2024 16:04:53 GMT-0300 (Horário Padrão de Brasília)
-------------------------------------------------------------------------
Fri Aug 02 2024 16:04:53 GMT-0300 (Horário Padrão de Brasília)
Renato Ferreira >>>LOGOU
-------------------------------------------------------------------------
Fri Aug 02 2024 16:04:53 GMT-0300 (Horário Padrão de Brasília)
Banco de Dados CEJUSC fechado.
-------------------------------------------------------------------------
Fri Aug 02 2024 16:04:53 GMT-0300 (Horário Padrão de Brasília)
GET
/principal/13326574860.gwaevxforjquqzwl.presenca
-------------------------------------------------------------------------
Fri Aug 02 2024 16:04:58 GMT-0300 (Horário Padrão de Brasília)
POST
/presenca/processo
Conectado ao Banco de Dados CEJUSC.
-------------------------------------------------------------------------
Fri Aug 02 2024 16:04:58 GMT-0300 (Horário Padrão de Brasília)
-------------------------------------------------------------------------
Fri Aug 02 2024 16:04:58 GMT-0300 (Horário Padrão de Brasília)
Uma linha FOI encontrada. Processo: 1002546-64.2024
-------------------------------------------------------------------------
Fri Aug 02 2024 16:04:58 GMT-0300 (Horário Padrão de Brasília)
Banco de Dados CEJUSC fechado.
-------------------------------------------------------------------------
Fri Aug 02 2024 16:07:51 GMT-0300 (Horário Padrão de Brasília)
GET
/logout/13326574860
Usuário 13326574860 DESLOGOU >>>
-------------------------------------------------------------------------
Fri Aug 02 2024 16:07:52 GMT-0300 (Horário Padrão de Brasília)
/
GET
-------------------------------------------------------------------------
Fri Aug 02 2024 16:07:57 GMT-0300 (Horário Padrão de Brasília)
POST
/valida/api
Usuário: 13326574860
Conectado ao Banco de Dados CEJUSC.
-------------------------------------------------------------------------
Fri Aug 02 2024 16:07:57 GMT-0300 (Horário Padrão de Brasília)
-------------------------------------------------------------------------
Fri Aug 02 2024 16:07:57 GMT-0300 (Horário Padrão de Brasília)
Renato Ferreira >>>LOGOU
-------------------------------------------------------------------------
Fri Aug 02 2024 16:07:57 GMT-0300 (Horário Padrão de Brasília)
Banco de Dados CEJUSC fechado.
-------------------------------------------------------------------------
Fri Aug 02 2024 16:07:57 GMT-0300 (Horário Padrão de Brasília)
GET
/principal/13326574860.xkcthptuwzyjjqmj.presenca
-------------------------------------------------------------------------
Fri Aug 02 2024 16:08:02 GMT-0300 (Horário Padrão de Brasília)
POST
/presenca/processo
-------------------------------------------------------------------------
Fri Aug 02 2024 16:08:02 GMT-0300 (Horário Padrão de Brasília)
Conectado ao Banco de Dados CEJUSC.
-------------------------------------------------------------------------
Fri Aug 02 2024 16:08:02 GMT-0300 (Horário Padrão de Brasília)
Uma linha FOI encontrada. Processo: 1002546-64.2024
Banco de Dados CEJUSC fechado.
-------------------------------------------------------------------------
Fri Aug 02 2024 16:08:02 GMT-0300 (Horário Padrão de Brasília)
-------------------------------------------------------------------------
Fri Aug 02 2024 16:10:35 GMT-0300 (Horário Padrão de Brasília)
GET
Usuário 13326574860 DESLOGOU >>>
/logout/13326574860
-------------------------------------------------------------------------
Fri Aug 02 2024 16:10:35 GMT-0300 (Horário Padrão de Brasília)
GET
/
-------------------------------------------------------------------------
Fri Aug 02 2024 16:10:40 GMT-0300 (Horário Padrão de Brasília)
POST
Usuário: 13326574860
/valida/api
-------------------------------------------------------------------------
Fri Aug 02 2024 16:10:40 GMT-0300 (Horário Padrão de Brasília)
Conectado ao Banco de Dados CEJUSC.
-------------------------------------------------------------------------
Fri Aug 02 2024 16:10:40 GMT-0300 (Horário Padrão de Brasília)
Renato Ferreira >>>LOGOU
Banco de Dados CEJUSC fechado.
-------------------------------------------------------------------------
Fri Aug 02 2024 16:10:40 GMT-0300 (Horário Padrão de Brasília)
-------------------------------------------------------------------------
Fri Aug 02 2024 16:10:40 GMT-0300 (Horário Padrão de Brasília)
GET
/principal/13326574860.ucfjownozomaonbx.presenca
-------------------------------------------------------------------------
Fri Aug 02 2024 16:10:52 GMT-0300 (Horário Padrão de Brasília)
POST
/presenca/processo
Conectado ao Banco de Dados CEJUSC.
-------------------------------------------------------------------------
Fri Aug 02 2024 16:10:52 GMT-0300 (Horário Padrão de Brasília)
-------------------------------------------------------------------------
Fri Aug 02 2024 16:10:52 GMT-0300 (Horário Padrão de Brasília)
Uma linha FOI encontrada. Processo: 1002546-64.2024
-------------------------------------------------------------------------
Fri Aug 02 2024 16:10:52 GMT-0300 (Horário Padrão de Brasília)
Banco de Dados CEJUSC fechado.
GET
-------------------------------------------------------------------------
Fri Aug 02 2024 16:11:52 GMT-0300 (Horário Padrão de Brasília)
/principal/13326574860.ucfjownozomaonbx.conciliador
-------------------------------------------------------------------------
Fri Aug 02 2024 16:11:52 GMT-0300 (Horário Padrão de Brasília)
GET
/principal/13326574860.ucfjownozomaonbx.presenca
POST
-------------------------------------------------------------------------
Fri Aug 02 2024 16:11:57 GMT-0300 (Horário Padrão de Brasília)
/presenca/processo
-------------------------------------------------------------------------
Fri Aug 02 2024 16:11:57 GMT-0300 (Horário Padrão de Brasília)
Conectado ao Banco de Dados CEJUSC.
-------------------------------------------------------------------------
Fri Aug 02 2024 16:11:57 GMT-0300 (Horário Padrão de Brasília)
Uma linha FOI encontrada. Processo: 1002546-64.2024
-------------------------------------------------------------------------
Fri Aug 02 2024 16:11:57 GMT-0300 (Horário Padrão de Brasília)
Banco de Dados CEJUSC fechado.
-------------------------------------------------------------------------
Fri Aug 02 2024 16:14:18 GMT-0300 (Horário Padrão de Brasília)
GET
/principal/13326574860.ucfjownozomaonbx.pauta
-------------------------------------------------------------------------
Fri Aug 02 2024 16:14:19 GMT-0300 (Horário Padrão de Brasília)
GET
/principal/13326574860.ucfjownozomaonbx.presenca
POST
/presenca/processo
-------------------------------------------------------------------------
Fri Aug 02 2024 16:14:23 GMT-0300 (Horário Padrão de Brasília)
Conectado ao Banco de Dados CEJUSC.
-------------------------------------------------------------------------
Fri Aug 02 2024 16:14:23 GMT-0300 (Horário Padrão de Brasília)
-------------------------------------------------------------------------
Fri Aug 02 2024 16:14:23 GMT-0300 (Horário Padrão de Brasília)
Uma linha FOI encontrada. Processo: 1002546-64.2024
-------------------------------------------------------------------------
Fri Aug 02 2024 16:14:23 GMT-0300 (Horário Padrão de Brasília)
Banco de Dados CEJUSC fechado.
-------------------------------------------------------------------------
Fri Aug 02 2024 16:16:00 GMT-0300 (Horário Padrão de Brasília)
GET
Usuário 13326574860 DESLOGOU >>>
/logout/13326574860
-------------------------------------------------------------------------
Fri Aug 02 2024 16:16:00 GMT-0300 (Horário Padrão de Brasília)
GET
/
-------------------------------------------------------------------------
Fri Aug 02 2024 16:16:18 GMT-0300 (Horário Padrão de Brasília)
POST
Usuário: 13326574860
/valida/api
-------------------------------------------------------------------------
Fri Aug 02 2024 16:16:18 GMT-0300 (Horário Padrão de Brasília)
Conectado ao Banco de Dados CEJUSC.
-------------------------------------------------------------------------
Fri Aug 02 2024 16:16:18 GMT-0300 (Horário Padrão de Brasília)
Renato Ferreira >>>LOGOU
-------------------------------------------------------------------------
Fri Aug 02 2024 16:16:18 GMT-0300 (Horário Padrão de Brasília)
Banco de Dados CEJUSC fechado.
-------------------------------------------------------------------------
Fri Aug 02 2024 16:16:18 GMT-0300 (Horário Padrão de Brasília)
/principal/13326574860.nbrsqapqvumkxtyb.presenca
GET
-------------------------------------------------------------------------
Fri Aug 02 2024 16:16:23 GMT-0300 (Horário Padrão de Brasília)
POST
/presenca/processo
-------------------------------------------------------------------------
Fri Aug 02 2024 16:16:23 GMT-0300 (Horário Padrão de Brasília)
Conectado ao Banco de Dados CEJUSC.
-------------------------------------------------------------------------
Fri Aug 02 2024 16:16:23 GMT-0300 (Horário Padrão de Brasília)
Uma linha FOI encontrada. Processo: 1002546-64.2024
-------------------------------------------------------------------------
Fri Aug 02 2024 16:16:23 GMT-0300 (Horário Padrão de Brasília)
Banco de Dados CEJUSC fechado.
-------------------------------------------------------------------------
Fri Aug 02 2024 16:19:43 GMT-0300 (Horário Padrão de Brasília)
GET
/logout/13326574860
Usuário 13326574860 DESLOGOU >>>
-------------------------------------------------------------------------
Fri Aug 02 2024 16:19:43 GMT-0300 (Horário Padrão de Brasília)
/
GET
-------------------------------------------------------------------------
Fri Aug 02 2024 16:20:00 GMT-0300 (Horário Padrão de Brasília)
POST
Usuário: 13326574860
/valida/api
-------------------------------------------------------------------------
Fri Aug 02 2024 16:20:00 GMT-0300 (Horário Padrão de Brasília)
Conectado ao Banco de Dados CEJUSC.
-------------------------------------------------------------------------
Fri Aug 02 2024 16:20:00 GMT-0300 (Horário Padrão de Brasília)
Renato Ferreira >>>LOGOU
-------------------------------------------------------------------------
Fri Aug 02 2024 16:20:00 GMT-0300 (Horário Padrão de Brasília)
Banco de Dados CEJUSC fechado.
-------------------------------------------------------------------------
Fri Aug 02 2024 16:20:00 GMT-0300 (Horário Padrão de Brasília)
/principal/13326574860.rssatqmugoxmapgx.presenca
GET
-------------------------------------------------------------------------
Fri Aug 02 2024 16:20:05 GMT-0300 (Horário Padrão de Brasília)
POST
/presenca/processo
Conectado ao Banco de Dados CEJUSC.
-------------------------------------------------------------------------
Fri Aug 02 2024 16:20:05 GMT-0300 (Horário Padrão de Brasília)
Uma linha FOI encontrada. Processo: 1002546-64.2024
-------------------------------------------------------------------------
Fri Aug 02 2024 16:20:05 GMT-0300 (Horário Padrão de Brasília)
-------------------------------------------------------------------------
Fri Aug 02 2024 16:20:05 GMT-0300 (Horário Padrão de Brasília)
Banco de Dados CEJUSC fechado.
-------------------------------------------------------------------------
Fri Aug 02 2024 16:25:08 GMT-0300 (Horário Padrão de Brasília)
GET
/logout/13326574860
Usuário 13326574860 DESLOGOU >>>
-------------------------------------------------------------------------
Fri Aug 02 2024 16:25:08 GMT-0300 (Horário Padrão de Brasília)
GET
/
-------------------------------------------------------------------------
Fri Aug 02 2024 16:25:13 GMT-0300 (Horário Padrão de Brasília)
POST
/valida/api
Usuário: 13326574860
-------------------------------------------------------------------------
Fri Aug 02 2024 16:25:13 GMT-0300 (Horário Padrão de Brasília)
Conectado ao Banco de Dados CEJUSC.
-------------------------------------------------------------------------
Fri Aug 02 2024 16:25:13 GMT-0300 (Horário Padrão de Brasília)
Renato Ferreira >>>LOGOU
-------------------------------------------------------------------------
Fri Aug 02 2024 16:25:13 GMT-0300 (Horário Padrão de Brasília)
Banco de Dados CEJUSC fechado.
-------------------------------------------------------------------------
Fri Aug 02 2024 16:25:13 GMT-0300 (Horário Padrão de Brasília)
GET
/principal/13326574860.ndtleftiiyzgeaxo.presenca
-------------------------------------------------------------------------
Fri Aug 02 2024 16:25:18 GMT-0300 (Horário Padrão de Brasília)
POST
/presenca/processo
Conectado ao Banco de Dados CEJUSC.
-------------------------------------------------------------------------
Fri Aug 02 2024 16:25:18 GMT-0300 (Horário Padrão de Brasília)
-------------------------------------------------------------------------
Fri Aug 02 2024 16:25:18 GMT-0300 (Horário Padrão de Brasília)
Uma linha FOI encontrada. Processo: 1002546-64.2024
-------------------------------------------------------------------------
Fri Aug 02 2024 16:25:18 GMT-0300 (Horário Padrão de Brasília)
Banco de Dados CEJUSC fechado.
-------------------------------------------------------------------------
Fri Aug 02 2024 16:26:16 GMT-0300 (Horário Padrão de Brasília)
GET
/principal/13326574860.ndtleftiiyzgeaxo.completas
-------------------------------------------------------------------------
Fri Aug 02 2024 16:26:16 GMT-0300 (Horário Padrão de Brasília)
/principal/13326574860.ndtleftiiyzgeaxo.presenca
GET
-------------------------------------------------------------------------
Fri Aug 02 2024 16:26:21 GMT-0300 (Horário Padrão de Brasília)
POST
/presenca/nome
-------------------------------------------------------------------------
Fri Aug 02 2024 16:26:21 GMT-0300 (Horário Padrão de Brasília)
Conectado ao Banco de Dados CEJUSC.
-------------------------------------------------------------------------
Fri Aug 02 2024 16:26:21 GMT-0300 (Horário Padrão de Brasília)
Uma linha FOI encontrada. Nome: %marcos% Processo: 1003000-44.2024
-------------------------------------------------------------------------
Fri Aug 02 2024 16:26:21 GMT-0300 (Horário Padrão de Brasília)
Banco de Dados CEJUSC fechado.
POST
-------------------------------------------------------------------------
Fri Aug 02 2024 16:26:21 GMT-0300 (Horário Padrão de Brasília)
/presenca/processo
-------------------------------------------------------------------------
Fri Aug 02 2024 16:26:21 GMT-0300 (Horário Padrão de Brasília)
Conectado ao Banco de Dados CEJUSC.
-------------------------------------------------------------------------
Fri Aug 02 2024 16:26:21 GMT-0300 (Horário Padrão de Brasília)
Uma linha FOI encontrada. Processo: 1003000-44.2024
-------------------------------------------------------------------------
Fri Aug 02 2024 16:26:21 GMT-0300 (Horário Padrão de Brasília)
Banco de Dados CEJUSC fechado.
-------------------------------------------------------------------------
Fri Aug 02 2024 16:39:40 GMT-0300 (Horário Padrão de Brasília)
/logout/13326574860
GET
Usuário 13326574860 DESLOGOU >>>
-------------------------------------------------------------------------
Fri Aug 02 2024 16:39:40 GMT-0300 (Horário Padrão de Brasília)
GET
/
