-------------------------------------------------------------------------
Fri Oct 21 2022 13:03:40 GMT-0300 (Horário Padrão de Brasília)
GET
/
-------------------------------------------------------------------------
Fri Oct 21 2022 13:03:49 GMT-0300 (Horário Padrão de Brasília)
/valida/api
Usuário: 13326574860
POST
-------------------------------------------------------------------------
Fri Oct 21 2022 13:03:49 GMT-0300 (Horário Padrão de Brasília)
Conectado ao Banco de Dados CEJUSC.
Banco de Dados CEJUSC fechado.
-------------------------------------------------------------------------
Fri Oct 21 2022 13:03:49 GMT-0300 (Horário Padrão de Brasília)
-------------------------------------------------------------------------
Fri Oct 21 2022 13:03:49 GMT-0300 (Horário Padrão de Brasília)
GET
/
-------------------------------------------------------------------------
Fri Oct 21 2022 13:04:02 GMT-0300 (Horário Padrão de Brasília)
POST
/valida/api
Usuário: 13326574860
-------------------------------------------------------------------------
Fri Oct 21 2022 13:04:02 GMT-0300 (Horário Padrão de Brasília)
Conectado ao Banco de Dados CEJUSC.
Banco de Dados CEJUSC fechado.
-------------------------------------------------------------------------
Fri Oct 21 2022 13:04:02 GMT-0300 (Horário Padrão de Brasília)
/
GET
-------------------------------------------------------------------------
Fri Oct 21 2022 13:04:02 GMT-0300 (Horário Padrão de Brasília)
POST
-------------------------------------------------------------------------
Fri Oct 21 2022 13:06:06 GMT-0300 (Horário Padrão de Brasília)
/valida/api
Usuário: 13326574860
Conectado ao Banco de Dados CEJUSC.
-------------------------------------------------------------------------
Fri Oct 21 2022 13:06:06 GMT-0300 (Horário Padrão de Brasília)
-------------------------------------------------------------------------
Fri Oct 21 2022 13:06:06 GMT-0300 (Horário Padrão de Brasília)
Renato Ferreira >>>LOGOU
-------------------------------------------------------------------------
Fri Oct 21 2022 13:06:06 GMT-0300 (Horário Padrão de Brasília)
Banco de Dados CEJUSC fechado.
-------------------------------------------------------------------------
Fri Oct 21 2022 13:06:06 GMT-0300 (Horário Padrão de Brasília)
GET
/principal/13326574860.yywihtbuzpjdpggh.home
-------------------------------------------------------------------------
Fri Oct 21 2022 13:06:15 GMT-0300 (Horário Padrão de Brasília)
GET
/principal/13326574860.yywihtbuzpjdpggh.reclamacao
-------------------------------------------------------------------------
Fri Oct 21 2022 13:06:26 GMT-0300 (Horário Padrão de Brasília)
/principal/13326574860.yywihtbuzpjdpggh.andamento
GET
-------------------------------------------------------------------------
Fri Oct 21 2022 13:06:27 GMT-0300 (Horário Padrão de Brasília)
GET
/principal/13326574860.yywihtbuzpjdpggh.pauta
GET
-------------------------------------------------------------------------
Fri Oct 21 2022 13:06:28 GMT-0300 (Horário Padrão de Brasília)
/principal/13326574860.yywihtbuzpjdpggh.reclamacao
-------------------------------------------------------------------------
Fri Oct 21 2022 13:06:31 GMT-0300 (Horário Padrão de Brasília)
/principal/13326574860.yywihtbuzpjdpggh.home
GET
/principal/13326574860.yywihtbuzpjdpggh.reclamacao
GET
-------------------------------------------------------------------------
Fri Oct 21 2022 13:07:28 GMT-0300 (Horário Padrão de Brasília)
-------------------------------------------------------------------------
Fri Oct 21 2022 13:07:58 GMT-0300 (Horário Padrão de Brasília)
GET
/logout/13326574860
Usuário 13326574860 DESLOGOU >>>
-------------------------------------------------------------------------
Fri Oct 21 2022 13:07:58 GMT-0300 (Horário Padrão de Brasília)
GET
/
