-------------------------------------------------------------------------
Wed Apr 24 2024 15:12:22 GMT-0300 (Horário Padrão de Brasília)
/
GET
-------------------------------------------------------------------------
Wed Apr 24 2024 15:12:34 GMT-0300 (Horário Padrão de Brasília)
POST
Usuário: 13326574860
/valida/api
Conectado ao Banco de Dados CEJUSC.
-------------------------------------------------------------------------
Wed Apr 24 2024 15:12:34 GMT-0300 (Horário Padrão de Brasília)
-------------------------------------------------------------------------
Wed Apr 24 2024 15:12:34 GMT-0300 (Horário Padrão de Brasília)
Renato Ferreira >>>LOGOU
Banco de Dados CEJUSC fechado.
-------------------------------------------------------------------------
Wed Apr 24 2024 15:12:34 GMT-0300 (Horário Padrão de Brasília)
-------------------------------------------------------------------------
Wed Apr 24 2024 15:12:34 GMT-0300 (Horário Padrão de Brasília)
/principal/13326574860.shcofbgzrneaxwtu.home
GET
-------------------------------------------------------------------------
Wed Apr 24 2024 15:12:41 GMT-0300 (Horário Padrão de Brasília)
/principal/13326574860.shcofbgzrneaxwtu.reclamacao
GET
GET
-------------------------------------------------------------------------
Wed Apr 24 2024 15:12:42 GMT-0300 (Horário Padrão de Brasília)
/principal/13326574860.shcofbgzrneaxwtu.andamento
-------------------------------------------------------------------------
Wed Apr 24 2024 15:12:44 GMT-0300 (Horário Padrão de Brasília)
GET
/principal/13326574860.shcofbgzrneaxwtu.reclamacao
-------------------------------------------------------------------------
Wed Apr 24 2024 15:12:45 GMT-0300 (Horário Padrão de Brasília)
/principal/13326574860.shcofbgzrneaxwtu.home
GET
-------------------------------------------------------------------------
Wed Apr 24 2024 15:12:52 GMT-0300 (Horário Padrão de Brasília)
GET
/principal/13326574860.shcofbgzrneaxwtu.reclamacao
-------------------------------------------------------------------------
Wed Apr 24 2024 15:13:05 GMT-0300 (Horário Padrão de Brasília)
GET
/principal/undefined.undefined.andamento
-------------------------------------------------------------------------
Wed Apr 24 2024 15:13:07 GMT-0300 (Horário Padrão de Brasília)
GET
/principal/undefined.undefined.home
-------------------------------------------------------------------------
Wed Apr 24 2024 15:13:09 GMT-0300 (Horário Padrão de Brasília)
GET
/
