/
GET
-------------------------------------------------------------------------
Wed Jun 24 2020 17:30:29 GMT-0300 (GMT-03:00)
-------------------------------------------------------------------------
Wed Jun 24 2020 17:31:13 GMT-0300 (GMT-03:00)
POST
/valida/api
Usuário: 13326574862
-------------------------------------------------------------------------
Wed Jun 24 2020 17:31:13 GMT-0300 (GMT-03:00)
Conectado ao Banco de Dados CEJUSC.
-------------------------------------------------------------------------
Wed Jun 24 2020 17:31:13 GMT-0300 (GMT-03:00)
Guilherme Augusto >>>LOGOU
-------------------------------------------------------------------------
Wed Jun 24 2020 17:31:13 GMT-0300 (GMT-03:00)
Banco de Dados CEJUSC fechado.
GET
-------------------------------------------------------------------------
Wed Jun 24 2020 17:31:13 GMT-0300 (GMT-03:00)
/principal/13326574862.kcjiwuwyknkxkxqv.home
-------------------------------------------------------------------------
Wed Jun 24 2020 17:31:15 GMT-0300 (GMT-03:00)
GET
/principal/13326574862.kcjiwuwyknkxkxqv.reclamacao
-------------------------------------------------------------------------
Wed Jun 24 2020 17:31:16 GMT-0300 (GMT-03:00)
GET
/principal/13326574862.kcjiwuwyknkxkxqv.andamento
-------------------------------------------------------------------------
Wed Jun 24 2020 17:31:17 GMT-0300 (GMT-03:00)
GET
/principal/13326574862.kcjiwuwyknkxkxqv.pauta
-------------------------------------------------------------------------
Wed Jun 24 2020 17:31:18 GMT-0300 (GMT-03:00)
GET
/principal/13326574862.kcjiwuwyknkxkxqv.reclamacao
-------------------------------------------------------------------------
Wed Jun 24 2020 17:31:29 GMT-0300 (GMT-03:00)
POST
/reclamacao/agendar
Conectado ao Banco de Dados CEJUSC.
-------------------------------------------------------------------------
Wed Jun 24 2020 17:31:29 GMT-0300 (GMT-03:00)
-------------------------------------------------------------------------
Wed Jun 24 2020 17:31:29 GMT-0300 (GMT-03:00)
Banco de Dados CEJUSC fechado.
-------------------------------------------------------------------------
Wed Jun 24 2020 17:31:33 GMT-0300 (GMT-03:00)
GET
/logout/13326574862
Usuário 13326574862 DESLOGOU >>>
-------------------------------------------------------------------------
Wed Jun 24 2020 17:31:33 GMT-0300 (GMT-03:00)
GET
/
