-------------------------------------------------------------------------
Thu Apr 25 2024 15:53:25 GMT-0300 (Horário Padrão de Brasília)
/valida/api
POST
Usuário: 13326574860
-------------------------------------------------------------------------
Thu Apr 25 2024 15:53:25 GMT-0300 (Horário Padrão de Brasília)
Conectado ao Banco de Dados CEJUSC.
-------------------------------------------------------------------------
Thu Apr 25 2024 15:53:25 GMT-0300 (Horário Padrão de Brasília)
Renato Ferreira >>>LOGOU
Banco de Dados CEJUSC fechado.
-------------------------------------------------------------------------
Thu Apr 25 2024 15:53:25 GMT-0300 (Horário Padrão de Brasília)
-------------------------------------------------------------------------
Thu Apr 25 2024 15:53:25 GMT-0300 (Horário Padrão de Brasília)
GET
/principal/13326574860.tlwnvnxpogesgyac.home
-------------------------------------------------------------------------
Thu Apr 25 2024 15:53:32 GMT-0300 (Horário Padrão de Brasília)
GET
/principal/13326574860.tlwnvnxpogesgyac.reclamacao
-------------------------------------------------------------------------
Thu Apr 25 2024 15:53:36 GMT-0300 (Horário Padrão de Brasília)
GET
/principal/13326574860.tlwnvnxpogesgyac.home
-------------------------------------------------------------------------
Thu Apr 25 2024 15:54:47 GMT-0300 (Horário Padrão de Brasília)
GET
/principal/13326574860.tlwnvnxpogesgyac.pauta
-------------------------------------------------------------------------
Thu Apr 25 2024 15:54:49 GMT-0300 (Horário Padrão de Brasília)
GET
/principal/13326574860.tlwnvnxpogesgyac.andamento
-------------------------------------------------------------------------
Thu Apr 25 2024 15:54:51 GMT-0300 (Horário Padrão de Brasília)
GET
/principal/13326574860.tlwnvnxpogesgyac.pauta
-------------------------------------------------------------------------
Thu Apr 25 2024 15:54:52 GMT-0300 (Horário Padrão de Brasília)
GET
/principal/13326574860.tlwnvnxpogesgyac.reclamacao
GET
-------------------------------------------------------------------------
Thu Apr 25 2024 15:54:55 GMT-0300 (Horário Padrão de Brasília)
/principal/13326574860.tlwnvnxpogesgyac.home
/principal/13326574860.tlwnvnxpogesgyac.andamento
GET
-------------------------------------------------------------------------
Thu Apr 25 2024 16:13:05 GMT-0300 (Horário Padrão de Brasília)
/
-------------------------------------------------------------------------
Thu Apr 25 2024 16:13:09 GMT-0300 (Horário Padrão de Brasília)
GET
-------------------------------------------------------------------------
Thu Apr 25 2024 16:29:58 GMT-0300 (Horário Padrão de Brasília)
GET
/
POST
/valida/api
-------------------------------------------------------------------------
Thu Apr 25 2024 16:41:01 GMT-0300 (Horário Padrão de Brasília)
Usuário: 13326574860
-------------------------------------------------------------------------
Thu Apr 25 2024 16:41:01 GMT-0300 (Horário Padrão de Brasília)
Conectado ao Banco de Dados CEJUSC.
-------------------------------------------------------------------------
Thu Apr 25 2024 16:41:01 GMT-0300 (Horário Padrão de Brasília)
Renato Ferreira >>>LOGOU
-------------------------------------------------------------------------
Thu Apr 25 2024 16:41:01 GMT-0300 (Horário Padrão de Brasília)
Banco de Dados CEJUSC fechado.
-------------------------------------------------------------------------
Thu Apr 25 2024 16:41:01 GMT-0300 (Horário Padrão de Brasília)
GET
/principal/13326574860.yjhbdxrfsbqtugvp.home
GET
-------------------------------------------------------------------------
Thu Apr 25 2024 16:41:04 GMT-0300 (Horário Padrão de Brasília)
/principal/13326574860.yjhbdxrfsbqtugvp.reclamacao
-------------------------------------------------------------------------
Thu Apr 25 2024 16:41:10 GMT-0300 (Horário Padrão de Brasília)
GET
/principal/13326574860.yjhbdxrfsbqtugvp.home
-------------------------------------------------------------------------
Thu Apr 25 2024 16:41:14 GMT-0300 (Horário Padrão de Brasília)
GET
/
