-------------------------------------------------------------------------
Mon Sep 25 2023 16:52:15 GMT-0300 (Horário Padrão de Brasília)
POST
/valida/api
Usuário: 13326574860
-------------------------------------------------------------------------
Mon Sep 25 2023 16:52:15 GMT-0300 (Horário Padrão de Brasília)
Conectado ao Banco de Dados CEJUSC.
-------------------------------------------------------------------------
Mon Sep 25 2023 16:52:15 GMT-0300 (Horário Padrão de Brasília)
Renato Ferreira >>>LOGOU
Banco de Dados CEJUSC fechado.
-------------------------------------------------------------------------
Mon Sep 25 2023 16:52:15 GMT-0300 (Horário Padrão de Brasília)
-------------------------------------------------------------------------
Mon Sep 25 2023 16:52:15 GMT-0300 (Horário Padrão de Brasília)
/principal/13326574860.ekqlerbhyquiryed.home
GET
-------------------------------------------------------------------------
Mon Sep 25 2023 16:52:18 GMT-0300 (Horário Padrão de Brasília)
GET
/principal/13326574860.ekqlerbhyquiryed.reclamacao
-------------------------------------------------------------------------
Mon Sep 25 2023 16:52:19 GMT-0300 (Horário Padrão de Brasília)
GET
/principal/13326574860.ekqlerbhyquiryed.andamento
GET
-------------------------------------------------------------------------
Mon Sep 25 2023 16:52:21 GMT-0300 (Horário Padrão de Brasília)
/principal/13326574860.ekqlerbhyquiryed.pauta
-------------------------------------------------------------------------
Mon Sep 25 2023 16:52:22 GMT-0300 (Horário Padrão de Brasília)
GET
/principal/13326574860.ekqlerbhyquiryed.home
-------------------------------------------------------------------------
Mon Sep 25 2023 17:00:27 GMT-0300 (Horário Padrão de Brasília)
GET
/
-------------------------------------------------------------------------
Mon Sep 25 2023 17:00:39 GMT-0300 (Horário Padrão de Brasília)
POST
Usuário: 13326574860
/valida/api
-------------------------------------------------------------------------
Mon Sep 25 2023 17:00:39 GMT-0300 (Horário Padrão de Brasília)
Conectado ao Banco de Dados CEJUSC.
-------------------------------------------------------------------------
Mon Sep 25 2023 17:00:39 GMT-0300 (Horário Padrão de Brasília)
Renato Ferreira >>>LOGOU
-------------------------------------------------------------------------
Mon Sep 25 2023 17:00:39 GMT-0300 (Horário Padrão de Brasília)
Banco de Dados CEJUSC fechado.
-------------------------------------------------------------------------
Mon Sep 25 2023 17:05:10 GMT-0300 (Horário Padrão de Brasília)
/
GET
-------------------------------------------------------------------------
Mon Sep 25 2023 17:05:20 GMT-0300 (Horário Padrão de Brasília)
POST
/valida/api
Usuário: 13326574860
-------------------------------------------------------------------------
Mon Sep 25 2023 17:05:20 GMT-0300 (Horário Padrão de Brasília)
Conectado ao Banco de Dados CEJUSC.
-------------------------------------------------------------------------
Mon Sep 25 2023 17:05:20 GMT-0300 (Horário Padrão de Brasília)
Renato Ferreira >>>LOGOU
-------------------------------------------------------------------------
Mon Sep 25 2023 17:05:20 GMT-0300 (Horário Padrão de Brasília)
Banco de Dados CEJUSC fechado.
-------------------------------------------------------------------------
Mon Sep 25 2023 17:05:20 GMT-0300 (Horário Padrão de Brasília)
GET
/principal/13326574860.isvvfyoxvpziwywj.home
-------------------------------------------------------------------------
Mon Sep 25 2023 17:05:33 GMT-0300 (Horário Padrão de Brasília)
/principal/13326574860.isvvfyoxvpziwywj.reclamacao
GET
-------------------------------------------------------------------------
Mon Sep 25 2023 17:05:35 GMT-0300 (Horário Padrão de Brasília)
/principal/13326574860.isvvfyoxvpziwywj.andamento
GET
-------------------------------------------------------------------------
Mon Sep 25 2023 17:05:36 GMT-0300 (Horário Padrão de Brasília)
GET
/principal/13326574860.isvvfyoxvpziwywj.home
-------------------------------------------------------------------------
Mon Sep 25 2023 17:05:46 GMT-0300 (Horário Padrão de Brasília)
/
GET
-------------------------------------------------------------------------
Mon Sep 25 2023 17:05:56 GMT-0300 (Horário Padrão de Brasília)
/logout/13326574860
GET
Usuário 13326574860 DESLOGOU >>>
-------------------------------------------------------------------------
Mon Sep 25 2023 17:05:56 GMT-0300 (Horário Padrão de Brasília)
GET
/
POST
-------------------------------------------------------------------------
Mon Sep 25 2023 17:06:01 GMT-0300 (Horário Padrão de Brasília)
Usuário: 13326574860
/valida/api
-------------------------------------------------------------------------
Mon Sep 25 2023 17:06:01 GMT-0300 (Horário Padrão de Brasília)
Conectado ao Banco de Dados CEJUSC.
-------------------------------------------------------------------------
Mon Sep 25 2023 17:06:01 GMT-0300 (Horário Padrão de Brasília)
Renato Ferreira >>>LOGOU
-------------------------------------------------------------------------
Mon Sep 25 2023 17:06:01 GMT-0300 (Horário Padrão de Brasília)
Banco de Dados CEJUSC fechado.
/principal/13326574860.qbbcbcddegnbvlcv.home
-------------------------------------------------------------------------
Mon Sep 25 2023 17:06:02 GMT-0300 (Horário Padrão de Brasília)
GET
-------------------------------------------------------------------------
Mon Sep 25 2023 17:06:03 GMT-0300 (Horário Padrão de Brasília)
/principal/13326574860.qbbcbcddegnbvlcv.reclamacao
GET
-------------------------------------------------------------------------
Mon Sep 25 2023 17:06:05 GMT-0300 (Horário Padrão de Brasília)
GET
/principal/13326574860.qbbcbcddegnbvlcv.andamento
GET
/principal/13326574860.qbbcbcddegnbvlcv.home
-------------------------------------------------------------------------
Mon Sep 25 2023 17:06:06 GMT-0300 (Horário Padrão de Brasília)
-------------------------------------------------------------------------
Mon Sep 25 2023 17:06:13 GMT-0300 (Horário Padrão de Brasília)
GET
/logout/13326574860
Usuário 13326574860 DESLOGOU >>>
-------------------------------------------------------------------------
Mon Sep 25 2023 17:06:13 GMT-0300 (Horário Padrão de Brasília)
/
GET
-------------------------------------------------------------------------
Mon Sep 25 2023 17:06:29 GMT-0300 (Horário Padrão de Brasília)
POST
Usuário: 13326574860
/valida/api
Conectado ao Banco de Dados CEJUSC.
-------------------------------------------------------------------------
Mon Sep 25 2023 17:06:29 GMT-0300 (Horário Padrão de Brasília)
-------------------------------------------------------------------------
Mon Sep 25 2023 17:06:29 GMT-0300 (Horário Padrão de Brasília)
Renato Ferreira >>>LOGOU
-------------------------------------------------------------------------
Mon Sep 25 2023 17:06:29 GMT-0300 (Horário Padrão de Brasília)
Banco de Dados CEJUSC fechado.
-------------------------------------------------------------------------
Mon Sep 25 2023 17:06:29 GMT-0300 (Horário Padrão de Brasília)
GET
/principal/13326574860.oumjkrdytdklddkn.home
-------------------------------------------------------------------------
Mon Sep 25 2023 17:06:32 GMT-0300 (Horário Padrão de Brasília)
/principal/13326574860.oumjkrdytdklddkn.reclamacao
GET
GET
-------------------------------------------------------------------------
Mon Sep 25 2023 17:06:52 GMT-0300 (Horário Padrão de Brasília)
/principal/13326574860.oumjkrdytdklddkn.andamento
GET
-------------------------------------------------------------------------
Mon Sep 25 2023 17:06:56 GMT-0300 (Horário Padrão de Brasília)
/principal/13326574860.oumjkrdytdklddkn.pauta
GET
-------------------------------------------------------------------------
Mon Sep 25 2023 17:06:58 GMT-0300 (Horário Padrão de Brasília)
/principal/13326574860.oumjkrdytdklddkn.andamento
GET
-------------------------------------------------------------------------
Mon Sep 25 2023 17:06:58 GMT-0300 (Horário Padrão de Brasília)
/principal/13326574860.oumjkrdytdklddkn.reclamacao
-------------------------------------------------------------------------
Mon Sep 25 2023 17:07:00 GMT-0300 (Horário Padrão de Brasília)
/principal/13326574860.oumjkrdytdklddkn.andamento
GET
-------------------------------------------------------------------------
Mon Sep 25 2023 17:07:03 GMT-0300 (Horário Padrão de Brasília)
/principal/13326574860.oumjkrdytdklddkn.reclamacao
GET
/principal/13326574860.oumjkrdytdklddkn.home
-------------------------------------------------------------------------
Mon Sep 25 2023 17:07:12 GMT-0300 (Horário Padrão de Brasília)
GET
-------------------------------------------------------------------------
Mon Sep 25 2023 17:07:13 GMT-0300 (Horário Padrão de Brasília)
/principal/13326574860.oumjkrdytdklddkn.reclamacao
GET
GET
/principal/13326574860.oumjkrdytdklddkn.andamento
-------------------------------------------------------------------------
Mon Sep 25 2023 17:07:13 GMT-0300 (Horário Padrão de Brasília)
-------------------------------------------------------------------------
Mon Sep 25 2023 17:07:16 GMT-0300 (Horário Padrão de Brasília)
GET
/principal/13326574860.oumjkrdytdklddkn.reclamacao
-------------------------------------------------------------------------
Mon Sep 25 2023 17:07:17 GMT-0300 (Horário Padrão de Brasília)
GET
/principal/13326574860.oumjkrdytdklddkn.home
-------------------------------------------------------------------------
Mon Sep 25 2023 17:07:22 GMT-0300 (Horário Padrão de Brasília)
GET
Usuário 13326574860 DESLOGOU >>>
/logout/13326574860
GET
-------------------------------------------------------------------------
Mon Sep 25 2023 17:07:22 GMT-0300 (Horário Padrão de Brasília)
/
