-------------------------------------------------------------------------
Fri Apr 26 2024 11:49:21 GMT-0300 (Horário Padrão de Brasília)
GET
/
-------------------------------------------------------------------------
Fri Apr 26 2024 12:21:36 GMT-0300 (Horário Padrão de Brasília)
POST
/valida/api
Usuário: 13326574860
-------------------------------------------------------------------------
Fri Apr 26 2024 12:21:36 GMT-0300 (Horário Padrão de Brasília)
Conectado ao Banco de Dados CEJUSC.
-------------------------------------------------------------------------
Fri Apr 26 2024 12:21:36 GMT-0300 (Horário Padrão de Brasília)
Renato Ferreira >>>LOGOU
-------------------------------------------------------------------------
Fri Apr 26 2024 12:21:36 GMT-0300 (Horário Padrão de Brasília)
Banco de Dados CEJUSC fechado.
-------------------------------------------------------------------------
Fri Apr 26 2024 12:21:36 GMT-0300 (Horário Padrão de Brasília)
/principal/13326574860.hjqhdbzyelumqseo.home
GET
-------------------------------------------------------------------------
Fri Apr 26 2024 12:21:41 GMT-0300 (Horário Padrão de Brasília)
GET
/principal/13326574860.hjqhdbzyelumqseo.reclamacao
-------------------------------------------------------------------------
Fri Apr 26 2024 12:21:46 GMT-0300 (Horário Padrão de Brasília)
GET
/principal/13326574860.hjqhdbzyelumqseo.home
-------------------------------------------------------------------------
Fri Apr 26 2024 12:21:54 GMT-0300 (Horário Padrão de Brasília)
GET
/principal/13326574860.hjqhdbzyelumqseo.reclamacao
-------------------------------------------------------------------------
Fri Apr 26 2024 12:21:55 GMT-0300 (Horário Padrão de Brasília)
GET
/principal/13326574860.hjqhdbzyelumqseo.andamento
-------------------------------------------------------------------------
Fri Apr 26 2024 12:21:57 GMT-0300 (Horário Padrão de Brasília)
/principal/13326574860.hjqhdbzyelumqseo.reclamacao
GET
-------------------------------------------------------------------------
Fri Apr 26 2024 12:21:58 GMT-0300 (Horário Padrão de Brasília)
GET
/principal/13326574860.hjqhdbzyelumqseo.home
-------------------------------------------------------------------------
Fri Apr 26 2024 12:22:00 GMT-0300 (Horário Padrão de Brasília)
GET
/principal/13326574860.hjqhdbzyelumqseo.andamento
-------------------------------------------------------------------------
Fri Apr 26 2024 12:22:11 GMT-0300 (Horário Padrão de Brasília)
GET
/principal/13326574860.hjqhdbzyelumqseo.home
-------------------------------------------------------------------------
Fri Apr 26 2024 12:22:28 GMT-0300 (Horário Padrão de Brasília)
/principal/13326574860.hjqhdbzyelumqseo.home
GET
-------------------------------------------------------------------------
Fri Apr 26 2024 12:22:30 GMT-0300 (Horário Padrão de Brasília)
/principal/13326574860.hjqhdbzyelumqseo.reclamacao
GET
-------------------------------------------------------------------------
Fri Apr 26 2024 12:22:41 GMT-0300 (Horário Padrão de Brasília)
GET
/
-------------------------------------------------------------------------
Fri Apr 26 2024 15:05:11 GMT-0300 (Horário Padrão de Brasília)
POST
/valida/api
Usuário: 13326574860
-------------------------------------------------------------------------
Fri Apr 26 2024 15:05:11 GMT-0300 (Horário Padrão de Brasília)
Conectado ao Banco de Dados CEJUSC.
-------------------------------------------------------------------------
Fri Apr 26 2024 15:05:11 GMT-0300 (Horário Padrão de Brasília)
Renato Ferreira >>>LOGOU
-------------------------------------------------------------------------
Fri Apr 26 2024 15:05:11 GMT-0300 (Horário Padrão de Brasília)
Banco de Dados CEJUSC fechado.
GET
/principal/13326574860.vkeyjrpddyysbmqn.home
-------------------------------------------------------------------------
Fri Apr 26 2024 15:05:11 GMT-0300 (Horário Padrão de Brasília)
-------------------------------------------------------------------------
Fri Apr 26 2024 15:05:13 GMT-0300 (Horário Padrão de Brasília)
/principal/13326574860.vkeyjrpddyysbmqn.reclamacao
GET
-------------------------------------------------------------------------
Fri Apr 26 2024 15:05:19 GMT-0300 (Horário Padrão de Brasília)
/principal/13326574860.vkeyjrpddyysbmqn.andamento
GET
-------------------------------------------------------------------------
Fri Apr 26 2024 15:05:20 GMT-0300 (Horário Padrão de Brasília)
GET
/principal/13326574860.vkeyjrpddyysbmqn.pauta
-------------------------------------------------------------------------
Fri Apr 26 2024 15:05:21 GMT-0300 (Horário Padrão de Brasília)
GET
/principal/13326574860.vkeyjrpddyysbmqn.andamento
-------------------------------------------------------------------------
Fri Apr 26 2024 15:05:23 GMT-0300 (Horário Padrão de Brasília)
GET
/principal/13326574860.vkeyjrpddyysbmqn.reclamacao
-------------------------------------------------------------------------
Fri Apr 26 2024 15:05:23 GMT-0300 (Horário Padrão de Brasília)
/principal/13326574860.vkeyjrpddyysbmqn.home
GET
-------------------------------------------------------------------------
Fri Apr 26 2024 15:05:25 GMT-0300 (Horário Padrão de Brasília)
GET
/principal/13326574860.vkeyjrpddyysbmqn.reclamacao
-------------------------------------------------------------------------
Fri Apr 26 2024 15:48:20 GMT-0300 (Horário Padrão de Brasília)
GET
/
POST
-------------------------------------------------------------------------
Fri Apr 26 2024 15:48:27 GMT-0300 (Horário Padrão de Brasília)
/valida/api
Usuário: 13326574860
-------------------------------------------------------------------------
Fri Apr 26 2024 15:48:27 GMT-0300 (Horário Padrão de Brasília)
Conectado ao Banco de Dados CEJUSC.
-------------------------------------------------------------------------
Fri Apr 26 2024 15:48:27 GMT-0300 (Horário Padrão de Brasília)
Renato Ferreira >>>LOGOU
-------------------------------------------------------------------------
Fri Apr 26 2024 15:48:27 GMT-0300 (Horário Padrão de Brasília)
Banco de Dados CEJUSC fechado.
-------------------------------------------------------------------------
Fri Apr 26 2024 15:48:27 GMT-0300 (Horário Padrão de Brasília)
GET
/principal/13326574860.qffzdcjukdbvegux.home
-------------------------------------------------------------------------
Fri Apr 26 2024 15:48:28 GMT-0300 (Horário Padrão de Brasília)
/principal/13326574860.qffzdcjukdbvegux.pauta
GET
-------------------------------------------------------------------------
Fri Apr 26 2024 15:49:49 GMT-0300 (Horário Padrão de Brasília)
GET
/principal/13326574860.qffzdcjukdbvegux.andamento
-------------------------------------------------------------------------
Fri Apr 26 2024 15:49:50 GMT-0300 (Horário Padrão de Brasília)
/principal/13326574860.qffzdcjukdbvegux.reclamacao
GET
-------------------------------------------------------------------------
Fri Apr 26 2024 15:49:51 GMT-0300 (Horário Padrão de Brasília)
/principal/13326574860.qffzdcjukdbvegux.home
GET
GET
/principal/13326574860.qffzdcjukdbvegux.pauta
-------------------------------------------------------------------------
Fri Apr 26 2024 15:49:52 GMT-0300 (Horário Padrão de Brasília)
-------------------------------------------------------------------------
Fri Apr 26 2024 15:50:16 GMT-0300 (Horário Padrão de Brasília)
GET
/principal/13326574860.qffzdcjukdbvegux.pauta
-------------------------------------------------------------------------
Fri Apr 26 2024 15:56:35 GMT-0300 (Horário Padrão de Brasília)
GET
/
-------------------------------------------------------------------------
Fri Apr 26 2024 15:56:39 GMT-0300 (Horário Padrão de Brasília)
POST
Usuário: 13326574860
/valida/api
-------------------------------------------------------------------------
Fri Apr 26 2024 15:56:39 GMT-0300 (Horário Padrão de Brasília)
Conectado ao Banco de Dados CEJUSC.
-------------------------------------------------------------------------
Fri Apr 26 2024 15:56:39 GMT-0300 (Horário Padrão de Brasília)
Renato Ferreira >>>LOGOU
-------------------------------------------------------------------------
Fri Apr 26 2024 15:56:39 GMT-0300 (Horário Padrão de Brasília)
Banco de Dados CEJUSC fechado.
-------------------------------------------------------------------------
Fri Apr 26 2024 15:56:39 GMT-0300 (Horário Padrão de Brasília)
GET
/principal/13326574860.xwlkqiwvcadelhge.home
GET
-------------------------------------------------------------------------
Fri Apr 26 2024 15:56:41 GMT-0300 (Horário Padrão de Brasília)
/principal/13326574860.xwlkqiwvcadelhge.pauta
GET
-------------------------------------------------------------------------
Fri Apr 26 2024 15:57:04 GMT-0300 (Horário Padrão de Brasília)
/principal/13326574860.xwlkqiwvcadelhge.pauta
-------------------------------------------------------------------------
Fri Apr 26 2024 15:58:32 GMT-0300 (Horário Padrão de Brasília)
GET
/
POST
/valida/api
Usuário: 13326574860
-------------------------------------------------------------------------
Fri Apr 26 2024 15:58:35 GMT-0300 (Horário Padrão de Brasília)
Conectado ao Banco de Dados CEJUSC.
-------------------------------------------------------------------------
Fri Apr 26 2024 15:58:35 GMT-0300 (Horário Padrão de Brasília)
Renato Ferreira >>>LOGOU
-------------------------------------------------------------------------
Fri Apr 26 2024 15:58:35 GMT-0300 (Horário Padrão de Brasília)
Banco de Dados CEJUSC fechado.
-------------------------------------------------------------------------
Fri Apr 26 2024 15:58:35 GMT-0300 (Horário Padrão de Brasília)
-------------------------------------------------------------------------
Fri Apr 26 2024 15:58:35 GMT-0300 (Horário Padrão de Brasília)
GET
/principal/13326574860.dvaqkeqvvzrksnqq.home
-------------------------------------------------------------------------
Fri Apr 26 2024 15:58:36 GMT-0300 (Horário Padrão de Brasília)
GET
/principal/13326574860.dvaqkeqvvzrksnqq.pauta
-------------------------------------------------------------------------
Fri Apr 26 2024 15:58:58 GMT-0300 (Horário Padrão de Brasília)
/
GET
POST
-------------------------------------------------------------------------
Fri Apr 26 2024 15:59:05 GMT-0300 (Horário Padrão de Brasília)
/valida/api
Usuário: 13326574860
Conectado ao Banco de Dados CEJUSC.
-------------------------------------------------------------------------
Fri Apr 26 2024 15:59:05 GMT-0300 (Horário Padrão de Brasília)
-------------------------------------------------------------------------
Fri Apr 26 2024 15:59:05 GMT-0300 (Horário Padrão de Brasília)
Renato Ferreira >>>LOGOU
-------------------------------------------------------------------------
Fri Apr 26 2024 15:59:05 GMT-0300 (Horário Padrão de Brasília)
Banco de Dados CEJUSC fechado.
-------------------------------------------------------------------------
Fri Apr 26 2024 15:59:05 GMT-0300 (Horário Padrão de Brasília)
/principal/13326574860.jdhpdfgfgpwupuef.home
GET
-------------------------------------------------------------------------
Fri Apr 26 2024 15:59:07 GMT-0300 (Horário Padrão de Brasília)
GET
/principal/13326574860.jdhpdfgfgpwupuef.pauta
GET
/principal/13326574860.jdhpdfgfgpwupuef.andamento
-------------------------------------------------------------------------
Fri Apr 26 2024 15:59:24 GMT-0300 (Horário Padrão de Brasília)
-------------------------------------------------------------------------
Fri Apr 26 2024 15:59:25 GMT-0300 (Horário Padrão de Brasília)
/principal/13326574860.jdhpdfgfgpwupuef.reclamacao
GET
-------------------------------------------------------------------------
Fri Apr 26 2024 15:59:29 GMT-0300 (Horário Padrão de Brasília)
/principal/13326574860.jdhpdfgfgpwupuef.pauta
GET
-------------------------------------------------------------------------
Fri Apr 26 2024 16:02:07 GMT-0300 (Horário Padrão de Brasília)
GET
/
-------------------------------------------------------------------------
Fri Apr 26 2024 16:02:11 GMT-0300 (Horário Padrão de Brasília)
Usuário: 13326574860
POST
/valida/api
Conectado ao Banco de Dados CEJUSC.
-------------------------------------------------------------------------
Fri Apr 26 2024 16:02:11 GMT-0300 (Horário Padrão de Brasília)
-------------------------------------------------------------------------
Fri Apr 26 2024 16:02:11 GMT-0300 (Horário Padrão de Brasília)
Renato Ferreira >>>LOGOU
-------------------------------------------------------------------------
Fri Apr 26 2024 16:02:11 GMT-0300 (Horário Padrão de Brasília)
Banco de Dados CEJUSC fechado.
-------------------------------------------------------------------------
Fri Apr 26 2024 16:02:11 GMT-0300 (Horário Padrão de Brasília)
/principal/13326574860.bxgoyjnnbuinxnuc.home
GET
-------------------------------------------------------------------------
Fri Apr 26 2024 16:02:12 GMT-0300 (Horário Padrão de Brasília)
GET
/principal/13326574860.bxgoyjnnbuinxnuc.pauta
-------------------------------------------------------------------------
Fri Apr 26 2024 16:04:17 GMT-0300 (Horário Padrão de Brasília)
GET
/
-------------------------------------------------------------------------
Fri Apr 26 2024 16:04:20 GMT-0300 (Horário Padrão de Brasília)
POST
/valida/api
Usuário: 13326574860
Conectado ao Banco de Dados CEJUSC.
-------------------------------------------------------------------------
Fri Apr 26 2024 16:04:20 GMT-0300 (Horário Padrão de Brasília)
-------------------------------------------------------------------------
Fri Apr 26 2024 16:04:20 GMT-0300 (Horário Padrão de Brasília)
Renato Ferreira >>>LOGOU
-------------------------------------------------------------------------
Fri Apr 26 2024 16:04:20 GMT-0300 (Horário Padrão de Brasília)
Banco de Dados CEJUSC fechado.
-------------------------------------------------------------------------
Fri Apr 26 2024 16:04:20 GMT-0300 (Horário Padrão de Brasília)
GET
/principal/13326574860.iaxaixsmyqtwjlnz.home
GET
-------------------------------------------------------------------------
Fri Apr 26 2024 16:04:22 GMT-0300 (Horário Padrão de Brasília)
/principal/13326574860.iaxaixsmyqtwjlnz.pauta
