-------------------------------------------------------------------------
Mon May 27 2024 11:29:32 GMT-0300 (Horário Padrão de Brasília)
/
GET
-------------------------------------------------------------------------
Mon May 27 2024 11:32:07 GMT-0300 (Horário Padrão de Brasília)
POST
/valida/api
Usuário: 13326574860
-------------------------------------------------------------------------
Mon May 27 2024 11:32:07 GMT-0300 (Horário Padrão de Brasília)
Conectado ao Banco de Dados CEJUSC.
-------------------------------------------------------------------------
Mon May 27 2024 11:32:07 GMT-0300 (Horário Padrão de Brasília)
Renato Ferreira >>>LOGOU
-------------------------------------------------------------------------
Mon May 27 2024 11:32:07 GMT-0300 (Horário Padrão de Brasília)
Banco de Dados CEJUSC fechado.
-------------------------------------------------------------------------
Mon May 27 2024 11:32:07 GMT-0300 (Horário Padrão de Brasília)
/principal/13326574860.oiqmfgicarxqfpmx.presenca
GET
-------------------------------------------------------------------------
Mon May 27 2024 11:32:21 GMT-0300 (Horário Padrão de Brasília)
GET
/principal/13326574860.oiqmfgicarxqfpmx.conciliador
-------------------------------------------------------------------------
Mon May 27 2024 11:32:23 GMT-0300 (Horário Padrão de Brasília)
/principal/13326574860.oiqmfgicarxqfpmx.completas
GET
-------------------------------------------------------------------------
Mon May 27 2024 11:32:25 GMT-0300 (Horário Padrão de Brasília)
GET
/principal/13326574860.oiqmfgicarxqfpmx.pauta
-------------------------------------------------------------------------
Mon May 27 2024 11:32:30 GMT-0300 (Horário Padrão de Brasília)
GET
/principal/13326574860.oiqmfgicarxqfpmx.completas
-------------------------------------------------------------------------
Mon May 27 2024 11:32:32 GMT-0300 (Horário Padrão de Brasília)
GET
/principal/13326574860.oiqmfgicarxqfpmx.conciliador
-------------------------------------------------------------------------
Mon May 27 2024 11:32:35 GMT-0300 (Horário Padrão de Brasília)
GET
/principal/13326574860.oiqmfgicarxqfpmx.presenca
-------------------------------------------------------------------------
Mon May 27 2024 11:32:39 GMT-0300 (Horário Padrão de Brasília)
GET
/principal/13326574860.oiqmfgicarxqfpmx.conciliador
-------------------------------------------------------------------------
Mon May 27 2024 11:32:43 GMT-0300 (Horário Padrão de Brasília)
GET
/principal/13326574860.oiqmfgicarxqfpmx.completas
GET
-------------------------------------------------------------------------
Mon May 27 2024 11:32:57 GMT-0300 (Horário Padrão de Brasília)
Usuário 13326574860 DESLOGOU >>>
/logout/13326574860
GET
-------------------------------------------------------------------------
Mon May 27 2024 11:32:57 GMT-0300 (Horário Padrão de Brasília)
/
/valida/api
POST
Usuário: 13326574860
-------------------------------------------------------------------------
Mon May 27 2024 11:48:05 GMT-0300 (Horário Padrão de Brasília)
-------------------------------------------------------------------------
Mon May 27 2024 11:48:05 GMT-0300 (Horário Padrão de Brasília)
Conectado ao Banco de Dados CEJUSC.
Renato Ferreira >>>LOGOU
-------------------------------------------------------------------------
Mon May 27 2024 11:48:05 GMT-0300 (Horário Padrão de Brasília)
Banco de Dados CEJUSC fechado.
-------------------------------------------------------------------------
Mon May 27 2024 11:48:05 GMT-0300 (Horário Padrão de Brasília)
-------------------------------------------------------------------------
Mon May 27 2024 11:48:05 GMT-0300 (Horário Padrão de Brasília)
GET
/principal/13326574860.uapfoaswltwhypzo.presenca
/principal/13326574860.uapfoaswltwhypzo.conciliador
-------------------------------------------------------------------------
Mon May 27 2024 11:48:09 GMT-0300 (Horário Padrão de Brasília)
GET
-------------------------------------------------------------------------
Mon May 27 2024 11:48:11 GMT-0300 (Horário Padrão de Brasília)
GET
/principal/13326574860.uapfoaswltwhypzo.completas
-------------------------------------------------------------------------
Mon May 27 2024 11:48:12 GMT-0300 (Horário Padrão de Brasília)
GET
/principal/13326574860.uapfoaswltwhypzo.presenca
-------------------------------------------------------------------------
Mon May 27 2024 12:33:57 GMT-0300 (Horário Padrão de Brasília)
/principal/13326574860.uapfoaswltwhypzo.conciliador
GET
GET
-------------------------------------------------------------------------
Mon May 27 2024 12:33:58 GMT-0300 (Horário Padrão de Brasília)
/principal/13326574860.uapfoaswltwhypzo.presenca
-------------------------------------------------------------------------
Mon May 27 2024 12:33:59 GMT-0300 (Horário Padrão de Brasília)
/principal/13326574860.uapfoaswltwhypzo.completas
GET
-------------------------------------------------------------------------
Mon May 27 2024 12:34:01 GMT-0300 (Horário Padrão de Brasília)
GET
/principal/13326574860.uapfoaswltwhypzo.conciliador
GET
-------------------------------------------------------------------------
Mon May 27 2024 12:34:02 GMT-0300 (Horário Padrão de Brasília)
/principal/13326574860.uapfoaswltwhypzo.completas
-------------------------------------------------------------------------
Mon May 27 2024 12:34:03 GMT-0300 (Horário Padrão de Brasília)
GET
/principal/13326574860.uapfoaswltwhypzo.pauta
-------------------------------------------------------------------------
Mon May 27 2024 12:34:06 GMT-0300 (Horário Padrão de Brasília)
GET
/principal/13326574860.uapfoaswltwhypzo.presenca
-------------------------------------------------------------------------
Mon May 27 2024 14:48:58 GMT-0300 (Horário Padrão de Brasília)
GET
/principal/13326574860.uapfoaswltwhypzo.conciliador
-------------------------------------------------------------------------
Mon May 27 2024 14:48:59 GMT-0300 (Horário Padrão de Brasília)
GET
/principal/13326574860.uapfoaswltwhypzo.presenca
-------------------------------------------------------------------------
Mon May 27 2024 14:55:33 GMT-0300 (Horário Padrão de Brasília)
GET
/principal/13326574860.uapfoaswltwhypzo.conciliador
GET
-------------------------------------------------------------------------
Mon May 27 2024 14:55:34 GMT-0300 (Horário Padrão de Brasília)
/principal/13326574860.uapfoaswltwhypzo.presenca
-------------------------------------------------------------------------
Mon May 27 2024 15:11:35 GMT-0300 (Horário Padrão de Brasília)
GET
/principal/13326574860.uapfoaswltwhypzo.conciliador
-------------------------------------------------------------------------
Mon May 27 2024 15:11:36 GMT-0300 (Horário Padrão de Brasília)
GET
/principal/13326574860.uapfoaswltwhypzo.presenca
-------------------------------------------------------------------------
Mon May 27 2024 15:11:38 GMT-0300 (Horário Padrão de Brasília)
GET
/principal/13326574860.uapfoaswltwhypzo.conciliador
-------------------------------------------------------------------------
Mon May 27 2024 15:11:38 GMT-0300 (Horário Padrão de Brasília)
/principal/13326574860.uapfoaswltwhypzo.presenca
GET
GET
-------------------------------------------------------------------------
Mon May 27 2024 15:12:25 GMT-0300 (Horário Padrão de Brasília)
/principal/13326574860.uapfoaswltwhypzo.conciliador
-------------------------------------------------------------------------
Mon May 27 2024 15:12:26 GMT-0300 (Horário Padrão de Brasília)
GET
/principal/13326574860.uapfoaswltwhypzo.presenca
-------------------------------------------------------------------------
Mon May 27 2024 15:12:28 GMT-0300 (Horário Padrão de Brasília)
GET
/principal/13326574860.uapfoaswltwhypzo.conciliador
-------------------------------------------------------------------------
Mon May 27 2024 15:12:29 GMT-0300 (Horário Padrão de Brasília)
GET
/principal/13326574860.uapfoaswltwhypzo.presenca
-------------------------------------------------------------------------
Mon May 27 2024 15:12:30 GMT-0300 (Horário Padrão de Brasília)
GET
/principal/13326574860.uapfoaswltwhypzo.conciliador
-------------------------------------------------------------------------
Mon May 27 2024 15:12:31 GMT-0300 (Horário Padrão de Brasília)
GET
/principal/13326574860.uapfoaswltwhypzo.presenca
GET
-------------------------------------------------------------------------
Mon May 27 2024 15:12:36 GMT-0300 (Horário Padrão de Brasília)
/logout/13326574860
Usuário 13326574860 DESLOGOU >>>
-------------------------------------------------------------------------
Mon May 27 2024 15:12:36 GMT-0300 (Horário Padrão de Brasília)
/
GET
-------------------------------------------------------------------------
Mon May 27 2024 15:12:42 GMT-0300 (Horário Padrão de Brasília)
POST
Usuário: 13326574860
/valida/api
-------------------------------------------------------------------------
Mon May 27 2024 15:12:42 GMT-0300 (Horário Padrão de Brasília)
Conectado ao Banco de Dados CEJUSC.
Renato Ferreira >>>LOGOU
-------------------------------------------------------------------------
Mon May 27 2024 15:12:42 GMT-0300 (Horário Padrão de Brasília)
-------------------------------------------------------------------------
Mon May 27 2024 15:12:42 GMT-0300 (Horário Padrão de Brasília)
Banco de Dados CEJUSC fechado.
-------------------------------------------------------------------------
Mon May 27 2024 15:12:42 GMT-0300 (Horário Padrão de Brasília)
GET
/principal/13326574860.jubxxagiehyahxpk.presenca
-------------------------------------------------------------------------
Mon May 27 2024 15:13:22 GMT-0300 (Horário Padrão de Brasília)
GET
/principal/13326574860.jubxxagiehyahxpk.conciliador
-------------------------------------------------------------------------
Mon May 27 2024 15:13:23 GMT-0300 (Horário Padrão de Brasília)
GET
/principal/13326574860.jubxxagiehyahxpk.presenca
-------------------------------------------------------------------------
Mon May 27 2024 15:13:24 GMT-0300 (Horário Padrão de Brasília)
/principal/13326574860.jubxxagiehyahxpk.conciliador
GET
-------------------------------------------------------------------------
Mon May 27 2024 15:13:25 GMT-0300 (Horário Padrão de Brasília)
GET
/principal/13326574860.jubxxagiehyahxpk.presenca
-------------------------------------------------------------------------
Mon May 27 2024 15:14:02 GMT-0300 (Horário Padrão de Brasília)
GET
/principal/13326574860.jubxxagiehyahxpk.conciliador
-------------------------------------------------------------------------
Mon May 27 2024 15:14:03 GMT-0300 (Horário Padrão de Brasília)
GET
/principal/13326574860.jubxxagiehyahxpk.presenca
-------------------------------------------------------------------------
Mon May 27 2024 15:14:07 GMT-0300 (Horário Padrão de Brasília)
GET
/principal/13326574860.jubxxagiehyahxpk.presenca
-------------------------------------------------------------------------
Mon May 27 2024 15:14:09 GMT-0300 (Horário Padrão de Brasília)
GET
/principal/13326574860.jubxxagiehyahxpk.conciliador
-------------------------------------------------------------------------
Mon May 27 2024 15:14:10 GMT-0300 (Horário Padrão de Brasília)
GET
/principal/13326574860.jubxxagiehyahxpk.presenca
-------------------------------------------------------------------------
Mon May 27 2024 15:14:13 GMT-0300 (Horário Padrão de Brasília)
/principal/13326574860.jubxxagiehyahxpk.conciliador
GET
-------------------------------------------------------------------------
Mon May 27 2024 15:14:15 GMT-0300 (Horário Padrão de Brasília)
GET
/principal/13326574860.jubxxagiehyahxpk.presenca
GET
-------------------------------------------------------------------------
Mon May 27 2024 15:27:32 GMT-0300 (Horário Padrão de Brasília)
/principal/13326574860.jubxxagiehyahxpk.conciliador
-------------------------------------------------------------------------
Mon May 27 2024 15:27:33 GMT-0300 (Horário Padrão de Brasília)
GET
/principal/13326574860.jubxxagiehyahxpk.presenca
GET
-------------------------------------------------------------------------
Mon May 27 2024 15:28:13 GMT-0300 (Horário Padrão de Brasília)
/principal/13326574860.jubxxagiehyahxpk.completas
-------------------------------------------------------------------------
Mon May 27 2024 15:28:14 GMT-0300 (Horário Padrão de Brasília)
GET
/principal/13326574860.jubxxagiehyahxpk.presenca
GET
/principal/13326574860.jubxxagiehyahxpk.conciliador
-------------------------------------------------------------------------
Mon May 27 2024 15:31:47 GMT-0300 (Horário Padrão de Brasília)
-------------------------------------------------------------------------
Mon May 27 2024 15:31:48 GMT-0300 (Horário Padrão de Brasília)
GET
/principal/13326574860.jubxxagiehyahxpk.presenca
-------------------------------------------------------------------------
Mon May 27 2024 15:59:54 GMT-0300 (Horário Padrão de Brasília)
/principal/13326574860.jubxxagiehyahxpk.conciliador
GET
-------------------------------------------------------------------------
Mon May 27 2024 15:59:55 GMT-0300 (Horário Padrão de Brasília)
GET
/principal/13326574860.jubxxagiehyahxpk.presenca
GET
/logout/13326574860
-------------------------------------------------------------------------
Mon May 27 2024 16:10:12 GMT-0300 (Horário Padrão de Brasília)
Usuário 13326574860 DESLOGOU >>>
-------------------------------------------------------------------------
Mon May 27 2024 16:10:12 GMT-0300 (Horário Padrão de Brasília)
GET
/
-------------------------------------------------------------------------
Mon May 27 2024 16:10:18 GMT-0300 (Horário Padrão de Brasília)
POST
/valida/api
Usuário: 13326574860
Conectado ao Banco de Dados CEJUSC.
-------------------------------------------------------------------------
Mon May 27 2024 16:10:18 GMT-0300 (Horário Padrão de Brasília)
-------------------------------------------------------------------------
Mon May 27 2024 16:10:18 GMT-0300 (Horário Padrão de Brasília)
Banco de Dados CEJUSC fechado.
-------------------------------------------------------------------------
Mon May 27 2024 16:10:18 GMT-0300 (Horário Padrão de Brasília)
Renato Ferreira >>>LOGOU
-------------------------------------------------------------------------
Mon May 27 2024 16:10:18 GMT-0300 (Horário Padrão de Brasília)
GET
/principal/13326574860.ksncgqlmpetoknaw.presenca
-------------------------------------------------------------------------
Mon May 27 2024 16:10:20 GMT-0300 (Horário Padrão de Brasília)
GET
/principal/13326574860.ksncgqlmpetoknaw.conciliador
-------------------------------------------------------------------------
Mon May 27 2024 16:10:21 GMT-0300 (Horário Padrão de Brasília)
GET
/principal/13326574860.ksncgqlmpetoknaw.presenca
-------------------------------------------------------------------------
Mon May 27 2024 16:10:27 GMT-0300 (Horário Padrão de Brasília)
/
GET
-------------------------------------------------------------------------
Mon May 27 2024 16:10:34 GMT-0300 (Horário Padrão de Brasília)
POST
/valida/api
Usuário: 13326574860
Conectado ao Banco de Dados CEJUSC.
-------------------------------------------------------------------------
Mon May 27 2024 16:10:34 GMT-0300 (Horário Padrão de Brasília)
-------------------------------------------------------------------------
Mon May 27 2024 16:10:34 GMT-0300 (Horário Padrão de Brasília)
Renato Ferreira >>>LOGOU
-------------------------------------------------------------------------
Mon May 27 2024 16:10:34 GMT-0300 (Horário Padrão de Brasília)
Banco de Dados CEJUSC fechado.
-------------------------------------------------------------------------
Mon May 27 2024 16:10:34 GMT-0300 (Horário Padrão de Brasília)
GET
/principal/13326574860.tzseoadeudmqqhqs.presenca
-------------------------------------------------------------------------
Mon May 27 2024 16:11:54 GMT-0300 (Horário Padrão de Brasília)
/principal/13326574860.tzseoadeudmqqhqs.conciliador
GET
-------------------------------------------------------------------------
Mon May 27 2024 16:11:56 GMT-0300 (Horário Padrão de Brasília)
GET
/principal/13326574860.tzseoadeudmqqhqs.presenca
-------------------------------------------------------------------------
Mon May 27 2024 16:12:09 GMT-0300 (Horário Padrão de Brasília)
GET
/principal/13326574860.tzseoadeudmqqhqs.conciliador
-------------------------------------------------------------------------
Mon May 27 2024 16:12:09 GMT-0300 (Horário Padrão de Brasília)
GET
/principal/13326574860.tzseoadeudmqqhqs.presenca
GET
-------------------------------------------------------------------------
Mon May 27 2024 16:19:39 GMT-0300 (Horário Padrão de Brasília)
/principal/13326574860.tzseoadeudmqqhqs.completas
-------------------------------------------------------------------------
Mon May 27 2024 16:19:39 GMT-0300 (Horário Padrão de Brasília)
GET
/principal/13326574860.tzseoadeudmqqhqs.presenca
-------------------------------------------------------------------------
Mon May 27 2024 16:21:19 GMT-0300 (Horário Padrão de Brasília)
GET
/principal/13326574860.tzseoadeudmqqhqs.conciliador
-------------------------------------------------------------------------
Mon May 27 2024 16:21:20 GMT-0300 (Horário Padrão de Brasília)
/principal/13326574860.tzseoadeudmqqhqs.presenca
GET
-------------------------------------------------------------------------
Mon May 27 2024 16:24:12 GMT-0300 (Horário Padrão de Brasília)
GET
/principal/13326574860.tzseoadeudmqqhqs.conciliador
-------------------------------------------------------------------------
Mon May 27 2024 16:24:12 GMT-0300 (Horário Padrão de Brasília)
GET
/principal/13326574860.tzseoadeudmqqhqs.presenca
-------------------------------------------------------------------------
Mon May 27 2024 16:25:19 GMT-0300 (Horário Padrão de Brasília)
GET
/principal/13326574860.tzseoadeudmqqhqs.conciliador
-------------------------------------------------------------------------
Mon May 27 2024 16:25:20 GMT-0300 (Horário Padrão de Brasília)
GET
/principal/13326574860.tzseoadeudmqqhqs.presenca
-------------------------------------------------------------------------
Mon May 27 2024 16:25:46 GMT-0300 (Horário Padrão de Brasília)
/principal/13326574860.tzseoadeudmqqhqs.conciliador
GET
-------------------------------------------------------------------------
Mon May 27 2024 16:25:47 GMT-0300 (Horário Padrão de Brasília)
/principal/13326574860.tzseoadeudmqqhqs.presenca
GET
-------------------------------------------------------------------------
Mon May 27 2024 16:26:52 GMT-0300 (Horário Padrão de Brasília)
/principal/13326574860.tzseoadeudmqqhqs.conciliador
GET
-------------------------------------------------------------------------
Mon May 27 2024 16:26:52 GMT-0300 (Horário Padrão de Brasília)
GET
/principal/13326574860.tzseoadeudmqqhqs.presenca
-------------------------------------------------------------------------
Mon May 27 2024 16:33:14 GMT-0300 (Horário Padrão de Brasília)
GET
/principal/13326574860.tzseoadeudmqqhqs.completas
-------------------------------------------------------------------------
Mon May 27 2024 16:33:19 GMT-0300 (Horário Padrão de Brasília)
GET
/principal/13326574860.tzseoadeudmqqhqs.presenca
-------------------------------------------------------------------------
Mon May 27 2024 16:34:03 GMT-0300 (Horário Padrão de Brasília)
GET
/logout/13326574860
Usuário 13326574860 DESLOGOU >>>
-------------------------------------------------------------------------
Mon May 27 2024 16:34:03 GMT-0300 (Horário Padrão de Brasília)
GET
/
