-------------------------------------------------------------------------
Fri Jun 28 2024 10:07:42 GMT-0300 (Horário Padrão de Brasília)
/
GET
POST
-------------------------------------------------------------------------
Fri Jun 28 2024 13:43:44 GMT-0300 (Horário Padrão de Brasília)
/valida/api
Usuário: 13326574860
-------------------------------------------------------------------------
Fri Jun 28 2024 13:43:44 GMT-0300 (Horário Padrão de Brasília)
Conectado ao Banco de Dados CEJUSC.
-------------------------------------------------------------------------
Fri Jun 28 2024 13:43:44 GMT-0300 (Horário Padrão de Brasília)
Renato Ferreira >>>LOGOU
-------------------------------------------------------------------------
Fri Jun 28 2024 13:43:44 GMT-0300 (Horário Padrão de Brasília)
Banco de Dados CEJUSC fechado.
-------------------------------------------------------------------------
Fri Jun 28 2024 13:43:44 GMT-0300 (Horário Padrão de Brasília)
/principal/13326574860.gsofpntqbqgknvgh.presenca
GET
-------------------------------------------------------------------------
Fri Jun 28 2024 13:44:05 GMT-0300 (Horário Padrão de Brasília)
GET
/logout/123452024
Usuário 123452024 DESLOGOU >>>
-------------------------------------------------------------------------
Fri Jun 28 2024 13:44:05 GMT-0300 (Horário Padrão de Brasília)
GET
/
-------------------------------------------------------------------------
Fri Jun 28 2024 13:44:11 GMT-0300 (Horário Padrão de Brasília)
POST
/valida/api
Usuário: 13326574860
-------------------------------------------------------------------------
Fri Jun 28 2024 13:44:11 GMT-0300 (Horário Padrão de Brasília)
Conectado ao Banco de Dados CEJUSC.
-------------------------------------------------------------------------
Fri Jun 28 2024 13:44:11 GMT-0300 (Horário Padrão de Brasília)
Renato Ferreira >>>LOGOU
-------------------------------------------------------------------------
Fri Jun 28 2024 13:44:11 GMT-0300 (Horário Padrão de Brasília)
Banco de Dados CEJUSC fechado.
-------------------------------------------------------------------------
Fri Jun 28 2024 13:44:11 GMT-0300 (Horário Padrão de Brasília)
GET
/principal/13326574860.twgnmfgbjmzdchkx.presenca
-------------------------------------------------------------------------
Fri Jun 28 2024 13:44:40 GMT-0300 (Horário Padrão de Brasília)
GET
/logout/13326574860
Usuário 13326574860 DESLOGOU >>>
-------------------------------------------------------------------------
Fri Jun 28 2024 13:44:40 GMT-0300 (Horário Padrão de Brasília)
GET
/
-------------------------------------------------------------------------
Fri Jun 28 2024 13:44:45 GMT-0300 (Horário Padrão de Brasília)
/valida/api
POST
Usuário: 13326574860
Conectado ao Banco de Dados CEJUSC.
-------------------------------------------------------------------------
Fri Jun 28 2024 13:44:45 GMT-0300 (Horário Padrão de Brasília)
-------------------------------------------------------------------------
Fri Jun 28 2024 13:44:45 GMT-0300 (Horário Padrão de Brasília)
Renato Ferreira >>>LOGOU
-------------------------------------------------------------------------
Fri Jun 28 2024 13:44:45 GMT-0300 (Horário Padrão de Brasília)
Banco de Dados CEJUSC fechado.
-------------------------------------------------------------------------
Fri Jun 28 2024 13:44:45 GMT-0300 (Horário Padrão de Brasília)
GET
/principal/13326574860.jgqpbyxsoiiqkbzl.presenca
-------------------------------------------------------------------------
Fri Jun 28 2024 14:05:52 GMT-0300 (Horário Padrão de Brasília)
GET
/
-------------------------------------------------------------------------
Fri Jun 28 2024 14:05:57 GMT-0300 (Horário Padrão de Brasília)
POST
/valida/api
Usuário: 13326574860
-------------------------------------------------------------------------
Fri Jun 28 2024 14:05:57 GMT-0300 (Horário Padrão de Brasília)
Conectado ao Banco de Dados CEJUSC.
-------------------------------------------------------------------------
Fri Jun 28 2024 14:05:57 GMT-0300 (Horário Padrão de Brasília)
-------------------------------------------------------------------------
Fri Jun 28 2024 14:05:57 GMT-0300 (Horário Padrão de Brasília)
Banco de Dados CEJUSC fechado.
Renato Ferreira >>>LOGOU
-------------------------------------------------------------------------
Fri Jun 28 2024 14:05:57 GMT-0300 (Horário Padrão de Brasília)
/principal/13326574860.umurqfkpssunsrse.presenca
GET
-------------------------------------------------------------------------
Fri Jun 28 2024 14:59:56 GMT-0300 (Horário Padrão de Brasília)
/
GET
/valida/api
-------------------------------------------------------------------------
Fri Jun 28 2024 15:00:03 GMT-0300 (Horário Padrão de Brasília)
Usuário: 13326574860
POST
-------------------------------------------------------------------------
Fri Jun 28 2024 15:00:03 GMT-0300 (Horário Padrão de Brasília)
Conectado ao Banco de Dados CEJUSC.
-------------------------------------------------------------------------
Fri Jun 28 2024 15:00:03 GMT-0300 (Horário Padrão de Brasília)
Renato Ferreira >>>LOGOU
Banco de Dados CEJUSC fechado.
-------------------------------------------------------------------------
Fri Jun 28 2024 15:00:03 GMT-0300 (Horário Padrão de Brasília)
-------------------------------------------------------------------------
Fri Jun 28 2024 15:00:03 GMT-0300 (Horário Padrão de Brasília)
GET
/principal/13326574860.fvcbmignhrxanyyv.presenca
-------------------------------------------------------------------------
Fri Jun 28 2024 16:02:53 GMT-0300 (Horário Padrão de Brasília)
/logout/13326574860
GET
Usuário 13326574860 DESLOGOU >>>
-------------------------------------------------------------------------
Fri Jun 28 2024 16:02:53 GMT-0300 (Horário Padrão de Brasília)
/
GET
