-------------------------------------------------------------------------
Wed May 29 2024 12:13:34 GMT-0300 (Horário Padrão de Brasília)
/
GET
-------------------------------------------------------------------------
Wed May 29 2024 12:13:44 GMT-0300 (Horário Padrão de Brasília)
POST
/valida/api
Usuário: 13326574860
-------------------------------------------------------------------------
Wed May 29 2024 12:13:44 GMT-0300 (Horário Padrão de Brasília)
Conectado ao Banco de Dados CEJUSC.
-------------------------------------------------------------------------
Wed May 29 2024 12:13:44 GMT-0300 (Horário Padrão de Brasília)
Renato Ferreira >>>LOGOU
-------------------------------------------------------------------------
Wed May 29 2024 12:13:44 GMT-0300 (Horário Padrão de Brasília)
Banco de Dados CEJUSC fechado.
GET
-------------------------------------------------------------------------
Wed May 29 2024 12:13:44 GMT-0300 (Horário Padrão de Brasília)
/principal/13326574860.lzrxgybyxyogdffp.presenca
-------------------------------------------------------------------------
Wed May 29 2024 12:43:36 GMT-0300 (Horário Padrão de Brasília)
GET
/principal/13326574860.lzrxgybyxyogdffp.completas
-------------------------------------------------------------------------
Wed May 29 2024 12:43:37 GMT-0300 (Horário Padrão de Brasília)
/principal/13326574860.lzrxgybyxyogdffp.conciliador
GET
-------------------------------------------------------------------------
Wed May 29 2024 12:43:38 GMT-0300 (Horário Padrão de Brasília)
GET
/principal/13326574860.lzrxgybyxyogdffp.presenca
-------------------------------------------------------------------------
Wed May 29 2024 13:37:19 GMT-0300 (Horário Padrão de Brasília)
/principal/13326574860.lzrxgybyxyogdffp.conciliador
GET
-------------------------------------------------------------------------
Wed May 29 2024 13:37:20 GMT-0300 (Horário Padrão de Brasília)
GET
/principal/13326574860.lzrxgybyxyogdffp.presenca
-------------------------------------------------------------------------
Wed May 29 2024 14:26:47 GMT-0300 (Horário Padrão de Brasília)
/principal/13326574860.lzrxgybyxyogdffp.conciliador
GET
-------------------------------------------------------------------------
Wed May 29 2024 14:26:48 GMT-0300 (Horário Padrão de Brasília)
/principal/13326574860.lzrxgybyxyogdffp.pauta
GET
-------------------------------------------------------------------------
Wed May 29 2024 14:26:50 GMT-0300 (Horário Padrão de Brasília)
/principal/13326574860.lzrxgybyxyogdffp.presenca
GET
GET
-------------------------------------------------------------------------
Wed May 29 2024 14:26:55 GMT-0300 (Horário Padrão de Brasília)
/principal/13326574860.lzrxgybyxyogdffp.pauta
-------------------------------------------------------------------------
Wed May 29 2024 14:27:07 GMT-0300 (Horário Padrão de Brasília)
GET
/principal/13326574860.lzrxgybyxyogdffp.presenca
-------------------------------------------------------------------------
Wed May 29 2024 15:30:35 GMT-0300 (Horário Padrão de Brasília)
GET
/logout/13326574860
Usuário 13326574860 DESLOGOU >>>
-------------------------------------------------------------------------
Wed May 29 2024 15:30:35 GMT-0300 (Horário Padrão de Brasília)
GET
/
