-------------------------------------------------------------------------
Mon Jul 29 2024 11:15:41 GMT-0300 (Horário Padrão de Brasília)
GET
/
-------------------------------------------------------------------------
Mon Jul 29 2024 11:15:49 GMT-0300 (Horário Padrão de Brasília)
POST
/valida/api
Usuário: 13326574860
-------------------------------------------------------------------------
Mon Jul 29 2024 11:15:49 GMT-0300 (Horário Padrão de Brasília)
Conectado ao Banco de Dados CEJUSC.
-------------------------------------------------------------------------
Mon Jul 29 2024 11:15:49 GMT-0300 (Horário Padrão de Brasília)
Renato Ferreira >>>LOGOU
-------------------------------------------------------------------------
Mon Jul 29 2024 11:15:49 GMT-0300 (Horário Padrão de Brasília)
Banco de Dados CEJUSC fechado.
-------------------------------------------------------------------------
Mon Jul 29 2024 11:15:49 GMT-0300 (Horário Padrão de Brasília)
/principal/13326574860.ivksmdayikdurbni.presenca
GET
-------------------------------------------------------------------------
Mon Jul 29 2024 11:15:56 GMT-0300 (Horário Padrão de Brasília)
POST
/presenca/processo
Conectado ao Banco de Dados CEJUSC.
-------------------------------------------------------------------------
Mon Jul 29 2024 11:15:56 GMT-0300 (Horário Padrão de Brasília)
-------------------------------------------------------------------------
Mon Jul 29 2024 11:15:56 GMT-0300 (Horário Padrão de Brasília)
Uma linha FOI encontrada. Processo: 1008516-16.2022
-------------------------------------------------------------------------
Mon Jul 29 2024 11:15:56 GMT-0300 (Horário Padrão de Brasília)
Banco de Dados CEJUSC fechado.
-------------------------------------------------------------------------
Mon Jul 29 2024 11:18:32 GMT-0300 (Horário Padrão de Brasília)
POST
/presenca/processo
Conectado ao Banco de Dados CEJUSC.
-------------------------------------------------------------------------
Mon Jul 29 2024 11:18:32 GMT-0300 (Horário Padrão de Brasília)
-------------------------------------------------------------------------
Mon Jul 29 2024 11:18:33 GMT-0300 (Horário Padrão de Brasília)
Uma linha NÃO foi encontrada. Processo: 0000000-00.0000
Banco de Dados CEJUSC fechado.
-------------------------------------------------------------------------
Mon Jul 29 2024 11:18:33 GMT-0300 (Horário Padrão de Brasília)
-------------------------------------------------------------------------
Mon Jul 29 2024 12:53:17 GMT-0300 (Horário Padrão de Brasília)
GET
Usuário 13326574860 DESLOGOU >>>
/logout/13326574860
-------------------------------------------------------------------------
Mon Jul 29 2024 12:53:17 GMT-0300 (Horário Padrão de Brasília)
/
GET
-------------------------------------------------------------------------
Mon Jul 29 2024 12:53:43 GMT-0300 (Horário Padrão de Brasília)
POST
Usuário: 13326574860
/valida/api
-------------------------------------------------------------------------
Mon Jul 29 2024 12:53:43 GMT-0300 (Horário Padrão de Brasília)
Conectado ao Banco de Dados CEJUSC.
-------------------------------------------------------------------------
Mon Jul 29 2024 12:53:43 GMT-0300 (Horário Padrão de Brasília)
Renato Ferreira >>>LOGOU
-------------------------------------------------------------------------
Mon Jul 29 2024 12:53:43 GMT-0300 (Horário Padrão de Brasília)
Banco de Dados CEJUSC fechado.
-------------------------------------------------------------------------
Mon Jul 29 2024 12:53:43 GMT-0300 (Horário Padrão de Brasília)
GET
/principal/13326574860.ggmklkgmvynovmwg.presenca
-------------------------------------------------------------------------
Mon Jul 29 2024 12:53:48 GMT-0300 (Horário Padrão de Brasília)
POST
/presenca/processo
Conectado ao Banco de Dados CEJUSC.
-------------------------------------------------------------------------
Mon Jul 29 2024 12:53:48 GMT-0300 (Horário Padrão de Brasília)
-------------------------------------------------------------------------
Mon Jul 29 2024 12:53:48 GMT-0300 (Horário Padrão de Brasília)
Uma linha FOI encontrada. Processo: 1008516-16.2022
-------------------------------------------------------------------------
Mon Jul 29 2024 12:53:48 GMT-0300 (Horário Padrão de Brasília)
Banco de Dados CEJUSC fechado.
-------------------------------------------------------------------------
Mon Jul 29 2024 12:59:31 GMT-0300 (Horário Padrão de Brasília)
GET
/logout/13326574860
Usuário 13326574860 DESLOGOU >>>
-------------------------------------------------------------------------
Mon Jul 29 2024 12:59:31 GMT-0300 (Horário Padrão de Brasília)
GET
/
-------------------------------------------------------------------------
Mon Jul 29 2024 12:59:37 GMT-0300 (Horário Padrão de Brasília)
Usuário: 13326574860
POST
/valida/api
-------------------------------------------------------------------------
Mon Jul 29 2024 12:59:37 GMT-0300 (Horário Padrão de Brasília)
Conectado ao Banco de Dados CEJUSC.
-------------------------------------------------------------------------
Mon Jul 29 2024 12:59:37 GMT-0300 (Horário Padrão de Brasília)
Renato Ferreira >>>LOGOU
-------------------------------------------------------------------------
Mon Jul 29 2024 12:59:37 GMT-0300 (Horário Padrão de Brasília)
Banco de Dados CEJUSC fechado.
-------------------------------------------------------------------------
Mon Jul 29 2024 12:59:37 GMT-0300 (Horário Padrão de Brasília)
GET
/principal/13326574860.kfmwrovyfbjpcqir.presenca
-------------------------------------------------------------------------
Mon Jul 29 2024 12:59:42 GMT-0300 (Horário Padrão de Brasília)
/presenca/processo
POST
Conectado ao Banco de Dados CEJUSC.
-------------------------------------------------------------------------
Mon Jul 29 2024 12:59:42 GMT-0300 (Horário Padrão de Brasília)
-------------------------------------------------------------------------
Mon Jul 29 2024 12:59:42 GMT-0300 (Horário Padrão de Brasília)
Uma linha FOI encontrada. Processo: 1008516-16.2022
-------------------------------------------------------------------------
Mon Jul 29 2024 12:59:42 GMT-0300 (Horário Padrão de Brasília)
Banco de Dados CEJUSC fechado.
-------------------------------------------------------------------------
Mon Jul 29 2024 13:01:21 GMT-0300 (Horário Padrão de Brasília)
/logout/13326574860
GET
Usuário 13326574860 DESLOGOU >>>
-------------------------------------------------------------------------
Mon Jul 29 2024 13:01:21 GMT-0300 (Horário Padrão de Brasília)
/
GET
POST
-------------------------------------------------------------------------
Mon Jul 29 2024 13:01:26 GMT-0300 (Horário Padrão de Brasília)
Usuário: 13326574860
/valida/api
-------------------------------------------------------------------------
Mon Jul 29 2024 13:01:26 GMT-0300 (Horário Padrão de Brasília)
Conectado ao Banco de Dados CEJUSC.
-------------------------------------------------------------------------
Mon Jul 29 2024 13:01:26 GMT-0300 (Horário Padrão de Brasília)
Renato Ferreira >>>LOGOU
-------------------------------------------------------------------------
Mon Jul 29 2024 13:01:26 GMT-0300 (Horário Padrão de Brasília)
Banco de Dados CEJUSC fechado.
GET
-------------------------------------------------------------------------
Mon Jul 29 2024 13:01:26 GMT-0300 (Horário Padrão de Brasília)
/principal/13326574860.yoegtfxzwlhbjuhu.presenca
-------------------------------------------------------------------------
Mon Jul 29 2024 13:01:30 GMT-0300 (Horário Padrão de Brasília)
POST
/presenca/processo
Conectado ao Banco de Dados CEJUSC.
-------------------------------------------------------------------------
Mon Jul 29 2024 13:01:30 GMT-0300 (Horário Padrão de Brasília)
-------------------------------------------------------------------------
Mon Jul 29 2024 13:01:30 GMT-0300 (Horário Padrão de Brasília)
Uma linha FOI encontrada. Processo: 1008516-16.2022
Banco de Dados CEJUSC fechado.
-------------------------------------------------------------------------
Mon Jul 29 2024 13:01:30 GMT-0300 (Horário Padrão de Brasília)
GET
/logout/13326574860
-------------------------------------------------------------------------
Mon Jul 29 2024 14:05:43 GMT-0300 (Horário Padrão de Brasília)
Usuário 13326574860 DESLOGOU >>>
GET
-------------------------------------------------------------------------
Mon Jul 29 2024 14:05:43 GMT-0300 (Horário Padrão de Brasília)
/
-------------------------------------------------------------------------
Mon Jul 29 2024 14:06:06 GMT-0300 (Horário Padrão de Brasília)
POST
/valida/api
Usuário: 13326574860
-------------------------------------------------------------------------
Mon Jul 29 2024 14:06:06 GMT-0300 (Horário Padrão de Brasília)
Conectado ao Banco de Dados CEJUSC.
-------------------------------------------------------------------------
Mon Jul 29 2024 14:06:06 GMT-0300 (Horário Padrão de Brasília)
Renato Ferreira >>>LOGOU
-------------------------------------------------------------------------
Mon Jul 29 2024 14:06:06 GMT-0300 (Horário Padrão de Brasília)
Banco de Dados CEJUSC fechado.
-------------------------------------------------------------------------
Mon Jul 29 2024 14:06:07 GMT-0300 (Horário Padrão de Brasília)
/principal/13326574860.vyjvxxmpipdrhwhp.presenca
GET
-------------------------------------------------------------------------
Mon Jul 29 2024 14:06:11 GMT-0300 (Horário Padrão de Brasília)
POST
/presenca/processo
Conectado ao Banco de Dados CEJUSC.
-------------------------------------------------------------------------
Mon Jul 29 2024 14:06:11 GMT-0300 (Horário Padrão de Brasília)
-------------------------------------------------------------------------
Mon Jul 29 2024 14:06:11 GMT-0300 (Horário Padrão de Brasília)
Uma linha FOI encontrada. Processo: 1008516-16.2022
-------------------------------------------------------------------------
Mon Jul 29 2024 14:06:11 GMT-0300 (Horário Padrão de Brasília)
Banco de Dados CEJUSC fechado.
-------------------------------------------------------------------------
Mon Jul 29 2024 14:11:31 GMT-0300 (Horário Padrão de Brasília)
GET
/principal/13326574860.vyjvxxmpipdrhwhp.conciliador
-------------------------------------------------------------------------
Mon Jul 29 2024 14:11:32 GMT-0300 (Horário Padrão de Brasília)
/principal/13326574860.vyjvxxmpipdrhwhp.presenca
GET
-------------------------------------------------------------------------
Mon Jul 29 2024 14:11:37 GMT-0300 (Horário Padrão de Brasília)
POST
/presenca/processo
Conectado ao Banco de Dados CEJUSC.
-------------------------------------------------------------------------
Mon Jul 29 2024 14:11:37 GMT-0300 (Horário Padrão de Brasília)
-------------------------------------------------------------------------
Mon Jul 29 2024 14:11:37 GMT-0300 (Horário Padrão de Brasília)
Uma linha FOI encontrada. Processo: 1008516-16.2022
-------------------------------------------------------------------------
Mon Jul 29 2024 14:11:37 GMT-0300 (Horário Padrão de Brasília)
Banco de Dados CEJUSC fechado.
-------------------------------------------------------------------------
Mon Jul 29 2024 14:12:50 GMT-0300 (Horário Padrão de Brasília)
GET
Usuário 13326574860 DESLOGOU >>>
/logout/13326574860
-------------------------------------------------------------------------
Mon Jul 29 2024 14:12:50 GMT-0300 (Horário Padrão de Brasília)
/
GET
-------------------------------------------------------------------------
Mon Jul 29 2024 14:12:55 GMT-0300 (Horário Padrão de Brasília)
/valida/api
POST
Usuário: 13326574860
-------------------------------------------------------------------------
Mon Jul 29 2024 14:12:55 GMT-0300 (Horário Padrão de Brasília)
Conectado ao Banco de Dados CEJUSC.
-------------------------------------------------------------------------
Mon Jul 29 2024 14:12:55 GMT-0300 (Horário Padrão de Brasília)
Renato Ferreira >>>LOGOU
-------------------------------------------------------------------------
Mon Jul 29 2024 14:12:55 GMT-0300 (Horário Padrão de Brasília)
Banco de Dados CEJUSC fechado.
-------------------------------------------------------------------------
Mon Jul 29 2024 14:12:55 GMT-0300 (Horário Padrão de Brasília)
GET
/principal/13326574860.jqzprgavzbdkaeza.presenca
/presenca/processo
POST
-------------------------------------------------------------------------
Mon Jul 29 2024 14:13:03 GMT-0300 (Horário Padrão de Brasília)
-------------------------------------------------------------------------
Mon Jul 29 2024 14:13:03 GMT-0300 (Horário Padrão de Brasília)
Conectado ao Banco de Dados CEJUSC.
-------------------------------------------------------------------------
Mon Jul 29 2024 14:13:03 GMT-0300 (Horário Padrão de Brasília)
Uma linha FOI encontrada. Processo: 1002546-64.2024
Banco de Dados CEJUSC fechado.
-------------------------------------------------------------------------
Mon Jul 29 2024 14:13:03 GMT-0300 (Horário Padrão de Brasília)
-------------------------------------------------------------------------
Mon Jul 29 2024 14:14:05 GMT-0300 (Horário Padrão de Brasília)
GET
/principal/13326574860.jqzprgavzbdkaeza.conciliador
GET
/principal/13326574860.jqzprgavzbdkaeza.presenca
-------------------------------------------------------------------------
Mon Jul 29 2024 14:14:06 GMT-0300 (Horário Padrão de Brasília)
/presenca/processo
-------------------------------------------------------------------------
Mon Jul 29 2024 14:14:11 GMT-0300 (Horário Padrão de Brasília)
POST
Conectado ao Banco de Dados CEJUSC.
-------------------------------------------------------------------------
Mon Jul 29 2024 14:14:11 GMT-0300 (Horário Padrão de Brasília)
-------------------------------------------------------------------------
Mon Jul 29 2024 14:14:11 GMT-0300 (Horário Padrão de Brasília)
Uma linha FOI encontrada. Processo: 1008516-16.2022
-------------------------------------------------------------------------
Mon Jul 29 2024 14:14:11 GMT-0300 (Horário Padrão de Brasília)
Banco de Dados CEJUSC fechado.
-------------------------------------------------------------------------
Mon Jul 29 2024 14:15:25 GMT-0300 (Horário Padrão de Brasília)
GET
/principal/13326574860.jqzprgavzbdkaeza.pauta
-------------------------------------------------------------------------
Mon Jul 29 2024 14:15:26 GMT-0300 (Horário Padrão de Brasília)
GET
/principal/13326574860.jqzprgavzbdkaeza.presenca
/presenca/processo
POST
-------------------------------------------------------------------------
Mon Jul 29 2024 14:15:33 GMT-0300 (Horário Padrão de Brasília)
-------------------------------------------------------------------------
Mon Jul 29 2024 14:15:33 GMT-0300 (Horário Padrão de Brasília)
Conectado ao Banco de Dados CEJUSC.
Uma linha FOI encontrada. Processo: 1008516-16.2022
-------------------------------------------------------------------------
Mon Jul 29 2024 14:15:33 GMT-0300 (Horário Padrão de Brasília)
-------------------------------------------------------------------------
Mon Jul 29 2024 14:15:33 GMT-0300 (Horário Padrão de Brasília)
Banco de Dados CEJUSC fechado.
-------------------------------------------------------------------------
Mon Jul 29 2024 14:16:28 GMT-0300 (Horário Padrão de Brasília)
GET
/principal/13326574860.jqzprgavzbdkaeza.completas
-------------------------------------------------------------------------
Mon Jul 29 2024 14:16:28 GMT-0300 (Horário Padrão de Brasília)
/principal/13326574860.jqzprgavzbdkaeza.presenca
GET
POST
/presenca/processo
-------------------------------------------------------------------------
Mon Jul 29 2024 14:16:33 GMT-0300 (Horário Padrão de Brasília)
-------------------------------------------------------------------------
Mon Jul 29 2024 14:16:33 GMT-0300 (Horário Padrão de Brasília)
Conectado ao Banco de Dados CEJUSC.
-------------------------------------------------------------------------
Mon Jul 29 2024 14:16:33 GMT-0300 (Horário Padrão de Brasília)
Uma linha FOI encontrada. Processo: 1008516-16.2022
Banco de Dados CEJUSC fechado.
-------------------------------------------------------------------------
Mon Jul 29 2024 14:16:33 GMT-0300 (Horário Padrão de Brasília)
-------------------------------------------------------------------------
Mon Jul 29 2024 14:18:06 GMT-0300 (Horário Padrão de Brasília)
GET
/principal/13326574860.jqzprgavzbdkaeza.pauta
-------------------------------------------------------------------------
Mon Jul 29 2024 14:18:07 GMT-0300 (Horário Padrão de Brasília)
/principal/13326574860.jqzprgavzbdkaeza.presenca
GET
-------------------------------------------------------------------------
Mon Jul 29 2024 14:18:12 GMT-0300 (Horário Padrão de Brasília)
/presenca/processo
POST
-------------------------------------------------------------------------
Mon Jul 29 2024 14:18:12 GMT-0300 (Horário Padrão de Brasília)
Conectado ao Banco de Dados CEJUSC.
-------------------------------------------------------------------------
Mon Jul 29 2024 14:18:12 GMT-0300 (Horário Padrão de Brasília)
Uma linha NÃO foi encontrada. Processo: 0010025-78.2024
Banco de Dados CEJUSC fechado.
-------------------------------------------------------------------------
Mon Jul 29 2024 14:18:12 GMT-0300 (Horário Padrão de Brasília)
-------------------------------------------------------------------------
Mon Jul 29 2024 14:19:04 GMT-0300 (Horário Padrão de Brasília)
/principal/13326574860.jqzprgavzbdkaeza.completas
GET
-------------------------------------------------------------------------
Mon Jul 29 2024 14:19:05 GMT-0300 (Horário Padrão de Brasília)
GET
/principal/13326574860.jqzprgavzbdkaeza.presenca
-------------------------------------------------------------------------
Mon Jul 29 2024 14:19:10 GMT-0300 (Horário Padrão de Brasília)
/presenca/processo
POST
-------------------------------------------------------------------------
Mon Jul 29 2024 14:19:10 GMT-0300 (Horário Padrão de Brasília)
Conectado ao Banco de Dados CEJUSC.
-------------------------------------------------------------------------
Mon Jul 29 2024 14:19:10 GMT-0300 (Horário Padrão de Brasília)
Uma linha FOI encontrada. Processo: 1008516-16.2022
-------------------------------------------------------------------------
Mon Jul 29 2024 14:19:10 GMT-0300 (Horário Padrão de Brasília)
Banco de Dados CEJUSC fechado.
-------------------------------------------------------------------------
Mon Jul 29 2024 14:19:34 GMT-0300 (Horário Padrão de Brasília)
GET
/principal/13326574860.jqzprgavzbdkaeza.completas
-------------------------------------------------------------------------
Mon Jul 29 2024 14:19:35 GMT-0300 (Horário Padrão de Brasília)
GET
/principal/13326574860.jqzprgavzbdkaeza.presenca
-------------------------------------------------------------------------
Mon Jul 29 2024 14:19:40 GMT-0300 (Horário Padrão de Brasília)
/presenca/processo
POST
-------------------------------------------------------------------------
Mon Jul 29 2024 14:19:40 GMT-0300 (Horário Padrão de Brasília)
Conectado ao Banco de Dados CEJUSC.
-------------------------------------------------------------------------
Mon Jul 29 2024 14:19:40 GMT-0300 (Horário Padrão de Brasília)
Uma linha FOI encontrada. Processo: 1008516-16.2022
-------------------------------------------------------------------------
Mon Jul 29 2024 14:19:40 GMT-0300 (Horário Padrão de Brasília)
Banco de Dados CEJUSC fechado.
-------------------------------------------------------------------------
Mon Jul 29 2024 14:23:24 GMT-0300 (Horário Padrão de Brasília)
GET
/principal/13326574860.jqzprgavzbdkaeza.pauta
/principal/13326574860.jqzprgavzbdkaeza.presenca
-------------------------------------------------------------------------
Mon Jul 29 2024 14:23:26 GMT-0300 (Horário Padrão de Brasília)
GET
-------------------------------------------------------------------------
Mon Jul 29 2024 14:23:30 GMT-0300 (Horário Padrão de Brasília)
/presenca/processo
POST
-------------------------------------------------------------------------
Mon Jul 29 2024 14:23:30 GMT-0300 (Horário Padrão de Brasília)
Conectado ao Banco de Dados CEJUSC.
-------------------------------------------------------------------------
Mon Jul 29 2024 14:23:30 GMT-0300 (Horário Padrão de Brasília)
Uma linha FOI encontrada. Processo: 1008516-16.2022
-------------------------------------------------------------------------
Mon Jul 29 2024 14:23:30 GMT-0300 (Horário Padrão de Brasília)
Banco de Dados CEJUSC fechado.
GET
/principal/13326574860.jqzprgavzbdkaeza.conciliador
-------------------------------------------------------------------------
Mon Jul 29 2024 14:24:30 GMT-0300 (Horário Padrão de Brasília)
-------------------------------------------------------------------------
Mon Jul 29 2024 14:24:31 GMT-0300 (Horário Padrão de Brasília)
GET
/principal/13326574860.jqzprgavzbdkaeza.presenca
-------------------------------------------------------------------------
Mon Jul 29 2024 14:24:41 GMT-0300 (Horário Padrão de Brasília)
/presenca/processo
POST
Conectado ao Banco de Dados CEJUSC.
-------------------------------------------------------------------------
Mon Jul 29 2024 14:24:41 GMT-0300 (Horário Padrão de Brasília)
Uma linha FOI encontrada. Processo: 1008516-16.2022
-------------------------------------------------------------------------
Mon Jul 29 2024 14:24:41 GMT-0300 (Horário Padrão de Brasília)
-------------------------------------------------------------------------
Mon Jul 29 2024 14:24:41 GMT-0300 (Horário Padrão de Brasília)
Banco de Dados CEJUSC fechado.
GET
-------------------------------------------------------------------------
Mon Jul 29 2024 14:32:53 GMT-0300 (Horário Padrão de Brasília)
/principal/13326574860.jqzprgavzbdkaeza.pauta
-------------------------------------------------------------------------
Mon Jul 29 2024 14:32:55 GMT-0300 (Horário Padrão de Brasília)
GET
/principal/13326574860.jqzprgavzbdkaeza.presenca
-------------------------------------------------------------------------
Mon Jul 29 2024 14:33:03 GMT-0300 (Horário Padrão de Brasília)
POST
/presenca/processo
Conectado ao Banco de Dados CEJUSC.
-------------------------------------------------------------------------
Mon Jul 29 2024 14:33:03 GMT-0300 (Horário Padrão de Brasília)
-------------------------------------------------------------------------
Mon Jul 29 2024 14:33:03 GMT-0300 (Horário Padrão de Brasília)
Uma linha FOI encontrada. Processo: 1008516-16.2022
-------------------------------------------------------------------------
Mon Jul 29 2024 14:33:03 GMT-0300 (Horário Padrão de Brasília)
Banco de Dados CEJUSC fechado.
-------------------------------------------------------------------------
Mon Jul 29 2024 14:35:19 GMT-0300 (Horário Padrão de Brasília)
GET
/principal/13326574860.jqzprgavzbdkaeza.completas
-------------------------------------------------------------------------
Mon Jul 29 2024 14:35:20 GMT-0300 (Horário Padrão de Brasília)
GET
/principal/13326574860.jqzprgavzbdkaeza.presenca
-------------------------------------------------------------------------
Mon Jul 29 2024 14:35:24 GMT-0300 (Horário Padrão de Brasília)
POST
/presenca/processo
-------------------------------------------------------------------------
Mon Jul 29 2024 14:35:24 GMT-0300 (Horário Padrão de Brasília)
Conectado ao Banco de Dados CEJUSC.
Uma linha FOI encontrada. Processo: 1008516-16.2022
-------------------------------------------------------------------------
Mon Jul 29 2024 14:35:24 GMT-0300 (Horário Padrão de Brasília)
-------------------------------------------------------------------------
Mon Jul 29 2024 14:35:24 GMT-0300 (Horário Padrão de Brasília)
Banco de Dados CEJUSC fechado.
-------------------------------------------------------------------------
Mon Jul 29 2024 14:38:31 GMT-0300 (Horário Padrão de Brasília)
GET
/principal/13326574860.jqzprgavzbdkaeza.pauta
-------------------------------------------------------------------------
Mon Jul 29 2024 14:38:32 GMT-0300 (Horário Padrão de Brasília)
/principal/13326574860.jqzprgavzbdkaeza.presenca
GET
/presenca/processo
POST
-------------------------------------------------------------------------
Mon Jul 29 2024 14:38:37 GMT-0300 (Horário Padrão de Brasília)
Conectado ao Banco de Dados CEJUSC.
-------------------------------------------------------------------------
Mon Jul 29 2024 14:38:37 GMT-0300 (Horário Padrão de Brasília)
-------------------------------------------------------------------------
Mon Jul 29 2024 14:38:37 GMT-0300 (Horário Padrão de Brasília)
Uma linha FOI encontrada. Processo: 1008516-16.2022
-------------------------------------------------------------------------
Mon Jul 29 2024 14:38:37 GMT-0300 (Horário Padrão de Brasília)
Banco de Dados CEJUSC fechado.
-------------------------------------------------------------------------
Mon Jul 29 2024 14:40:04 GMT-0300 (Horário Padrão de Brasília)
POST
/presenca/processo
Conectado ao Banco de Dados CEJUSC.
-------------------------------------------------------------------------
Mon Jul 29 2024 14:40:04 GMT-0300 (Horário Padrão de Brasília)
-------------------------------------------------------------------------
Mon Jul 29 2024 14:40:04 GMT-0300 (Horário Padrão de Brasília)
Uma linha FOI encontrada. Processo: 1008516-16.2022
-------------------------------------------------------------------------
Mon Jul 29 2024 14:40:04 GMT-0300 (Horário Padrão de Brasília)
Banco de Dados CEJUSC fechado.
-------------------------------------------------------------------------
Mon Jul 29 2024 14:40:06 GMT-0300 (Horário Padrão de Brasília)
GET
/principal/13326574860.jqzprgavzbdkaeza.completas
-------------------------------------------------------------------------
Mon Jul 29 2024 14:40:07 GMT-0300 (Horário Padrão de Brasília)
GET
/principal/13326574860.jqzprgavzbdkaeza.presenca
/presenca/processo
POST
-------------------------------------------------------------------------
Mon Jul 29 2024 14:40:12 GMT-0300 (Horário Padrão de Brasília)
-------------------------------------------------------------------------
Mon Jul 29 2024 14:40:12 GMT-0300 (Horário Padrão de Brasília)
Conectado ao Banco de Dados CEJUSC.
-------------------------------------------------------------------------
Mon Jul 29 2024 14:40:12 GMT-0300 (Horário Padrão de Brasília)
Uma linha FOI encontrada. Processo: 1008516-16.2022
-------------------------------------------------------------------------
Mon Jul 29 2024 14:40:12 GMT-0300 (Horário Padrão de Brasília)
Banco de Dados CEJUSC fechado.
-------------------------------------------------------------------------
Mon Jul 29 2024 14:58:01 GMT-0300 (Horário Padrão de Brasília)
GET
/logout/13326574860
Usuário 13326574860 DESLOGOU >>>
-------------------------------------------------------------------------
Mon Jul 29 2024 14:58:01 GMT-0300 (Horário Padrão de Brasília)
GET
/
-------------------------------------------------------------------------
Mon Jul 29 2024 14:58:23 GMT-0300 (Horário Padrão de Brasília)
POST
/valida/api
Usuário: 13326574860
-------------------------------------------------------------------------
Mon Jul 29 2024 14:58:23 GMT-0300 (Horário Padrão de Brasília)
Conectado ao Banco de Dados CEJUSC.
-------------------------------------------------------------------------
Mon Jul 29 2024 14:58:23 GMT-0300 (Horário Padrão de Brasília)
Renato Ferreira >>>LOGOU
-------------------------------------------------------------------------
Mon Jul 29 2024 14:58:23 GMT-0300 (Horário Padrão de Brasília)
Banco de Dados CEJUSC fechado.
-------------------------------------------------------------------------
Mon Jul 29 2024 14:58:23 GMT-0300 (Horário Padrão de Brasília)
GET
/principal/13326574860.dqmhbgfkkqaimpoz.presenca
-------------------------------------------------------------------------
Mon Jul 29 2024 14:58:28 GMT-0300 (Horário Padrão de Brasília)
POST
/presenca/processo
-------------------------------------------------------------------------
Mon Jul 29 2024 14:58:28 GMT-0300 (Horário Padrão de Brasília)
Conectado ao Banco de Dados CEJUSC.
Uma linha FOI encontrada. Processo: 1008516-16.2022
-------------------------------------------------------------------------
Mon Jul 29 2024 14:58:28 GMT-0300 (Horário Padrão de Brasília)
-------------------------------------------------------------------------
Mon Jul 29 2024 14:58:28 GMT-0300 (Horário Padrão de Brasília)
Banco de Dados CEJUSC fechado.
-------------------------------------------------------------------------
Mon Jul 29 2024 15:07:49 GMT-0300 (Horário Padrão de Brasília)
GET
/logout/13326574860
Usuário 13326574860 DESLOGOU >>>
-------------------------------------------------------------------------
Mon Jul 29 2024 15:07:49 GMT-0300 (Horário Padrão de Brasília)
/
GET
-------------------------------------------------------------------------
Mon Jul 29 2024 15:08:13 GMT-0300 (Horário Padrão de Brasília)
POST
Usuário: 13326574860
/valida/api
-------------------------------------------------------------------------
Mon Jul 29 2024 15:08:13 GMT-0300 (Horário Padrão de Brasília)
Conectado ao Banco de Dados CEJUSC.
-------------------------------------------------------------------------
Mon Jul 29 2024 15:08:13 GMT-0300 (Horário Padrão de Brasília)
Renato Ferreira >>>LOGOU
-------------------------------------------------------------------------
Mon Jul 29 2024 15:08:13 GMT-0300 (Horário Padrão de Brasília)
Banco de Dados CEJUSC fechado.
-------------------------------------------------------------------------
Mon Jul 29 2024 15:08:13 GMT-0300 (Horário Padrão de Brasília)
/principal/13326574860.nigcgmoqqmvjuqzh.presenca
GET
POST
-------------------------------------------------------------------------
Mon Jul 29 2024 15:08:18 GMT-0300 (Horário Padrão de Brasília)
/presenca/processo
-------------------------------------------------------------------------
Mon Jul 29 2024 15:08:18 GMT-0300 (Horário Padrão de Brasília)
Conectado ao Banco de Dados CEJUSC.
-------------------------------------------------------------------------
Mon Jul 29 2024 15:08:18 GMT-0300 (Horário Padrão de Brasília)
Uma linha FOI encontrada. Processo: 1008516-16.2022
-------------------------------------------------------------------------
Mon Jul 29 2024 15:08:18 GMT-0300 (Horário Padrão de Brasília)
Banco de Dados CEJUSC fechado.
-------------------------------------------------------------------------
Mon Jul 29 2024 15:14:34 GMT-0300 (Horário Padrão de Brasília)
GET
Usuário 13326574860 DESLOGOU >>>
/logout/13326574860
-------------------------------------------------------------------------
Mon Jul 29 2024 15:14:34 GMT-0300 (Horário Padrão de Brasília)
/
GET
-------------------------------------------------------------------------
Mon Jul 29 2024 15:15:15 GMT-0300 (Horário Padrão de Brasília)
POST
/valida/api
Usuário: 13326574860
-------------------------------------------------------------------------
Mon Jul 29 2024 15:15:15 GMT-0300 (Horário Padrão de Brasília)
Conectado ao Banco de Dados CEJUSC.
-------------------------------------------------------------------------
Mon Jul 29 2024 15:15:15 GMT-0300 (Horário Padrão de Brasília)
Renato Ferreira >>>LOGOU
-------------------------------------------------------------------------
Mon Jul 29 2024 15:15:15 GMT-0300 (Horário Padrão de Brasília)
Banco de Dados CEJUSC fechado.
-------------------------------------------------------------------------
Mon Jul 29 2024 15:15:15 GMT-0300 (Horário Padrão de Brasília)
GET
/principal/13326574860.hpqmthmrymprvcag.presenca
-------------------------------------------------------------------------
Mon Jul 29 2024 15:15:21 GMT-0300 (Horário Padrão de Brasília)
POST
/presenca/processo
-------------------------------------------------------------------------
Mon Jul 29 2024 15:15:21 GMT-0300 (Horário Padrão de Brasília)
Conectado ao Banco de Dados CEJUSC.
-------------------------------------------------------------------------
Mon Jul 29 2024 15:15:21 GMT-0300 (Horário Padrão de Brasília)
Uma linha FOI encontrada. Processo: 1008516-16.2022
-------------------------------------------------------------------------
Mon Jul 29 2024 15:15:21 GMT-0300 (Horário Padrão de Brasília)
Banco de Dados CEJUSC fechado.
-------------------------------------------------------------------------
Mon Jul 29 2024 15:16:17 GMT-0300 (Horário Padrão de Brasília)
POST
/presenca/processo
-------------------------------------------------------------------------
Mon Jul 29 2024 15:16:17 GMT-0300 (Horário Padrão de Brasília)
Conectado ao Banco de Dados CEJUSC.
Uma linha NÃO foi encontrada. Processo: 0010025-78.2024
-------------------------------------------------------------------------
Mon Jul 29 2024 15:16:17 GMT-0300 (Horário Padrão de Brasília)
-------------------------------------------------------------------------
Mon Jul 29 2024 15:16:17 GMT-0300 (Horário Padrão de Brasília)
Banco de Dados CEJUSC fechado.
-------------------------------------------------------------------------
Mon Jul 29 2024 15:27:29 GMT-0300 (Horário Padrão de Brasília)
GET
/logout/13326574860
Usuário 13326574860 DESLOGOU >>>
-------------------------------------------------------------------------
Mon Jul 29 2024 15:27:29 GMT-0300 (Horário Padrão de Brasília)
GET
/
-------------------------------------------------------------------------
Mon Jul 29 2024 15:27:52 GMT-0300 (Horário Padrão de Brasília)
POST
Usuário: 13326574860
/valida/api
-------------------------------------------------------------------------
Mon Jul 29 2024 15:27:52 GMT-0300 (Horário Padrão de Brasília)
Conectado ao Banco de Dados CEJUSC.
-------------------------------------------------------------------------
Mon Jul 29 2024 15:27:52 GMT-0300 (Horário Padrão de Brasília)
Renato Ferreira >>>LOGOU
-------------------------------------------------------------------------
Mon Jul 29 2024 15:27:52 GMT-0300 (Horário Padrão de Brasília)
Banco de Dados CEJUSC fechado.
-------------------------------------------------------------------------
Mon Jul 29 2024 15:27:52 GMT-0300 (Horário Padrão de Brasília)
GET
/principal/13326574860.ikrnhyqrgijekjim.presenca
-------------------------------------------------------------------------
Mon Jul 29 2024 15:27:56 GMT-0300 (Horário Padrão de Brasília)
POST
/presenca/processo
-------------------------------------------------------------------------
Mon Jul 29 2024 15:27:56 GMT-0300 (Horário Padrão de Brasília)
Conectado ao Banco de Dados CEJUSC.
-------------------------------------------------------------------------
Mon Jul 29 2024 15:27:56 GMT-0300 (Horário Padrão de Brasília)
Uma linha FOI encontrada. Processo: 1008516-16.2022
Banco de Dados CEJUSC fechado.
-------------------------------------------------------------------------
Mon Jul 29 2024 15:27:56 GMT-0300 (Horário Padrão de Brasília)
-------------------------------------------------------------------------
Mon Jul 29 2024 15:56:51 GMT-0300 (Horário Padrão de Brasília)
GET
/logout/13326574860
Usuário 13326574860 DESLOGOU >>>
-------------------------------------------------------------------------
Mon Jul 29 2024 15:56:51 GMT-0300 (Horário Padrão de Brasília)
GET
/
-------------------------------------------------------------------------
Mon Jul 29 2024 15:57:12 GMT-0300 (Horário Padrão de Brasília)
POST
Usuário: 13326574860
/valida/api
Conectado ao Banco de Dados CEJUSC.
-------------------------------------------------------------------------
Mon Jul 29 2024 15:57:12 GMT-0300 (Horário Padrão de Brasília)
-------------------------------------------------------------------------
Mon Jul 29 2024 15:57:12 GMT-0300 (Horário Padrão de Brasília)
Renato Ferreira >>>LOGOU
-------------------------------------------------------------------------
Mon Jul 29 2024 15:57:12 GMT-0300 (Horário Padrão de Brasília)
Banco de Dados CEJUSC fechado.
-------------------------------------------------------------------------
Mon Jul 29 2024 15:57:12 GMT-0300 (Horário Padrão de Brasília)
/principal/13326574860.kbphbnwdperzniab.presenca
GET
-------------------------------------------------------------------------
Mon Jul 29 2024 15:57:16 GMT-0300 (Horário Padrão de Brasília)
POST
/presenca/processo
-------------------------------------------------------------------------
Mon Jul 29 2024 15:57:16 GMT-0300 (Horário Padrão de Brasília)
Conectado ao Banco de Dados CEJUSC.
Uma linha FOI encontrada. Processo: 1008516-16.2022
-------------------------------------------------------------------------
Mon Jul 29 2024 15:57:16 GMT-0300 (Horário Padrão de Brasília)
Banco de Dados CEJUSC fechado.
-------------------------------------------------------------------------
Mon Jul 29 2024 15:57:16 GMT-0300 (Horário Padrão de Brasília)
-------------------------------------------------------------------------
Mon Jul 29 2024 16:25:31 GMT-0300 (Horário Padrão de Brasília)
GET
/logout/13326574860
Usuário 13326574860 DESLOGOU >>>
-------------------------------------------------------------------------
Mon Jul 29 2024 16:25:32 GMT-0300 (Horário Padrão de Brasília)
/
GET
-------------------------------------------------------------------------
Mon Jul 29 2024 16:25:55 GMT-0300 (Horário Padrão de Brasília)
POST
Usuário: 13326574860
/valida/api
-------------------------------------------------------------------------
Mon Jul 29 2024 16:25:55 GMT-0300 (Horário Padrão de Brasília)
Conectado ao Banco de Dados CEJUSC.
-------------------------------------------------------------------------
Mon Jul 29 2024 16:25:55 GMT-0300 (Horário Padrão de Brasília)
Renato Ferreira >>>LOGOU
-------------------------------------------------------------------------
Mon Jul 29 2024 16:25:55 GMT-0300 (Horário Padrão de Brasília)
Banco de Dados CEJUSC fechado.
-------------------------------------------------------------------------
Mon Jul 29 2024 16:25:55 GMT-0300 (Horário Padrão de Brasília)
GET
/principal/13326574860.dqrktnmxacvhvgfn.presenca
POST
-------------------------------------------------------------------------
Mon Jul 29 2024 16:26:00 GMT-0300 (Horário Padrão de Brasília)
/presenca/processo
-------------------------------------------------------------------------
Mon Jul 29 2024 16:26:00 GMT-0300 (Horário Padrão de Brasília)
Conectado ao Banco de Dados CEJUSC.
-------------------------------------------------------------------------
Mon Jul 29 2024 16:26:00 GMT-0300 (Horário Padrão de Brasília)
Uma linha FOI encontrada. Processo: 1008516-16.2022
-------------------------------------------------------------------------
Mon Jul 29 2024 16:26:00 GMT-0300 (Horário Padrão de Brasília)
Banco de Dados CEJUSC fechado.
-------------------------------------------------------------------------
Mon Jul 29 2024 16:40:24 GMT-0300 (Horário Padrão de Brasília)
/presenca/processo
POST
-------------------------------------------------------------------------
Mon Jul 29 2024 16:40:24 GMT-0300 (Horário Padrão de Brasília)
Conectado ao Banco de Dados CEJUSC.
-------------------------------------------------------------------------
Mon Jul 29 2024 16:40:24 GMT-0300 (Horário Padrão de Brasília)
Uma linha NÃO foi encontrada. Processo: 0010025-78.2024
Banco de Dados CEJUSC fechado.
-------------------------------------------------------------------------
Mon Jul 29 2024 16:40:24 GMT-0300 (Horário Padrão de Brasília)
-------------------------------------------------------------------------
Mon Jul 29 2024 16:40:39 GMT-0300 (Horário Padrão de Brasília)
GET
/logout/13326574860
Usuário 13326574860 DESLOGOU >>>
GET
-------------------------------------------------------------------------
Mon Jul 29 2024 16:40:39 GMT-0300 (Horário Padrão de Brasília)
/
