-------------------------------------------------------------------------
Fri May 03 2024 10:03:15 GMT-0300 (Horário Padrão de Brasília)
/
GET
-------------------------------------------------------------------------
Fri May 03 2024 10:03:21 GMT-0300 (Horário Padrão de Brasília)
POST
/valida/api
Usuário: 13326574860
-------------------------------------------------------------------------
Fri May 03 2024 10:03:21 GMT-0300 (Horário Padrão de Brasília)
Conectado ao Banco de Dados CEJUSC.
-------------------------------------------------------------------------
Fri May 03 2024 10:03:21 GMT-0300 (Horário Padrão de Brasília)
Banco de Dados CEJUSC fechado.
Renato Ferreira >>>LOGOU
-------------------------------------------------------------------------
Fri May 03 2024 10:03:21 GMT-0300 (Horário Padrão de Brasília)
-------------------------------------------------------------------------
Fri May 03 2024 10:03:21 GMT-0300 (Horário Padrão de Brasília)
GET
/principal/13326574860.nkdrcmhgwsmhdfam.home
-------------------------------------------------------------------------
Fri May 03 2024 10:03:23 GMT-0300 (Horário Padrão de Brasília)
GET
/principal/13326574860.nkdrcmhgwsmhdfam.reclamacao
-------------------------------------------------------------------------
Fri May 03 2024 10:03:24 GMT-0300 (Horário Padrão de Brasília)
GET
/principal/13326574860.nkdrcmhgwsmhdfam.andamento
-------------------------------------------------------------------------
Fri May 03 2024 10:03:25 GMT-0300 (Horário Padrão de Brasília)
GET
/principal/13326574860.nkdrcmhgwsmhdfam.pauta
-------------------------------------------------------------------------
Fri May 03 2024 10:03:31 GMT-0300 (Horário Padrão de Brasília)
/principal/13326574860.nkdrcmhgwsmhdfam.home
GET
-------------------------------------------------------------------------
Fri May 03 2024 10:03:33 GMT-0300 (Horário Padrão de Brasília)
GET
/principal/13326574860.nkdrcmhgwsmhdfam.reclamacao
-------------------------------------------------------------------------
Fri May 03 2024 10:03:35 GMT-0300 (Horário Padrão de Brasília)
GET
/principal/13326574860.nkdrcmhgwsmhdfam.andamento
-------------------------------------------------------------------------
Fri May 03 2024 10:03:37 GMT-0300 (Horário Padrão de Brasília)
GET
/principal/13326574860.nkdrcmhgwsmhdfam.pauta
-------------------------------------------------------------------------
Fri May 03 2024 10:03:39 GMT-0300 (Horário Padrão de Brasília)
GET
/principal/13326574860.nkdrcmhgwsmhdfam.home
-------------------------------------------------------------------------
Fri May 03 2024 10:03:41 GMT-0300 (Horário Padrão de Brasília)
GET
/principal/13326574860.nkdrcmhgwsmhdfam.reclamacao
-------------------------------------------------------------------------
Fri May 03 2024 10:03:43 GMT-0300 (Horário Padrão de Brasília)
/principal/13326574860.nkdrcmhgwsmhdfam.andamento
GET
-------------------------------------------------------------------------
Fri May 03 2024 10:03:44 GMT-0300 (Horário Padrão de Brasília)
/principal/13326574860.nkdrcmhgwsmhdfam.pauta
GET
-------------------------------------------------------------------------
Fri May 03 2024 10:03:46 GMT-0300 (Horário Padrão de Brasília)
GET
/principal/13326574860.nkdrcmhgwsmhdfam.home
-------------------------------------------------------------------------
Fri May 03 2024 10:03:51 GMT-0300 (Horário Padrão de Brasília)
GET
/principal/13326574860.nkdrcmhgwsmhdfam.pauta
GET
-------------------------------------------------------------------------
Fri May 03 2024 10:03:56 GMT-0300 (Horário Padrão de Brasília)
/principal/13326574860.nkdrcmhgwsmhdfam.andamento
GET
-------------------------------------------------------------------------
Fri May 03 2024 10:04:00 GMT-0300 (Horário Padrão de Brasília)
/principal/13326574860.nkdrcmhgwsmhdfam.reclamacao
-------------------------------------------------------------------------
Fri May 03 2024 10:04:02 GMT-0300 (Horário Padrão de Brasília)
GET
/principal/13326574860.nkdrcmhgwsmhdfam.pauta
-------------------------------------------------------------------------
Fri May 03 2024 10:04:03 GMT-0300 (Horário Padrão de Brasília)
GET
/principal/13326574860.nkdrcmhgwsmhdfam.reclamacao
-------------------------------------------------------------------------
Fri May 03 2024 10:04:05 GMT-0300 (Horário Padrão de Brasília)
GET
/principal/13326574860.nkdrcmhgwsmhdfam.pauta
-------------------------------------------------------------------------
Fri May 03 2024 10:04:06 GMT-0300 (Horário Padrão de Brasília)
GET
/principal/13326574860.nkdrcmhgwsmhdfam.home
GET
-------------------------------------------------------------------------
Fri May 03 2024 10:21:08 GMT-0300 (Horário Padrão de Brasília)
/principal/13326574860.nkdrcmhgwsmhdfam.pauta
-------------------------------------------------------------------------
Fri May 03 2024 10:21:10 GMT-0300 (Horário Padrão de Brasília)
/principal/13326574860.nkdrcmhgwsmhdfam.reclamacao
GET
-------------------------------------------------------------------------
Fri May 03 2024 10:21:12 GMT-0300 (Horário Padrão de Brasília)
/principal/13326574860.nkdrcmhgwsmhdfam.andamento
GET
-------------------------------------------------------------------------
Fri May 03 2024 10:21:13 GMT-0300 (Horário Padrão de Brasília)
GET
/principal/13326574860.nkdrcmhgwsmhdfam.pauta
-------------------------------------------------------------------------
Fri May 03 2024 10:31:11 GMT-0300 (Horário Padrão de Brasília)
GET
/principal/13326574860.nkdrcmhgwsmhdfam.home
-------------------------------------------------------------------------
Fri May 03 2024 10:31:12 GMT-0300 (Horário Padrão de Brasília)
GET
/principal/13326574860.nkdrcmhgwsmhdfam.pauta
-------------------------------------------------------------------------
Fri May 03 2024 10:31:25 GMT-0300 (Horário Padrão de Brasília)
GET
/principal/13326574860.nkdrcmhgwsmhdfam.andamento
-------------------------------------------------------------------------
Fri May 03 2024 10:31:29 GMT-0300 (Horário Padrão de Brasília)
/principal/13326574860.nkdrcmhgwsmhdfam.pauta
GET
GET
/
-------------------------------------------------------------------------
Fri May 03 2024 10:31:52 GMT-0300 (Horário Padrão de Brasília)
-------------------------------------------------------------------------
Fri May 03 2024 10:32:27 GMT-0300 (Horário Padrão de Brasília)
GET
/
-------------------------------------------------------------------------
Fri May 03 2024 10:32:31 GMT-0300 (Horário Padrão de Brasília)
POST
/valida/api
Usuário: 13326574860
Conectado ao Banco de Dados CEJUSC.
-------------------------------------------------------------------------
Fri May 03 2024 10:32:31 GMT-0300 (Horário Padrão de Brasília)
-------------------------------------------------------------------------
Fri May 03 2024 10:32:31 GMT-0300 (Horário Padrão de Brasília)
Renato Ferreira >>>LOGOU
-------------------------------------------------------------------------
Fri May 03 2024 10:32:31 GMT-0300 (Horário Padrão de Brasília)
Banco de Dados CEJUSC fechado.
-------------------------------------------------------------------------
Fri May 03 2024 10:32:31 GMT-0300 (Horário Padrão de Brasília)
/principal/13326574860.vaxbngpkdswowipa.home
GET
/principal/13326574860.vaxbngpkdswowipa.pauta
GET
-------------------------------------------------------------------------
Fri May 03 2024 10:32:33 GMT-0300 (Horário Padrão de Brasília)
-------------------------------------------------------------------------
Fri May 03 2024 10:32:36 GMT-0300 (Horário Padrão de Brasília)
GET
/principal/13326574860.vaxbngpkdswowipa.reclamacao
-------------------------------------------------------------------------
Fri May 03 2024 10:32:37 GMT-0300 (Horário Padrão de Brasília)
GET
/principal/13326574860.vaxbngpkdswowipa.pauta
-------------------------------------------------------------------------
Fri May 03 2024 10:41:55 GMT-0300 (Horário Padrão de Brasília)
GET
/principal/13326574860.vaxbngpkdswowipa.home
-------------------------------------------------------------------------
Fri May 03 2024 10:41:59 GMT-0300 (Horário Padrão de Brasília)
GET
/principal/13326574860.vaxbngpkdswowipa.pauta
-------------------------------------------------------------------------
Fri May 03 2024 10:51:16 GMT-0300 (Horário Padrão de Brasília)
GET
/principal/13326574860.vaxbngpkdswowipa.andamento
-------------------------------------------------------------------------
Fri May 03 2024 10:51:17 GMT-0300 (Horário Padrão de Brasília)
GET
/principal/13326574860.vaxbngpkdswowipa.pauta
GET
/principal/13326574860.vaxbngpkdswowipa.reclamacao
-------------------------------------------------------------------------
Fri May 03 2024 11:36:38 GMT-0300 (Horário Padrão de Brasília)
-------------------------------------------------------------------------
Fri May 03 2024 11:36:39 GMT-0300 (Horário Padrão de Brasília)
GET
/principal/13326574860.vaxbngpkdswowipa.home
-------------------------------------------------------------------------
Fri May 03 2024 11:36:40 GMT-0300 (Horário Padrão de Brasília)
/principal/13326574860.vaxbngpkdswowipa.reclamacao
GET
-------------------------------------------------------------------------
Fri May 03 2024 11:36:41 GMT-0300 (Horário Padrão de Brasília)
GET
/principal/13326574860.vaxbngpkdswowipa.andamento
-------------------------------------------------------------------------
Fri May 03 2024 11:36:42 GMT-0300 (Horário Padrão de Brasília)
GET
/principal/13326574860.vaxbngpkdswowipa.pauta
GET
/principal/13326574860.vaxbngpkdswowipa.andamento
-------------------------------------------------------------------------
Fri May 03 2024 11:36:44 GMT-0300 (Horário Padrão de Brasília)
-------------------------------------------------------------------------
Fri May 03 2024 11:36:46 GMT-0300 (Horário Padrão de Brasília)
/principal/13326574860.vaxbngpkdswowipa.pauta
GET
GET
-------------------------------------------------------------------------
Fri May 03 2024 12:01:26 GMT-0300 (Horário Padrão de Brasília)
/principal/13326574860.vaxbngpkdswowipa.home
-------------------------------------------------------------------------
Fri May 03 2024 12:01:28 GMT-0300 (Horário Padrão de Brasília)
GET
/principal/13326574860.vaxbngpkdswowipa.pauta
-------------------------------------------------------------------------
Fri May 03 2024 12:02:59 GMT-0300 (Horário Padrão de Brasília)
GET
/principal/13326574860.vaxbngpkdswowipa.reclamacao
-------------------------------------------------------------------------
Fri May 03 2024 12:03:00 GMT-0300 (Horário Padrão de Brasília)
GET
/principal/13326574860.vaxbngpkdswowipa.pauta
-------------------------------------------------------------------------
Fri May 03 2024 12:03:06 GMT-0300 (Horário Padrão de Brasília)
GET
/logout/13326574860
Usuário 13326574860 DESLOGOU >>>
-------------------------------------------------------------------------
Fri May 03 2024 12:03:06 GMT-0300 (Horário Padrão de Brasília)
GET
/
POST
-------------------------------------------------------------------------
Fri May 03 2024 12:03:11 GMT-0300 (Horário Padrão de Brasília)
Usuário: 13326574860
/valida/api
-------------------------------------------------------------------------
Fri May 03 2024 12:03:11 GMT-0300 (Horário Padrão de Brasília)
Conectado ao Banco de Dados CEJUSC.
Renato Ferreira >>>LOGOU
-------------------------------------------------------------------------
Fri May 03 2024 12:03:11 GMT-0300 (Horário Padrão de Brasília)
-------------------------------------------------------------------------
Fri May 03 2024 12:03:11 GMT-0300 (Horário Padrão de Brasília)
Banco de Dados CEJUSC fechado.
GET
-------------------------------------------------------------------------
Fri May 03 2024 12:03:11 GMT-0300 (Horário Padrão de Brasília)
/principal/13326574860.nyhddiugfzkyskzd.home
-------------------------------------------------------------------------
Fri May 03 2024 12:03:14 GMT-0300 (Horário Padrão de Brasília)
/principal/13326574860.nyhddiugfzkyskzd.pauta
GET
GET
-------------------------------------------------------------------------
Fri May 03 2024 12:06:19 GMT-0300 (Horário Padrão de Brasília)
/principal/13326574860.nyhddiugfzkyskzd.reclamacao
-------------------------------------------------------------------------
Fri May 03 2024 12:06:20 GMT-0300 (Horário Padrão de Brasília)
GET
/principal/13326574860.nyhddiugfzkyskzd.pauta
-------------------------------------------------------------------------
Fri May 03 2024 12:08:17 GMT-0300 (Horário Padrão de Brasília)
GET
/principal/13326574860.nyhddiugfzkyskzd.reclamacao
-------------------------------------------------------------------------
Fri May 03 2024 12:08:18 GMT-0300 (Horário Padrão de Brasília)
GET
/principal/13326574860.nyhddiugfzkyskzd.pauta
-------------------------------------------------------------------------
Fri May 03 2024 12:09:51 GMT-0300 (Horário Padrão de Brasília)
GET
/principal/13326574860.nyhddiugfzkyskzd.home
-------------------------------------------------------------------------
Fri May 03 2024 12:09:52 GMT-0300 (Horário Padrão de Brasília)
GET
/principal/13326574860.nyhddiugfzkyskzd.pauta
GET
/principal/13326574860.nyhddiugfzkyskzd.home
-------------------------------------------------------------------------
Fri May 03 2024 12:10:01 GMT-0300 (Horário Padrão de Brasília)
GET
-------------------------------------------------------------------------
Fri May 03 2024 12:10:03 GMT-0300 (Horário Padrão de Brasília)
/principal/13326574860.nyhddiugfzkyskzd.pauta
-------------------------------------------------------------------------
Fri May 03 2024 12:12:54 GMT-0300 (Horário Padrão de Brasília)
GET
/principal/13326574860.nyhddiugfzkyskzd.reclamacao
-------------------------------------------------------------------------
Fri May 03 2024 12:13:00 GMT-0300 (Horário Padrão de Brasília)
/principal/13326574860.nyhddiugfzkyskzd.pauta
GET
-------------------------------------------------------------------------
Fri May 03 2024 12:17:49 GMT-0300 (Horário Padrão de Brasília)
GET
/principal/13326574860.nyhddiugfzkyskzd.andamento
-------------------------------------------------------------------------
Fri May 03 2024 12:17:51 GMT-0300 (Horário Padrão de Brasília)
GET
/principal/13326574860.nyhddiugfzkyskzd.pauta
-------------------------------------------------------------------------
Fri May 03 2024 12:18:29 GMT-0300 (Horário Padrão de Brasília)
GET
/principal/13326574860.nyhddiugfzkyskzd.reclamacao
-------------------------------------------------------------------------
Fri May 03 2024 12:18:30 GMT-0300 (Horário Padrão de Brasília)
GET
/principal/13326574860.nyhddiugfzkyskzd.pauta
GET
/principal/13326574860.nyhddiugfzkyskzd.reclamacao
-------------------------------------------------------------------------
Fri May 03 2024 12:29:29 GMT-0300 (Horário Padrão de Brasília)
-------------------------------------------------------------------------
Fri May 03 2024 12:29:30 GMT-0300 (Horário Padrão de Brasília)
GET
/principal/13326574860.nyhddiugfzkyskzd.pauta
-------------------------------------------------------------------------
Fri May 03 2024 12:29:41 GMT-0300 (Horário Padrão de Brasília)
GET
Usuário 13326574860 DESLOGOU >>>
/logout/13326574860
-------------------------------------------------------------------------
Fri May 03 2024 12:29:41 GMT-0300 (Horário Padrão de Brasília)
GET
/
-------------------------------------------------------------------------
Fri May 03 2024 12:29:50 GMT-0300 (Horário Padrão de Brasília)
/valida/api
POST
Usuário: 13326574860
Conectado ao Banco de Dados CEJUSC.
-------------------------------------------------------------------------
Fri May 03 2024 12:29:50 GMT-0300 (Horário Padrão de Brasília)
-------------------------------------------------------------------------
Fri May 03 2024 12:29:50 GMT-0300 (Horário Padrão de Brasília)
Renato Ferreira >>>LOGOU
-------------------------------------------------------------------------
Fri May 03 2024 12:29:50 GMT-0300 (Horário Padrão de Brasília)
Banco de Dados CEJUSC fechado.
-------------------------------------------------------------------------
Fri May 03 2024 12:29:50 GMT-0300 (Horário Padrão de Brasília)
GET
/principal/13326574860.eitqykazxssyzady.home
-------------------------------------------------------------------------
Fri May 03 2024 12:29:51 GMT-0300 (Horário Padrão de Brasília)
/principal/13326574860.eitqykazxssyzady.pauta
GET
-------------------------------------------------------------------------
Fri May 03 2024 12:33:33 GMT-0300 (Horário Padrão de Brasília)
GET
/principal/13326574860.eitqykazxssyzady.reclamacao
-------------------------------------------------------------------------
Fri May 03 2024 12:33:34 GMT-0300 (Horário Padrão de Brasília)
GET
/principal/13326574860.eitqykazxssyzady.pauta
-------------------------------------------------------------------------
Fri May 03 2024 12:33:49 GMT-0300 (Horário Padrão de Brasília)
GET
/principal/13326574860.eitqykazxssyzady.andamento
-------------------------------------------------------------------------
Fri May 03 2024 12:33:52 GMT-0300 (Horário Padrão de Brasília)
GET
/principal/13326574860.eitqykazxssyzady.pauta
-------------------------------------------------------------------------
Fri May 03 2024 12:34:53 GMT-0300 (Horário Padrão de Brasília)
GET
/principal/13326574860.eitqykazxssyzady.andamento
-------------------------------------------------------------------------
Fri May 03 2024 12:34:54 GMT-0300 (Horário Padrão de Brasília)
GET
/principal/13326574860.eitqykazxssyzady.pauta
-------------------------------------------------------------------------
Fri May 03 2024 12:35:51 GMT-0300 (Horário Padrão de Brasília)
GET
/principal/13326574860.eitqykazxssyzady.andamento
-------------------------------------------------------------------------
Fri May 03 2024 12:35:52 GMT-0300 (Horário Padrão de Brasília)
GET
/principal/13326574860.eitqykazxssyzady.pauta
-------------------------------------------------------------------------
Fri May 03 2024 12:37:17 GMT-0300 (Horário Padrão de Brasília)
GET
/principal/13326574860.eitqykazxssyzady.andamento
-------------------------------------------------------------------------
Fri May 03 2024 12:37:18 GMT-0300 (Horário Padrão de Brasília)
GET
/principal/13326574860.eitqykazxssyzady.pauta
GET
-------------------------------------------------------------------------
Fri May 03 2024 12:37:32 GMT-0300 (Horário Padrão de Brasília)
/logout/13326574860
Usuário 13326574860 DESLOGOU >>>
-------------------------------------------------------------------------
Fri May 03 2024 12:37:32 GMT-0300 (Horário Padrão de Brasília)
GET
/
-------------------------------------------------------------------------
Fri May 03 2024 12:37:58 GMT-0300 (Horário Padrão de Brasília)
POST
Usuário: 13326574860
/valida/api
Conectado ao Banco de Dados CEJUSC.
-------------------------------------------------------------------------
Fri May 03 2024 12:37:58 GMT-0300 (Horário Padrão de Brasília)
-------------------------------------------------------------------------
Fri May 03 2024 12:37:58 GMT-0300 (Horário Padrão de Brasília)
Renato Ferreira >>>LOGOU
-------------------------------------------------------------------------
Fri May 03 2024 12:37:58 GMT-0300 (Horário Padrão de Brasília)
Banco de Dados CEJUSC fechado.
-------------------------------------------------------------------------
Fri May 03 2024 12:37:58 GMT-0300 (Horário Padrão de Brasília)
GET
/principal/13326574860.ewzskxlmyiewhonc.home
-------------------------------------------------------------------------
Fri May 03 2024 12:38:00 GMT-0300 (Horário Padrão de Brasília)
GET
/principal/13326574860.ewzskxlmyiewhonc.pauta
-------------------------------------------------------------------------
Fri May 03 2024 12:38:03 GMT-0300 (Horário Padrão de Brasília)
/principal/13326574860.ewzskxlmyiewhonc.andamento
GET
-------------------------------------------------------------------------
Fri May 03 2024 12:38:05 GMT-0300 (Horário Padrão de Brasília)
GET
/principal/13326574860.ewzskxlmyiewhonc.pauta
-------------------------------------------------------------------------
Fri May 03 2024 12:39:13 GMT-0300 (Horário Padrão de Brasília)
GET
/principal/13326574860.ewzskxlmyiewhonc.andamento
GET
-------------------------------------------------------------------------
Fri May 03 2024 12:39:14 GMT-0300 (Horário Padrão de Brasília)
/principal/13326574860.ewzskxlmyiewhonc.pauta
-------------------------------------------------------------------------
Fri May 03 2024 12:40:32 GMT-0300 (Horário Padrão de Brasília)
GET
/principal/13326574860.ewzskxlmyiewhonc.home
-------------------------------------------------------------------------
Fri May 03 2024 12:40:34 GMT-0300 (Horário Padrão de Brasília)
/principal/13326574860.ewzskxlmyiewhonc.pauta
GET
-------------------------------------------------------------------------
Fri May 03 2024 12:41:38 GMT-0300 (Horário Padrão de Brasília)
GET
/principal/13326574860.ewzskxlmyiewhonc.andamento
/principal/13326574860.ewzskxlmyiewhonc.pauta
-------------------------------------------------------------------------
Fri May 03 2024 12:41:39 GMT-0300 (Horário Padrão de Brasília)
GET
GET
-------------------------------------------------------------------------
Fri May 03 2024 12:41:48 GMT-0300 (Horário Padrão de Brasília)
/principal/13326574860.ewzskxlmyiewhonc.andamento
-------------------------------------------------------------------------
Fri May 03 2024 12:41:49 GMT-0300 (Horário Padrão de Brasília)
GET
/principal/13326574860.ewzskxlmyiewhonc.reclamacao
-------------------------------------------------------------------------
Fri May 03 2024 12:41:50 GMT-0300 (Horário Padrão de Brasília)
GET
/principal/13326574860.ewzskxlmyiewhonc.pauta
-------------------------------------------------------------------------
Fri May 03 2024 12:42:30 GMT-0300 (Horário Padrão de Brasília)
GET
/principal/13326574860.ewzskxlmyiewhonc.reclamacao
/principal/13326574860.ewzskxlmyiewhonc.pauta
-------------------------------------------------------------------------
Fri May 03 2024 12:42:32 GMT-0300 (Horário Padrão de Brasília)
GET
-------------------------------------------------------------------------
Fri May 03 2024 12:43:12 GMT-0300 (Horário Padrão de Brasília)
GET
/principal/13326574860.ewzskxlmyiewhonc.andamento
-------------------------------------------------------------------------
Fri May 03 2024 12:43:13 GMT-0300 (Horário Padrão de Brasília)
/principal/13326574860.ewzskxlmyiewhonc.pauta
GET
-------------------------------------------------------------------------
Fri May 03 2024 12:43:52 GMT-0300 (Horário Padrão de Brasília)
GET
/principal/13326574860.ewzskxlmyiewhonc.reclamacao
-------------------------------------------------------------------------
Fri May 03 2024 12:43:53 GMT-0300 (Horário Padrão de Brasília)
GET
/principal/13326574860.ewzskxlmyiewhonc.pauta
GET
-------------------------------------------------------------------------
Fri May 03 2024 12:44:33 GMT-0300 (Horário Padrão de Brasília)
/principal/13326574860.ewzskxlmyiewhonc.andamento
-------------------------------------------------------------------------
Fri May 03 2024 12:44:34 GMT-0300 (Horário Padrão de Brasília)
GET
/principal/13326574860.ewzskxlmyiewhonc.pauta
-------------------------------------------------------------------------
Fri May 03 2024 12:48:15 GMT-0300 (Horário Padrão de Brasília)
GET
/principal/13326574860.ewzskxlmyiewhonc.andamento
-------------------------------------------------------------------------
Fri May 03 2024 12:48:16 GMT-0300 (Horário Padrão de Brasília)
GET
/principal/13326574860.ewzskxlmyiewhonc.pauta
-------------------------------------------------------------------------
Fri May 03 2024 12:48:22 GMT-0300 (Horário Padrão de Brasília)
/principal/13326574860.ewzskxlmyiewhonc.home
GET
-------------------------------------------------------------------------
Fri May 03 2024 12:48:24 GMT-0300 (Horário Padrão de Brasília)
GET
/principal/13326574860.ewzskxlmyiewhonc.reclamacao
-------------------------------------------------------------------------
Fri May 03 2024 12:48:25 GMT-0300 (Horário Padrão de Brasília)
GET
/principal/13326574860.ewzskxlmyiewhonc.andamento
-------------------------------------------------------------------------
Fri May 03 2024 12:48:26 GMT-0300 (Horário Padrão de Brasília)
GET
/principal/13326574860.ewzskxlmyiewhonc.pauta
-------------------------------------------------------------------------
Fri May 03 2024 12:49:32 GMT-0300 (Horário Padrão de Brasília)
/principal/13326574860.ewzskxlmyiewhonc.home
GET
-------------------------------------------------------------------------
Fri May 03 2024 12:49:36 GMT-0300 (Horário Padrão de Brasília)
GET
/principal/13326574860.ewzskxlmyiewhonc.pauta
GET
/principal/13326574860.ewzskxlmyiewhonc.andamento
-------------------------------------------------------------------------
Fri May 03 2024 12:53:43 GMT-0300 (Horário Padrão de Brasília)
-------------------------------------------------------------------------
Fri May 03 2024 12:53:45 GMT-0300 (Horário Padrão de Brasília)
GET
/principal/13326574860.ewzskxlmyiewhonc.pauta
-------------------------------------------------------------------------
Fri May 03 2024 12:54:06 GMT-0300 (Horário Padrão de Brasília)
GET
/
-------------------------------------------------------------------------
Fri May 03 2024 12:54:09 GMT-0300 (Horário Padrão de Brasília)
POST
/valida/api
Usuário: 13326574860
-------------------------------------------------------------------------
Fri May 03 2024 12:54:09 GMT-0300 (Horário Padrão de Brasília)
Conectado ao Banco de Dados CEJUSC.
Renato Ferreira >>>LOGOU
-------------------------------------------------------------------------
Fri May 03 2024 12:54:09 GMT-0300 (Horário Padrão de Brasília)
-------------------------------------------------------------------------
Fri May 03 2024 12:54:09 GMT-0300 (Horário Padrão de Brasília)
Banco de Dados CEJUSC fechado.
-------------------------------------------------------------------------
Fri May 03 2024 12:54:09 GMT-0300 (Horário Padrão de Brasília)
GET
/principal/13326574860.uasqpbmlgcwypitv.home
-------------------------------------------------------------------------
Fri May 03 2024 12:54:11 GMT-0300 (Horário Padrão de Brasília)
GET
/principal/13326574860.uasqpbmlgcwypitv.reclamacao
GET
-------------------------------------------------------------------------
Fri May 03 2024 12:54:13 GMT-0300 (Horário Padrão de Brasília)
/principal/13326574860.uasqpbmlgcwypitv.andamento
-------------------------------------------------------------------------
Fri May 03 2024 12:54:15 GMT-0300 (Horário Padrão de Brasília)
GET
/principal/13326574860.uasqpbmlgcwypitv.reclamacao
GET
-------------------------------------------------------------------------
Fri May 03 2024 12:54:17 GMT-0300 (Horário Padrão de Brasília)
/principal/13326574860.uasqpbmlgcwypitv.home
GET
-------------------------------------------------------------------------
Fri May 03 2024 12:54:21 GMT-0300 (Horário Padrão de Brasília)
/principal/13326574860.uasqpbmlgcwypitv.pauta
-------------------------------------------------------------------------
Fri May 03 2024 12:56:17 GMT-0300 (Horário Padrão de Brasília)
/principal/13326574860.uasqpbmlgcwypitv.home
GET
-------------------------------------------------------------------------
Fri May 03 2024 12:56:20 GMT-0300 (Horário Padrão de Brasília)
GET
/principal/13326574860.uasqpbmlgcwypitv.reclamacao
-------------------------------------------------------------------------
Fri May 03 2024 12:56:24 GMT-0300 (Horário Padrão de Brasília)
GET
/principal/13326574860.uasqpbmlgcwypitv.andamento
-------------------------------------------------------------------------
Fri May 03 2024 12:56:25 GMT-0300 (Horário Padrão de Brasília)
GET
/principal/13326574860.uasqpbmlgcwypitv.reclamacao
-------------------------------------------------------------------------
Fri May 03 2024 13:01:04 GMT-0300 (Horário Padrão de Brasília)
GET
/principal/13326574860.uasqpbmlgcwypitv.pauta
-------------------------------------------------------------------------
Fri May 03 2024 13:01:11 GMT-0300 (Horário Padrão de Brasília)
GET
/principal/13326574860.uasqpbmlgcwypitv.reclamacao
-------------------------------------------------------------------------
Fri May 03 2024 13:01:22 GMT-0300 (Horário Padrão de Brasília)
GET
/principal/13326574860.uasqpbmlgcwypitv.andamento
-------------------------------------------------------------------------
Fri May 03 2024 13:01:24 GMT-0300 (Horário Padrão de Brasília)
GET
/principal/13326574860.uasqpbmlgcwypitv.andamento
-------------------------------------------------------------------------
Fri May 03 2024 13:01:25 GMT-0300 (Horário Padrão de Brasília)
GET
/principal/13326574860.uasqpbmlgcwypitv.reclamacao
-------------------------------------------------------------------------
Fri May 03 2024 13:01:56 GMT-0300 (Horário Padrão de Brasília)
GET
/principal/13326574860.uasqpbmlgcwypitv.pauta
-------------------------------------------------------------------------
Fri May 03 2024 13:02:04 GMT-0300 (Horário Padrão de Brasília)
GET
/principal/13326574860.uasqpbmlgcwypitv.andamento
-------------------------------------------------------------------------
Fri May 03 2024 13:02:08 GMT-0300 (Horário Padrão de Brasília)
/principal/13326574860.uasqpbmlgcwypitv.reclamacao
GET
-------------------------------------------------------------------------
Fri May 03 2024 13:02:11 GMT-0300 (Horário Padrão de Brasília)
GET
/principal/13326574860.uasqpbmlgcwypitv.home
-------------------------------------------------------------------------
Fri May 03 2024 13:02:15 GMT-0300 (Horário Padrão de Brasília)
GET
/principal/13326574860.uasqpbmlgcwypitv.andamento
-------------------------------------------------------------------------
Fri May 03 2024 13:02:16 GMT-0300 (Horário Padrão de Brasília)
/principal/13326574860.uasqpbmlgcwypitv.reclamacao
GET
-------------------------------------------------------------------------
Fri May 03 2024 13:35:47 GMT-0300 (Horário Padrão de Brasília)
GET
/principal/13326574860.uasqpbmlgcwypitv.reclamacao
GET
-------------------------------------------------------------------------
Fri May 03 2024 13:35:48 GMT-0300 (Horário Padrão de Brasília)
/principal/13326574860.uasqpbmlgcwypitv.pauta
-------------------------------------------------------------------------
Fri May 03 2024 13:36:05 GMT-0300 (Horário Padrão de Brasília)
GET
/principal/13326574860.uasqpbmlgcwypitv.andamento
-------------------------------------------------------------------------
Fri May 03 2024 13:36:06 GMT-0300 (Horário Padrão de Brasília)
GET
/principal/13326574860.uasqpbmlgcwypitv.pauta
-------------------------------------------------------------------------
Fri May 03 2024 13:36:10 GMT-0300 (Horário Padrão de Brasília)
GET
/principal/13326574860.uasqpbmlgcwypitv.home
-------------------------------------------------------------------------
Fri May 03 2024 13:36:20 GMT-0300 (Horário Padrão de Brasília)
/principal/13326574860.uasqpbmlgcwypitv.pauta
GET
-------------------------------------------------------------------------
Fri May 03 2024 13:46:55 GMT-0300 (Horário Padrão de Brasília)
GET
/principal/13326574860.uasqpbmlgcwypitv.andamento
-------------------------------------------------------------------------
Fri May 03 2024 13:46:57 GMT-0300 (Horário Padrão de Brasília)
GET
/principal/13326574860.uasqpbmlgcwypitv.pauta
GET
-------------------------------------------------------------------------
Fri May 03 2024 13:47:00 GMT-0300 (Horário Padrão de Brasília)
/principal/13326574860.uasqpbmlgcwypitv.reclamacao
-------------------------------------------------------------------------
Fri May 03 2024 13:47:03 GMT-0300 (Horário Padrão de Brasília)
GET
/principal/13326574860.uasqpbmlgcwypitv.pauta
-------------------------------------------------------------------------
Fri May 03 2024 13:47:22 GMT-0300 (Horário Padrão de Brasília)
GET
/
-------------------------------------------------------------------------
Fri May 03 2024 13:47:27 GMT-0300 (Horário Padrão de Brasília)
/valida/api
Usuário: 13326574860
POST
-------------------------------------------------------------------------
Fri May 03 2024 13:47:27 GMT-0300 (Horário Padrão de Brasília)
Conectado ao Banco de Dados CEJUSC.
-------------------------------------------------------------------------
Fri May 03 2024 13:47:27 GMT-0300 (Horário Padrão de Brasília)
Renato Ferreira >>>LOGOU
-------------------------------------------------------------------------
Fri May 03 2024 13:47:27 GMT-0300 (Horário Padrão de Brasília)
Banco de Dados CEJUSC fechado.
-------------------------------------------------------------------------
Fri May 03 2024 13:47:27 GMT-0300 (Horário Padrão de Brasília)
GET
/principal/13326574860.ctskwldjqnukhwib.home
-------------------------------------------------------------------------
Fri May 03 2024 13:47:29 GMT-0300 (Horário Padrão de Brasília)
GET
/principal/13326574860.ctskwldjqnukhwib.pauta
-------------------------------------------------------------------------
Fri May 03 2024 13:57:09 GMT-0300 (Horário Padrão de Brasília)
GET
/principal/13326574860.ctskwldjqnukhwib.home
-------------------------------------------------------------------------
Fri May 03 2024 13:57:10 GMT-0300 (Horário Padrão de Brasília)
/principal/13326574860.ctskwldjqnukhwib.pauta
GET
-------------------------------------------------------------------------
Fri May 03 2024 13:58:09 GMT-0300 (Horário Padrão de Brasília)
GET
/principal/13326574860.ctskwldjqnukhwib.andamento
-------------------------------------------------------------------------
Fri May 03 2024 13:58:10 GMT-0300 (Horário Padrão de Brasília)
GET
/principal/13326574860.ctskwldjqnukhwib.pauta
-------------------------------------------------------------------------
Fri May 03 2024 14:01:40 GMT-0300 (Horário Padrão de Brasília)
GET
/principal/13326574860.ctskwldjqnukhwib.reclamacao
-------------------------------------------------------------------------
Fri May 03 2024 14:01:41 GMT-0300 (Horário Padrão de Brasília)
GET
/principal/13326574860.ctskwldjqnukhwib.pauta
GET
-------------------------------------------------------------------------
Fri May 03 2024 14:06:29 GMT-0300 (Horário Padrão de Brasília)
/principal/13326574860.ctskwldjqnukhwib.home
GET
-------------------------------------------------------------------------
Fri May 03 2024 14:06:30 GMT-0300 (Horário Padrão de Brasília)
/principal/13326574860.ctskwldjqnukhwib.pauta
-------------------------------------------------------------------------
Fri May 03 2024 14:08:26 GMT-0300 (Horário Padrão de Brasília)
GET
/principal/13326574860.ctskwldjqnukhwib.home
-------------------------------------------------------------------------
Fri May 03 2024 14:08:31 GMT-0300 (Horário Padrão de Brasília)
GET
/principal/13326574860.ctskwldjqnukhwib.pauta
/principal/13326574860.ctskwldjqnukhwib.home
GET
-------------------------------------------------------------------------
Fri May 03 2024 14:10:04 GMT-0300 (Horário Padrão de Brasília)
-------------------------------------------------------------------------
Fri May 03 2024 14:10:05 GMT-0300 (Horário Padrão de Brasília)
GET
/principal/13326574860.ctskwldjqnukhwib.pauta
-------------------------------------------------------------------------
Fri May 03 2024 14:11:01 GMT-0300 (Horário Padrão de Brasília)
GET
/principal/13326574860.ctskwldjqnukhwib.andamento
-------------------------------------------------------------------------
Fri May 03 2024 14:11:02 GMT-0300 (Horário Padrão de Brasília)
/principal/13326574860.ctskwldjqnukhwib.pauta
GET
-------------------------------------------------------------------------
Fri May 03 2024 14:12:03 GMT-0300 (Horário Padrão de Brasília)
/principal/13326574860.ctskwldjqnukhwib.andamento
GET
-------------------------------------------------------------------------
Fri May 03 2024 14:12:04 GMT-0300 (Horário Padrão de Brasília)
/principal/13326574860.ctskwldjqnukhwib.pauta
GET
-------------------------------------------------------------------------
Fri May 03 2024 14:13:42 GMT-0300 (Horário Padrão de Brasília)
GET
/principal/13326574860.ctskwldjqnukhwib.reclamacao
-------------------------------------------------------------------------
Fri May 03 2024 14:13:43 GMT-0300 (Horário Padrão de Brasília)
GET
/principal/13326574860.ctskwldjqnukhwib.pauta
-------------------------------------------------------------------------
Fri May 03 2024 14:15:54 GMT-0300 (Horário Padrão de Brasília)
GET
/principal/13326574860.ctskwldjqnukhwib.andamento
-------------------------------------------------------------------------
Fri May 03 2024 14:15:55 GMT-0300 (Horário Padrão de Brasília)
/principal/13326574860.ctskwldjqnukhwib.pauta
GET
-------------------------------------------------------------------------
Fri May 03 2024 14:16:28 GMT-0300 (Horário Padrão de Brasília)
GET
/principal/13326574860.ctskwldjqnukhwib.reclamacao
-------------------------------------------------------------------------
Fri May 03 2024 14:16:30 GMT-0300 (Horário Padrão de Brasília)
GET
/principal/13326574860.ctskwldjqnukhwib.pauta
-------------------------------------------------------------------------
Fri May 03 2024 15:06:46 GMT-0300 (Horário Padrão de Brasília)
GET
/principal/13326574860.ctskwldjqnukhwib.home
-------------------------------------------------------------------------
Fri May 03 2024 15:06:48 GMT-0300 (Horário Padrão de Brasília)
GET
/principal/13326574860.ctskwldjqnukhwib.pauta
-------------------------------------------------------------------------
Fri May 03 2024 15:11:14 GMT-0300 (Horário Padrão de Brasília)
GET
/principal/13326574860.ctskwldjqnukhwib.home
-------------------------------------------------------------------------
Fri May 03 2024 15:18:34 GMT-0300 (Horário Padrão de Brasília)
GET
/principal/13326574860.ctskwldjqnukhwib.pauta
GET
/logout/13326574860
-------------------------------------------------------------------------
Fri May 03 2024 15:18:37 GMT-0300 (Horário Padrão de Brasília)
Usuário 13326574860 DESLOGOU >>>
-------------------------------------------------------------------------
Fri May 03 2024 15:18:37 GMT-0300 (Horário Padrão de Brasília)
GET
/
-------------------------------------------------------------------------
Fri May 03 2024 15:18:51 GMT-0300 (Horário Padrão de Brasília)
POST
/valida/api
Usuário: 13326574860
-------------------------------------------------------------------------
Fri May 03 2024 15:18:51 GMT-0300 (Horário Padrão de Brasília)
Renato Ferreira >>>LOGOU
-------------------------------------------------------------------------
Fri May 03 2024 15:18:51 GMT-0300 (Horário Padrão de Brasília)
Banco de Dados CEJUSC fechado.
Conectado ao Banco de Dados CEJUSC.
-------------------------------------------------------------------------
Fri May 03 2024 15:18:51 GMT-0300 (Horário Padrão de Brasília)
-------------------------------------------------------------------------
Fri May 03 2024 15:18:51 GMT-0300 (Horário Padrão de Brasília)
GET
/principal/13326574860.ivronqshgozddkaa.home
-------------------------------------------------------------------------
Fri May 03 2024 15:19:02 GMT-0300 (Horário Padrão de Brasília)
GET
/
-------------------------------------------------------------------------
Fri May 03 2024 15:19:41 GMT-0300 (Horário Padrão de Brasília)
GET
/
-------------------------------------------------------------------------
Fri May 03 2024 15:19:59 GMT-0300 (Horário Padrão de Brasília)
POST
Usuário: 13326574860
/valida/api
-------------------------------------------------------------------------
Fri May 03 2024 15:19:59 GMT-0300 (Horário Padrão de Brasília)
Conectado ao Banco de Dados CEJUSC.
-------------------------------------------------------------------------
Fri May 03 2024 15:19:59 GMT-0300 (Horário Padrão de Brasília)
Renato Ferreira >>>LOGOU
-------------------------------------------------------------------------
Fri May 03 2024 15:19:59 GMT-0300 (Horário Padrão de Brasília)
Banco de Dados CEJUSC fechado.
-------------------------------------------------------------------------
Fri May 03 2024 15:19:59 GMT-0300 (Horário Padrão de Brasília)
GET
/principal/13326574860.mnsjobksqnjbzyhn.home
-------------------------------------------------------------------------
Fri May 03 2024 15:20:28 GMT-0300 (Horário Padrão de Brasília)
GET
/principal/13326574860.mnsjobksqnjbzyhn.pauta
-------------------------------------------------------------------------
Fri May 03 2024 15:20:30 GMT-0300 (Horário Padrão de Brasília)
GET
/principal/13326574860.mnsjobksqnjbzyhn.home
-------------------------------------------------------------------------
Fri May 03 2024 15:20:35 GMT-0300 (Horário Padrão de Brasília)
GET
/
-------------------------------------------------------------------------
Fri May 03 2024 15:23:40 GMT-0300 (Horário Padrão de Brasília)
POST
/valida/api
Usuário: 13326574860
-------------------------------------------------------------------------
Fri May 03 2024 15:23:40 GMT-0300 (Horário Padrão de Brasília)
Conectado ao Banco de Dados CEJUSC.
Renato Ferreira >>>LOGOU
-------------------------------------------------------------------------
Fri May 03 2024 15:23:40 GMT-0300 (Horário Padrão de Brasília)
-------------------------------------------------------------------------
Fri May 03 2024 15:23:40 GMT-0300 (Horário Padrão de Brasília)
Banco de Dados CEJUSC fechado.
-------------------------------------------------------------------------
Fri May 03 2024 15:23:40 GMT-0300 (Horário Padrão de Brasília)
GET
/principal/13326574860.fbnholeohjcozlzx.home
/
-------------------------------------------------------------------------
Fri May 03 2024 15:23:42 GMT-0300 (Horário Padrão de Brasília)
GET
-------------------------------------------------------------------------
Fri May 03 2024 15:24:59 GMT-0300 (Horário Padrão de Brasília)
GET
/
-------------------------------------------------------------------------
Fri May 03 2024 15:25:11 GMT-0300 (Horário Padrão de Brasília)
POST
/valida/api
Usuário: 13326574860
-------------------------------------------------------------------------
Fri May 03 2024 15:25:11 GMT-0300 (Horário Padrão de Brasília)
Conectado ao Banco de Dados CEJUSC.
-------------------------------------------------------------------------
Fri May 03 2024 15:25:11 GMT-0300 (Horário Padrão de Brasília)
Renato Ferreira >>>LOGOU
-------------------------------------------------------------------------
Fri May 03 2024 15:25:11 GMT-0300 (Horário Padrão de Brasília)
Banco de Dados CEJUSC fechado.
-------------------------------------------------------------------------
Fri May 03 2024 15:25:11 GMT-0300 (Horário Padrão de Brasília)
GET
/principal/13326574860.ayaqqzbmwwlbgaai.home
-------------------------------------------------------------------------
Fri May 03 2024 15:25:14 GMT-0300 (Horário Padrão de Brasília)
GET
/principal/13326574860.ayaqqzbmwwlbgaai.pauta
-------------------------------------------------------------------------
Fri May 03 2024 15:25:37 GMT-0300 (Horário Padrão de Brasília)
GET
Usuário 13326574860 DESLOGOU >>>
/logout/13326574860
-------------------------------------------------------------------------
Fri May 03 2024 15:25:37 GMT-0300 (Horário Padrão de Brasília)
/
GET
-------------------------------------------------------------------------
Fri May 03 2024 15:25:40 GMT-0300 (Horário Padrão de Brasília)
GET
/
-------------------------------------------------------------------------
Fri May 03 2024 15:25:42 GMT-0300 (Horário Padrão de Brasília)
GET
/
-------------------------------------------------------------------------
Fri May 03 2024 15:28:09 GMT-0300 (Horário Padrão de Brasília)
/
GET
-------------------------------------------------------------------------
Fri May 03 2024 15:28:24 GMT-0300 (Horário Padrão de Brasília)
/
GET
-------------------------------------------------------------------------
Fri May 03 2024 15:28:26 GMT-0300 (Horário Padrão de Brasília)
GET
/
-------------------------------------------------------------------------
Fri May 03 2024 15:39:35 GMT-0300 (Horário Padrão de Brasília)
/
GET
-------------------------------------------------------------------------
Fri May 03 2024 15:39:44 GMT-0300 (Horário Padrão de Brasília)
GET
/
-------------------------------------------------------------------------
Fri May 03 2024 15:39:51 GMT-0300 (Horário Padrão de Brasília)
POST
/valida/api
Usuário: 13326574860
-------------------------------------------------------------------------
Fri May 03 2024 15:39:51 GMT-0300 (Horário Padrão de Brasília)
Conectado ao Banco de Dados CEJUSC.
-------------------------------------------------------------------------
Fri May 03 2024 15:39:51 GMT-0300 (Horário Padrão de Brasília)
Renato Ferreira >>>LOGOU
-------------------------------------------------------------------------
Fri May 03 2024 15:39:51 GMT-0300 (Horário Padrão de Brasília)
Banco de Dados CEJUSC fechado.
-------------------------------------------------------------------------
Fri May 03 2024 15:39:51 GMT-0300 (Horário Padrão de Brasília)
GET
/principal/13326574860.ajipixsmumolfwfd.home
-------------------------------------------------------------------------
Fri May 03 2024 15:39:56 GMT-0300 (Horário Padrão de Brasília)
GET
/principal/13326574860.ajipixsmumolfwfd.pauta
GET
-------------------------------------------------------------------------
Fri May 03 2024 15:39:59 GMT-0300 (Horário Padrão de Brasília)
/principal/13326574860.ajipixsmumolfwfd.home
-------------------------------------------------------------------------
Fri May 03 2024 15:39:59 GMT-0300 (Horário Padrão de Brasília)
GET
/principal/13326574860.ajipixsmumolfwfd.reclamacao
-------------------------------------------------------------------------
Fri May 03 2024 15:40:00 GMT-0300 (Horário Padrão de Brasília)
GET
/principal/13326574860.ajipixsmumolfwfd.andamento
-------------------------------------------------------------------------
Fri May 03 2024 15:40:02 GMT-0300 (Horário Padrão de Brasília)
/principal/13326574860.ajipixsmumolfwfd.reclamacao
GET
-------------------------------------------------------------------------
Fri May 03 2024 15:40:04 GMT-0300 (Horário Padrão de Brasília)
GET
/principal/13326574860.ajipixsmumolfwfd.andamento
-------------------------------------------------------------------------
Fri May 03 2024 15:40:05 GMT-0300 (Horário Padrão de Brasília)
GET
/principal/13326574860.ajipixsmumolfwfd.reclamacao
-------------------------------------------------------------------------
Fri May 03 2024 15:40:07 GMT-0300 (Horário Padrão de Brasília)
GET
/principal/13326574860.ajipixsmumolfwfd.home
-------------------------------------------------------------------------
Fri May 03 2024 15:40:08 GMT-0300 (Horário Padrão de Brasília)
GET
/principal/13326574860.ajipixsmumolfwfd.reclamacao
-------------------------------------------------------------------------
Fri May 03 2024 15:40:10 GMT-0300 (Horário Padrão de Brasília)
GET
/principal/13326574860.ajipixsmumolfwfd.andamento
-------------------------------------------------------------------------
Fri May 03 2024 15:40:11 GMT-0300 (Horário Padrão de Brasília)
GET
/principal/13326574860.ajipixsmumolfwfd.pauta
-------------------------------------------------------------------------
Fri May 03 2024 15:40:20 GMT-0300 (Horário Padrão de Brasília)
GET
/logout/13326574860
Usuário 13326574860 DESLOGOU >>>
-------------------------------------------------------------------------
Fri May 03 2024 15:40:20 GMT-0300 (Horário Padrão de Brasília)
/
GET
-------------------------------------------------------------------------
Fri May 03 2024 15:55:03 GMT-0300 (Horário Padrão de Brasília)
/valida/api
POST
Usuário: 13326574860
Conectado ao Banco de Dados CEJUSC.
-------------------------------------------------------------------------
Fri May 03 2024 15:55:03 GMT-0300 (Horário Padrão de Brasília)
-------------------------------------------------------------------------
Fri May 03 2024 15:55:03 GMT-0300 (Horário Padrão de Brasília)
Renato Ferreira >>>LOGOU
Banco de Dados CEJUSC fechado.
-------------------------------------------------------------------------
Fri May 03 2024 15:55:03 GMT-0300 (Horário Padrão de Brasília)
-------------------------------------------------------------------------
Fri May 03 2024 15:55:03 GMT-0300 (Horário Padrão de Brasília)
GET
/principal/13326574860.ioilwdyzeqmssokc.home
-------------------------------------------------------------------------
Fri May 03 2024 15:55:06 GMT-0300 (Horário Padrão de Brasília)
GET
/principal/13326574860.ioilwdyzeqmssokc.pauta
/logout/13326574860
GET
-------------------------------------------------------------------------
Fri May 03 2024 15:55:13 GMT-0300 (Horário Padrão de Brasília)
Usuário 13326574860 DESLOGOU >>>
-------------------------------------------------------------------------
Fri May 03 2024 15:55:13 GMT-0300 (Horário Padrão de Brasília)
GET
/
-------------------------------------------------------------------------
Fri May 03 2024 16:04:47 GMT-0300 (Horário Padrão de Brasília)
GET
/
-------------------------------------------------------------------------
Fri May 03 2024 16:04:59 GMT-0300 (Horário Padrão de Brasília)
POST
/valida/api
Usuário: 13326574860
-------------------------------------------------------------------------
Fri May 03 2024 16:04:59 GMT-0300 (Horário Padrão de Brasília)
Conectado ao Banco de Dados CEJUSC.
-------------------------------------------------------------------------
Fri May 03 2024 16:04:59 GMT-0300 (Horário Padrão de Brasília)
Renato Ferreira >>>LOGOU
-------------------------------------------------------------------------
Fri May 03 2024 16:04:59 GMT-0300 (Horário Padrão de Brasília)
Banco de Dados CEJUSC fechado.
-------------------------------------------------------------------------
Fri May 03 2024 16:04:59 GMT-0300 (Horário Padrão de Brasília)
GET
/principal/13326574860.otxmqwzlcqlsibaf.home
-------------------------------------------------------------------------
Fri May 03 2024 16:05:02 GMT-0300 (Horário Padrão de Brasília)
GET
/principal/13326574860.otxmqwzlcqlsibaf.pauta
-------------------------------------------------------------------------
Fri May 03 2024 16:05:12 GMT-0300 (Horário Padrão de Brasília)
Usuário 13326574860 DESLOGOU >>>
GET
/logout/13326574860
-------------------------------------------------------------------------
Fri May 03 2024 16:05:12 GMT-0300 (Horário Padrão de Brasília)
/
GET
-------------------------------------------------------------------------
Fri May 03 2024 16:24:03 GMT-0300 (Horário Padrão de Brasília)
POST
/valida/api
Usuário: 13326574860
-------------------------------------------------------------------------
Fri May 03 2024 16:24:03 GMT-0300 (Horário Padrão de Brasília)
Conectado ao Banco de Dados CEJUSC.
-------------------------------------------------------------------------
Fri May 03 2024 16:24:03 GMT-0300 (Horário Padrão de Brasília)
Renato Ferreira >>>LOGOU
-------------------------------------------------------------------------
Fri May 03 2024 16:24:03 GMT-0300 (Horário Padrão de Brasília)
Banco de Dados CEJUSC fechado.
-------------------------------------------------------------------------
Fri May 03 2024 16:24:03 GMT-0300 (Horário Padrão de Brasília)
GET
/principal/13326574860.igkniwppfajsqthf.home
-------------------------------------------------------------------------
Fri May 03 2024 16:24:06 GMT-0300 (Horário Padrão de Brasília)
GET
/principal/13326574860.igkniwppfajsqthf.pauta
-------------------------------------------------------------------------
Fri May 03 2024 16:24:16 GMT-0300 (Horário Padrão de Brasília)
/logout/13326574860
GET
Usuário 13326574860 DESLOGOU >>>
-------------------------------------------------------------------------
Fri May 03 2024 16:24:16 GMT-0300 (Horário Padrão de Brasília)
GET
/
