-------------------------------------------------------------------------
Sat Sep 03 2022 20:07:37 GMT-0300 (Horário Padrão de Brasília)
GET
/
-------------------------------------------------------------------------
Sat Sep 03 2022 20:07:43 GMT-0300 (Horário Padrão de Brasília)
GET
/
-------------------------------------------------------------------------
Sat Sep 03 2022 20:08:12 GMT-0300 (Horário Padrão de Brasília)
POST
/valida/api
Usuário: 13326574860
-------------------------------------------------------------------------
Sat Sep 03 2022 20:08:13 GMT-0300 (Horário Padrão de Brasília)
Conectado ao Banco de Dados CEJUSC.
-------------------------------------------------------------------------
Sat Sep 03 2022 20:08:13 GMT-0300 (Horário Padrão de Brasília)
Banco de Dados CEJUSC fechado.
-------------------------------------------------------------------------
Sat Sep 03 2022 20:08:13 GMT-0300 (Horário Padrão de Brasília)
/
GET
-------------------------------------------------------------------------
Sat Sep 03 2022 20:08:58 GMT-0300 (Horário Padrão de Brasília)
POST
/valida/api
Usuário: 13326574860
-------------------------------------------------------------------------
Sat Sep 03 2022 20:08:58 GMT-0300 (Horário Padrão de Brasília)
Conectado ao Banco de Dados CEJUSC.
-------------------------------------------------------------------------
Sat Sep 03 2022 20:08:58 GMT-0300 (Horário Padrão de Brasília)
Banco de Dados CEJUSC fechado.
GET
-------------------------------------------------------------------------
Sat Sep 03 2022 20:08:58 GMT-0300 (Horário Padrão de Brasília)
/
-------------------------------------------------------------------------
Sat Sep 03 2022 20:09:08 GMT-0300 (Horário Padrão de Brasília)
POST
/valida/api
Usuário: 13326574860
-------------------------------------------------------------------------
Sat Sep 03 2022 20:09:08 GMT-0300 (Horário Padrão de Brasília)
Conectado ao Banco de Dados CEJUSC.
-------------------------------------------------------------------------
Sat Sep 03 2022 20:09:08 GMT-0300 (Horário Padrão de Brasília)
Banco de Dados CEJUSC fechado.
GET
-------------------------------------------------------------------------
Sat Sep 03 2022 20:09:08 GMT-0300 (Horário Padrão de Brasília)
/
-------------------------------------------------------------------------
Sat Sep 03 2022 20:10:28 GMT-0300 (Horário Padrão de Brasília)
POST
Usuário: 13326574860
/valida/api
-------------------------------------------------------------------------
Sat Sep 03 2022 20:10:28 GMT-0300 (Horário Padrão de Brasília)
Conectado ao Banco de Dados CEJUSC.
-------------------------------------------------------------------------
Sat Sep 03 2022 20:10:28 GMT-0300 (Horário Padrão de Brasília)
Banco de Dados CEJUSC fechado.
-------------------------------------------------------------------------
Sat Sep 03 2022 20:10:28 GMT-0300 (Horário Padrão de Brasília)
GET
/
-------------------------------------------------------------------------
Sat Sep 03 2022 20:10:41 GMT-0300 (Horário Padrão de Brasília)
POST
Usuário: 13326574860
/valida/api
-------------------------------------------------------------------------
Sat Sep 03 2022 20:10:41 GMT-0300 (Horário Padrão de Brasília)
Conectado ao Banco de Dados CEJUSC.
Banco de Dados CEJUSC fechado.
-------------------------------------------------------------------------
Sat Sep 03 2022 20:10:41 GMT-0300 (Horário Padrão de Brasília)
-------------------------------------------------------------------------
Sat Sep 03 2022 20:10:41 GMT-0300 (Horário Padrão de Brasília)
GET
/
-------------------------------------------------------------------------
Sat Sep 03 2022 20:12:02 GMT-0300 (Horário Padrão de Brasília)
POST
/valida/api
Usuário: 13326574860
-------------------------------------------------------------------------
Sat Sep 03 2022 20:12:02 GMT-0300 (Horário Padrão de Brasília)
Conectado ao Banco de Dados CEJUSC.
-------------------------------------------------------------------------
Sat Sep 03 2022 20:12:02 GMT-0300 (Horário Padrão de Brasília)
Banco de Dados CEJUSC fechado.
-------------------------------------------------------------------------
Sat Sep 03 2022 20:12:02 GMT-0300 (Horário Padrão de Brasília)
/
GET
-------------------------------------------------------------------------
Sat Sep 03 2022 20:14:44 GMT-0300 (Horário Padrão de Brasília)
/valida/api
POST
Usuário: 13326574860
-------------------------------------------------------------------------
Sat Sep 03 2022 20:14:44 GMT-0300 (Horário Padrão de Brasília)
Conectado ao Banco de Dados CEJUSC.
-------------------------------------------------------------------------
Sat Sep 03 2022 20:14:44 GMT-0300 (Horário Padrão de Brasília)
Banco de Dados CEJUSC fechado.
-------------------------------------------------------------------------
Sat Sep 03 2022 20:14:44 GMT-0300 (Horário Padrão de Brasília)
/
GET
-------------------------------------------------------------------------
Sat Sep 03 2022 20:14:59 GMT-0300 (Horário Padrão de Brasília)
POST
/valida/api
Usuário: 13326574860
-------------------------------------------------------------------------
Sat Sep 03 2022 20:14:59 GMT-0300 (Horário Padrão de Brasília)
Conectado ao Banco de Dados CEJUSC.
-------------------------------------------------------------------------
Sat Sep 03 2022 20:14:59 GMT-0300 (Horário Padrão de Brasília)
Banco de Dados CEJUSC fechado.
-------------------------------------------------------------------------
Sat Sep 03 2022 20:14:59 GMT-0300 (Horário Padrão de Brasília)
GET
/
-------------------------------------------------------------------------
Sat Sep 03 2022 20:18:04 GMT-0300 (Horário Padrão de Brasília)
POST
/valida/api
Usuário: 13326574860
-------------------------------------------------------------------------
Sat Sep 03 2022 20:18:04 GMT-0300 (Horário Padrão de Brasília)
Conectado ao Banco de Dados CEJUSC.
-------------------------------------------------------------------------
Sat Sep 03 2022 20:18:04 GMT-0300 (Horário Padrão de Brasília)
Renato Ferreira >>>LOGOU
Banco de Dados CEJUSC fechado.
-------------------------------------------------------------------------
Sat Sep 03 2022 20:18:04 GMT-0300 (Horário Padrão de Brasília)
-------------------------------------------------------------------------
Sat Sep 03 2022 20:18:05 GMT-0300 (Horário Padrão de Brasília)
GET
/principal/13326574860.qeiuwzvkqcqmdrrv.home
GET
-------------------------------------------------------------------------
Sat Sep 03 2022 20:18:20 GMT-0300 (Horário Padrão de Brasília)
/principal/13326574860.qeiuwzvkqcqmdrrv.reclamacao
GET
-------------------------------------------------------------------------
Sat Sep 03 2022 20:18:42 GMT-0300 (Horário Padrão de Brasília)
/principal/13326574860.qeiuwzvkqcqmdrrv.andamento
GET
/principal/13326574860.qeiuwzvkqcqmdrrv.pauta
-------------------------------------------------------------------------
Sat Sep 03 2022 20:18:44 GMT-0300 (Horário Padrão de Brasília)
-------------------------------------------------------------------------
Sat Sep 03 2022 20:18:45 GMT-0300 (Horário Padrão de Brasília)
GET
/principal/13326574860.qeiuwzvkqcqmdrrv.andamento
-------------------------------------------------------------------------
Sat Sep 03 2022 20:18:46 GMT-0300 (Horário Padrão de Brasília)
GET
/principal/13326574860.qeiuwzvkqcqmdrrv.reclamacao
-------------------------------------------------------------------------
Sat Sep 03 2022 20:18:47 GMT-0300 (Horário Padrão de Brasília)
/principal/13326574860.qeiuwzvkqcqmdrrv.home
GET
-------------------------------------------------------------------------
Sat Sep 03 2022 20:18:49 GMT-0300 (Horário Padrão de Brasília)
GET
/principal/13326574860.qeiuwzvkqcqmdrrv.reclamacao
-------------------------------------------------------------------------
Sat Sep 03 2022 20:18:52 GMT-0300 (Horário Padrão de Brasília)
/principal/13326574860.qeiuwzvkqcqmdrrv.home
GET
GET
-------------------------------------------------------------------------
Sat Sep 03 2022 20:21:22 GMT-0300 (Horário Padrão de Brasília)
Usuário undefined DESLOGOU >>>
/logout/undefined
-------------------------------------------------------------------------
Sat Sep 03 2022 20:21:22 GMT-0300 (Horário Padrão de Brasília)
GET
/
POST
-------------------------------------------------------------------------
Sat Sep 03 2022 20:21:24 GMT-0300 (Horário Padrão de Brasília)
/valida/api
Usuário: 13326574860
-------------------------------------------------------------------------
Sat Sep 03 2022 20:21:24 GMT-0300 (Horário Padrão de Brasília)
Conectado ao Banco de Dados CEJUSC.
-------------------------------------------------------------------------
Sat Sep 03 2022 20:21:24 GMT-0300 (Horário Padrão de Brasília)
Renato Ferreira >>>LOGOU
-------------------------------------------------------------------------
Sat Sep 03 2022 20:21:24 GMT-0300 (Horário Padrão de Brasília)
Banco de Dados CEJUSC fechado.
-------------------------------------------------------------------------
Sat Sep 03 2022 20:21:24 GMT-0300 (Horário Padrão de Brasília)
GET
/principal/13326574860.twzhohhungbctyss.home
-------------------------------------------------------------------------
Sat Sep 03 2022 20:21:46 GMT-0300 (Horário Padrão de Brasília)
GET
/logout/undefined
Usuário undefined DESLOGOU >>>
-------------------------------------------------------------------------
Sat Sep 03 2022 20:21:46 GMT-0300 (Horário Padrão de Brasília)
/
GET
-------------------------------------------------------------------------
Sat Sep 03 2022 20:21:48 GMT-0300 (Horário Padrão de Brasília)
POST
/valida/api
Usuário: 13326574860
-------------------------------------------------------------------------
Sat Sep 03 2022 20:21:48 GMT-0300 (Horário Padrão de Brasília)
Conectado ao Banco de Dados CEJUSC.
-------------------------------------------------------------------------
Sat Sep 03 2022 20:21:48 GMT-0300 (Horário Padrão de Brasília)
Renato Ferreira >>>LOGOU
Banco de Dados CEJUSC fechado.
-------------------------------------------------------------------------
Sat Sep 03 2022 20:21:48 GMT-0300 (Horário Padrão de Brasília)
-------------------------------------------------------------------------
Sat Sep 03 2022 20:21:48 GMT-0300 (Horário Padrão de Brasília)
GET
/principal/13326574860.smhoafrxjargcyff.home
-------------------------------------------------------------------------
Sat Sep 03 2022 20:21:49 GMT-0300 (Horário Padrão de Brasília)
GET
/principal/13326574860.smhoafrxjargcyff.reclamacao
-------------------------------------------------------------------------
Sat Sep 03 2022 20:22:32 GMT-0300 (Horário Padrão de Brasília)
GET
/principal/13326574860.smhoafrxjargcyff.home
