-------------------------------------------------------------------------
Tue Jul 30 2024 14:15:36 GMT-0300 (Horário Padrão de Brasília)
POST
Usuário: 13326574860
/valida/api
-------------------------------------------------------------------------
Tue Jul 30 2024 14:15:36 GMT-0300 (Horário Padrão de Brasília)
Conectado ao Banco de Dados CEJUSC.
-------------------------------------------------------------------------
Tue Jul 30 2024 14:15:36 GMT-0300 (Horário Padrão de Brasília)
Renato Ferreira >>>LOGOU
Banco de Dados CEJUSC fechado.
-------------------------------------------------------------------------
Tue Jul 30 2024 14:15:36 GMT-0300 (Horário Padrão de Brasília)
-------------------------------------------------------------------------
Tue Jul 30 2024 14:15:36 GMT-0300 (Horário Padrão de Brasília)
GET
/principal/13326574860.rkenzsjfuevudrog.presenca
-------------------------------------------------------------------------
Tue Jul 30 2024 14:15:42 GMT-0300 (Horário Padrão de Brasília)
POST
/presenca/processo
Conectado ao Banco de Dados CEJUSC.
-------------------------------------------------------------------------
Tue Jul 30 2024 14:15:42 GMT-0300 (Horário Padrão de Brasília)
-------------------------------------------------------------------------
Tue Jul 30 2024 14:15:42 GMT-0300 (Horário Padrão de Brasília)
Uma linha FOI encontrada. Processo: 1008516-16.2022
-------------------------------------------------------------------------
Tue Jul 30 2024 14:15:42 GMT-0300 (Horário Padrão de Brasília)
Banco de Dados CEJUSC fechado.
-------------------------------------------------------------------------
Tue Jul 30 2024 14:44:04 GMT-0300 (Horário Padrão de Brasília)
GET
/logout/13326574860
Usuário 13326574860 DESLOGOU >>>
-------------------------------------------------------------------------
Tue Jul 30 2024 14:44:04 GMT-0300 (Horário Padrão de Brasília)
GET
/
-------------------------------------------------------------------------
Tue Jul 30 2024 14:44:30 GMT-0300 (Horário Padrão de Brasília)
POST
/valida/api
Usuário: 13326574860
-------------------------------------------------------------------------
Tue Jul 30 2024 14:44:30 GMT-0300 (Horário Padrão de Brasília)
Conectado ao Banco de Dados CEJUSC.
-------------------------------------------------------------------------
Tue Jul 30 2024 14:44:30 GMT-0300 (Horário Padrão de Brasília)
Renato Ferreira >>>LOGOU
-------------------------------------------------------------------------
Tue Jul 30 2024 14:44:30 GMT-0300 (Horário Padrão de Brasília)
Banco de Dados CEJUSC fechado.
-------------------------------------------------------------------------
Tue Jul 30 2024 14:44:30 GMT-0300 (Horário Padrão de Brasília)
GET
/principal/13326574860.qqhqfzdstgiitscf.presenca
-------------------------------------------------------------------------
Tue Jul 30 2024 14:44:36 GMT-0300 (Horário Padrão de Brasília)
POST
/presenca/processo
-------------------------------------------------------------------------
Tue Jul 30 2024 14:44:36 GMT-0300 (Horário Padrão de Brasília)
Conectado ao Banco de Dados CEJUSC.
-------------------------------------------------------------------------
Tue Jul 30 2024 14:44:36 GMT-0300 (Horário Padrão de Brasília)
Uma linha FOI encontrada. Processo: 1008516-16.2022
-------------------------------------------------------------------------
Tue Jul 30 2024 14:44:36 GMT-0300 (Horário Padrão de Brasília)
Banco de Dados CEJUSC fechado.
-------------------------------------------------------------------------
Tue Jul 30 2024 15:09:04 GMT-0300 (Horário Padrão de Brasília)
GET
/logout/13326574860
Usuário 13326574860 DESLOGOU >>>
-------------------------------------------------------------------------
Tue Jul 30 2024 15:09:04 GMT-0300 (Horário Padrão de Brasília)
GET
/
-------------------------------------------------------------------------
Tue Jul 30 2024 15:09:27 GMT-0300 (Horário Padrão de Brasília)
/valida/api
POST
Usuário: 13326574860
Conectado ao Banco de Dados CEJUSC.
-------------------------------------------------------------------------
Tue Jul 30 2024 15:09:27 GMT-0300 (Horário Padrão de Brasília)
-------------------------------------------------------------------------
Tue Jul 30 2024 15:09:27 GMT-0300 (Horário Padrão de Brasília)
Renato Ferreira >>>LOGOU
-------------------------------------------------------------------------
Tue Jul 30 2024 15:09:27 GMT-0300 (Horário Padrão de Brasília)
Banco de Dados CEJUSC fechado.
-------------------------------------------------------------------------
Tue Jul 30 2024 15:09:27 GMT-0300 (Horário Padrão de Brasília)
GET
/principal/13326574860.pqdcbadtfaginhbk.presenca
-------------------------------------------------------------------------
Tue Jul 30 2024 15:09:31 GMT-0300 (Horário Padrão de Brasília)
/presenca/processo
POST
Conectado ao Banco de Dados CEJUSC.
-------------------------------------------------------------------------
Tue Jul 30 2024 15:09:31 GMT-0300 (Horário Padrão de Brasília)
-------------------------------------------------------------------------
Tue Jul 30 2024 15:09:31 GMT-0300 (Horário Padrão de Brasília)
Uma linha FOI encontrada. Processo: 1008516-16.2022
-------------------------------------------------------------------------
Tue Jul 30 2024 15:09:31 GMT-0300 (Horário Padrão de Brasília)
Banco de Dados CEJUSC fechado.
-------------------------------------------------------------------------
Tue Jul 30 2024 15:18:08 GMT-0300 (Horário Padrão de Brasília)
GET
/logout/13326574860
Usuário 13326574860 DESLOGOU >>>
-------------------------------------------------------------------------
Tue Jul 30 2024 15:18:08 GMT-0300 (Horário Padrão de Brasília)
GET
/
-------------------------------------------------------------------------
Tue Jul 30 2024 15:18:42 GMT-0300 (Horário Padrão de Brasília)
POST
/valida/api
Usuário: 13326574860
-------------------------------------------------------------------------
Tue Jul 30 2024 15:18:42 GMT-0300 (Horário Padrão de Brasília)
Conectado ao Banco de Dados CEJUSC.
-------------------------------------------------------------------------
Tue Jul 30 2024 15:18:42 GMT-0300 (Horário Padrão de Brasília)
Renato Ferreira >>>LOGOU
-------------------------------------------------------------------------
Tue Jul 30 2024 15:18:42 GMT-0300 (Horário Padrão de Brasília)
Banco de Dados CEJUSC fechado.
-------------------------------------------------------------------------
Tue Jul 30 2024 15:18:42 GMT-0300 (Horário Padrão de Brasília)
GET
/principal/13326574860.clydurpgpydhdsxw.presenca
-------------------------------------------------------------------------
Tue Jul 30 2024 15:18:48 GMT-0300 (Horário Padrão de Brasília)
POST
/presenca/processo
Conectado ao Banco de Dados CEJUSC.
-------------------------------------------------------------------------
Tue Jul 30 2024 15:18:48 GMT-0300 (Horário Padrão de Brasília)
-------------------------------------------------------------------------
Tue Jul 30 2024 15:18:48 GMT-0300 (Horário Padrão de Brasília)
Uma linha FOI encontrada. Processo: 1008516-16.2022
-------------------------------------------------------------------------
Tue Jul 30 2024 15:18:48 GMT-0300 (Horário Padrão de Brasília)
Banco de Dados CEJUSC fechado.
-------------------------------------------------------------------------
Tue Jul 30 2024 15:19:41 GMT-0300 (Horário Padrão de Brasília)
GET
/principal/13326574860.clydurpgpydhdsxw.pauta
-------------------------------------------------------------------------
Tue Jul 30 2024 15:19:42 GMT-0300 (Horário Padrão de Brasília)
/principal/13326574860.clydurpgpydhdsxw.presenca
GET
-------------------------------------------------------------------------
Tue Jul 30 2024 15:19:48 GMT-0300 (Horário Padrão de Brasília)
/presenca/processo
POST
-------------------------------------------------------------------------
Tue Jul 30 2024 15:19:48 GMT-0300 (Horário Padrão de Brasília)
Conectado ao Banco de Dados CEJUSC.
-------------------------------------------------------------------------
Tue Jul 30 2024 15:19:48 GMT-0300 (Horário Padrão de Brasília)
Uma linha FOI encontrada. Processo: 1002546-64.2024
Banco de Dados CEJUSC fechado.
-------------------------------------------------------------------------
Tue Jul 30 2024 15:19:48 GMT-0300 (Horário Padrão de Brasília)
-------------------------------------------------------------------------
Tue Jul 30 2024 15:27:20 GMT-0300 (Horário Padrão de Brasília)
/logout/13326574860
Usuário 13326574860 DESLOGOU >>>
GET
-------------------------------------------------------------------------
Tue Jul 30 2024 15:27:20 GMT-0300 (Horário Padrão de Brasília)
GET
/
-------------------------------------------------------------------------
Tue Jul 30 2024 15:27:56 GMT-0300 (Horário Padrão de Brasília)
POST
Usuário: 13326574860
/valida/api
-------------------------------------------------------------------------
Tue Jul 30 2024 15:27:56 GMT-0300 (Horário Padrão de Brasília)
Conectado ao Banco de Dados CEJUSC.
-------------------------------------------------------------------------
Tue Jul 30 2024 15:27:56 GMT-0300 (Horário Padrão de Brasília)
Renato Ferreira >>>LOGOU
-------------------------------------------------------------------------
Tue Jul 30 2024 15:27:56 GMT-0300 (Horário Padrão de Brasília)
Banco de Dados CEJUSC fechado.
-------------------------------------------------------------------------
Tue Jul 30 2024 15:27:56 GMT-0300 (Horário Padrão de Brasília)
GET
/principal/13326574860.trlpcpdruwryqtti.presenca
-------------------------------------------------------------------------
Tue Jul 30 2024 15:28:01 GMT-0300 (Horário Padrão de Brasília)
POST
/presenca/processo
-------------------------------------------------------------------------
Tue Jul 30 2024 15:28:01 GMT-0300 (Horário Padrão de Brasília)
Conectado ao Banco de Dados CEJUSC.
-------------------------------------------------------------------------
Tue Jul 30 2024 15:28:01 GMT-0300 (Horário Padrão de Brasília)
Uma linha FOI encontrada. Processo: 1008516-16.2022
-------------------------------------------------------------------------
Tue Jul 30 2024 15:28:01 GMT-0300 (Horário Padrão de Brasília)
Banco de Dados CEJUSC fechado.
-------------------------------------------------------------------------
Tue Jul 30 2024 15:32:26 GMT-0300 (Horário Padrão de Brasília)
POST
/presenca/processo
-------------------------------------------------------------------------
Tue Jul 30 2024 15:32:26 GMT-0300 (Horário Padrão de Brasília)
Conectado ao Banco de Dados CEJUSC.
-------------------------------------------------------------------------
Tue Jul 30 2024 15:32:26 GMT-0300 (Horário Padrão de Brasília)
Uma linha FOI encontrada. Processo: 1002546-64.2024
Banco de Dados CEJUSC fechado.
-------------------------------------------------------------------------
Tue Jul 30 2024 15:32:26 GMT-0300 (Horário Padrão de Brasília)
-------------------------------------------------------------------------
Tue Jul 30 2024 15:34:06 GMT-0300 (Horário Padrão de Brasília)
POST
/presenca/processo
Conectado ao Banco de Dados CEJUSC.
-------------------------------------------------------------------------
Tue Jul 30 2024 15:34:06 GMT-0300 (Horário Padrão de Brasília)
Uma linha NÃO foi encontrada. Processo: 0010025-78.2024
-------------------------------------------------------------------------
Tue Jul 30 2024 15:34:06 GMT-0300 (Horário Padrão de Brasília)
-------------------------------------------------------------------------
Tue Jul 30 2024 15:34:06 GMT-0300 (Horário Padrão de Brasília)
Banco de Dados CEJUSC fechado.
-------------------------------------------------------------------------
Tue Jul 30 2024 15:42:42 GMT-0300 (Horário Padrão de Brasília)
GET
/logout/13326574860
Usuário 13326574860 DESLOGOU >>>
-------------------------------------------------------------------------
Tue Jul 30 2024 15:42:42 GMT-0300 (Horário Padrão de Brasília)
GET
/
-------------------------------------------------------------------------
Tue Jul 30 2024 15:43:37 GMT-0300 (Horário Padrão de Brasília)
POST
/valida/api
Usuário: 13326574860
-------------------------------------------------------------------------
Tue Jul 30 2024 15:43:37 GMT-0300 (Horário Padrão de Brasília)
Conectado ao Banco de Dados CEJUSC.
-------------------------------------------------------------------------
Tue Jul 30 2024 15:43:37 GMT-0300 (Horário Padrão de Brasília)
Renato Ferreira >>>LOGOU
-------------------------------------------------------------------------
Tue Jul 30 2024 15:43:37 GMT-0300 (Horário Padrão de Brasília)
Banco de Dados CEJUSC fechado.
-------------------------------------------------------------------------
Tue Jul 30 2024 15:43:37 GMT-0300 (Horário Padrão de Brasília)
GET
/principal/13326574860.shzzazloazjuhpmc.presenca
POST
-------------------------------------------------------------------------
Tue Jul 30 2024 15:43:42 GMT-0300 (Horário Padrão de Brasília)
/presenca/processo
-------------------------------------------------------------------------
Tue Jul 30 2024 15:43:42 GMT-0300 (Horário Padrão de Brasília)
Conectado ao Banco de Dados CEJUSC.
-------------------------------------------------------------------------
Tue Jul 30 2024 15:43:42 GMT-0300 (Horário Padrão de Brasília)
Uma linha FOI encontrada. Processo: 1008516-16.2022
Banco de Dados CEJUSC fechado.
-------------------------------------------------------------------------
Tue Jul 30 2024 15:43:42 GMT-0300 (Horário Padrão de Brasília)
-------------------------------------------------------------------------
Tue Jul 30 2024 15:43:49 GMT-0300 (Horário Padrão de Brasília)
POST
/presenca/processo
Conectado ao Banco de Dados CEJUSC.
-------------------------------------------------------------------------
Tue Jul 30 2024 15:43:49 GMT-0300 (Horário Padrão de Brasília)
-------------------------------------------------------------------------
Tue Jul 30 2024 15:43:49 GMT-0300 (Horário Padrão de Brasília)
Uma linha NÃO foi encontrada. Processo: 0010025-78.2024
-------------------------------------------------------------------------
Tue Jul 30 2024 15:43:49 GMT-0300 (Horário Padrão de Brasília)
Banco de Dados CEJUSC fechado.
-------------------------------------------------------------------------
Tue Jul 30 2024 16:04:35 GMT-0300 (Horário Padrão de Brasília)
GET
/logout/13326574860
Usuário 13326574860 DESLOGOU >>>
-------------------------------------------------------------------------
Tue Jul 30 2024 16:04:35 GMT-0300 (Horário Padrão de Brasília)
GET
/
-------------------------------------------------------------------------
Tue Jul 30 2024 16:04:59 GMT-0300 (Horário Padrão de Brasília)
POST
/valida/api
Usuário: 13326574860
-------------------------------------------------------------------------
Tue Jul 30 2024 16:04:59 GMT-0300 (Horário Padrão de Brasília)
Conectado ao Banco de Dados CEJUSC.
-------------------------------------------------------------------------
Tue Jul 30 2024 16:04:59 GMT-0300 (Horário Padrão de Brasília)
Renato Ferreira >>>LOGOU
-------------------------------------------------------------------------
Tue Jul 30 2024 16:04:59 GMT-0300 (Horário Padrão de Brasília)
Banco de Dados CEJUSC fechado.
-------------------------------------------------------------------------
Tue Jul 30 2024 16:04:59 GMT-0300 (Horário Padrão de Brasília)
GET
/principal/13326574860.uwocaynvugcvatim.presenca
-------------------------------------------------------------------------
Tue Jul 30 2024 16:05:04 GMT-0300 (Horário Padrão de Brasília)
POST
/presenca/processo
-------------------------------------------------------------------------
Tue Jul 30 2024 16:05:04 GMT-0300 (Horário Padrão de Brasília)
Conectado ao Banco de Dados CEJUSC.
-------------------------------------------------------------------------
Tue Jul 30 2024 16:05:04 GMT-0300 (Horário Padrão de Brasília)
Uma linha NÃO foi encontrada. Processo: 0010025-78.2024
-------------------------------------------------------------------------
Tue Jul 30 2024 16:05:04 GMT-0300 (Horário Padrão de Brasília)
Banco de Dados CEJUSC fechado.
-------------------------------------------------------------------------
Tue Jul 30 2024 16:05:09 GMT-0300 (Horário Padrão de Brasília)
POST
/presenca/processo
Conectado ao Banco de Dados CEJUSC.
-------------------------------------------------------------------------
Tue Jul 30 2024 16:05:09 GMT-0300 (Horário Padrão de Brasília)
-------------------------------------------------------------------------
Tue Jul 30 2024 16:05:09 GMT-0300 (Horário Padrão de Brasília)
Uma linha NÃO foi encontrada. Processo: 0010025-78.2024
-------------------------------------------------------------------------
Tue Jul 30 2024 16:05:09 GMT-0300 (Horário Padrão de Brasília)
Banco de Dados CEJUSC fechado.
-------------------------------------------------------------------------
Tue Jul 30 2024 16:05:18 GMT-0300 (Horário Padrão de Brasília)
POST
/presenca/processo
-------------------------------------------------------------------------
Tue Jul 30 2024 16:05:18 GMT-0300 (Horário Padrão de Brasília)
Conectado ao Banco de Dados CEJUSC.
-------------------------------------------------------------------------
Tue Jul 30 2024 16:05:18 GMT-0300 (Horário Padrão de Brasília)
Uma linha NÃO foi encontrada. Processo: 0010025-78.2024
-------------------------------------------------------------------------
Tue Jul 30 2024 16:05:18 GMT-0300 (Horário Padrão de Brasília)
Banco de Dados CEJUSC fechado.
-------------------------------------------------------------------------
Tue Jul 30 2024 16:06:24 GMT-0300 (Horário Padrão de Brasília)
POST
/presenca/processo
-------------------------------------------------------------------------
Tue Jul 30 2024 16:06:24 GMT-0300 (Horário Padrão de Brasília)
Conectado ao Banco de Dados CEJUSC.
-------------------------------------------------------------------------
Tue Jul 30 2024 16:06:24 GMT-0300 (Horário Padrão de Brasília)
Uma linha NÃO foi encontrada. Processo: 0000000-00.0000
-------------------------------------------------------------------------
Tue Jul 30 2024 16:06:24 GMT-0300 (Horário Padrão de Brasília)
Banco de Dados CEJUSC fechado.
POST
-------------------------------------------------------------------------
Tue Jul 30 2024 16:06:29 GMT-0300 (Horário Padrão de Brasília)
/presenca/processo
-------------------------------------------------------------------------
Tue Jul 30 2024 16:06:29 GMT-0300 (Horário Padrão de Brasília)
Conectado ao Banco de Dados CEJUSC.
-------------------------------------------------------------------------
Tue Jul 30 2024 16:06:29 GMT-0300 (Horário Padrão de Brasília)
Uma linha NÃO foi encontrada. Processo: 0000000-00.0000
Banco de Dados CEJUSC fechado.
-------------------------------------------------------------------------
Tue Jul 30 2024 16:06:29 GMT-0300 (Horário Padrão de Brasília)
-------------------------------------------------------------------------
Tue Jul 30 2024 16:06:52 GMT-0300 (Horário Padrão de Brasília)
POST
/presenca/processo
-------------------------------------------------------------------------
Tue Jul 30 2024 16:06:52 GMT-0300 (Horário Padrão de Brasília)
Conectado ao Banco de Dados CEJUSC.
-------------------------------------------------------------------------
Tue Jul 30 2024 16:06:52 GMT-0300 (Horário Padrão de Brasília)
Uma linha FOI encontrada. Processo: 1008516-16.2022
-------------------------------------------------------------------------
Tue Jul 30 2024 16:06:52 GMT-0300 (Horário Padrão de Brasília)
Banco de Dados CEJUSC fechado.
POST
-------------------------------------------------------------------------
Tue Jul 30 2024 16:07:00 GMT-0300 (Horário Padrão de Brasília)
/presenca/processo
-------------------------------------------------------------------------
Tue Jul 30 2024 16:07:00 GMT-0300 (Horário Padrão de Brasília)
Conectado ao Banco de Dados CEJUSC.
-------------------------------------------------------------------------
Tue Jul 30 2024 16:07:00 GMT-0300 (Horário Padrão de Brasília)
Uma linha NÃO foi encontrada. Processo: 0010025-78.2024
-------------------------------------------------------------------------
Tue Jul 30 2024 16:07:00 GMT-0300 (Horário Padrão de Brasília)
Banco de Dados CEJUSC fechado.
-------------------------------------------------------------------------
Tue Jul 30 2024 16:11:11 GMT-0300 (Horário Padrão de Brasília)
/logout/13326574860
Usuário 13326574860 DESLOGOU >>>
GET
-------------------------------------------------------------------------
Tue Jul 30 2024 16:11:11 GMT-0300 (Horário Padrão de Brasília)
/
GET
-------------------------------------------------------------------------
Tue Jul 30 2024 16:11:29 GMT-0300 (Horário Padrão de Brasília)
POST
Usuário: 13326574860
/valida/api
-------------------------------------------------------------------------
Tue Jul 30 2024 16:11:29 GMT-0300 (Horário Padrão de Brasília)
Conectado ao Banco de Dados CEJUSC.
-------------------------------------------------------------------------
Tue Jul 30 2024 16:11:29 GMT-0300 (Horário Padrão de Brasília)
Renato Ferreira >>>LOGOU
-------------------------------------------------------------------------
Tue Jul 30 2024 16:11:29 GMT-0300 (Horário Padrão de Brasília)
Banco de Dados CEJUSC fechado.
-------------------------------------------------------------------------
Tue Jul 30 2024 16:11:29 GMT-0300 (Horário Padrão de Brasília)
/principal/13326574860.yxuzeobndxldyhhz.presenca
GET
-------------------------------------------------------------------------
Tue Jul 30 2024 16:13:09 GMT-0300 (Horário Padrão de Brasília)
GET
/principal/13326574860.yxuzeobndxldyhhz.completas
-------------------------------------------------------------------------
Tue Jul 30 2024 16:13:10 GMT-0300 (Horário Padrão de Brasília)
GET
/principal/13326574860.yxuzeobndxldyhhz.presenca
-------------------------------------------------------------------------
Tue Jul 30 2024 16:13:41 GMT-0300 (Horário Padrão de Brasília)
GET
/principal/13326574860.yxuzeobndxldyhhz.pauta
-------------------------------------------------------------------------
Tue Jul 30 2024 16:13:42 GMT-0300 (Horário Padrão de Brasília)
GET
/principal/13326574860.yxuzeobndxldyhhz.presenca
-------------------------------------------------------------------------
Tue Jul 30 2024 16:15:13 GMT-0300 (Horário Padrão de Brasília)
GET
/principal/13326574860.yxuzeobndxldyhhz.conciliador
-------------------------------------------------------------------------
Tue Jul 30 2024 16:15:14 GMT-0300 (Horário Padrão de Brasília)
GET
/principal/13326574860.yxuzeobndxldyhhz.presenca
POST
-------------------------------------------------------------------------
Tue Jul 30 2024 16:15:18 GMT-0300 (Horário Padrão de Brasília)
/presenca/processo
-------------------------------------------------------------------------
Tue Jul 30 2024 16:15:18 GMT-0300 (Horário Padrão de Brasília)
Conectado ao Banco de Dados CEJUSC.
-------------------------------------------------------------------------
Tue Jul 30 2024 16:15:18 GMT-0300 (Horário Padrão de Brasília)
Uma linha NÃO foi encontrada. Processo: 0010025-78.2024
-------------------------------------------------------------------------
Tue Jul 30 2024 16:15:18 GMT-0300 (Horário Padrão de Brasília)
Banco de Dados CEJUSC fechado.
-------------------------------------------------------------------------
Tue Jul 30 2024 16:15:25 GMT-0300 (Horário Padrão de Brasília)
POST
/presenca/processo
Conectado ao Banco de Dados CEJUSC.
-------------------------------------------------------------------------
Tue Jul 30 2024 16:15:25 GMT-0300 (Horário Padrão de Brasília)
-------------------------------------------------------------------------
Tue Jul 30 2024 16:15:25 GMT-0300 (Horário Padrão de Brasília)
Uma linha NÃO foi encontrada. Processo: 0010025-78.2024
-------------------------------------------------------------------------
Tue Jul 30 2024 16:15:25 GMT-0300 (Horário Padrão de Brasília)
Banco de Dados CEJUSC fechado.
-------------------------------------------------------------------------
Tue Jul 30 2024 16:15:54 GMT-0300 (Horário Padrão de Brasília)
GET
/principal/13326574860.yxuzeobndxldyhhz.conciliador
-------------------------------------------------------------------------
Tue Jul 30 2024 16:15:55 GMT-0300 (Horário Padrão de Brasília)
GET
/principal/13326574860.yxuzeobndxldyhhz.presenca
POST
-------------------------------------------------------------------------
Tue Jul 30 2024 16:16:06 GMT-0300 (Horário Padrão de Brasília)
/presenca/processo
-------------------------------------------------------------------------
Tue Jul 30 2024 16:16:06 GMT-0300 (Horário Padrão de Brasília)
Conectado ao Banco de Dados CEJUSC.
-------------------------------------------------------------------------
Tue Jul 30 2024 16:16:06 GMT-0300 (Horário Padrão de Brasília)
Uma linha NÃO foi encontrada. Processo: 0010025-78.2024
Banco de Dados CEJUSC fechado.
-------------------------------------------------------------------------
Tue Jul 30 2024 16:16:06 GMT-0300 (Horário Padrão de Brasília)
-------------------------------------------------------------------------
Tue Jul 30 2024 16:16:17 GMT-0300 (Horário Padrão de Brasília)
POST
/presenca/processo
-------------------------------------------------------------------------
Tue Jul 30 2024 16:16:17 GMT-0300 (Horário Padrão de Brasília)
Conectado ao Banco de Dados CEJUSC.
Uma linha FOI encontrada. Processo: 1002546-64.2024
-------------------------------------------------------------------------
Tue Jul 30 2024 16:16:17 GMT-0300 (Horário Padrão de Brasília)
-------------------------------------------------------------------------
Tue Jul 30 2024 16:16:17 GMT-0300 (Horário Padrão de Brasília)
Banco de Dados CEJUSC fechado.
-------------------------------------------------------------------------
Tue Jul 30 2024 16:29:35 GMT-0300 (Horário Padrão de Brasília)
POST
/presenca/processo
-------------------------------------------------------------------------
Tue Jul 30 2024 16:29:35 GMT-0300 (Horário Padrão de Brasília)
Conectado ao Banco de Dados CEJUSC.
Uma linha FOI encontrada. Processo: 1002761-40.2024
-------------------------------------------------------------------------
Tue Jul 30 2024 16:29:35 GMT-0300 (Horário Padrão de Brasília)
-------------------------------------------------------------------------
Tue Jul 30 2024 16:29:35 GMT-0300 (Horário Padrão de Brasília)
Banco de Dados CEJUSC fechado.
/presenca/processo
-------------------------------------------------------------------------
Tue Jul 30 2024 16:30:18 GMT-0300 (Horário Padrão de Brasília)
POST
-------------------------------------------------------------------------
Tue Jul 30 2024 16:30:18 GMT-0300 (Horário Padrão de Brasília)
Conectado ao Banco de Dados CEJUSC.
-------------------------------------------------------------------------
Tue Jul 30 2024 16:30:18 GMT-0300 (Horário Padrão de Brasília)
Uma linha FOI encontrada. Processo: 0004315-95.2022
Banco de Dados CEJUSC fechado.
-------------------------------------------------------------------------
Tue Jul 30 2024 16:30:18 GMT-0300 (Horário Padrão de Brasília)
-------------------------------------------------------------------------
Tue Jul 30 2024 16:42:34 GMT-0300 (Horário Padrão de Brasília)
GET
/logout/13326574860
Usuário 13326574860 DESLOGOU >>>
-------------------------------------------------------------------------
Tue Jul 30 2024 16:42:34 GMT-0300 (Horário Padrão de Brasília)
GET
/
