GET
/
-------------------------------------------------------------------------
Wed Sep 30 2020 18:16:18 GMT-0300 (GMT-03:00)
-------------------------------------------------------------------------
Wed Sep 30 2020 18:16:35 GMT-0300 (GMT-03:00)
POST
/valida/api
Usuário: 13326574860
-------------------------------------------------------------------------
Wed Sep 30 2020 18:16:35 GMT-0300 (GMT-03:00)
Conectado ao Banco de Dados CEJUSC.
-------------------------------------------------------------------------
Wed Sep 30 2020 18:16:35 GMT-0300 (GMT-03:00)
Banco de Dados CEJUSC fechado.
/
GET
-------------------------------------------------------------------------
Wed Sep 30 2020 18:16:35 GMT-0300 (GMT-03:00)
POST
-------------------------------------------------------------------------
Wed Sep 30 2020 18:16:42 GMT-0300 (GMT-03:00)
/valida/api
Usuário: 13326574860
-------------------------------------------------------------------------
Wed Sep 30 2020 18:16:42 GMT-0300 (GMT-03:00)
Conectado ao Banco de Dados CEJUSC.
-------------------------------------------------------------------------
Wed Sep 30 2020 18:16:42 GMT-0300 (GMT-03:00)
Banco de Dados CEJUSC fechado.
-------------------------------------------------------------------------
Wed Sep 30 2020 18:16:42 GMT-0300 (GMT-03:00)
GET
/
-------------------------------------------------------------------------
Wed Sep 30 2020 18:16:52 GMT-0300 (GMT-03:00)
POST
/valida/api
Usuário: 13326574860
-------------------------------------------------------------------------
Wed Sep 30 2020 18:16:52 GMT-0300 (GMT-03:00)
Conectado ao Banco de Dados CEJUSC.
-------------------------------------------------------------------------
Wed Sep 30 2020 18:16:52 GMT-0300 (GMT-03:00)
Renato Ferreira >>>LOGOU
-------------------------------------------------------------------------
Wed Sep 30 2020 18:16:52 GMT-0300 (GMT-03:00)
Banco de Dados CEJUSC fechado.
-------------------------------------------------------------------------
Wed Sep 30 2020 18:16:52 GMT-0300 (GMT-03:00)
GET
/principal/13326574860.pqlvuzkihctqgzjv.home
-------------------------------------------------------------------------
Wed Sep 30 2020 18:16:57 GMT-0300 (GMT-03:00)
GET
/principal/13326574860.pqlvuzkihctqgzjv.reclamacao
-------------------------------------------------------------------------
Wed Sep 30 2020 18:17:06 GMT-0300 (GMT-03:00)
GET
/principal/13326574860.pqlvuzkihctqgzjv.andamento
-------------------------------------------------------------------------
Wed Sep 30 2020 18:17:07 GMT-0300 (GMT-03:00)
GET
/principal/13326574860.pqlvuzkihctqgzjv.pauta
-------------------------------------------------------------------------
Wed Sep 30 2020 18:17:08 GMT-0300 (GMT-03:00)
GET
/principal/13326574860.pqlvuzkihctqgzjv.reclamacao
-------------------------------------------------------------------------
Wed Sep 30 2020 18:17:09 GMT-0300 (GMT-03:00)
GET
/principal/13326574860.pqlvuzkihctqgzjv.home
-------------------------------------------------------------------------
Wed Sep 30 2020 18:17:10 GMT-0300 (GMT-03:00)
GET
/principal/13326574860.pqlvuzkihctqgzjv.reclamacao
