-------------------------------------------------------------------------
Sat Sep 30 2023 17:28:25 GMT-0300 (Horário Padrão de Brasília)
/
GET
-------------------------------------------------------------------------
Sat Sep 30 2023 17:28:43 GMT-0300 (Horário Padrão de Brasília)
POST
/valida/api
Usuário: 13326574860
Conectado ao Banco de Dados CEJUSC.
-------------------------------------------------------------------------
Sat Sep 30 2023 17:28:43 GMT-0300 (Horário Padrão de Brasília)
Renato Ferreira >>>LOGOU
-------------------------------------------------------------------------
Sat Sep 30 2023 17:28:43 GMT-0300 (Horário Padrão de Brasília)
-------------------------------------------------------------------------
Sat Sep 30 2023 17:28:43 GMT-0300 (Horário Padrão de Brasília)
Banco de Dados CEJUSC fechado.
GET
-------------------------------------------------------------------------
Sat Sep 30 2023 17:28:43 GMT-0300 (Horário Padrão de Brasília)
/principal/13326574860.msnyinpeddrctjna.home
GET
-------------------------------------------------------------------------
Sat Sep 30 2023 17:28:54 GMT-0300 (Horário Padrão de Brasília)
/principal/13326574860.msnyinpeddrctjna.reclamacao
/principal/13326574860.msnyinpeddrctjna.home
-------------------------------------------------------------------------
Sat Sep 30 2023 17:28:56 GMT-0300 (Horário Padrão de Brasília)
GET
-------------------------------------------------------------------------
Sat Sep 30 2023 17:28:57 GMT-0300 (Horário Padrão de Brasília)
/principal/13326574860.msnyinpeddrctjna.reclamacao
GET
-------------------------------------------------------------------------
Sat Sep 30 2023 17:28:58 GMT-0300 (Horário Padrão de Brasília)
/principal/13326574860.msnyinpeddrctjna.andamento
GET
-------------------------------------------------------------------------
Sat Sep 30 2023 17:28:59 GMT-0300 (Horário Padrão de Brasília)
GET
/principal/13326574860.msnyinpeddrctjna.pauta
GET
-------------------------------------------------------------------------
Sat Sep 30 2023 17:29:00 GMT-0300 (Horário Padrão de Brasília)
/principal/13326574860.msnyinpeddrctjna.home
-------------------------------------------------------------------------
Sat Sep 30 2023 17:29:27 GMT-0300 (Horário Padrão de Brasília)
GET
/principal/13326574860.msnyinpeddrctjna.reclamacao
GET
-------------------------------------------------------------------------
Sat Sep 30 2023 17:29:28 GMT-0300 (Horário Padrão de Brasília)
/principal/13326574860.msnyinpeddrctjna.andamento
-------------------------------------------------------------------------
Sat Sep 30 2023 17:29:30 GMT-0300 (Horário Padrão de Brasília)
/principal/13326574860.msnyinpeddrctjna.pauta
GET
-------------------------------------------------------------------------
Sat Sep 30 2023 17:29:32 GMT-0300 (Horário Padrão de Brasília)
GET
/principal/13326574860.msnyinpeddrctjna.reclamacao
GET
-------------------------------------------------------------------------
Sat Sep 30 2023 17:30:17 GMT-0300 (Horário Padrão de Brasília)
/principal/13326574860.msnyinpeddrctjna.andamento
-------------------------------------------------------------------------
Sat Sep 30 2023 17:30:20 GMT-0300 (Horário Padrão de Brasília)
/principal/13326574860.msnyinpeddrctjna.pauta
GET
-------------------------------------------------------------------------
Sat Sep 30 2023 17:30:21 GMT-0300 (Horário Padrão de Brasília)
GET
/principal/13326574860.msnyinpeddrctjna.home
-------------------------------------------------------------------------
Sat Sep 30 2023 17:36:34 GMT-0300 (Horário Padrão de Brasília)
/principal/13326574860.msnyinpeddrctjna.reclamacao
GET
-------------------------------------------------------------------------
Sat Sep 30 2023 17:36:36 GMT-0300 (Horário Padrão de Brasília)
GET
/principal/13326574860.msnyinpeddrctjna.home
-------------------------------------------------------------------------
Sat Sep 30 2023 17:36:43 GMT-0300 (Horário Padrão de Brasília)
GET
/principal/13326574860.msnyinpeddrctjna.home
-------------------------------------------------------------------------
Sat Sep 30 2023 17:47:38 GMT-0300 (Horário Padrão de Brasília)
GET
/principal/13326574860.msnyinpeddrctjna.reclamacao
/principal/13326574860.msnyinpeddrctjna.home
-------------------------------------------------------------------------
Sat Sep 30 2023 18:02:21 GMT-0300 (Horário Padrão de Brasília)
GET
-------------------------------------------------------------------------
Sat Sep 30 2023 18:02:22 GMT-0300 (Horário Padrão de Brasília)
GET
/principal/13326574860.msnyinpeddrctjna.reclamacao
-------------------------------------------------------------------------
Sat Sep 30 2023 18:35:40 GMT-0300 (Horário Padrão de Brasília)
GET
/principal/13326574860.msnyinpeddrctjna.home
/principal/13326574860.msnyinpeddrctjna.reclamacao
-------------------------------------------------------------------------
Sat Sep 30 2023 18:35:42 GMT-0300 (Horário Padrão de Brasília)
GET
