-------------------------------------------------------------------------
Thu Jul 04 2024 12:06:33 GMT-0300 (Horário Padrão de Brasília)
/
GET
-------------------------------------------------------------------------
Thu Jul 04 2024 15:02:09 GMT-0300 (Horário Padrão de Brasília)
POST
/valida/api
Usuário: 13326574860
-------------------------------------------------------------------------
Thu Jul 04 2024 15:02:09 GMT-0300 (Horário Padrão de Brasília)
Conectado ao Banco de Dados CEJUSC.
-------------------------------------------------------------------------
Thu Jul 04 2024 15:02:09 GMT-0300 (Horário Padrão de Brasília)
Renato Ferreira >>>LOGOU
-------------------------------------------------------------------------
Thu Jul 04 2024 15:02:09 GMT-0300 (Horário Padrão de Brasília)
Banco de Dados CEJUSC fechado.
-------------------------------------------------------------------------
Thu Jul 04 2024 15:02:09 GMT-0300 (Horário Padrão de Brasília)
GET
/principal/13326574860.epznfoefwhllpemw.presenca
-------------------------------------------------------------------------
Thu Jul 04 2024 15:02:12 GMT-0300 (Horário Padrão de Brasília)
GET
/principal/13326574860.epznfoefwhllpemw.conciliador
-------------------------------------------------------------------------
Thu Jul 04 2024 15:02:12 GMT-0300 (Horário Padrão de Brasília)
GET
/principal/13326574860.epznfoefwhllpemw.completas
-------------------------------------------------------------------------
Thu Jul 04 2024 15:02:13 GMT-0300 (Horário Padrão de Brasília)
GET
/principal/13326574860.epznfoefwhllpemw.pauta
-------------------------------------------------------------------------
Thu Jul 04 2024 15:02:15 GMT-0300 (Horário Padrão de Brasília)
GET
/principal/13326574860.epznfoefwhllpemw.completas
-------------------------------------------------------------------------
Thu Jul 04 2024 15:02:18 GMT-0300 (Horário Padrão de Brasília)
GET
/principal/13326574860.epznfoefwhllpemw.pauta
-------------------------------------------------------------------------
Thu Jul 04 2024 15:02:20 GMT-0300 (Horário Padrão de Brasília)
GET
/principal/13326574860.epznfoefwhllpemw.conciliador
-------------------------------------------------------------------------
Thu Jul 04 2024 15:02:23 GMT-0300 (Horário Padrão de Brasília)
GET
/principal/13326574860.epznfoefwhllpemw.presenca
-------------------------------------------------------------------------
Thu Jul 04 2024 15:03:17 GMT-0300 (Horário Padrão de Brasília)
GET
/
