-------------------------------------------------------------------------
Sun Sep 04 2022 12:39:15 GMT-0300 (Horário Padrão de Brasília)
GET
/
-------------------------------------------------------------------------
Sun Sep 04 2022 12:39:20 GMT-0300 (Horário Padrão de Brasília)
POST
/valida/api
Usuário: 13326574860
-------------------------------------------------------------------------
Sun Sep 04 2022 12:39:21 GMT-0300 (Horário Padrão de Brasília)
Conectado ao Banco de Dados CEJUSC.
-------------------------------------------------------------------------
Sun Sep 04 2022 12:39:21 GMT-0300 (Horário Padrão de Brasília)
Renato Ferreira >>>LOGOU
Banco de Dados CEJUSC fechado.
-------------------------------------------------------------------------
Sun Sep 04 2022 12:39:21 GMT-0300 (Horário Padrão de Brasília)
GET
-------------------------------------------------------------------------
Sun Sep 04 2022 12:39:21 GMT-0300 (Horário Padrão de Brasília)
/principal/13326574860.ufyiieefngitdcov.home
GET
-------------------------------------------------------------------------
Sun Sep 04 2022 12:39:23 GMT-0300 (Horário Padrão de Brasília)
/principal/13326574860.ufyiieefngitdcov.reclamacao
GET
/principal/13326574860.ufyiieefngitdcov.andamento
-------------------------------------------------------------------------
Sun Sep 04 2022 12:39:26 GMT-0300 (Horário Padrão de Brasília)
-------------------------------------------------------------------------
Sun Sep 04 2022 12:39:27 GMT-0300 (Horário Padrão de Brasília)
GET
/principal/13326574860.ufyiieefngitdcov.pauta
-------------------------------------------------------------------------
Sun Sep 04 2022 12:39:29 GMT-0300 (Horário Padrão de Brasília)
GET
/principal/13326574860.ufyiieefngitdcov.andamento
-------------------------------------------------------------------------
Sun Sep 04 2022 12:39:31 GMT-0300 (Horário Padrão de Brasília)
GET
/principal/13326574860.ufyiieefngitdcov.reclamacao
-------------------------------------------------------------------------
Sun Sep 04 2022 12:39:33 GMT-0300 (Horário Padrão de Brasília)
GET
/principal/13326574860.ufyiieefngitdcov.home
GET
-------------------------------------------------------------------------
Sun Sep 04 2022 12:39:39 GMT-0300 (Horário Padrão de Brasília)
/principal/13326574860.ufyiieefngitdcov.reclamacao
-------------------------------------------------------------------------
Sun Sep 04 2022 12:40:00 GMT-0300 (Horário Padrão de Brasília)
GET
/principal/13326574860.ufyiieefngitdcov.andamento
-------------------------------------------------------------------------
Sun Sep 04 2022 12:40:01 GMT-0300 (Horário Padrão de Brasília)
/principal/13326574860.ufyiieefngitdcov.home
GET
-------------------------------------------------------------------------
Sun Sep 04 2022 12:40:08 GMT-0300 (Horário Padrão de Brasília)
GET
/logout/13326574860
Usuário 13326574860 DESLOGOU >>>
-------------------------------------------------------------------------
Sun Sep 04 2022 12:40:09 GMT-0300 (Horário Padrão de Brasília)
GET
/
POST
-------------------------------------------------------------------------
Sun Sep 04 2022 12:40:15 GMT-0300 (Horário Padrão de Brasília)
Usuário: 13326574860
/valida/api
-------------------------------------------------------------------------
Sun Sep 04 2022 12:40:15 GMT-0300 (Horário Padrão de Brasília)
Conectado ao Banco de Dados CEJUSC.
-------------------------------------------------------------------------
Sun Sep 04 2022 12:40:15 GMT-0300 (Horário Padrão de Brasília)
Renato Ferreira >>>LOGOU
-------------------------------------------------------------------------
Sun Sep 04 2022 12:40:15 GMT-0300 (Horário Padrão de Brasília)
Banco de Dados CEJUSC fechado.
-------------------------------------------------------------------------
Sun Sep 04 2022 12:40:15 GMT-0300 (Horário Padrão de Brasília)
GET
/principal/13326574860.mrwomjmjxmilzcwb.home
-------------------------------------------------------------------------
Sun Sep 04 2022 12:40:46 GMT-0300 (Horário Padrão de Brasília)
GET
/
-------------------------------------------------------------------------
Sun Sep 04 2022 12:41:03 GMT-0300 (Horário Padrão de Brasília)
POST
/valida/api
Usuário: 13326574860
Conectado ao Banco de Dados CEJUSC.
-------------------------------------------------------------------------
Sun Sep 04 2022 12:41:03 GMT-0300 (Horário Padrão de Brasília)
-------------------------------------------------------------------------
Sun Sep 04 2022 12:41:03 GMT-0300 (Horário Padrão de Brasília)
Renato Ferreira >>>LOGOU
Banco de Dados CEJUSC fechado.
-------------------------------------------------------------------------
Sun Sep 04 2022 12:41:03 GMT-0300 (Horário Padrão de Brasília)
GET
/principal/13326574860.fslqrjgoxjcleihl.home
-------------------------------------------------------------------------
Sun Sep 04 2022 12:41:03 GMT-0300 (Horário Padrão de Brasília)
-------------------------------------------------------------------------
Sun Sep 04 2022 12:41:05 GMT-0300 (Horário Padrão de Brasília)
GET
/principal/13326574860.fslqrjgoxjcleihl.reclamacao
-------------------------------------------------------------------------
Sun Sep 04 2022 12:41:06 GMT-0300 (Horário Padrão de Brasília)
GET
/principal/13326574860.fslqrjgoxjcleihl.andamento
-------------------------------------------------------------------------
Sun Sep 04 2022 12:41:07 GMT-0300 (Horário Padrão de Brasília)
GET
/principal/13326574860.fslqrjgoxjcleihl.reclamacao
-------------------------------------------------------------------------
Sun Sep 04 2022 12:41:08 GMT-0300 (Horário Padrão de Brasília)
/principal/13326574860.fslqrjgoxjcleihl.home
GET
-------------------------------------------------------------------------
Sun Sep 04 2022 12:41:49 GMT-0300 (Horário Padrão de Brasília)
/
GET
-------------------------------------------------------------------------
Sun Sep 04 2022 12:42:02 GMT-0300 (Horário Padrão de Brasília)
Usuário: 13326574860
POST
/valida/api
-------------------------------------------------------------------------
Sun Sep 04 2022 12:42:02 GMT-0300 (Horário Padrão de Brasília)
Conectado ao Banco de Dados CEJUSC.
Renato Ferreira >>>LOGOU
-------------------------------------------------------------------------
Sun Sep 04 2022 12:42:02 GMT-0300 (Horário Padrão de Brasília)
Banco de Dados CEJUSC fechado.
-------------------------------------------------------------------------
Sun Sep 04 2022 12:42:02 GMT-0300 (Horário Padrão de Brasília)
GET
/principal/13326574860.zuqmvclajsjukijz.home
-------------------------------------------------------------------------
Sun Sep 04 2022 12:42:02 GMT-0300 (Horário Padrão de Brasília)
-------------------------------------------------------------------------
Sun Sep 04 2022 12:44:05 GMT-0300 (Horário Padrão de Brasília)
GET
/principal/13326574860.mrwomjmjxmilzcwb.reclamacao
-------------------------------------------------------------------------
Sun Sep 04 2022 12:44:09 GMT-0300 (Horário Padrão de Brasília)
/principal/13326574860.mrwomjmjxmilzcwb.reclamacao
GET
-------------------------------------------------------------------------
Sun Sep 04 2022 12:44:15 GMT-0300 (Horário Padrão de Brasília)
/principal/13326574860.mrwomjmjxmilzcwb.andamento
GET
-------------------------------------------------------------------------
Sun Sep 04 2022 12:44:16 GMT-0300 (Horário Padrão de Brasília)
GET
/principal/13326574860.mrwomjmjxmilzcwb.reclamacao
-------------------------------------------------------------------------
Sun Sep 04 2022 12:44:21 GMT-0300 (Horário Padrão de Brasília)
GET
/logout/13326574860
Usuário 13326574860 DESLOGOU >>>
-------------------------------------------------------------------------
Sun Sep 04 2022 12:44:22 GMT-0300 (Horário Padrão de Brasília)
GET
/
-------------------------------------------------------------------------
Sun Sep 04 2022 12:44:27 GMT-0300 (Horário Padrão de Brasília)
GET
/logout/13326574860
Usuário 13326574860 DESLOGOU >>>
-------------------------------------------------------------------------
Sun Sep 04 2022 12:44:27 GMT-0300 (Horário Padrão de Brasília)
GET
/
-------------------------------------------------------------------------
Sun Sep 04 2022 12:44:29 GMT-0300 (Horário Padrão de Brasília)
POST
Usuário: 13326574860
/valida/api
-------------------------------------------------------------------------
Sun Sep 04 2022 12:44:29 GMT-0300 (Horário Padrão de Brasília)
Conectado ao Banco de Dados CEJUSC.
-------------------------------------------------------------------------
Sun Sep 04 2022 12:44:29 GMT-0300 (Horário Padrão de Brasília)
Renato Ferreira >>>LOGOU
-------------------------------------------------------------------------
Sun Sep 04 2022 12:44:29 GMT-0300 (Horário Padrão de Brasília)
Banco de Dados CEJUSC fechado.
GET
/principal/13326574860.mpbsacdnjtukhfpm.home
-------------------------------------------------------------------------
Sun Sep 04 2022 12:44:29 GMT-0300 (Horário Padrão de Brasília)
-------------------------------------------------------------------------
Sun Sep 04 2022 12:44:31 GMT-0300 (Horário Padrão de Brasília)
GET
/principal/13326574860.mpbsacdnjtukhfpm.reclamacao
-------------------------------------------------------------------------
Sun Sep 04 2022 12:44:33 GMT-0300 (Horário Padrão de Brasília)
/principal/13326574860.mpbsacdnjtukhfpm.andamento
GET
-------------------------------------------------------------------------
Sun Sep 04 2022 12:44:34 GMT-0300 (Horário Padrão de Brasília)
GET
/principal/13326574860.mpbsacdnjtukhfpm.home
-------------------------------------------------------------------------
Sun Sep 04 2022 12:44:57 GMT-0300 (Horário Padrão de Brasília)
/logout/13326574860
Usuário 13326574860 DESLOGOU >>>
GET
-------------------------------------------------------------------------
Sun Sep 04 2022 12:44:57 GMT-0300 (Horário Padrão de Brasília)
GET
/
-------------------------------------------------------------------------
Sun Sep 04 2022 12:45:00 GMT-0300 (Horário Padrão de Brasília)
POST
/valida/api
Usuário: 13326574860
Conectado ao Banco de Dados CEJUSC.
-------------------------------------------------------------------------
Sun Sep 04 2022 12:45:00 GMT-0300 (Horário Padrão de Brasília)
-------------------------------------------------------------------------
Sun Sep 04 2022 12:45:00 GMT-0300 (Horário Padrão de Brasília)
Renato Ferreira >>>LOGOU
-------------------------------------------------------------------------
Sun Sep 04 2022 12:45:00 GMT-0300 (Horário Padrão de Brasília)
Banco de Dados CEJUSC fechado.
-------------------------------------------------------------------------
Sun Sep 04 2022 12:45:00 GMT-0300 (Horário Padrão de Brasília)
GET
/principal/13326574860.txsxugcdvrfbrkfc.home
-------------------------------------------------------------------------
Sun Sep 04 2022 12:45:20 GMT-0300 (Horário Padrão de Brasília)
GET
/principal/13326574860.txsxugcdvrfbrkfc.reclamacao
-------------------------------------------------------------------------
Sun Sep 04 2022 12:45:25 GMT-0300 (Horário Padrão de Brasília)
GET
/principal/13326574860.txsxugcdvrfbrkfc.andamento
-------------------------------------------------------------------------
Sun Sep 04 2022 12:45:27 GMT-0300 (Horário Padrão de Brasília)
GET
/principal/13326574860.txsxugcdvrfbrkfc.reclamacao
-------------------------------------------------------------------------
Sun Sep 04 2022 12:45:28 GMT-0300 (Horário Padrão de Brasília)
GET
/principal/13326574860.txsxugcdvrfbrkfc.home
GET
-------------------------------------------------------------------------
Sun Sep 04 2022 12:45:40 GMT-0300 (Horário Padrão de Brasília)
/principal/13326574860.txsxugcdvrfbrkfc.reclamacao
-------------------------------------------------------------------------
Sun Sep 04 2022 12:45:45 GMT-0300 (Horário Padrão de Brasília)
GET
/principal/13326574860.txsxugcdvrfbrkfc.pauta
-------------------------------------------------------------------------
Sun Sep 04 2022 12:45:47 GMT-0300 (Horário Padrão de Brasília)
GET
/principal/13326574860.txsxugcdvrfbrkfc.andamento
GET
-------------------------------------------------------------------------
Sun Sep 04 2022 12:45:49 GMT-0300 (Horário Padrão de Brasília)
/principal/13326574860.txsxugcdvrfbrkfc.reclamacao
-------------------------------------------------------------------------
Sun Sep 04 2022 12:46:06 GMT-0300 (Horário Padrão de Brasília)
Usuário 13326574860 DESLOGOU >>>
GET
/logout/13326574860
-------------------------------------------------------------------------
Sun Sep 04 2022 12:46:06 GMT-0300 (Horário Padrão de Brasília)
GET
/
POST
-------------------------------------------------------------------------
Sun Sep 04 2022 12:47:08 GMT-0300 (Horário Padrão de Brasília)
/valida/api
Usuário: 13326574860
-------------------------------------------------------------------------
Sun Sep 04 2022 12:47:08 GMT-0300 (Horário Padrão de Brasília)
Conectado ao Banco de Dados CEJUSC.
-------------------------------------------------------------------------
Sun Sep 04 2022 12:47:08 GMT-0300 (Horário Padrão de Brasília)
Renato Ferreira >>>LOGOU
-------------------------------------------------------------------------
Sun Sep 04 2022 12:47:08 GMT-0300 (Horário Padrão de Brasília)
Banco de Dados CEJUSC fechado.
-------------------------------------------------------------------------
Sun Sep 04 2022 12:47:08 GMT-0300 (Horário Padrão de Brasília)
GET
/principal/13326574860.jigzzytvcfocaveq.home
GET
-------------------------------------------------------------------------
Sun Sep 04 2022 12:49:17 GMT-0300 (Horário Padrão de Brasília)
/logout/13326574860
Usuário 13326574860 DESLOGOU >>>
GET
-------------------------------------------------------------------------
Sun Sep 04 2022 12:49:17 GMT-0300 (Horário Padrão de Brasília)
/
-------------------------------------------------------------------------
Sun Sep 04 2022 12:49:47 GMT-0300 (Horário Padrão de Brasília)
GET
/
-------------------------------------------------------------------------
Sun Sep 04 2022 13:53:42 GMT-0300 (Horário Padrão de Brasília)
POST
Usuário: 13326574860
/valida/api
-------------------------------------------------------------------------
Sun Sep 04 2022 13:53:42 GMT-0300 (Horário Padrão de Brasília)
Conectado ao Banco de Dados CEJUSC.
-------------------------------------------------------------------------
Sun Sep 04 2022 13:53:42 GMT-0300 (Horário Padrão de Brasília)
Renato Ferreira >>>LOGOU
-------------------------------------------------------------------------
Sun Sep 04 2022 13:53:42 GMT-0300 (Horário Padrão de Brasília)
Banco de Dados CEJUSC fechado.
-------------------------------------------------------------------------
Sun Sep 04 2022 13:53:42 GMT-0300 (Horário Padrão de Brasília)
GET
/principal/13326574860.rsgebxqfrdnphgcq.home
-------------------------------------------------------------------------
Sun Sep 04 2022 13:53:46 GMT-0300 (Horário Padrão de Brasília)
GET
Usuário 13326574860 DESLOGOU >>>
/logout/13326574860
-------------------------------------------------------------------------
Sun Sep 04 2022 13:53:46 GMT-0300 (Horário Padrão de Brasília)
GET
/
