Usuário: 13326574860
/valida/api
-------------------------------------------------------------------------
Mon Sep 04 2023 14:08:45 GMT-0300 (Horário Padrão de Brasília)
POST
-------------------------------------------------------------------------
Mon Sep 04 2023 14:08:45 GMT-0300 (Horário Padrão de Brasília)
Conectado ao Banco de Dados CEJUSC.
-------------------------------------------------------------------------
Mon Sep 04 2023 14:08:45 GMT-0300 (Horário Padrão de Brasília)
Banco de Dados CEJUSC fechado.
-------------------------------------------------------------------------
Mon Sep 04 2023 14:08:45 GMT-0300 (Horário Padrão de Brasília)
GET
/
-------------------------------------------------------------------------
Mon Sep 04 2023 14:08:58 GMT-0300 (Horário Padrão de Brasília)
POST
/valida/api
Usuário: 13326574860
Conectado ao Banco de Dados CEJUSC.
-------------------------------------------------------------------------
Mon Sep 04 2023 14:08:58 GMT-0300 (Horário Padrão de Brasília)
Renato Ferreira >>>LOGOU
-------------------------------------------------------------------------
Mon Sep 04 2023 14:08:58 GMT-0300 (Horário Padrão de Brasília)
Banco de Dados CEJUSC fechado.
-------------------------------------------------------------------------
Mon Sep 04 2023 14:08:58 GMT-0300 (Horário Padrão de Brasília)
-------------------------------------------------------------------------
Mon Sep 04 2023 14:08:58 GMT-0300 (Horário Padrão de Brasília)
GET
/principal/13326574860.hqgwwnpkulitmsvh.home
-------------------------------------------------------------------------
Mon Sep 04 2023 14:09:06 GMT-0300 (Horário Padrão de Brasília)
GET
/
-------------------------------------------------------------------------
Mon Sep 04 2023 14:09:13 GMT-0300 (Horário Padrão de Brasília)
POST
/valida/api
Usuário: 13326574860
-------------------------------------------------------------------------
Mon Sep 04 2023 14:09:13 GMT-0300 (Horário Padrão de Brasília)
Conectado ao Banco de Dados CEJUSC.
Renato Ferreira >>>LOGOU
-------------------------------------------------------------------------
Mon Sep 04 2023 14:09:13 GMT-0300 (Horário Padrão de Brasília)
-------------------------------------------------------------------------
Mon Sep 04 2023 14:09:13 GMT-0300 (Horário Padrão de Brasília)
Banco de Dados CEJUSC fechado.
-------------------------------------------------------------------------
Mon Sep 04 2023 14:09:13 GMT-0300 (Horário Padrão de Brasília)
/principal/13326574860.mmlyhxflmvoswbss.home
GET
-------------------------------------------------------------------------
Mon Sep 04 2023 14:09:16 GMT-0300 (Horário Padrão de Brasília)
/principal/13326574860.mmlyhxflmvoswbss.home
GET
-------------------------------------------------------------------------
Mon Sep 04 2023 14:09:18 GMT-0300 (Horário Padrão de Brasília)
GET
/principal/13326574860.mmlyhxflmvoswbss.reclamacao
-------------------------------------------------------------------------
Mon Sep 04 2023 14:09:48 GMT-0300 (Horário Padrão de Brasília)
/logout/undefined
GET
Usuário undefined DESLOGOU >>>
-------------------------------------------------------------------------
Mon Sep 04 2023 14:09:49 GMT-0300 (Horário Padrão de Brasília)
GET
/
