-------------------------------------------------------------------------
Fri Jul 05 2024 11:11:54 GMT-0300 (Horário Padrão de Brasília)
/
GET
-------------------------------------------------------------------------
Fri Jul 05 2024 11:14:59 GMT-0300 (Horário Padrão de Brasília)
POST
/valida/api
Usuário: 13326574860
-------------------------------------------------------------------------
Fri Jul 05 2024 11:14:59 GMT-0300 (Horário Padrão de Brasília)
Conectado ao Banco de Dados CEJUSC.
-------------------------------------------------------------------------
Fri Jul 05 2024 11:14:59 GMT-0300 (Horário Padrão de Brasília)
Renato Ferreira >>>LOGOU
Banco de Dados CEJUSC fechado.
-------------------------------------------------------------------------
Fri Jul 05 2024 11:14:59 GMT-0300 (Horário Padrão de Brasília)
-------------------------------------------------------------------------
Fri Jul 05 2024 11:14:59 GMT-0300 (Horário Padrão de Brasília)
GET
/principal/13326574860.gzzguiwhfjobnheo.presenca
-------------------------------------------------------------------------
Fri Jul 05 2024 11:16:52 GMT-0300 (Horário Padrão de Brasília)
GET
/logout/13326574860
Usuário 13326574860 DESLOGOU >>>
-------------------------------------------------------------------------
Fri Jul 05 2024 11:16:52 GMT-0300 (Horário Padrão de Brasília)
/
GET
-------------------------------------------------------------------------
Fri Jul 05 2024 11:16:58 GMT-0300 (Horário Padrão de Brasília)
/valida/api
Usuário: 13326574860
POST
-------------------------------------------------------------------------
Fri Jul 05 2024 11:16:58 GMT-0300 (Horário Padrão de Brasília)
Conectado ao Banco de Dados CEJUSC.
-------------------------------------------------------------------------
Fri Jul 05 2024 11:16:58 GMT-0300 (Horário Padrão de Brasília)
Banco de Dados CEJUSC fechado.
Renato Ferreira >>>LOGOU
-------------------------------------------------------------------------
Fri Jul 05 2024 11:16:58 GMT-0300 (Horário Padrão de Brasília)
-------------------------------------------------------------------------
Fri Jul 05 2024 11:16:58 GMT-0300 (Horário Padrão de Brasília)
/principal/13326574860.jifkegtchfoekhos.presenca
GET
GET
-------------------------------------------------------------------------
Fri Jul 05 2024 11:31:33 GMT-0300 (Horário Padrão de Brasília)
/logout/13326574860
Usuário 13326574860 DESLOGOU >>>
-------------------------------------------------------------------------
Fri Jul 05 2024 11:31:33 GMT-0300 (Horário Padrão de Brasília)
/
GET
-------------------------------------------------------------------------
Fri Jul 05 2024 11:31:39 GMT-0300 (Horário Padrão de Brasília)
POST
Usuário: 13326574860
/valida/api
-------------------------------------------------------------------------
Fri Jul 05 2024 11:31:39 GMT-0300 (Horário Padrão de Brasília)
Conectado ao Banco de Dados CEJUSC.
-------------------------------------------------------------------------
Fri Jul 05 2024 11:31:39 GMT-0300 (Horário Padrão de Brasília)
Renato Ferreira >>>LOGOU
-------------------------------------------------------------------------
Fri Jul 05 2024 11:31:39 GMT-0300 (Horário Padrão de Brasília)
Banco de Dados CEJUSC fechado.
-------------------------------------------------------------------------
Fri Jul 05 2024 11:31:39 GMT-0300 (Horário Padrão de Brasília)
/principal/13326574860.tqmilrsdhjzamfli.presenca
GET
GET
Usuário 13326574860 DESLOGOU >>>
-------------------------------------------------------------------------
Fri Jul 05 2024 12:06:11 GMT-0300 (Horário Padrão de Brasília)
/logout/13326574860
-------------------------------------------------------------------------
Fri Jul 05 2024 12:06:11 GMT-0300 (Horário Padrão de Brasília)
/
GET
-------------------------------------------------------------------------
Fri Jul 05 2024 12:07:06 GMT-0300 (Horário Padrão de Brasília)
POST
/valida/api
Usuário: 13326574860
-------------------------------------------------------------------------
Fri Jul 05 2024 12:07:06 GMT-0300 (Horário Padrão de Brasília)
Conectado ao Banco de Dados CEJUSC.
-------------------------------------------------------------------------
Fri Jul 05 2024 12:07:06 GMT-0300 (Horário Padrão de Brasília)
-------------------------------------------------------------------------
Fri Jul 05 2024 12:07:06 GMT-0300 (Horário Padrão de Brasília)
Banco de Dados CEJUSC fechado.
Renato Ferreira >>>LOGOU
-------------------------------------------------------------------------
Fri Jul 05 2024 12:07:06 GMT-0300 (Horário Padrão de Brasília)
/principal/13326574860.hemzrqkcglpdncuh.presenca
GET
-------------------------------------------------------------------------
Fri Jul 05 2024 12:09:04 GMT-0300 (Horário Padrão de Brasília)
/principal/13326574860.hemzrqkcglpdncuh.conciliador
GET
-------------------------------------------------------------------------
Fri Jul 05 2024 12:09:05 GMT-0300 (Horário Padrão de Brasília)
/principal/13326574860.hemzrqkcglpdncuh.presenca
GET
-------------------------------------------------------------------------
Fri Jul 05 2024 12:30:47 GMT-0300 (Horário Padrão de Brasília)
Usuário 13326574860 DESLOGOU >>>
/logout/13326574860
GET
GET
-------------------------------------------------------------------------
Fri Jul 05 2024 12:30:47 GMT-0300 (Horário Padrão de Brasília)
/
-------------------------------------------------------------------------
Fri Jul 05 2024 12:30:53 GMT-0300 (Horário Padrão de Brasília)
POST
/valida/api
Usuário: 13326574860
-------------------------------------------------------------------------
Fri Jul 05 2024 12:30:53 GMT-0300 (Horário Padrão de Brasília)
Conectado ao Banco de Dados CEJUSC.
-------------------------------------------------------------------------
Fri Jul 05 2024 12:30:53 GMT-0300 (Horário Padrão de Brasília)
Renato Ferreira >>>LOGOU
-------------------------------------------------------------------------
Fri Jul 05 2024 12:30:53 GMT-0300 (Horário Padrão de Brasília)
Banco de Dados CEJUSC fechado.
GET
-------------------------------------------------------------------------
Fri Jul 05 2024 12:30:53 GMT-0300 (Horário Padrão de Brasília)
/principal/13326574860.riytmjhlsqajajpa.presenca
GET
-------------------------------------------------------------------------
Fri Jul 05 2024 12:31:52 GMT-0300 (Horário Padrão de Brasília)
Usuário 13326574860 DESLOGOU >>>
/logout/13326574860
-------------------------------------------------------------------------
Fri Jul 05 2024 12:31:52 GMT-0300 (Horário Padrão de Brasília)
GET
/
POST
-------------------------------------------------------------------------
Fri Jul 05 2024 12:31:57 GMT-0300 (Horário Padrão de Brasília)
/valida/api
Usuário: 13326574860
-------------------------------------------------------------------------
Fri Jul 05 2024 12:31:57 GMT-0300 (Horário Padrão de Brasília)
Conectado ao Banco de Dados CEJUSC.
-------------------------------------------------------------------------
Fri Jul 05 2024 12:31:57 GMT-0300 (Horário Padrão de Brasília)
Renato Ferreira >>>LOGOU
-------------------------------------------------------------------------
Fri Jul 05 2024 12:31:57 GMT-0300 (Horário Padrão de Brasília)
Banco de Dados CEJUSC fechado.
-------------------------------------------------------------------------
Fri Jul 05 2024 12:31:57 GMT-0300 (Horário Padrão de Brasília)
GET
/principal/13326574860.awuzeisdztbipdmk.presenca
-------------------------------------------------------------------------
Fri Jul 05 2024 12:36:55 GMT-0300 (Horário Padrão de Brasília)
GET
/logout/13326574860
Usuário 13326574860 DESLOGOU >>>
/
-------------------------------------------------------------------------
Fri Jul 05 2024 12:36:55 GMT-0300 (Horário Padrão de Brasília)
GET
-------------------------------------------------------------------------
Fri Jul 05 2024 12:37:02 GMT-0300 (Horário Padrão de Brasília)
POST
/valida/api
Usuário: 13326574860
Conectado ao Banco de Dados CEJUSC.
-------------------------------------------------------------------------
Fri Jul 05 2024 12:37:02 GMT-0300 (Horário Padrão de Brasília)
-------------------------------------------------------------------------
Fri Jul 05 2024 12:37:02 GMT-0300 (Horário Padrão de Brasília)
-------------------------------------------------------------------------
Fri Jul 05 2024 12:37:02 GMT-0300 (Horário Padrão de Brasília)
Renato Ferreira >>>LOGOU
Banco de Dados CEJUSC fechado.
GET
-------------------------------------------------------------------------
Fri Jul 05 2024 12:37:02 GMT-0300 (Horário Padrão de Brasília)
/principal/13326574860.hgjiukutvtyipysw.presenca
-------------------------------------------------------------------------
Fri Jul 05 2024 12:40:52 GMT-0300 (Horário Padrão de Brasília)
GET
/logout/13326574860
Usuário 13326574860 DESLOGOU >>>
-------------------------------------------------------------------------
Fri Jul 05 2024 12:40:53 GMT-0300 (Horário Padrão de Brasília)
/
GET
/valida/api
-------------------------------------------------------------------------
Fri Jul 05 2024 12:40:57 GMT-0300 (Horário Padrão de Brasília)
POST
Usuário: 13326574860
Conectado ao Banco de Dados CEJUSC.
-------------------------------------------------------------------------
Fri Jul 05 2024 12:40:57 GMT-0300 (Horário Padrão de Brasília)
-------------------------------------------------------------------------
Fri Jul 05 2024 12:40:57 GMT-0300 (Horário Padrão de Brasília)
Renato Ferreira >>>LOGOU
-------------------------------------------------------------------------
Fri Jul 05 2024 12:40:57 GMT-0300 (Horário Padrão de Brasília)
Banco de Dados CEJUSC fechado.
GET
-------------------------------------------------------------------------
Fri Jul 05 2024 12:40:57 GMT-0300 (Horário Padrão de Brasília)
/principal/13326574860.jktlzvasdxzlgzhb.presenca
-------------------------------------------------------------------------
Fri Jul 05 2024 12:41:30 GMT-0300 (Horário Padrão de Brasília)
GET
/principal/13326574860.jktlzvasdxzlgzhb.conciliador
-------------------------------------------------------------------------
Fri Jul 05 2024 12:41:31 GMT-0300 (Horário Padrão de Brasília)
GET
/principal/13326574860.jktlzvasdxzlgzhb.presenca
-------------------------------------------------------------------------
Fri Jul 05 2024 12:41:48 GMT-0300 (Horário Padrão de Brasília)
Usuário 13326574860 DESLOGOU >>>
GET
/logout/13326574860
-------------------------------------------------------------------------
Fri Jul 05 2024 12:41:48 GMT-0300 (Horário Padrão de Brasília)
GET
/
-------------------------------------------------------------------------
Fri Jul 05 2024 12:42:27 GMT-0300 (Horário Padrão de Brasília)
POST
Usuário: 13326574860
/valida/api
-------------------------------------------------------------------------
Fri Jul 05 2024 12:42:27 GMT-0300 (Horário Padrão de Brasília)
Conectado ao Banco de Dados CEJUSC.
-------------------------------------------------------------------------
Fri Jul 05 2024 12:42:27 GMT-0300 (Horário Padrão de Brasília)
Renato Ferreira >>>LOGOU
-------------------------------------------------------------------------
Fri Jul 05 2024 12:42:27 GMT-0300 (Horário Padrão de Brasília)
Banco de Dados CEJUSC fechado.
-------------------------------------------------------------------------
Fri Jul 05 2024 12:42:27 GMT-0300 (Horário Padrão de Brasília)
GET
/principal/13326574860.xjsskppbercghzza.presenca
-------------------------------------------------------------------------
Fri Jul 05 2024 12:42:40 GMT-0300 (Horário Padrão de Brasília)
/logout/13326574860
GET
Usuário 13326574860 DESLOGOU >>>
GET
-------------------------------------------------------------------------
Fri Jul 05 2024 12:42:40 GMT-0300 (Horário Padrão de Brasília)
/
-------------------------------------------------------------------------
Fri Jul 05 2024 12:43:28 GMT-0300 (Horário Padrão de Brasília)
POST
/valida/api
Usuário: 13326574860
Conectado ao Banco de Dados CEJUSC.
-------------------------------------------------------------------------
Fri Jul 05 2024 12:43:28 GMT-0300 (Horário Padrão de Brasília)
-------------------------------------------------------------------------
Fri Jul 05 2024 12:43:28 GMT-0300 (Horário Padrão de Brasília)
Renato Ferreira >>>LOGOU
-------------------------------------------------------------------------
Fri Jul 05 2024 12:43:28 GMT-0300 (Horário Padrão de Brasília)
Banco de Dados CEJUSC fechado.
GET
/principal/13326574860.ipbfzftcsihkekbo.presenca
-------------------------------------------------------------------------
Fri Jul 05 2024 12:43:28 GMT-0300 (Horário Padrão de Brasília)
-------------------------------------------------------------------------
Fri Jul 05 2024 12:45:26 GMT-0300 (Horário Padrão de Brasília)
GET
/
-------------------------------------------------------------------------
Fri Jul 05 2024 12:45:31 GMT-0300 (Horário Padrão de Brasília)
POST
/valida/api
Usuário: 13326574860
Conectado ao Banco de Dados CEJUSC.
-------------------------------------------------------------------------
Fri Jul 05 2024 12:45:31 GMT-0300 (Horário Padrão de Brasília)
-------------------------------------------------------------------------
Fri Jul 05 2024 12:45:31 GMT-0300 (Horário Padrão de Brasília)
Renato Ferreira >>>LOGOU
-------------------------------------------------------------------------
Fri Jul 05 2024 12:45:31 GMT-0300 (Horário Padrão de Brasília)
Banco de Dados CEJUSC fechado.
-------------------------------------------------------------------------
Fri Jul 05 2024 12:45:31 GMT-0300 (Horário Padrão de Brasília)
/principal/13326574860.xplnvjmoznyjsdfo.presenca
GET
-------------------------------------------------------------------------
Fri Jul 05 2024 12:47:59 GMT-0300 (Horário Padrão de Brasília)
/logout/13326574860
GET
Usuário 13326574860 DESLOGOU >>>
-------------------------------------------------------------------------
Fri Jul 05 2024 12:47:59 GMT-0300 (Horário Padrão de Brasília)
GET
/
-------------------------------------------------------------------------
Fri Jul 05 2024 12:48:05 GMT-0300 (Horário Padrão de Brasília)
POST
/valida/api
Usuário: 13326574860
-------------------------------------------------------------------------
Fri Jul 05 2024 12:48:05 GMT-0300 (Horário Padrão de Brasília)
Conectado ao Banco de Dados CEJUSC.
-------------------------------------------------------------------------
Fri Jul 05 2024 12:48:05 GMT-0300 (Horário Padrão de Brasília)
Renato Ferreira >>>LOGOU
-------------------------------------------------------------------------
Fri Jul 05 2024 12:48:05 GMT-0300 (Horário Padrão de Brasília)
Banco de Dados CEJUSC fechado.
/principal/13326574860.uciwnmcjpyqputnc.presenca
-------------------------------------------------------------------------
Fri Jul 05 2024 12:48:05 GMT-0300 (Horário Padrão de Brasília)
GET
-------------------------------------------------------------------------
Fri Jul 05 2024 12:50:26 GMT-0300 (Horário Padrão de Brasília)
POST
/valida/api
Usuário: 13326574860
-------------------------------------------------------------------------
Fri Jul 05 2024 12:50:26 GMT-0300 (Horário Padrão de Brasília)
Conectado ao Banco de Dados CEJUSC.
-------------------------------------------------------------------------
Fri Jul 05 2024 12:50:26 GMT-0300 (Horário Padrão de Brasília)
Renato Ferreira >>>LOGOU
-------------------------------------------------------------------------
Fri Jul 05 2024 12:50:26 GMT-0300 (Horário Padrão de Brasília)
Banco de Dados CEJUSC fechado.
-------------------------------------------------------------------------
Fri Jul 05 2024 12:50:26 GMT-0300 (Horário Padrão de Brasília)
/principal/13326574860.reqmevyyutylkgyw.presenca
GET
-------------------------------------------------------------------------
Fri Jul 05 2024 12:53:54 GMT-0300 (Horário Padrão de Brasília)
GET
/logout/13326574860
Usuário 13326574860 DESLOGOU >>>
-------------------------------------------------------------------------
Fri Jul 05 2024 12:53:54 GMT-0300 (Horário Padrão de Brasília)
/
GET
-------------------------------------------------------------------------
Fri Jul 05 2024 12:53:59 GMT-0300 (Horário Padrão de Brasília)
POST
/valida/api
Usuário: 13326574860
-------------------------------------------------------------------------
Fri Jul 05 2024 12:53:59 GMT-0300 (Horário Padrão de Brasília)
Conectado ao Banco de Dados CEJUSC.
-------------------------------------------------------------------------
Fri Jul 05 2024 12:53:59 GMT-0300 (Horário Padrão de Brasília)
Renato Ferreira >>>LOGOU
-------------------------------------------------------------------------
Fri Jul 05 2024 12:53:59 GMT-0300 (Horário Padrão de Brasília)
Banco de Dados CEJUSC fechado.
-------------------------------------------------------------------------
Fri Jul 05 2024 12:53:59 GMT-0300 (Horário Padrão de Brasília)
/principal/13326574860.typhevbksctfslrq.presenca
GET
GET
Usuário 13326574860 DESLOGOU >>>
-------------------------------------------------------------------------
Fri Jul 05 2024 12:55:56 GMT-0300 (Horário Padrão de Brasília)
/logout/13326574860
-------------------------------------------------------------------------
Fri Jul 05 2024 12:55:56 GMT-0300 (Horário Padrão de Brasília)
GET
/
-------------------------------------------------------------------------
Fri Jul 05 2024 12:56:02 GMT-0300 (Horário Padrão de Brasília)
POST
/valida/api
Usuário: 13326574860
Conectado ao Banco de Dados CEJUSC.
-------------------------------------------------------------------------
Fri Jul 05 2024 12:56:02 GMT-0300 (Horário Padrão de Brasília)
-------------------------------------------------------------------------
Fri Jul 05 2024 12:56:02 GMT-0300 (Horário Padrão de Brasília)
Renato Ferreira >>>LOGOU
-------------------------------------------------------------------------
Fri Jul 05 2024 12:56:02 GMT-0300 (Horário Padrão de Brasília)
Banco de Dados CEJUSC fechado.
GET
-------------------------------------------------------------------------
Fri Jul 05 2024 12:56:02 GMT-0300 (Horário Padrão de Brasília)
/principal/13326574860.bjvhcawrmdgcpkrs.presenca
-------------------------------------------------------------------------
Fri Jul 05 2024 12:57:21 GMT-0300 (Horário Padrão de Brasília)
GET
/logout/13326574860
Usuário 13326574860 DESLOGOU >>>
-------------------------------------------------------------------------
Fri Jul 05 2024 12:57:21 GMT-0300 (Horário Padrão de Brasília)
/
GET
POST
-------------------------------------------------------------------------
Fri Jul 05 2024 12:57:27 GMT-0300 (Horário Padrão de Brasília)
/valida/api
Usuário: 13326574860
-------------------------------------------------------------------------
Fri Jul 05 2024 12:57:27 GMT-0300 (Horário Padrão de Brasília)
Conectado ao Banco de Dados CEJUSC.
-------------------------------------------------------------------------
Fri Jul 05 2024 12:57:27 GMT-0300 (Horário Padrão de Brasília)
Renato Ferreira >>>LOGOU
-------------------------------------------------------------------------
Fri Jul 05 2024 12:57:27 GMT-0300 (Horário Padrão de Brasília)
Banco de Dados CEJUSC fechado.
-------------------------------------------------------------------------
Fri Jul 05 2024 12:57:27 GMT-0300 (Horário Padrão de Brasília)
/principal/13326574860.jeceegoctbawsqwy.presenca
GET
-------------------------------------------------------------------------
Fri Jul 05 2024 12:57:57 GMT-0300 (Horário Padrão de Brasília)
GET
/principal/13326574860.jeceegoctbawsqwy.conciliador
-------------------------------------------------------------------------
Fri Jul 05 2024 12:59:13 GMT-0300 (Horário Padrão de Brasília)
/logout/13326574860
GET
Usuário 13326574860 DESLOGOU >>>
-------------------------------------------------------------------------
Fri Jul 05 2024 12:59:13 GMT-0300 (Horário Padrão de Brasília)
GET
/
POST
-------------------------------------------------------------------------
Fri Jul 05 2024 12:59:17 GMT-0300 (Horário Padrão de Brasília)
Usuário: 13326574860
/valida/api
-------------------------------------------------------------------------
Fri Jul 05 2024 12:59:17 GMT-0300 (Horário Padrão de Brasília)
Conectado ao Banco de Dados CEJUSC.
-------------------------------------------------------------------------
Fri Jul 05 2024 12:59:17 GMT-0300 (Horário Padrão de Brasília)
-------------------------------------------------------------------------
Fri Jul 05 2024 12:59:17 GMT-0300 (Horário Padrão de Brasília)
Banco de Dados CEJUSC fechado.
Renato Ferreira >>>LOGOU
-------------------------------------------------------------------------
Fri Jul 05 2024 12:59:17 GMT-0300 (Horário Padrão de Brasília)
/principal/13326574860.ulkwaxykmttjncbw.presenca
GET
-------------------------------------------------------------------------
Fri Jul 05 2024 12:59:38 GMT-0300 (Horário Padrão de Brasília)
GET
/principal/13326574860.ulkwaxykmttjncbw.conciliador
GET
-------------------------------------------------------------------------
Fri Jul 05 2024 13:00:28 GMT-0300 (Horário Padrão de Brasília)
/principal/13326574860.ulkwaxykmttjncbw.presenca
-------------------------------------------------------------------------
Fri Jul 05 2024 13:00:40 GMT-0300 (Horário Padrão de Brasília)
GET
/principal/13326574860.ulkwaxykmttjncbw.conciliador
-------------------------------------------------------------------------
Fri Jul 05 2024 16:15:24 GMT-0300 (Horário Padrão de Brasília)
/
GET
-------------------------------------------------------------------------
Fri Jul 05 2024 18:28:57 GMT-0300 (Horário Padrão de Brasília)
POST
/valida/api
Usuário: 13326574860
-------------------------------------------------------------------------
Fri Jul 05 2024 18:28:57 GMT-0300 (Horário Padrão de Brasília)
Conectado ao Banco de Dados CEJUSC.
-------------------------------------------------------------------------
Fri Jul 05 2024 18:28:57 GMT-0300 (Horário Padrão de Brasília)
Renato Ferreira >>>LOGOU
-------------------------------------------------------------------------
Fri Jul 05 2024 18:28:57 GMT-0300 (Horário Padrão de Brasília)
Banco de Dados CEJUSC fechado.
-------------------------------------------------------------------------
Fri Jul 05 2024 18:28:57 GMT-0300 (Horário Padrão de Brasília)
GET
/principal/13326574860.xcxidqklsdhbaufe.presenca
-------------------------------------------------------------------------
Fri Jul 05 2024 18:32:03 GMT-0300 (Horário Padrão de Brasília)
GET
/logout/13326574860
Usuário 13326574860 DESLOGOU >>>
-------------------------------------------------------------------------
Fri Jul 05 2024 18:32:03 GMT-0300 (Horário Padrão de Brasília)
/
GET
-------------------------------------------------------------------------
Fri Jul 05 2024 18:32:10 GMT-0300 (Horário Padrão de Brasília)
POST
Usuário: 13326574860
/valida/api
-------------------------------------------------------------------------
Fri Jul 05 2024 18:32:10 GMT-0300 (Horário Padrão de Brasília)
Conectado ao Banco de Dados CEJUSC.
-------------------------------------------------------------------------
Fri Jul 05 2024 18:32:10 GMT-0300 (Horário Padrão de Brasília)
Renato Ferreira >>>LOGOU
Banco de Dados CEJUSC fechado.
-------------------------------------------------------------------------
Fri Jul 05 2024 18:32:10 GMT-0300 (Horário Padrão de Brasília)
-------------------------------------------------------------------------
Fri Jul 05 2024 18:32:10 GMT-0300 (Horário Padrão de Brasília)
GET
/principal/13326574860.ekekjfdjexhffsgj.presenca
-------------------------------------------------------------------------
Fri Jul 05 2024 18:32:27 GMT-0300 (Horário Padrão de Brasília)
POST
/presenca/processo
Conectado ao Banco de Dados CEJUSC.
-------------------------------------------------------------------------
Fri Jul 05 2024 18:32:27 GMT-0300 (Horário Padrão de Brasília)
POST
-------------------------------------------------------------------------
Fri Jul 05 2024 18:32:30 GMT-0300 (Horário Padrão de Brasília)
/presenca/processo
Conectado ao Banco de Dados CEJUSC.
-------------------------------------------------------------------------
Fri Jul 05 2024 18:32:30 GMT-0300 (Horário Padrão de Brasília)
-------------------------------------------------------------------------
Fri Jul 05 2024 18:32:53 GMT-0300 (Horário Padrão de Brasília)
GET
/principal/13326574860.ekekjfdjexhffsgj.conciliador
GET
/logout/13326574860
Usuário 13326574860 DESLOGOU >>>
-------------------------------------------------------------------------
Fri Jul 05 2024 18:32:56 GMT-0300 (Horário Padrão de Brasília)
-------------------------------------------------------------------------
Fri Jul 05 2024 18:32:56 GMT-0300 (Horário Padrão de Brasília)
/
GET
-------------------------------------------------------------------------
Fri Jul 05 2024 18:33:45 GMT-0300 (Horário Padrão de Brasília)
POST
Usuário: 13326574860
/valida/api
-------------------------------------------------------------------------
Fri Jul 05 2024 18:33:45 GMT-0300 (Horário Padrão de Brasília)
Conectado ao Banco de Dados CEJUSC.
-------------------------------------------------------------------------
Fri Jul 05 2024 18:33:45 GMT-0300 (Horário Padrão de Brasília)
Renato Ferreira >>>LOGOU
-------------------------------------------------------------------------
Fri Jul 05 2024 18:33:45 GMT-0300 (Horário Padrão de Brasília)
Banco de Dados CEJUSC fechado.
-------------------------------------------------------------------------
Fri Jul 05 2024 18:33:45 GMT-0300 (Horário Padrão de Brasília)
GET
/principal/13326574860.tsyfnhopitbxsroo.presenca
-------------------------------------------------------------------------
Fri Jul 05 2024 18:34:00 GMT-0300 (Horário Padrão de Brasília)
POST
/presenca/processo
-------------------------------------------------------------------------
Fri Jul 05 2024 18:34:00 GMT-0300 (Horário Padrão de Brasília)
Conectado ao Banco de Dados CEJUSC.
-------------------------------------------------------------------------
Fri Jul 05 2024 18:34:08 GMT-0300 (Horário Padrão de Brasília)
POST
/presenca/processo
-------------------------------------------------------------------------
Fri Jul 05 2024 18:34:08 GMT-0300 (Horário Padrão de Brasília)
Conectado ao Banco de Dados CEJUSC.
-------------------------------------------------------------------------
Fri Jul 05 2024 18:34:19 GMT-0300 (Horário Padrão de Brasília)
POST
/presenca/processo
-------------------------------------------------------------------------
Fri Jul 05 2024 18:34:19 GMT-0300 (Horário Padrão de Brasília)
Conectado ao Banco de Dados CEJUSC.
-------------------------------------------------------------------------
Fri Jul 05 2024 18:34:29 GMT-0300 (Horário Padrão de Brasília)
/presenca/processo
POST
-------------------------------------------------------------------------
Fri Jul 05 2024 18:34:29 GMT-0300 (Horário Padrão de Brasília)
Conectado ao Banco de Dados CEJUSC.
-------------------------------------------------------------------------
Fri Jul 05 2024 18:38:37 GMT-0300 (Horário Padrão de Brasília)
GET
/
-------------------------------------------------------------------------
Fri Jul 05 2024 18:38:44 GMT-0300 (Horário Padrão de Brasília)
POST
/valida/api
Usuário: 13326574860
-------------------------------------------------------------------------
Fri Jul 05 2024 18:38:44 GMT-0300 (Horário Padrão de Brasília)
Conectado ao Banco de Dados CEJUSC.
-------------------------------------------------------------------------
Fri Jul 05 2024 18:38:44 GMT-0300 (Horário Padrão de Brasília)
Renato Ferreira >>>LOGOU
-------------------------------------------------------------------------
Fri Jul 05 2024 18:38:44 GMT-0300 (Horário Padrão de Brasília)
Banco de Dados CEJUSC fechado.
-------------------------------------------------------------------------
Fri Jul 05 2024 18:38:44 GMT-0300 (Horário Padrão de Brasília)
GET
/principal/13326574860.ufihvdhhpnicjtuf.presenca
-------------------------------------------------------------------------
Fri Jul 05 2024 18:38:55 GMT-0300 (Horário Padrão de Brasília)
POST
/presenca/processo
-------------------------------------------------------------------------
Fri Jul 05 2024 18:38:55 GMT-0300 (Horário Padrão de Brasília)
Conectado ao Banco de Dados CEJUSC.
-------------------------------------------------------------------------
Fri Jul 05 2024 18:38:55 GMT-0300 (Horário Padrão de Brasília)
A row has been inserted with rowid undefined
Banco de Dados CEJUSC fechado.
-------------------------------------------------------------------------
Fri Jul 05 2024 18:38:55 GMT-0300 (Horário Padrão de Brasília)
-------------------------------------------------------------------------
Fri Jul 05 2024 18:39:06 GMT-0300 (Horário Padrão de Brasília)
GET
/principal/13326574860.ufihvdhhpnicjtuf.conciliador
-------------------------------------------------------------------------
Fri Jul 05 2024 18:39:07 GMT-0300 (Horário Padrão de Brasília)
GET
/principal/13326574860.ufihvdhhpnicjtuf.presenca
-------------------------------------------------------------------------
Fri Jul 05 2024 18:39:25 GMT-0300 (Horário Padrão de Brasília)
POST
/presenca/processo
-------------------------------------------------------------------------
Fri Jul 05 2024 18:39:25 GMT-0300 (Horário Padrão de Brasília)
Conectado ao Banco de Dados CEJUSC.
-------------------------------------------------------------------------
Fri Jul 05 2024 18:39:25 GMT-0300 (Horário Padrão de Brasília)
A row has been inserted with rowid undefined
Banco de Dados CEJUSC fechado.
-------------------------------------------------------------------------
Fri Jul 05 2024 18:39:25 GMT-0300 (Horário Padrão de Brasília)
GET
-------------------------------------------------------------------------
Fri Jul 05 2024 18:40:28 GMT-0300 (Horário Padrão de Brasília)
/principal/13326574860.ufihvdhhpnicjtuf.conciliador
-------------------------------------------------------------------------
Fri Jul 05 2024 18:40:30 GMT-0300 (Horário Padrão de Brasília)
GET
/principal/13326574860.ufihvdhhpnicjtuf.presenca
/presenca/processo
-------------------------------------------------------------------------
Fri Jul 05 2024 18:40:40 GMT-0300 (Horário Padrão de Brasília)
POST
Conectado ao Banco de Dados CEJUSC.
-------------------------------------------------------------------------
Fri Jul 05 2024 18:40:40 GMT-0300 (Horário Padrão de Brasília)
-------------------------------------------------------------------------
Fri Jul 05 2024 18:41:52 GMT-0300 (Horário Padrão de Brasília)
/
GET
-------------------------------------------------------------------------
Fri Jul 05 2024 18:43:45 GMT-0300 (Horário Padrão de Brasília)
POST
/valida/api
Usuário: 13326574860
-------------------------------------------------------------------------
Fri Jul 05 2024 18:43:45 GMT-0300 (Horário Padrão de Brasília)
Conectado ao Banco de Dados CEJUSC.
Renato Ferreira >>>LOGOU
-------------------------------------------------------------------------
Fri Jul 05 2024 18:43:45 GMT-0300 (Horário Padrão de Brasília)
Banco de Dados CEJUSC fechado.
-------------------------------------------------------------------------
Fri Jul 05 2024 18:43:45 GMT-0300 (Horário Padrão de Brasília)
-------------------------------------------------------------------------
Fri Jul 05 2024 18:43:45 GMT-0300 (Horário Padrão de Brasília)
GET
/principal/13326574860.ililqyrzgtnfeltd.presenca
-------------------------------------------------------------------------
Fri Jul 05 2024 18:43:55 GMT-0300 (Horário Padrão de Brasília)
POST
/presenca/processo
-------------------------------------------------------------------------
Fri Jul 05 2024 18:43:55 GMT-0300 (Horário Padrão de Brasília)
Conectado ao Banco de Dados CEJUSC.
-------------------------------------------------------------------------
Fri Jul 05 2024 18:43:55 GMT-0300 (Horário Padrão de Brasília)
A row has been inserted with rowid undefined
-------------------------------------------------------------------------
Fri Jul 05 2024 18:43:55 GMT-0300 (Horário Padrão de Brasília)
Banco de Dados CEJUSC fechado.
-------------------------------------------------------------------------
Fri Jul 05 2024 18:44:06 GMT-0300 (Horário Padrão de Brasília)
/principal/13326574860.ililqyrzgtnfeltd.conciliador
GET
-------------------------------------------------------------------------
Fri Jul 05 2024 18:44:07 GMT-0300 (Horário Padrão de Brasília)
GET
/principal/13326574860.ililqyrzgtnfeltd.presenca
-------------------------------------------------------------------------
Fri Jul 05 2024 18:44:23 GMT-0300 (Horário Padrão de Brasília)
/presenca/processo
POST
-------------------------------------------------------------------------
Fri Jul 05 2024 18:44:23 GMT-0300 (Horário Padrão de Brasília)
Conectado ao Banco de Dados CEJUSC.
