GET
-------------------------------------------------------------------------
Mon Sep 05 2022 10:41:45 GMT-0300 (Horário Padrão de Brasília)
/
-------------------------------------------------------------------------
Mon Sep 05 2022 10:42:55 GMT-0300 (Horário Padrão de Brasília)
POST
/valida/api
Usuário: 13326574860
-------------------------------------------------------------------------
Mon Sep 05 2022 10:42:55 GMT-0300 (Horário Padrão de Brasília)
Conectado ao Banco de Dados CEJUSC.
-------------------------------------------------------------------------
Mon Sep 05 2022 10:42:55 GMT-0300 (Horário Padrão de Brasília)
Renato Ferreira >>>LOGOU
-------------------------------------------------------------------------
Mon Sep 05 2022 10:42:56 GMT-0300 (Horário Padrão de Brasília)
Banco de Dados CEJUSC fechado.
-------------------------------------------------------------------------
Mon Sep 05 2022 10:42:56 GMT-0300 (Horário Padrão de Brasília)
GET
/principal/13326574860.ssrsaejtaofxqwia.home
GET
-------------------------------------------------------------------------
Mon Sep 05 2022 10:53:13 GMT-0300 (Horário Padrão de Brasília)
/principal/13326574860.ssrsaejtaofxqwia.reclamacao
-------------------------------------------------------------------------
Mon Sep 05 2022 10:53:15 GMT-0300 (Horário Padrão de Brasília)
/principal/13326574860.ssrsaejtaofxqwia.home
GET
